ARM GAS  /tmp/ccHl7dRD.s 			page 1


   1              		.cpu cortex-m0
   2              		.fpu softvfp
   3              		.eabi_attribute 20, 1
   4              		.eabi_attribute 21, 1
   5              		.eabi_attribute 23, 3
   6              		.eabi_attribute 24, 1
   7              		.eabi_attribute 25, 1
   8              		.eabi_attribute 26, 1
   9              		.eabi_attribute 30, 2
  10              		.eabi_attribute 34, 0
  11              		.eabi_attribute 18, 4
  12              		.code	16
  13              		.file	"board.c"
  14              		.text
  15              	.Ltext0:
  16              		.section	.gnu.lto_.profile.c2e3e6ce3a6ecc60,"",%progbits
  17 0000 789C6366 		.ascii	"x\234cf```a\200\000F\006>f\000\000\223\000\032"
  17      60606061 
  17      80004606 
  17      3E660000 
  17      93001A
  18              		.text
  19              		.section	.gnu.lto_.jmpfuncs.c2e3e6ce3a6ecc60,"",%progbits
  20 0000 789C6366 		.ascii	"x\234cf\300\0168\2414\023\210`\004b\000\001S\000\020"
  20      C00E38A1 
  20      34138860 
  20      04620001 
  20      530010
  21              		.text
  22              		.section	.gnu.lto_.inline.c2e3e6ce3a6ecc60,"",%progbits
  23 0000 789C6366 		.ascii	"x\234cf\300\016\264\2414\023\003\003\013\017#\210b`"
  23      C00EB4A1 
  23      34130303 
  23      0B0F2388 
  23      6260
  24 0012 5B200FA2 		.ascii	"[ \017\242\030\030\271@\004\0033\023\2520\003\000,\231"
  24      1818B940 
  24      04033313 
  24      AA300300 
  24      2C99
  25 0024 01E6     		.ascii	"\001\346"
  26              		.text
  27              		.section	.gnu.lto_.pureconst.c2e3e6ce3a6ecc60,"",%progbits
  28 0000 789C6366 		.ascii	"x\234cf```e\200\000&\006\011F\006\000\000\331\000$"
  28      60606065 
  28      80002606 
  28      09460600 
  28      00D90024 
  29              		.text
  30              		.section	.gnu.lto___early_init.c2e3e6ce3a6ecc60,"",%progbits
  31 0000 789C6366 		.ascii	"x\234cf\300\004R@\274\010\210\271\200\230\221\231\201"
  31      C0045240 
  31      BC0888B9 
  31      80989199 
  31      81
  32 0011 9169C239 		.ascii	"\221i\3029\006\206F\016&FF\020\203\201\221\241\236\211"
  32      0686460E 
ARM GAS  /tmp/ccHl7dRD.s 			page 2


  32      26464610 
  32      838191A1 
  32      9E89
  33 0023 B19EF125 		.ascii	"\261\236\361%\323G&\306\011\007V\317\340V_\332\320\320"
  33      D34726C6 
  33      090756CF 
  33      E0565FDA 
  33      D0D0
  34 0035 F061D366 		.ascii	"\360a\323f\211V\211\237L\014\014\237\231 \3060.gTg\000"
  34      8956899F 
  34      4C0C0C9F 
  34      9920C630 
  34      2E675467 
  35 004a AAF9D8F2 		.ascii	"\252\371\330\362\367:7[\013P\215\000D\216q\005#\033"
  35      F73A375B 
  35      0B508D00 
  35      448E7105 
  35      231B
  36 005c 23905E2F 		.ascii	"#\220^/t\240\341\377\377\307s\336lfaf`x\002\224\002"
  36      74A0E1FF 
  36      FFC773DE 
  36      6C666166 
  36      60780294 
  37 0071 99FF9489 		.ascii	"\231\377\224\211\011D3\337al>\260\373\030#H1\310\224"
  37      094433DF 
  37      616C3EB0 
  37      FB182348 
  37      31C894
  38 0084 7997FBD6 		.ascii	"y\227\373\3261\325\376n\350h\340\370\311\304\370\231"
  38      31D5FE6E 
  38      E868E0F8 
  38      C9C4F899 
  39 0094 096800E3 		.ascii	"\011h\000\343J\306Z\206\237@\345\367\030\033\017\354"
  39      4AC65A86 
  39      9F40E5F7 
  39      181B0FEC 
  40 00a4 7503AB64 		.ascii	"u\003\253d\000\031\304\0102\000h\034GR~bQ\212^2\003"
  40      0019C408 
  40      3200681C 
  40      47527E62 
  40      518A5E32 
  41 00b9 00E4653D 		.ascii	"\000\344e=9"
  41      39
  42              		.text
  43              		.section	.gnu.lto_boardInit.c2e3e6ce3a6ecc60,"",%progbits
  44 0000 789C6366 		.ascii	"x\234cf\300\004R@\\\002\304\\@\314\310\314\300\3104"
  44      C0045240 
  44      5C02C45C 
  44      40CCC8CC 
  44      C0C834
  45 0013 E11C0343 		.ascii	"\341\034\003C#\007\023##\210\301\300\310P\317\304X\317"
  45      23071323 
  45      2388C1C0 
  45      C850CFC4 
  45      58CF
  46 0025 F892E923 		.ascii	"\370\222\351#\023\343\204\003\253gp\253/mhh\370\260"
  46      13E38403 
ARM GAS  /tmp/ccHl7dRD.s 			page 3


  46      AB6770AB 
  46      2F6D6868 
  46      F8B0
  47 0037 68B744AB 		.ascii	"h\267D\253\304O&\006\206\317L\020c\030\2273\2523\000"
  47      C44F2606 
  47      86CF4C10 
  47      63189733 
  47      AA3300
  48 004a D57C6CF9 		.ascii	"\325|l\371{\235\233\255\005\250F\000\"\307\270\202\221"
  48      7B9D9BAD 
  48      05A84600 
  48      22C7B882 
  48      91
  49 005b 8D1148AF 		.ascii	"\215\021H\257\027:\320\360\377\377\342\351{v\263\000"
  49      173AD0F0 
  49      FFFFE2E9 
  49      7B76B300 
  50 006b 859F0031 		.ascii	"\205\237\0001\310\374\247LL \232\371\036##H!\310\244"
  50      C8FCA74C 
  50      4C209AF9 
  50      1E232348 
  50      21C8A4
  51 007e 274C8C20 		.ascii	"'L\214 !\240\002\216\244\374\304\242\024\275d\006\000"
  51      21A0028E 
  51      A4FCC4A2 
  51      14BD6406 
  51      00
  52 008f 433D2B3E 		.ascii	"C=+>"
  53              		.text
  54              		.section	.gnu.lto_.symbol_nodes.c2e3e6ce3a6ecc60,"",%progbits
  55 0000 789C6366 		.ascii	"x\234cf``pa\200\002\246m\214\365\014\014\023\31610\324"
  55      60607061 
  55      8002A66D 
  55      8CF50C0C 
  55      13CE3130 
  56 0015 D733CC5B 		.ascii	"\3273\314[\300\301\300\264\235\261\236\021Y\200u+#\303"
  56      C0C1C0B4 
  56      9DB19E11 
  56      5980752B 
  56      23C3
  57 0027 42A67A06 		.ascii	"B\246z\006\306\035\214\365L\020\011\206\206\006\016"
  57      C61D8CF5 
  57      4C100986 
  57      86060E
  58 0036 0666205C 		.ascii	"\006f \\\362\340\037#\003\000\212\346\022\204"
  58      F2E01F23 
  58      03008AE6 
  58      1284
  59              		.text
  60              		.section	.gnu.lto_.refs.c2e3e6ce3a6ecc60,"",%progbits
  61 0000 789C6366 		.ascii	"x\234cf```d\200\002\000\000=\000\005"
  61      60606064 
  61      80020000 
  61      3D0005
  62              		.text
  63              		.section	.gnu.lto_.decls.c2e3e6ce3a6ecc60,"",%progbits
  64 0000 789CC556 		.ascii	"x\234\305VmL\223W\024~oo\277\350*\030I\324\230e\"&d"
ARM GAS  /tmp/ccHl7dRD.s 			page 4


  64      6D4C9357 
  64      147E6F6F 
  64      BFE82A18 
  64      49D49865 
  65 0017 2E4A0D2E 		.ascii	".J\015.\306_\233\016\2433q\332\304-\373\261\037]\245"
  65      C65F9B0E 
  65      A33371DA 
  65      C42DFBB1 
  65      1F5DA5
  66 002a 459A95B6 		.ascii	"E\232\225\266i\313\242\377\256\3406@\346\300)\212\323"
  66      69CBA2FF 
  66      AEE03640 
  66      E6C0298A 
  66      D3
  67 003b 5147B180 		.ascii	"QG\261\200\245t\310T\204auS\252\2022\025u\314aE\005"
  67      A574C854 
  67      84617553 
  67      AA823215 
  67      75CC6145 
  68 0050 9CA265A2 		.ascii	"\234\242e\242\242\200\335\271\367\355\227\265\272\354"
  68      A280DDB9 
  68      F7ED97B5 
  68      BAEC
  69 005e D76E72DE 		.ascii	"\327nr\336\373\236s\236\363u\317y?0\307q\245@\001X\331"
  69      FB9E739E 
  69      F375CF79 
  69      3F30C771 
  69      A5400158 
  70 0073 091C5785 		.ascii	"\011\034W\2058\016\003\257\344\"\213\362N \027\220\033"
  70      380E03AF 
  70      E4228BF2 
  70      4E201790 
  70      1B
  71 0084 08209C9F 		.ascii	"\010 \234\237{~9\271\210\3350PmP.\010\352\334\334\213"
  71      7B7E39B9 
  71      88DD3050 
  71      6D502E08 
  71      EADCDC8B 
  72 0098 CB15F415 		.ascii	"\313\025\364\025\212\205\202\262\3305,@\315\256\221"
  72      8A8582B2 
  72      D8352C40 
  72      CDAE91
  73 00a7 CED70605 		.ascii	"\316\327\006\005(Q\226B\331#[\275;\305\300\312eB\312"
  73      28519642 
  73      D9235BBD 
  73      3BC5C0CA 
  73      6542CA
  74 00ba B68CF55D 		.ascii	"\266\214\365]\024N\333N`\225\026\220\311B\244\234\212"
  74      144EDB4E 
  74      60951690 
  74      C942A49C 
  74      8A
  75 00cb 1C6806AA 		.ascii	"\034h\006\252A3\300k-\232\006\327O\204\274\247\343e"
  75      4133C06B 
  75      2D9A06D7 
  75      4F84BCA7 
  75      E365
ARM GAS  /tmp/ccHl7dRD.s 			page 5


  76 00dd 7F0F212C 		.ascii	"\177\017!,@\364\276j\347\365\213\262\271u`VH<\243(\022"
  76      40F4BE6A 
  76      E7F58BB2 
  76      B9756056 
  76      483CA328 
  77 00f2 AEF892E3 		.ascii	"\256\370\222\343\235\224\357\211\315\355w\035\374\022"
  77      9D94EF89 
  77      CDED771D 
  77      FC12
  78 0100 57105B3E 		.ascii	"W\020[>y\026\010 \346\013\325!\214\366\243\271,c\270"
  78      79160820 
  78      E60BD521 
  78      8CF6A3B9 
  78      2C63B8
  79 0113 E75377A2 		.ascii	"\347Sw\242\024\260\253\253\374\246[\202g2\347\316\221"
  79      14B0ABAB 
  79      FCA65B82 
  79      6732E7CE 
  79      91
  80 0124 B6660938 		.ascii	"\266f\0118q\273m=Ub/\361\004\002\3572\373\372(\373\372"
  80      71BB6D3D 
  80      55622FF1 
  80      0402EF32 
  80      FBFA28FB 
  81 0139 90BD8BD9 		.ascii	"\220\275\213\331;\034\227\352Ex\016\263\277]\340\363"
  81      3B1C97EA 
  81      45780EB3 
  81      BF5DE0F3 
  82 0149 8BC1DE47 		.ascii	"\213\301\336G\374O{\307\026\227\025\224\332\211/\020"
  82      FC4F7BC7 
  82      16971594 
  82      DA892F10 
  83 0159 98C927D1 		.ascii	"\230\311'\321\020\345\244!\344\304\315\234\234\263\037"
  83      10E5A421 
  83      E4C4CD9C 
  83      9CB31F
  84 0168 2D93B1B3 		.ascii	"-\223\261\263\"\022\352\250rK\343\023\376\260L\354\260"
  84      2212EAA8 
  84      724BE313 
  84      FEB04CEC 
  84      B0
  85 0179 460F3A12 		.ascii	"F\017:\022\231\332\307\3424\266\016>Lb\352\327){\255"
  85      99DAC7E2 
  85      34B60E3E 
  85      4C62EAD7 
  85      297BAD
  86 018c ADA55F8C 		.ascii	"\255\245_\214s\231\352h\333\350I\031&\2101%\205\276"
  86      7399EA68 
  86      DBE84919 
  86      26883125 
  86      85BE
  87 019e 53325CC4 		.ascii	"S2\\\3043\033\367\265\224H\300h\226\214\235\327\265"
  87      331BF7B5 
  87      9448C068 
  87      968C9DD7 
  87      B5
  88 01af EF9ED813 		.ascii	"\357\236\330\023\030K\347(\011D\002o?\251JDi2;\234\256"
ARM GAS  /tmp/ccHl7dRD.s 			page 6


  88      184BE728 
  88      0944026F 
  88      3FA94A44 
  88      69323B9C 
  89 01c4 DF59DDF7 		.ascii	"\337Y\335\367~\001Y\214Z\220\014\035\012g\316\254\351"
  89      7E01598C 
  89      5A900C1D 
  89      0A67CEAC 
  89      E9
  90 01d5 2A24249F 		.ascii	"*$$\237v.\301\233\310\205\033\207\216\2404@0,:\014\302"
  90      762EC19B 
  90      C8851B87 
  90      8EA03440 
  90      302C3A0C 
  91 01ea 661082E3 		.ascii	"f\020\202\343\023\343m\233DH\226\026\337\350\3478F,"
  91      13E36D9B 
  91      44489616 
  91      DFE8E738 
  91      462C
  92 01fc 858AAFB6 		.ascii	"\205\212\257\266N%D\210Z!\205\203\221\024 \243p\327"
  92      4E254488 
  92      5A218583 
  92      911420A3 
  92      70D7
  93 020e C74FEF6A 		.ascii	"\307O\357j\226\343\007|\205\225\245\273\037\212\360"
  93      96E3077C 
  93      8595A5BB 
  93      1F8AF0
  94 021d 139EA91A 		.ascii	"\023\236\251\032\351\032\226b\302O\215}{\271S\304\016"
  94      E91A9662 
  94      C24F8D7D 
  94      7BB953C4 
  94      0E
  95 022e 4C4AD91F 		.ascii	"LJ\331\037\032\232?\306\205\274\252\311\346l\307x\013"
  95      1A9A3FC6 
  95      85BCAAC9 
  95      E66CC778 
  95      0B
  96 023f CF9CE91B 		.ascii	"\317\234\351\033} g\270\311l\360\206\366oN\304[y]M\365"
  96      7D2067B8 
  96      C96CF086 
  96      F66F4EC4 
  96      5B795D4D 
  97 0254 D70318EF 		.ascii	"\327\003\030\357\340\231\212\307\035'\371\016L\0076"
  97      E0998AC7 
  97      1D27F90E 
  97      4C0736
  98 0263 A1E8D8A6 		.ascii	"\241\350\330\246~9J\345Wr\232\015\352\364\267\326>["
  98      7E394AE5 
  98      57729A0D 
  98      EAF4B7D6 
  98      3E5B
  99 0275 F16D01B1 		.ascii	"\361m\001\261Og\371\037\205\374\317\241\344H\325o\322"
  99      4F67F91F 
  99      85FCCFA1 
  99      E448D56F 
  99      D2
ARM GAS  /tmp/ccHl7dRD.s 			page 7


 100 0286 3977D069 		.ascii	"9w\320i\347(\334\026p\210\275\363\031\364\227X\350\257"
 100      E728DC16 
 100      7088BDF3 
 100      19F49758 
 100      E8AF
 101 0298 EC99782B 		.ascii	"\354\231x+\014\275\037\206\266\305\365\032AN\204\221"
 101      0CBD1F86 
 101      B6C5F51A 
 101      414E8491 
 102 02a8 C76391C7 		.ascii	"\307c\221\307PL\002E\265!\354\211\370\011Da\307\302"
 102      504C0245 
 102      B521EC89 
 102      F8094461 
 102      C7C2
 103 02ba 7E3DF1FD 		.ascii	"~=\361\375FR\330\034v{2\026\332\036\201\226\261\027"
 103      4652D81C 
 103      767B3216 
 103      DA1E8196 
 103      B117
 104 02cc 01218BAD 		.ascii	"\001!\213\255\034:\000\372&\246\242hh:\352\202\0119"
 104      1C3A00FA 
 104      26A6A268 
 104      683AEA82 
 104      0939
 105 02de 8D529117 		.ascii	"\215R\221\027\250\023\350\014\320)\240\016\240\263("
 105      A813E80C 
 105      D029A00E 
 105      A0B328
 106 02ed 950D039D 		.ascii	"\225\015\003\235\030\337\220C\014\243\017f\\\350I\013"
 106      18DF9043 
 106      0CA30F66 
 106      5CE8490B 
 107 02fd 4D8AA0A4 		.ascii	"M\212\240\244\263\274d\022JN\213\027\011\235\207\000"
 107      B3BC6412 
 107      4A4E8B17 
 107      099D8700 
 108 030d FF395889 		.ascii	"\3779X\211N\212~\003\243\237\"\243I#\207F\263{\242\363"
 108      4E8A7E03 
 108      A39F22A3 
 108      49238746 
 108      B37BA2F3 
 109 0321 0DDCC58F 		.ascii	"\015\334\305\217\213o\242\264I\204/\363\314\266\323"
 109      8B6FA2B4 
 109      49842FF3 
 109      CCB6D3
 110 0330 659FE25E 		.ascii	"e\237\342^\376~\243\247\376\202\204\315\321\"\312\016"
 110      FE7EA3A7 
 110      FE8284CD 
 110      D122CA0E 
 111 0340 1D7F5428 		.ascii	"\035\177T(\301\267x\335@\333]\"`:%\260\342\376\336+"
 111      C1B778DD 
 111      40DB5D22 
 111      603A25B0 
 111      E2FEDE2B 
 112 0354 15492835 		.ascii	"\025I(5\031&\214\016\030\361u\324\256\"p\2644\205\313"
 112      19268C0E 
 112      18F175D4 
ARM GAS  /tmp/ccHl7dRD.s 			page 8


 112      AE2270B4 
 112      3485CB
 113 0367 90420FEC 		.ascii	"\220B\017\354\341\202\256Du,\272\342\037\001\320\310"
 113      E182AE44 
 113      752CBAE2 
 113      1F01D0C8 
 114 0377 743DC172 		.ascii	"t=\301r{\241\334?\240\264?\201\256\002\375\036,\221"
 114      7BA1DC3F 
 114      A0B43F81 
 114      AE02FD1E 
 114      2C91
 115 0389 86B0D5CC 		.ascii	"\206\260\325\314\011\006\270\020\033\340\271A#\266\303"
 115      0906B810 
 115      1BE0B941 
 115      23B6C3
 116 0398 2160772C 		.ascii	"!`w,\360\022z\036\351\014!/\306\"\333\243rf\007\274"
 116      F0127A1E 
 116      E90C212F 
 116      C622DBA3 
 116      726607BC 
 117 03ac A79676B3 		.ascii	"\247\226v\263'N7\321\336\021\347!\011\276\313\016J\340"
 117      274E37D1 
 117      DE11E721 
 117      09BECB0E 
 117      4AE0
 118 03be 28DED628 		.ascii	"(\336\326(\214im\250Pt\035\352\373\267ZY\264\247\320"
 118      8C696DA8 
 118      50741DEA 
 118      FBB75A59 
 118      B4A7D0
 119 03d1 4E1F00AF 		.ascii	"N\037\000\257E\332\331\023\325N\317X\205]\226\034\014"
 119      45DAD913 
 119      D54ECF58 
 119      855D961C 
 119      0C
 120 03e2 617B5908 		.ascii	"a{Y\010.\256\1770\277<p\263\022\343G|g\333\307\207v"
 120      2EAE7F30 
 120      BF3C70B3 
 120      12E3477C 
 120      67DBC787 
 121 03f7 0B6716E1 		.ascii	"\013g\026\341=D\312\224\216\333\273Z\223\330\273x\373"
 121      3D44CA94 
 121      8EDBBB5A 
 121      93D8BB78 
 121      FB
 122 0408 F97C8F80 		.ascii	"\371|\217\200\212&\252\253\272\370\327sw]w\235\230\212"
 122      8A26AAAB 
 122      BAF8D773 
 122      775D779D 
 122      988A
 123 041a 06CBBDBE 		.ascii	"\006\313\275\276D&\032\017`*\330SV\235/^\330D\012m\213"
 123      44261A0F 
 123      602AD853 
 123      569D2F5E 
 123      D8440A6D 
 124 042f D889D2A9 		.ascii	"\330\211\322\251\275\005I\321\311\245/R:\275\3602e\023"
 124      BD0549D1 
ARM GAS  /tmp/ccHl7dRD.s 			page 9


 124      C9A52F52 
 124      3ABDF032 
 124      6513
 125 0441 DC0F3B9D 		.ascii	"\334\017;\235\342\001\330;\202\372\263\374\036\375u"
 125      E201D83B 
 125      82FAB3FC 
 125      1EFD75
 126 0450 9EC57F9D 		.ascii	"\236\305\177\235G\216x\272'\205\243\213\250h\307\235"
 126      478E78BA 
 126      2785A38B 
 126      A868C79D 
 127 0460 D12669F0 		.ascii	"\321&i\360{\301\242\367\334(j\020\305D\277\375\222\350"
 127      7BC1A2F7 
 127      DC286A10 
 127      C544BFFD 
 127      92E8
 128 0472 7F05A3DF 		.ascii	"\177\005\243\337\211\037\375j\313\226[\222\030W\207"
 128      891FFD6A 
 128      CB965B92 
 128      185787
 129 0481 FF7757F7 		.ascii	"\377wW\367\016\224\367\011\230\253\024\324\007\256h"
 129      0E94F709 
 129      98AB14D4 
 129      07AE68
 130 0490 6707D142 		.ascii	"g\007\321B\326\335\273\260\323\016\017\301\016]F\367"
 130      D6DDBBB0 
 130      D30E0FC1 
 130      0E5D46F7 
 131 04a0 D0426AE2 		.ascii	"\320Bj\342\372\342\301c\351\354\275\304m\363\273\306"
 131      FAE2C163 
 131      E9ECBDC4 
 131      6DF3BBC6 
 132 04b0 ED6823FD 		.ascii	"\355h#\375\013!\364'\2029\270\301OV\324CH%7\021\374"
 132      0B21F427 
 132      8239B8C1 
 132      4F56D443 
 132      48253711 
 133 04c5 1FDC077B 		.ascii	"\037\334\007{\344G\263\301G\357NO\261P^\034\371T\262"
 133      E447B3C1 
 133      47EF4E4F 
 133      B1505E1C 
 133      F954B2
 134 04d8 9F87C8BF 		.ascii	"\237\207\310\277\3210\222\263?\007\272\313U*\255\332"
 134      D13092B3 
 134      3F07BACB 
 134      552AADDA 
 135 04e8 ACDFA0D2 		.ascii	"\254\337\240\322\031tV\361\362U\037\245dr\322\265F\265"
 135      197456F1 
 135      F2551FA5 
 135      6472D2B5 
 135      46B5
 136 04fa 59939EC5 		.ascii	"Y\223\236\305%\260\233\025\240\231l\261\346.\310Pe\351"
 136      25B09B15 
 136      A0996CB1 
 136      E62EC850 
 136      65E9
 137 050c 8D599F31 		.ascii	"\215Y\2371hFz\272\"3G\267V\267z\215\302hQ\344\250\365"
ARM GAS  /tmp/ccHl7dRD.s 			page 10


 137      68467ABA 
 137      223347B7 
 137      56B77A8D 
 137      C26851E4 
 138 0522 0A93D16C 		.ascii	"\012\223\321l\265(\326|\370\301\202\014\376\272l\376"
 138      B528D67C 
 138      F8C1820C 
 138      FEBA6CFE 
 139 0532 FAF554A3 		.ascii	"\372\365T\243\322\3535\3519\334\024\336\307:\223\316"
 139      D2EB35E9 
 139      39DC14DE 
 139      C73A93CE 
 140 0542 A8B268AD 		.ascii	"\250\262h\255y&\225U\232\2473XAf\225\251T\241\333\267"
 140      79269555 
 140      9AA73358 
 140      416695A9 
 140      54A1DBB7 
 141 0556 157916B3 		.ascii	"\025y\026\263Bm\316\235g0\032\264\363\264\352\265:\205"
 141      426DCE9D 
 141      67301AB4 
 141      F3B4EAB5 
 141      3A85
 142 0568 CE90A5CF 		.ascii	"\316\220\245\317\323h\025\271\352\254\034\235A\253P"
 142      D36815B9 
 142      EAAC1C9D 
 142      41AB50
 143 0577 69B4D9EA 		.ascii	"i\264\331\352<\275Ue\335`\322Z\300\367\234W\030Y6X\024"
 143      3CBD5565 
 143      DD60D25A 
 143      C0F79C57 
 143      18593658 
 144 058c 2A8B5503 		.ascii	"*\213U\003\376\001)\3125j\264f\261\221Z\232%F\213I\253"
 144      FE0129CA 
 144      356AB466 
 144      B1915A9A 
 144      25468B49 
 145 05a1 D59845A6 		.ascii	"\325\230E\246<\223\306\214\215\032\263P\235m\326\323"
 145      3C93C68C 
 145      8D1AB350 
 145      9D6DD6D3 
 146 05b1 4BCE8257 		.ascii	"K\316\202WW\270r\345R\305r\345\212\325\237g(L\341\022"
 146      57B872E5 
 146      52C572E5 
 146      8AD59F67 
 146      284CE112 
 147 05c5 C5CA254B 		.ascii	"\305\312%K\325V\265X\371\036\277e\362\3332\272%(\227"
 147      D556B558 
 147      F91EBF65 
 147      F2DB32BA 
 147      252897
 148 05d8 ACCC341A 		.ascii	"\254\3144\032\262u\353\246P\203P\005YL4#\335l\324\000"
 148      B275EBA6 
 148      50835005 
 148      594C3423 
 148      DD6CD400 
 149 05ec 28FD45D5 		.ascii	"(\375E\325?\270\353_\333"
 149      3FB8EB5F 
ARM GAS  /tmp/ccHl7dRD.s 			page 11


 149      DB
 150              		.text
 151              		.section	.gnu.lto_.symtab.c2e3e6ce3a6ecc60,"",%progbits
 152 0000 5F5F6561 		.ascii	"__early_init\000\000\000\000\000\000\000\000\000\000"
 152      726C795F 
 152      696E6974 
 152      00000000 
 152      00000000 
 153 0016 0000AC00 		.ascii	"\000\000\254\000\000\000boardInit\000\000\000\000\000"
 153      0000626F 
 153      61726449 
 153      6E697400 
 153      00000000 
 154 002a 00000000 		.ascii	"\000\000\000\000\000\000\000\256\000\000\000pal_def"
 154      000000AE 
 154      00000070 
 154      616C5F64 
 154      6566
 155 003c 61756C74 		.ascii	"ault_config\000\000\000\000\000\000\000\000\000\000"
 155      5F636F6E 
 155      66696700 
 155      00000000 
 155      00000000 
 156 0051 0000F000 		.ascii	"\000\000\360\000\000\000stm32_clock_init\000\000\002"
 156      00007374 
 156      6D33325F 
 156      636C6F63 
 156      6B5F696E 
 157 006a 00000000 		.ascii	"\000\000\000\000\000\000\000\000\000\260\000\000\000"
 157      00000000 
 157      00B00000 
 157      00
 158              		.text
 159              		.section	.gnu.lto_.opts,"",%progbits
 160 0000 272D666E 		.ascii	"'-fno-trapv' '-mcpu=cortex-m0' '-mno-thumb-interwor"
 160      6F2D7472 
 160      61707627 
 160      20272D6D 
 160      6370753D 
 161 0033 6B272027 		.ascii	"k' '-mthumb' '-ggdb' '-O2' '-fomit-frame-pointer' '"
 161      2D6D7468 
 161      756D6227 
 161      20272D67 
 161      67646227 
 162 0066 2D66616C 		.ascii	"-falign-functions=16' '-ffunction-sections' '-fdata"
 162      69676E2D 
 162      66756E63 
 162      74696F6E 
 162      733D3136 
 163 0099 2D736563 		.ascii	"-sections' '-fno-common' '-flto'\000"
 163      74696F6E 
 163      73272027 
 163      2D666E6F 
 163      2D636F6D 
 164              		.text
 165              		.comm	__gnu_lto_v1,1,1
 166              		.comm	__gnu_lto_slim,1,1
ARM GAS  /tmp/ccHl7dRD.s 			page 12


 167              		.ident	"GCC: (GNU Tools for ARM Embedded Processors) 4.9.3 20150529 (release) [ARM/embedded-4_9-br
ARM GAS  /tmp/ccHl7dRD.s 			page 13


DEFINED SYMBOLS
                            *ABS*:0000000000000000 board.c
                            *COM*:0000000000000001 __gnu_lto_v1
                            *COM*:0000000000000001 __gnu_lto_slim

NO UNDEFINED SYMBOLS
