ARM GAS  /tmp/ccrQFwPx.s 			page 1


   1              		.syntax unified
   2              		.cpu cortex-m0
   3              		.fpu softvfp
   4              		.eabi_attribute 20, 1
   5              		.eabi_attribute 21, 1
   6              		.eabi_attribute 23, 3
   7              		.eabi_attribute 24, 1
   8              		.eabi_attribute 25, 1
   9              		.eabi_attribute 26, 1
  10              		.eabi_attribute 30, 2
  11              		.eabi_attribute 34, 0
  12              		.eabi_attribute 18, 4
  13              		.thumb
  14              		.syntax unified
  15              		.file	"chcore_v6m.c"
  16              		.text
  17              	.Ltext0:
  18              		.section	.gnu.lto_.profile.fe46809844d69bfd,"",%progbits
  19 0000 789C6361 		.ascii	"x\234ca`d`a`\000\222J\342\000\000\305\000D"
  19      60646061 
  19      6000924A 
  19      E20000C5 
  19      0044
  20              		.text
  21              		.section	.gnu.lto_.icf.fe46809844d69bfd,"",%progbits
  22 0000 789C6361 		.ascii	"x\234ca`d\000\001^\006\004`b8\265d\337On\306\023\007"
  22      60640001 
  22      5E060460 
  22      6238B564 
  22      DF4F6EC6 
  23 0016 E6173300 		.ascii	"\346\0273\000\000)\255\005\340"
  23      0029AD05 
  23      E0
  24              		.text
  25              		.section	.gnu.lto_.jmpfuncs.fe46809844d69bfd,"",%progbits
  26 0000 789C6361 		.ascii	"x\234ca`d\000\001n\006\004`\002bF \250g`\000\000\003"
  26      60640001 
  26      6E060460 
  26      02624620 
  26      A8676000 
  27 0016 5E0096   		.ascii	"^\000\226"
  28              		.text
  29              		.section	.gnu.lto_.inline.fe46809844d69bfd,"",%progbits
  30 0000 789C6361 		.ascii	"x\234ca`d\000\201x\006\004`b`\340\344`d`\342y\020\313"
  30      60640081 
  30      78060460 
  30      6260E0E4 
  30      606460E2 
  31 0017 C0B6409E 		.ascii	"\300\266@\236\011$\306\310 $\302\310\314\240\220\375"
  31      0924C6C8 
  31      2024C2C8 
  31      CCA090FD 
  32 0027 9789B1AD 		.ascii	"\227\211\261\255\253\365\010\353\027\246Vf\006\306\217"
  32      ABF508EB 
  32      17A65666 
  32      06C68F
  33 0036 FFFFFFE7 		.ascii	"\377\377\377\347g\\\316(\303\300\240\220\005\245\201"
ARM GAS  /tmp/ccrQFwPx.s 			page 2


  33      675CCE28 
  33      C3C0A090 
  33      05A581
  34 0045 06B20075 		.ascii	"\006\262\000u\200u\262,\220\027`\020[U\305\0026\227"
  34      8075B22C 
  34      90176010 
  34      5B55C502 
  34      3697
  35 0057 1B2C0100 		.ascii	"\033,\001\000\220\330\021="
  35      90D8113D 
  36              		.text
  37              		.section	.gnu.lto_.pureconst.fe46809844d69bfd,"",%progbits
  38 0000 789C6361 		.ascii	"x\234ca`d`g```b\330\305\310\270\213\021\000\005\321"
  38      60646067 
  38      60606062 
  38      D8C5C8B8 
  38      8B110005 
  39 0015 0186     		.ascii	"\001\206"
  40              		.text
  41              		.section	.gnu.lto_NMI_Handler.fe46809844d69bfd,"",%progbits
  42 0000 789C9552 		.ascii	"x\234\225R\337KSq\024?\347~\357\2567\235\366\330CB\333"
  42      DF4B5371 
  42      143FE77E 
  42      EFAE379D 
  42      F6D84342 
  43 0015 830F92ED 		.ascii	"\203\017\222\355\006Ao=\204\021\3640\014\367\007D\335"
  43      06416F3D 
  43      8411F430 
  43      0CF70744 
  43      DD
  44 0026 168ED28D 		.ascii	"\026\216\322\215m\226\321\203\327\351\212\014D(\305"
  44      6D96D183 
  44      D7E98A0C 
  44      4428C5
  45 0035 7E2129A2 		.ascii	"~!)\242\375\320\322\262\314\312V\226\021\246\020T \371"
  45      FDD0D2B2 
  45      CCCA5696 
  45      11A61054 
  45      20F9
  46 0047 20D31492 		.ascii	" \323\024\222\304\205\203\242\324\316\371n\204\316^"
  46      C48583A2 
  46      D4CEF96E 
  46      84CE5E
  47 0056 BAB07BF7 		.ascii	"\272\260{\367=\347s>\337\317\371\234\243\002\002?\011"
  47      3DE7733E 
  47      DFCFF99C 
  47      A302023F 
  47      09
  48 0067 01F099BE 		.ascii	"\001\360\231\276[\351\207\002Pi\034\007\250\321\025"
  48      5BE98702 
  48      50691C07 
  48      A8D115
  49 0076 44FE63E9 		.ascii	"D\376c\351\010\325\012VcRYV\360\345\271\331\307Ja\247"
  49      08D50A56 
  49      63525956 
  49      F0E5B9D9 
  49      C74A61A7 
ARM GAS  /tmp/ccrQFwPx.s 			page 3


  50 008a 45CF5447 		.ascii	"E\317TG\253\260\272b\030\245\362UE2\001vb!\020\354}"
  50      ABB0BA62 
  50      18A5F255 
  50      45320176 
  50      622110EC 
  51 009f DDBD6B62 		.ascii	"\335\275kbI\211\012D\225\216\211\261+\323y|T\320A\307"
  51      49890A44 
  51      958E89B1 
  51      2BD3797C 
  51      54D041C7 
  52 00b3 FAB7336D 		.ascii	"\372\2673m\233\205\013\031\271\2602Yo/h\267\254\210"
  52      9B850B19 
  52      B9B03259 
  52      6F2F68B7 
  52      AC88
  53 00c5 15BB38B2 		.ascii	"\025\2738\262\345\262\025\253sD\205\300[(\210\024ob"
  53      E5B215AB 
  53      734485C0 
  53      5B288814 
  53      6F62
  54 00d7 3E7661BE 		.ascii	">va\276$'t\274w\245)W\253\343\353\035x\033\013R\027"
  54      242774BC 
  54      77A52957 
  54      ABE3EB1D 
  54      781B0B52 
  55 00ec E31DD4A8 		.ascii	"\343\035\324\250\025\205#\004\232\275\360z(K\354\222"
  55      15852304 
  55      9ABDF07A 
  55      284BEC92 
  56 00fc F4B18EFE 		.ascii	"\364\261\216\376O\230\242\237J&vw\367Y\326\371}Q\241"
  56      4F98A29F 
  56      4A267677 
  56      F759D6F9 
  56      7D51A1
  57 010f 62F7467E 		.ascii	"b\367F~\354\301\202\273\2451ku\265\226\232\3336\320"
  57      ECC182BB 
  57      A5316B75 
  57      B5969ADB 
  57      36D0
  58 0121 32A76791 		.ascii	"2\247g\221\035D\252\312\267\015\242\302\246I\030\300"
  58      1D44AACA 
  58      B70DA2C2 
  58      A64918C0 
  59 0131 225DCCF6 		.ascii	"\"]\314\366$\024\205\277b\016k\342\311\237\017\305z"
  59      241485BF 
  59      620E6BE2 
  59      C99F0FC5 
  59      7A
  60 0142 91B1D157 		.ascii	"\221\261\321W/P\223\002W\025\334\320\0013\341]\002\000"
  60      2F509302 
  60      5715DCD0 
  60      0133E15D 
  60      0200
  61 0154 DE631880 		.ascii	"\336c\030\200\217 \315\015\315\255\252\363T\253\325"
  61      8F20CD0D 
  61      CDADAAF3 
  61      54ABD5
ARM GAS  /tmp/ccrQFwPx.s 			page 4


  62 0163 424E685C 		.ascii	"BNh\\\264\034\217NoR\351F\354E\2474b$~\177P\243\010"
  62      B41C8F4E 
  62      6F52E946 
  62      EC45A734 
  62      62247E7F 
  63 017a F6A15A2B 		.ascii	"\366\241Z+\230\340>\252\020\307\310\024\213`6&\347\014"
  63      98E03EAA 
  63      10C7C814 
  63      8B603626 
  63      E70C
  64 018c C73AE253 		.ascii	"\307:\342S\2324IJ\237\305\310\367s\277\025\016\324\012"
  64      9A34494A 
  64      9FC5C8F7 
  64      73BF150E 
  64      D40A
  65 019e 91C2C813 		.ascii	"\221\302\310\0237I\021\002\324^;\273\320\222\227B\020"
  65      37491102 
  65      D45E3BBB 
  65      D0929742 
  65      10
  66 01af BF583B43 		.ascii	"\277X;CD\007> \313\326\025\251)\326\221\313Z\252\310"
  66      44073E20 
  66      CBD615A9 
  66      29D691CB 
  66      5AAAC8
  67 01c2 C6A13482 		.ascii	"\306\2414\202\212\337\314\317\\\327\305\031\351\300"
  67      8ADFCCCF 
  67      5CD7C519 
  67      E9C0
  68 01d0 FC4C6238 		.ascii	"\374Lb8'=\361_\023v\253\261F\347\201\364\377c \017\231"
  68      273DF15F 
  68      1376ABB1 
  68      46E781F4 
  68      FF63200F 
  69 01e5 DA067318 		.ascii	"\332\006s\030\211'\277=\312\364\366\374;dD\332]%\323"
  69      8927BF3D 
  69      CAF4F6FC 
  69      3B6444DA 
  69      5D25D3
  70 01f8 5DC047D2 		.ascii	"]\300G\322\331\001^\016\204z\244|[k\337\217lg\013\246"
  70      D9015E0E 
  70      847AA47C 
  70      5B6BDF8F 
  70      6C670BA6 
  71 020c BCCDE292 		.ascii	"\274\315\342\222\356\351'\226.\275}\234\366v\362\312"
  71      EEE92796 
  71      2EBD7D9C 
  71      F676F2CA 
  72 021c E0A56CF6 		.ascii	"\340\245l\366v\220\275\265Q\346\211\334\342\366\336"
  72      7690BDB5 
  72      51E689DC 
  72      E2F6DE
  73 022b C83BBBF3 		.ascii	"\310;\273\363*\256\031\314xC\344\206]\026?\345b|\206"
  73      2AAE19CC 
  73      7843E486 
  73      5D163FE5 
  73      627C86
ARM GAS  /tmp/ccrQFwPx.s 			page 5


  74 023e 7FBB96D2 		.ascii	"\177\273\226\322\200\327b)Y\224\241\374\355\030\246"
  74      80D76229 
  74      5994A1FC 
  74      ED18A6
  75 024d 558B0CD5 		.ascii	"U\213\014\325\261\345\246\011\264\001\016qR\315HZ\375"
  75      B1E5A609 
  75      B4010E71 
  75      52CD485A 
  75      FD
  76 025e 3B009F73 		.ascii	";\000\237s\306\266\261\331\230l\366\205|\303(7\3335"
  76      C6B6B1D9 
  76      986CF685 
  76      7CC32837 
  76      DB35
  77 0270 34FCC5EE 		.ascii	"4\374\305\356\374\220\326\253s\311\367\236\276\2179"
  77      FC90D6AB 
  77      73C9F79E 
  77      BE8F39
  78 027f 52EF4BA9 		.ascii	"R\357K\251w\230\364~\245\005\211\316\351\254G\272\276"
  78      7798F47E 
  78      A50589CE 
  78      E9AC47BA 
  78      BE
  79 0290 488B4A1B 		.ascii	"H\213J\033M\240\355.\227Q\\\346;\342+\361\030\376\220"
  79      4DA0ED2E 
  79      97515CE6 
  79      3BE22BF1 
  79      18FE90
  80 02a3 110C1B01 		.ascii	"\021\014\033\001\1770\0342\366\226\272\213\335U\206"
  80      7F301C32 
  80      F696BA8B 
  80      DD5586
  81 02b2 5966FA83 		.ascii	"Yf\372\203\336C'w\227\273LP\315pU@\013zC\225'\302\256"
  81      DE432777 
  81      97BB4C50 
  81      CD705540 
  81      0B7A4395 
  82 02c9 F575DEAA 		.ascii	"\365u\336\252\260Q\354\366\034\360\030\276\012\363D"
  82      B051ECF6 
  82      1CF018BE 
  82      0AF344
  83 02d8 E551AF21 		.ascii	"\345Q\257!\353\314\362\375\225\025\246\253\014r\335"
  83      EBCCF2FD 
  83      9515A6AB 
  83      0C72DD
  84 02e7 A51E47C1 		.ascii	"\245\036G\301\316\"G \024\310\006\261'\010ya\177\240"
  84      CE224720 
  84      14C806B1 
  84      27087961 
  84      7FA0
  85 02f9 E4D8C1A0 		.ascii	"\344\330\301\240\337\364\204\017\233\307s\335\236RN"
  85      DFF4840F 
  85      9BC773DD 
  85      9E524E
  86 0308 16112A1B 		.ascii	"\026\021*\033\224 \210P\340?\304\225\201n\006B>\257"
  86      94208850 
  86      E03FC495 
ARM GAS  /tmp/ccrQFwPx.s 			page 6


  86      816E0642 
  86      3EAF
  87 031a C30759E5 		.ascii	"\303\007Y\345\336r\177\3604\374\001\264[\222\314"
  87      DE727FF0 
  87      34FC01B4 
  87      5B92CC
  88              		.text
  89              		.section	.gnu.lto__port_irq_epilogue.fe46809844d69bfd,"",%progbits
  90 0000 789C9554 		.ascii	"x\234\225T\377OSW\024\277\347\335\367^K[\300\337\366"
  90      FF4F5357 
  90      14BFE7DD 
  90      F75E4B5B 
  90      C0DFF6
  91 0013 0B59CA0F 		.ascii	"\013Y\312\017\204\230\261\326m\031\376\304\017\013\313"
  91      8498B1D6 
  91      6D19FEC4 
  91      0F0BCB
  92 0022 922D6954 		.ascii	"\222-iT\372\007,\263\262@\006\266i\313\202?\361h\251"
  92      FA072CB3 
  92      B24006B6 
  92      69CB823F 
  92      F168A9
  93 0035 4C4CD87E 		.ascii	"LL\330~\030\204\211\246Ab\2009\020p\312\370\"V\276\310"
  93      188489A6 
  93      41628039 
  93      1070CAF8 
  93      2256BEC8 
  94 0049 140519CC 		.ascii	"\024\005\031\314\230`\010\024d\313t\3062\231\023\002"
  94      98600814 
  94      64CB74C6 
  94      32991302 
  95 0059 DD39F7BD 		.ascii	"\3359\367\275M\251n\211Mz\337\275\347\333\347\334\317"
  95      4DA96E89 
  95      4D7ADFBD 
  95      E7DBE7DC 
  95      CF
  96 006a B9E7C80C 		.ascii	"\271\347\310\014\030\375rU\306\026\360\353\302?\230"
  96      18FD7255 
  96      C616F0EB 
  96      C23F98
  97 0079 18485F4D 		.ascii	"\030H_M1Vm\226$\336\\\3004\213\272\276\213i6.\311C\257"
  97      31566D96 
  97      24DE5CC0 
  97      348BBABE 
  97      8B69362E 
  98 0090 E3499973 		.ascii	"\343I\231s\342I\006U7R\376\331\250\000\264\321\314\300"
  98      E2490655 
  98      3752FED9 
  98      A800B4D1 
  98      CCC0
  99 00a2 AA242E2B 		.ascii	"\252$.+*T\301\272\264%\301H\355j\277\264\273M\303\337"
  99      2A54C1BA 
  99      B425C148 
  99      ED6ABFB4 
  99      BB4DC3DF 
 100 00b6 E2F8933D 		.ascii	"\342\370\223=Z{\014\"\234\261\244$\260\031\264\301n"
 100      5A7B0C22 
ARM GAS  /tmp/ccrQFwPx.s 			page 7


 100      9CB1A424 
 100      B019B4C1 
 100      6E
 101 00c7 B49AA9E9 		.ascii	"\264\232\251\351>\311\037K\021\016 \3431q\363\304r\006"
 101      3EC91F4B 
 101      110E20E3 
 101      3171F3C4 
 101      7206
 102 00d9 1D25B0E3 		.ascii	"\035%\260\343q\241k{H\345\016`\270o\276S\233\233{F\323"
 102      71A16B7B 
 102      48E50E60 
 102      B86FBE53 
 102      9B9B7B46 
 103 00ee 429AD650 		.ascii	"B\232\326P\254\245E8\207o\201c8\350\200,h\207,\206\""
 103      ACA54538 
 103      876F8163 
 103      38E8802C 
 103      68872C86 
 104 0103 06672197 		.ascii	"\006g!\227\254\343=\333\015\351j\015\241\333uL\370\016"
 104      ACE33DDB 
 104      0DE96A0D 
 104      A1DB754C 
 104      F80E
 105 0115 54BC37A5 		.ascii	"T\2747\245Vwm\345t&\177K\204}\270}\267\316\226\323J"
 105      56776DE5 
 105      74267F4B 
 105      847DB87D 
 105      B7CE96D3 
 106 012a 7163B313 		.ascii	"qc\263\023Y\337h\261\032{\204\313\320\2713\266H\271"
 106      59DF68B1 
 106      1A7B84CB 
 106      D0B933B6 
 106      48B9
 107 013c 0B72D063 		.ascii	"\013r\320c\365\370\370\260\211\347\013\357\330\231\013"
 107      F5F8F8B0 
 107      89E70BEF 
 107      D8990B
 108 014b B741F75E 		.ascii	"\267A\367^\334L\344w\366j\332\261\367#\\\201s/q\357"
 108      DC4CE477 
 108      F66ADAB1 
 108      F7235C81 
 108      732F71EF 
 109 015f 869C7345 		.ascii	"\206\234sE1-\231\014##{\227\216\2655@\206\004\224\261"
 109      312D990C 
 109      23237B97 
 109      8EB53540 
 109      860494B1 
 110 0173 2262AB62 		.ascii	"\"b\253b5\341=T\263\260\266\342\326\304\330#L\2378N"
 110      35E13D54 
 110      B3B0B6E2 
 110      D6C4D823 
 110      4C9F384E 
 111 0187 48127DF9 		.ascii	"H\022}\371\022\324\314\207[\277T\351FaN\027:Z\027\031"
 111      12D4CC87 
 111      5BBF54E9 
 111      46614E17 
 111      3A5A1719 
ARM GAS  /tmp/ccrQFwPx.s 			page 8


 112 019b 53883633 		.ascii	"S\21063$\222\311d&\364\030\230\011\211\263\346\002\376"
 112      2492C964 
 112      26F41898 
 112      0989B3E6 
 112      02FE
 113 01ad 0B54C737 		.ascii	"\013T\3077\227:y\0121\004'xa)\224\305&\327\0170\350"
 113      973A790A 
 113      31042778 
 113      612994C5 
 113      26D70F30 
 114 01c2 05352941 		.ascii	"\0055)A\252\352\217\372\313\360.\203\363\244\224R\224"
 114      AAEA8FFA 
 114      CBF02E83 
 114      F3A49452 
 114      94
 115 01d3 5A228FC1 		.ascii	"Z\"\217\301\367\244\341/\024\001.\020\016\\\024+k\002"
 115      F7A4E12F 
 115      14012E10 
 115      0E5C142B 
 115      6B02
 116 01e5 D4B70F8F 		.ascii	"\324\267\017\217\336\263e\267@TkB\316\323\310e\255\253"
 116      DEB365B7 
 116      40546B42 
 116      CED3C865 
 116      ADAB
 117 01f7 F767AB8C 		.ascii	"\367g\253\214\027\206>\310\306\365\007\220\031e\277"
 117      17863EC8 
 117      C6F50790 
 117      1965BF
 118 0206 F1343F25 		.ascii	"\3614?%\217\343OZP\247')\247\242\021{\014\372\005\326"
 118      8FE34F5A 
 118      50A72729 
 118      A7A2117B 
 118      0CFA05D6 
 119 021a 00AE58F8 		.ascii	"\000\256X\370\016Bl\254o\214\312\331}\006\242\205\334"
 119      0E426CAC 
 119      6F8CCAD9 
 119      7D06A285 
 119      DC
 120 022b B6E291E5 		.ascii	"\266\342\221\3454\2018H\210(\271\032??\240\242\004\206"
 120      34813848 
 120      8828B91A 
 120      3F3FA0A2 
 120      0486
 121 023d 400E7333 		.ascii	"@\016s3j.!R\034B\213\233O/r\212G\341IC\262\361\315["
 121      6A2E2152 
 121      1C428B9B 
 121      4F2F728A 
 121      47E14943 
 122 0255 32652120 		.ascii	"2e! \331*\204\326j\347\200\004a\256\3506\222Pw\221\213"
 122      D92A84D6 
 122      6AE78004 
 122      61AEE836 
 122      92507791 
 123 026a 8206E193 		.ascii	"\202\006\341\223GoG\337\326-\310\010\021g\227\306\032"
 123      476F47DF 
 123      D62DC808 
ARM GAS  /tmp/ccrQFwPx.s 			page 9


 123      116797C6 
 123      1A
 124 027b 15BD0B16 		.ascii	"\025\275\013\026E\375\206\261~;\034U=\362\303\250Ew"
 124      45FD86B1 
 124      7E3B1C55 
 124      3DF2C3A8 
 124      4577
 125 028d 3491C8B0 		.ascii	"4\221\310\260\300\000\023\367WN\231\371 \210j\335_I"
 125      C00013F7 
 125      574E99F9 
 125      20886ADD 
 125      5F49
 126 029f 8C5A8D27 		.ascii	"\214Z\215'}\251\226\033OZ\201\313/y\2231\012nB\212C"
 126      7DA9961B 
 126      4F5A81CB 
 126      2F799331 
 126      0A6E428A 
 127 02b4 F1CDDFFB 		.ascii	"\361\315\337\373x\3523\330>@\026\006\313\312\2135\275"
 127      78EA33D8 
 127      3E401606 
 127      CBCA8B35 
 127      BD
 128 02c5 22181EA1 		.ascii	"\"\030\036\241\316\002v\235\030>\035\355\375\313\222"
 128      CE02769D 
 128      183E1DED 
 128      FDCB92
 129 02d4 7DC760D8 		.ascii	"}\307`\330J.\235\313\203\232Y0<j0|\367\304\300\327\026"
 129      4A2E9DCB 
 129      839A5930 
 129      3C6A307C 
 129      F7C4C0D7 
 130 02e9 62788C18 		.ascii	"bx\214\030\306'\016\343\242\375[{B7l\331\363\317\227"
 130      C6270EE3 
 130      A2FD5B7B 
 130      42376CD9 
 130      F3CF97
 131 02fc 67AA3ED4 		.ascii	"g\252>\324b\023\316W\305\203\230\020\245\320\231\211"
 131      6213CE57 
 131      C5839810 
 131      A5D09989 
 132 030c 198C3FEE 		.ascii	"\031\214?\356\036\013)\006\023+mk\015iD\245\254S\211"
 132      1E0B2906 
 132      132B6D6B 
 132      0D6944A5 
 132      AC5389
 133 031f A2B9E999 		.ascii	"\242\271\351\231Ik\024NUS\322\357`O\331\220u\370\221"
 133      496B144E 
 133      5553D2EF 
 133      604FD990 
 133      75F891
 134 0332 2840ED83 		.ascii	"(@\355\203\226\336f\325\371&\315\223k\020\205m1\237"
 134      96DE66D5 
 134      F926CD93 
 134      6B10856D 
 134      319F
 135 0344 E03A3869 		.ascii	"\340:8i:\335\333\230N\323\373\012]\3150\211>\277B8\326"
 135      3ADDDB98 
ARM GAS  /tmp/ccrQFwPx.s 			page 10


 135      4ED3FB0A 
 135      5DCD3089 
 135      3EBF4238 
 136 0359 6454C18A 		.ascii	"dT\301\2126\375\375\017\346MU[\332\027\232\266+\302"
 136      36FDFD0F 
 136      E64D555B 
 136      DA179AB6 
 136      2BC2
 137 036b D3931231 		.ascii	"\323\223\0221r\003\252\020'\203\211V=\370\314\27012"
 137      7203AA10 
 137      27838956 
 137      3DF8CCB8 
 137      3132
 138 037d 326DA280 		.ascii	"2m\242\200&$\354\346\277M*\263G\257q\274\310F\355\237"
 138      2624ECE6 
 138      BF4D2AB3 
 138      47AF71BC 
 138      C846ED9F 
 139 0391 EDFB8D8B 		.ascii	"\355\373\215\213\354\310z\357\377d=%\262\246\221\016"
 139      ECC87AEF 
 139      FF643D25 
 139      B2A6910E 
 140 03a1 D322EBE7 		.ascii	"\323\"\353\3472\322\216DxfR\"\206oaJ\204\245\260\263"
 140      32D28E44 
 140      78665222 
 140      866F614A 
 140      84A5B0B3 
 141 03b5 393AD642 		.ascii	"9:\326B\307+c\315<\303\372\351?\260\250_f\015,U\314"
 141      C72B63CD 
 141      3CC3FAE9 
 141      3FB0A85F 
 141      660D2C55 
 142 03ca ABDF2014 		.ascii	"\253\337 \024\233\375H\2373\214\306\031\220\030y~\303"
 142      9BFD489F 
 142      338CC619 
 142      9018797E 
 142      C3
 143 03db E1701696 		.ascii	"\341p\026\226\224\036,\335\347vz\003N\177\320\351\363"
 143      941E2CDD 
 143      E7767A03 
 143      4E7FD0E9 
 143      F3
 144 03ec FA8301E7 		.ascii	"\372\203\001\347{E\256BW\245\323S\342\361\372\213?\376"
 144      7B45AE42 
 144      57A5D353 
 144      E2F1FA8B 
 144      3FFE
 145 03fe 3CBFDCE1 		.ascii	"<\277\334\341aR\231_\366\004+}\252\2778PQ\026t\354t"
 145      6152995F 
 145      F6042B7D 
 145      AABF3850 
 145      511674EC 
 146 0413 2DAE0C3A 		.ascii	"-\256\014:\013]\356\017\335\316\322\303\236\262\212"
 146      0B5DEE0F 
 146      DDCED2C3 
 146      9EB28A
 147 0422 43C54EE1 		.ascii	"C\305N\341\352)\377\240\342\260\307Q\362\012H%\314\354"
ARM GAS  /tmp/ccrQFwPx.s 			page 11


 147      EA29FFA0 
 147      E2B0C751 
 147      F20A4825 
 147      CCEC
 148 0434 F1054A0F 		.ascii	"\361\005J\017\331K\231\251\274\270\334\353?\302\322"
 148      D94B99A9 
 148      BCB8DCEB 
 148      3FC2D2
 149 0443 5D456E7B 		.ascii	"]En{\316\236<\273/\340\2630^\340g\031A\257o\337\247"
 149      CE9E3CBB 
 149      2FE0B330 
 149      5EE06719 
 149      41AF6FDF 
 150 0458 FBFD5E8F 		.ascii	"\373\375^\217;\370\211\347\263t\227\273\210\224yhea"
 150      3BF889E7 
 150      B37497BB 
 150      88947968 
 150      6561
 151 046a 929FF180 		.ascii	"\222\237\361\200\217\375\015\214\232bV"
 151      8FFD0D8C 
 151      9A6256
 152              		.text
 153              		.section	.gnu.lto_.symbol_nodes.fe46809844d69bfd,"",%progbits
 154 0000 789C6361 		.ascii	"x\234ca`dHd\000\002\246\351\214\365\014\014\023\316"
 154      60644864 
 154      0002A6E9 
 154      8CF50C0C 
 154      13CE
 155 0012 313000A9 		.ascii	"10\000\251]\015\212@\221\031\214\365\214(\"\214\263"
 155      5D0D8A40 
 155      91198CF5 
 155      8C28228C 
 155      B3
 156 0023 18EB99C0 		.ascii	"\030\353\231\300\"\014\014\015\013\024\200\002\263\031"
 156      220C0C0D 
 156      0B148002 
 156      B319
 157 0031 EB995104 		.ascii	"\353\231Q\004f2\326\263\300\004\032\200\002\314\214"
 157      6632D6B3 
 157      C0041A80 
 157      02CC8C
 158 0040 2C0C4F8E 		.ascii	",\014O\216\237\227a\000\000m&\026\275"
 158      9F976100 
 158      006D2616 
 158      BD
 159              		.text
 160              		.section	.gnu.lto_.refs.fe46809844d69bfd,"",%progbits
 161 0000 789C6361 		.ascii	"x\234ca`d\340d```bdb\022db\026b\000\000\001\227\000"
 161      6064E064 
 161      60606062 
 161      64621264 
 161      62166200 
 162 0018 3E       		.ascii	">"
 163              		.text
 164              		.section	.gnu.lto_.decls.fe46809844d69bfd,"",%progbits
 165 0000 789C8D56 		.ascii	"x\234\215VoPT\327\025\177\347\275\005\227\335\345\317"
 165      6F5054D7 
ARM GAS  /tmp/ccrQFwPx.s 			page 12


 165      157FE7BD 
 165      0597DDE5 
 165      CF
 166 0011 20EDD819 		.ascii	" \355\330\031\246\3038\314H\333\011+!\323\351\207~h"
 166      A6C338CC 
 166      48DB092B 
 166      21D3E987 
 166      7E68
 167 0023 4B278D1F 		.ascii	"K'\215\037H\235\020\355\227N\337\340\262\272;Y\026\334"
 167      489D10ED 
 167      974EDFE0 
 167      B2BA3B59 
 167      16DC
 168 0035 5D1AFDD4 		.ascii	"]\032\375\324\207 ($\012\261\032\240h\020\025\004E\010"
 168      87202824 
 168      0AB11AA0 
 168      68101504 
 168      4508
 169 0047 FF229AE8 		.ascii	"\377\"\232\350\006\212 \206\024QVQ\011\020 $\212\310"
 169      068A2086 
 169      14515651 
 169      09102024 
 169      8AC8
 170 0059 BFBAFC11 		.ascii	"\277\272\374\021\351\271\367\276\335\267\254\320\311"
 170      E9B9F7BE 
 170      DDB7ACD0 
 170      C9
 171 0066 9B3D6FDF 		.ascii	"\233=o\337\271\357\234\337\371\235s\357=\357\2528\340"
 171      B9EF9CDF 
 171      F99D73EF 
 171      3DEFAA38 
 171      E0
 172 0077 C8A50EE6 		.ascii	"\310\245\016\3468\013\317q\321\250\256\340%\340\330"
 172      380BCF71 
 172      D1A8AEE0 
 172      25E0D8
 173 0086 4E14F276 		.ascii	"N\024\362v\007\307\256\000\224\032\224F\224f\224\313"
 173      07C7AE00 
 173      941A9446 
 173      946694CB 
 174 0096 284EEED5 		.ascii	"(N\356\325\213\330\004\311\376\341(\021(\375(\303(["
 174      8BD804C9 
 174      FEE12811 
 174      28FD28C3 
 174      285B
 175 00a8 509EA04C 		.ascii	"P\236\240L\242\314\312\366\201\262\317<\3122\312\012"
 175      A2CCCAF6 
 175      81B2CF3C 
 175      CA32CA0A 
 176 00b8 898B8155 		.ascii	"\211\213\201U\360*6\211\035\346\207]\347\207\177U\346"
 176      F02A3689 
 176      1DE6875D 
 176      E7877F55 
 176      E6
 177 00c9 3CEB13AB 		.ascii	"<\353\023\253\207\360G\274\353$\036\376c\252\334m\224"
 177      87F047BC 
 177      EB241EFE 
ARM GAS  /tmp/ccrQFwPx.s 			page 13


 177      63AADC6D 
 177      94
 178 00da BB325782 		.ascii	"\2732W\202\253\306q\015J0(\\\234>\271\372_\313<T\027"
 178      ABC6710D 
 178      4A30285C 
 178      9C3EB9FA 
 178      5FCB3C54 
 179 00ef F65D111E 		.ascii	"\366]\021\036B? \036\204\321Q\000v\007*\034\023\252"
 179      423F201E 
 179      84D15100 
 179      76072A1C 
 179      13AA
 180 0101 E2034FEF 		.ascii	"\342\003O\357\2342\004\036Cr\307\033\017\362\030\347"
 180      9C32041E 
 180      4372C71B 
 180      0FF218E7 
 181 0111 05A33FD9 		.ascii	"\005\243?\331\237\316\015\275(\210\202\016\262\023x"
 181      9FCE0DBD 
 181      2888820E 
 181      B21378
 182 0120 19D0D71C 		.ascii	"\031\320\327\034{\357Ee\177\274\342\340\203\307\350"
 182      7BEF4565 
 182      7FBCE2E0 
 182      83C7E8
 183 012f CA700A67 		.ascii	"\312p\012goN\340I\372Y\353\310)^\340\201<\017.\234\177"
 183      6F4EE049 
 183      FA59EBC8 
 183      295EE081 
 183      3C0F2E9C 
 184 0144 33F6A284 		.ascii	"3\366\242\204W\201$\361?W*s;\273\256T\230\343!\\\003"
 184      578124F1 
 184      3F572A73 
 184      3BBBAE54 
 184      98E3215C 
 185 0159 2A54A7BB 		.ascii	"*T\247\273KFBP\215\320@\024\252\3137\377U\302o:A\375"
 185      4B464250 
 185      8DD04014 
 185      AACB37FF 
 185      55C26F3A 
 186 016f B2A42815 		.ascii	"\262\244(\025\354\374)\\\200H\250\206H\014t\0216\341"
 186      ECFC295C 
 186      8048A886 
 186      480C7411 
 186      36E1
 187 0181 7D978A21 		.ascii	"}\227\212!-6N\377rs\231TV'\015\015\316\305\027K\316"
 187      2D364EFF 
 187      72739954 
 187      56270D0D 
 187      CEC5174B 
 188 0196 6CF4E289 		.ascii	"l\364\342\211\021\234\007\001\252 \226\220\303G\362"
 188      119C0701 
 188      AA209690 
 188      C347F2
 189 01a5 57090F91 		.ascii	"W\011\017\221u\015l&\334\246f;\264B\002\345\371\311"
 189      750D6C26 
 189      DCA6663B 
 189      B44202E5 
ARM GAS  /tmp/ccrQFwPx.s 			page 14


 189      F9C9
 190 01b7 A3E99A0D 		.ascii	"\243\351\232\015\302N\362\314\217\027V4h@\027\223'I"
 190      C24EF2CC 
 190      8F175634 
 190      68401793 
 190      2749
 191 01c9 0748F8F0 		.ascii	"\007H\370\360\316\020\337\370\360)\304\300\016\235\014"
 191      CE10DFF8 
 191      F029C4C0 
 191      0E9D0C
 192 01d8 5C41380E 		.ascii	"\\A8\016\255\334\330=\235E\242\326\201\016j\225\250"
 192      ADDCD83D 
 192      9D45A2D6 
 192      810E6A95 
 192      A8
 193 01e9 3B748CE3 		.ascii	";t\214\343\321\007\235\207\325*\262\010\210\0012\307"
 193      D1079D87 
 193      D52AB208 
 193      880132C7 
 194 01f9 B1B1BECE 		.ascii	"\261\261\276\316\223\302\27296\320\034\353AN\362\344"
 194      93C2BA39 
 194      36D01CEB 
 194      414EF2E4 
 195 0209 E9AF67D4 		.ascii	"\351\257g\324\236,\347CNdI\235\350\027E\314\340\222"
 195      9E2CE743 
 195      4E64499D 
 195      E81745CC 
 195      E092
 196 021b 12EF926F 		.ascii	"\022\357\222o\226\2154\313\247\335\365\365\241B.\320"
 196      968D34CB 
 196      A7DDF5F5 
 196      A1422ED0 
 197 022b 342B8A5F 		.ascii	"4+\212_\\\323\"\314\020r^\312{7\373L\216\263\000hA\241"
 197      5CD322CC 
 197      10725ECA 
 197      7B37FB4C 
 197      8EB30068 
 198 0241 494169A2 		.ascii	"IAi\242(\370\320L\021\206\207\316\315h\205\233\014a"
 198      28F8D04C 
 198      118687CE 
 198      CD68859B 
 198      0C61
 199 0253 FA9E7329 		.ascii	"\372\236s)\230!8{{u\350N\275?S\274?\363x_\246\336eE"
 199      9821387B 
 199      7B75E84E 
 199      BD3F53BC 
 199      3FF3785F 
 200 026b CF7F0814 		.ascii	"\317\177\010\024\006\230ww\373\235\242\015\202\233*"
 200      06987777 
 200      FB9DA20D 
 200      829B2A
 201 027a AAD14B8D 		.ascii	"\252\321K\215.\001\202\"\001\223\206\230\\R\355\251"
 201      2E018222 
 201      01938698 
 201      5C52EDA9 
 202 028a 0365517B 		.ascii	"\003eQ{9\210\217\204\255X\350kX\350\253\200\333\017"
 202      39888F84 
ARM GAS  /tmp/ccrQFwPx.s 			page 15


 202      AD58E86B 
 202      58E8AB80 
 202      DB0F
 203 029c 3E47932F 		.ascii	">G\223/\260.%\222\232\216\224H\207$)\214>Vx\026\027"
 203      B02E2592 
 203      9A8E9448 
 203      8724298C 
 203      3E567816 
 204 02b1 4754B822 		.ascii	"GT\270\"Gge\27339\342\014\360\25511Q\212|}\325B*\277"
 204      476765BB 
 204      3339E20C 
 204      F0AD3131 
 204      518A7C7D 
 205 02c9 5CD42BA7 		.ascii	"\\\324+\2476\264x\364\257E\365Rv\0201\201\026%\271\026"
 205      36B478F4 
 205      AF45F552 
 205      76103181 
 205      1625B916 
 206 02dd 4F724E9A 		.ascii	"OrN\232\334d\366\330\220\226\255\342M\250f6\2359\252"
 206      DC64F6D8 
 206      9096ADE2 
 206      4DA86636 
 206      9D39AA
 207 02f0 13CAD8D2 		.ascii	"\023\312\330\322?\361q\365\375 \341\034Sz\247\276:)"
 207      3FF171F5 
 207      FD20E11C 
 207      537AA7BE 
 207      3A29
 208 0302 1B86A1FA 		.ascii	"\033\206\241\372\244\364\301\003\235p\236\275k\350\230"
 208      A4F4C103 
 208      9D709EBD 
 208      6BE898
 209 0311 EE08126A 		.ascii	"\356\010\022j\231Rru\256+\200\031\252Q\355\357\251\313"
 209      99527275 
 209      AE2B8019 
 209      AA51EDEF 
 209      A9CB
 210 0323 0F111AD8 		.ascii	"\017\021\032\330\273\2343m\013\301B3S\316?\036|!\010"
 210      BB9C336D 
 210      0BC14233 
 210      53CE3F1E 
 210      7C2108
 211 0336 2D4C596A 		.ascii	"-LYji\227\324\302\347L\251\354\350\357\010\025\2563"
 211      6997D4C2 
 211      E74CA9EC 
 211      E8EF0815 
 211      AE33
 212 0348 C5B3B1C2 		.ascii	"\305\263\261\302\331\306\272\364\375\365R\015\333g\022"
 212      D9C6BAF4 
 212      FDF5520D 
 212      DB6712
 213 0357 BFCC6BF2 		.ascii	"\277\314k\362\013\346zT\020\2751\032\257\030\224r2\013"
 213      0BE67A54 
 213      10BD311A 
 213      AF189472 
 213      320B
 214 0369 B834C48F 		.ascii	"\2704\304\217\316\345H\005\311t\271\336\300\364{`\243"
ARM GAS  /tmp/ccrQFwPx.s 			page 16


 214      CEE54805 
 214      C974B9DE 
 214      C0F47B60 
 214      A3
 215 037a B201FE4D 		.ascii	"\262\001\376M\213\027\2077\256P\256\276\004\016\016"
 215      8B178737 
 215      AE50AEBE 
 215      040E0E
 216 0389 BE46836E 		.ascii	"\276F\203nb\360\225\354\201E\203>\234\304^\210\006\027"
 216      62F095EC 
 216      8145833E 
 216      9CC45E88 
 216      0617
 217 039b CA1D94FB 		.ascii	"\312\035\224\373(\377A\271\207r\027\3456D\323\212\322"
 217      28FF41B9 
 217      877217E5 
 217      3644D38A 
 217      D2
 218 03ac C8CE8F6E 		.ascii	"\310\316\217n\351<a[\375\303~I\303^ w\331z\256\313k"
 218      E93C615B 
 218      FDC37E49 
 218      C35E2077 
 218      D97AAECB 
 219 03c1 7DCBDF5A 		.ascii	"}\313\337Z\357\345\310l\347\025\333\233\376\266\035"
 219      EFE5C86C 
 219      E715DB9B 
 219      FEB61D
 220 03d0 E0675CA0 		.ascii	"\340g\\\240\320h[\233\0065\246k\3179\233\247\223p]\242"
 220      D0685B9B 
 220      0635A66B 
 220      CF399BA7 
 220      93705DA2 
 221 03e4 11272F13 		.ascii	"\021'/\023%\037wW\004\351H\002\205\352Z\223\243oB/\025"
 221      251F7757 
 221      04E94802 
 221      85EA5A93 
 221      A36F422F 
 222 03f9 92ED6B57 		.ascii	"\222\355kW\335\327zQ\261\356\\;%f\215\363\336v$\377"
 222      DDD77A51 
 222      B1EE5C3B 
 222      25668DF3 
 222      DE7624FF 
 223 040d 5D9D6F43 		.ascii	"]\235oC\3635\346\360\003\245\243\253\032\377\321x\240"
 223      F335E6F0 
 223      03A5A3AB 
 223      1AFFD178 
 223      A0
 224 041e B3EA02E9 		.ascii	"\263\352\002\351\315[4@Z\177(\016\325N\264,\004\263"
 224      CD5B3440 
 224      5A7F280E 
 224      D54EB42C 
 224      04B3
 225 0430 21BA9C8F 		.ascii	"!\272\234\217\316\234\335 \334\242K\214\277\361aC\275"
 225      CE9CDD20 
 225      DCA24B8C 
 225      BFF16143 
 225      BD
ARM GAS  /tmp/ccrQFwPx.s 			page 17


 226 0441 166234AC 		.ascii	"\026b4\254\025\016\270\376X\230KZ\3417\240\201G\312"
 226      150EB8FE 
 226      58984B5A 
 226      E137A081 
 226      47CA
 227 0453 CED9A2C1 		.ascii	"\316\331\242\301\373!\205\001\247p\035\300%\202\300"
 227      FB218501 
 227      A7701DC0 
 227      2582C0
 228 0462 C4101B57 		.ascii	"\304\020\033W$<\300A\014Ru\266\260<P\310\027h\220\342"
 228      243CC041 
 228      0C5275B6 
 228      B03C50C8 
 228      176890E2 
 229 0476 C66AB7C6 		.ascii	"\306j\267\306\033\244\277\344\215\213\244\001\014c\214"
 229      1BA4BFE4 
 229      8D8BA401 
 229      0C638C
 230 0485 41250686 		.ascii	"A%\006\206\\7\310\320\032A\210?\006j_q;C\331\036\301"
 230      5C37C8D0 
 230      1A41883F 
 230      066A5F71 
 230      3B43D91E 
 231 049a 3D011F4F 		.ascii	"=\001\037O\365\364j4\207\344\246A\212\205/\224Z\215"
 231      F5F46A34 
 231      87E4A641 
 231      8A852F94 
 231      5A8D
 232 04ac 90203875 		.ascii	"\220 8u\360-\243\331:SW\251c\336\202OK\210`-\241o\376"
 232      F02DA3D9 
 232      3A5357A9 
 232      63DE824F 
 232      4B88602D 
 233 04c3 8B459D70 		.ascii	"\213E\235p\215&\241j80x:\004bX\307\323\370t\256\307"
 233      8D26A16A 
 233      3830783A 
 233      046258C7 
 233      D3F874AE 
 234 04d8 98C7774A 		.ascii	"\230\307wJ\347\242\355m\352\037d\230\266<\362O\263\232"
 234      E7A2ED6D 
 234      EA1F6498 
 234      B63CF24F 
 234      B39A
 235 04ea 2A970237 		.ascii	"*\227\0027y\373\3438\246\364\230\262\371\001\001\277"
 235      79FBE338 
 235      A6F498B2 
 235      F90101BF 
 236 04fa 6774CA8F 		.ascii	"gt\312\217\317\017Cx\201\214\375;\240\330c\370~\224"
 236      CF0F4378 
 236      818CFD3B 
 236      A0D863F8 
 236      7E94
 237 050c B27F02E1 		.ascii	"\262\177\002\341\236\034\250\202\036M']\247\264\353"
 237      9E1CA882 
 237      1E4D275D 
 237      A7B4EB
 238 051b E73BE1C9 		.ascii	"\347;\341\311wk\244o'\213`\235\354\276{\320\035,\207"
ARM GAS  /tmp/ccrQFwPx.s 			page 18


 238      776BA46F 
 238      278B609D 
 238      ECBE7BD0 
 238      1D2C87
 239 052e 737AC23D 		.ascii	"sz\302=\005V\035\016&i\270\011\026n\222\206\033]\252"
 239      05561D0E 
 239      2669B809 
 239      166E9286 
 239      1B5DAA
 240 0541 B92277A4 		.ascii	"\271\"w\244@rZ\030q\177\253^?\372\224'\3723\226\336"
 240      40725A18 
 240      717FAB5E 
 240      3FFA9427 
 240      FA3396DE 
 241 0555 5CDE41B7 		.ascii	"\\\336A\267|n\330@\272\340w\245Gt\214\315oH\207,;\361"
 241      7C6ED840 
 241      BAE077A5 
 241      47748CCD 
 241      6F48872C 
 242 056b 4CEB9FFC 		.ascii	"L\353\237\374\014\202MS\260Y\312f\212\261\231\245l\\"
 242      0C824D53 
 242      B059CA66 
 242      8AB199A5 
 242      6C5C
 243 057d 8F7A8B82 		.ascii	"\217z\213\202\2046:?P]s\252.D\350fJ~k[i ~\263\341\277"
 243      84363A3F 
 243      505D73AA 
 243      2E44E866 
 243      4A7E6B5B 
 244 0597 746270E4 		.ascii	"tbp\344jfs\250\357\307\204\254>\205\251{\325\307\344"
 244      6A6673A8 
 244      EFC784AC 
 244      3E85A97B 
 244      D5C7E4
 245 05aa 64794FA1 		.ascii	"dyO\241\006?&N\374`\273O\245\272j\261\235fJeo\001\261"
 245      063F264E 
 245      FC60BB4F 
 245      A5BA6AB1 
 245      9D664A65 
 246 05c1 8339CF9A 		.ascii	"\2039\317\232\205\347\240\"\232\362\325\236\247\037"
 246      85E7A022 
 246      9AF2D59E 
 246      A71F
 247 05cf 96898A7B 		.ascii	"\226\211\212{aB\236j\035\"\271\023g]<=N\020\012\354"
 247      61429E6A 
 247      1D22B913 
 247      675D3C3D 
 247      4E100AEC 
 248 05e3 38D1EF2A 		.ascii	"8\321\357*\217_\3674\361\202r[\362\234&\216g=\035\223"
 248      8F5FF734 
 248      F182725B 
 248      F29C268E 
 248      673D1D93 
 249 05f7 C939671F 		.ascii	"\3119g\037\376\226\235\231Nk\210\031,x\251-\"\265\005"
 249      FE969D99 
 249      4E6B8819 
 249      2C78A92D 
ARM GAS  /tmp/ccrQFwPx.s 			page 19


 249      22B505
 250 060a 5F6ACB94 		.ascii	"_j\313\224\332\315\321\232\326\020\341\237\214[o\341"
 250      DACDD19A 
 250      D610E19F 
 250      8C5B6FE1 
 251 061a F34E4F9A 		.ascii	"\363NO\232K]{\332\317\311i\2623\305Kek\276\364\005Z"
 251      4B5D7BDA 
 251      CFC969B2 
 251      33C54B65 
 251      6BBEF405 
 252 062f A140439F 		.ascii	"\241@C\237\214\037\013\026\252\030\320\265\203\305\025"
 252      8C1F0B16 
 252      AA18D0B5 
 252      83C515
 253 063e 2A9992CB 		.ascii	"*\231\222\313\245\223\213E@$\336\013\202\217\012H&O"
 253      A5938B45 
 253      4024DE0B 
 253      828F0A48 
 253      264F
 254 0650 402A878F 		.ascii	"@*\207\217`'jZ\257R\307\232\333Z\002<\323\360M\342q"
 254      60276A5A 
 254      AF52C79A 
 254      DB5A023C 
 254      D3F04DE2 
 255 0665 651A08F4 		.ascii	"e\032\010\364\001\0174d\361*\242)\350\331\024\375\356"
 255      010F3464 
 255      F12AA229 
 255      E8D914FD 
 255      EE
 256 0676 E8854F75 		.ascii	"\350\205Ou\253\372&9\017(u=\310\263\276\211\377\344"
 256      ABFA2639 
 256      0F28753D 
 256      C8B3BE89 
 256      FFE4
 257 0688 2B3C563B 		.ascii	"+<V;\276\332\372\342*\353\034\331:\207Z\267=w\341\221"
 257      BEDAFAE2 
 257      2AEB1CD9 
 257      3A875AB7 
 257      3D77E191 
 258 069c B395311F 		.ascii	"\263\2251\037\220\226\213C\275u\374\233_\035s\225\022"
 258      90968B43 
 258      BD75FC9B 
 258      5F1D7395 
 258      12
 259 06ad E4FA923C 		.ascii	"\344\372\222<DIV\270\347\361\214\320\307\200\306\235"
 259      444956B8 
 259      E7F18CD0 
 259      C780C69D 
 260 06bd 1F5405CB 		.ascii	"\037T\005\313ul\\U\307\303\012\310a_\220<\0122\227y"
 260      756C5C55 
 260      C7C30AC8 
 260      615F903C 
 260      0A329779 
 261 06d1 AC562D0C 		.ascii	"\254V-\014\256W\307\373O\333+\005\357r\376\213_\035"
 261      AE57C7FB 
 261      4FDB2B05 
 261      EF72FE8B 
ARM GAS  /tmp/ccrQFwPx.s 			page 20


 261      5F1D
 262 06e3 F3BD75FC 		.ascii	"\363\275u\374\000\353\230\357\213\376!\277\231\323\276"
 262      00EB98EF 
 262      8BFE21BF 
 262      99D3BE
 263 06f2 9DB84D7C 		.ascii	"\235\270M|+\331\232b1\332\324\177z{GTB\\\034\367\253"
 263      2BD99A62 
 263      31DAD47F 
 263      7A7B4754 
 263      425C1CF7 
 264 0707 D8587D82 		.ascii	"\330X}\202\311\274\313\374\347$}\232]os\350\323\323"
 264      C9BCCBFC 
 264      E7247D9A 
 264      5D6F73E8 
 264      D3D3
 265 0719 6C0EBBFE 		.ascii	"l\016\273\376\367\357$&$\356\323\033L\2064\233Q\374"
 265      F7EF2426 
 265      24EED31B 
 265      4C86349B 
 265      51FC
 266 072b FBAF5363 		.ascii	"\373\257Sc\015\\\270H\336\211f\333^\321\230n\266\244"
 266      0D5CB848 
 266      DE8966DB 
 266      5ED1986E 
 266      B6A4
 267 073d EDC930AA 		.ascii	"\355\3110\252m\306=\311\266T\321\261\345\307\340\304"
 267      6DC63DC9 
 267      B654D1B1 
 267      E5C7E0C4 
 268 074d 9AB89F30 		.ascii	"\232\270\2370\014\373\373f\207\301$\356\266\245\245"
 268      0CFBFB66 
 268      87C124EE 
 268      B6A5A5
 269 075c 8A66BBED 		.ascii	"\212f\273\355\307\2630q\033\031\202q\237\331\341\365"
 269      C7B33071 
 269      1B198271 
 269      9FD9E1F5 
 270 076c FF99C194 		.ascii	"\377\231\301\224d0m\263o\267\031\215\251\351\016s\232"
 270      64306DB3 
 270      6FB7198D 
 270      A9E90E73 
 270      9A
 271 077d F51DE3DE 		.ascii	"\365\035\343\336\014\263\315\230\022 \376!-\315\262"
 271      0CB3CD98 
 271      1220FE21 
 271      2DCDB2
 272 078c F9157CB3 		.ascii	"\371\025|\263\325`\311H1\"\264\335`JAX\325\276t\273"
 272      D560C948 
 272      3122B4DD 
 272      604A4158 
 272      D5BE74BB 
 273 07a0 8D4F3704 		.ascii	"\215O7\004Zl\242\303\224\"\330\342^\347m\361\274\015"
 273      5A6CA2C3 
 273      9422D8E2 
 273      5EE76DF1 
 273      BC0D
 274 07b2 EF71BC6D 		.ascii	"\357q\274m\253V\016\35208\366iD1\303lu\304\277.:\336"
ARM GAS  /tmp/ccrQFwPx.s 			page 21


 274      AB560EEA 
 274      3038F669 
 274      4431C36C 
 274      75C4BF2E 
 275 07c8 D067D86D 		.ascii	"\320g\330mz\254\300k"
 275      7AACC06B 
 276 07d0 D634ABF1 		.ascii	"\3264\253\3615c\362.\263\027:5\331`2[\215z1\305\270"
 276      3563F22E 
 276      B3173A35 
 276      D960325B 
 276      8D7A31C5 
 277 07e5 3B39C3E2 		.ascii	";9\303\342\020\035\373\323\215v\014\245\366x\377\342"
 277      101DFBD3 
 277      8D760CA5 
 277      F678FFE2 
 278 07f5 FF78DBF7 		.ascii	"\377x\333\367\333\365\242\335\221\202\246\204\235\301"
 278      DBF5A2DD 
 278      9182A684 
 278      9DC1
 279 0803 946C0B12 		.ascii	"\224l\013\022\305=F\207\270=i{p\262\345\375\344\375"
 279      C53D4687 
 279      B83D697B 
 279      70B2E5FD 
 279      E4FD
 280 0815 76D16CB5 		.ascii	"v\321l\265`\204\330\325\331!I}Bb\322\266$%IR=C\352\233"
 280      6084D8D5 
 280      D921497D 
 280      4262D2B6 
 280      24254952 
 281 082d 19560362 		.ascii	"\031V\003b!\214\235\301D\320\2442\254\2264\303{\336"
 281      218C9DC1 
 281      44D0A432 
 281      AC9634C3 
 281      7BDE
 282 083f 5A6A7D06 		.ascii	"Zj}\006u\242h\264&\357\262\030\311\244\207\323\027\253"
 282      75A268B4 
 282      26EFB218 
 282      C9A487D3 
 282      17AB
 283 0851 6C83BC43 		.ascii	"l\203\274C\301\242\230b\266{L\377\007Qb\303\252"
 283      C1A29862 
 283      B67B4CFF 
 283      075162C3 
 283      AA
 284              		.text
 285              		.section	.gnu.lto_.symtab.fe46809844d69bfd,"",%progbits
 286 0000 4E4D495F 		.ascii	"NMI_Handler\000"
 286      48616E64 
 286      6C657200 
 287 000c 00       		.ascii	"\000"
 288 000d 00       		.ascii	"\000"
 289 000e 00       		.ascii	"\000"
 290 000f 00000000 		.ascii	"\000\000\000\000\000\000\000\000"
 290      00000000 
 291 0017 AD000000 		.ascii	"\255\000\000\000"
 292 001b 5F706F72 		.ascii	"_port_irq_epilogue\000"
 292      745F6972 
ARM GAS  /tmp/ccrQFwPx.s 			page 22


 292      715F6570 
 292      696C6F67 
 292      756500
 293 002e 00       		.ascii	"\000"
 294 002f 00       		.ascii	"\000"
 295 0030 00       		.ascii	"\000"
 296 0031 00000000 		.ascii	"\000\000\000\000\000\000\000\000"
 296      00000000 
 297 0039 B4000000 		.ascii	"\264\000\000\000"
 298 003d 5F706F72 		.ascii	"_port_switch_from_isr\000"
 298      745F7377 
 298      69746368 
 298      5F66726F 
 298      6D5F6973 
 299 0053 00       		.ascii	"\000"
 300 0054 02       		.ascii	"\002"
 301 0055 00       		.ascii	"\000"
 302 0056 00000000 		.ascii	"\000\000\000\000\000\000\000\000"
 302      00000000 
 303 005e B6000000 		.ascii	"\266\000\000\000"
 304 0062 5F706F72 		.ascii	"_port_exit_from_isr\000"
 304      745F6578 
 304      69745F66 
 304      726F6D5F 
 304      69737200 
 305 0076 00       		.ascii	"\000"
 306 0077 02       		.ascii	"\002"
 307 0078 00       		.ascii	"\000"
 308 0079 00000000 		.ascii	"\000\000\000\000\000\000\000\000"
 308      00000000 
 309 0081 B8000000 		.ascii	"\270\000\000\000"
 310 0085 63685363 		.ascii	"chSchIsPreemptionRequired\000"
 310      68497350 
 310      7265656D 
 310      7074696F 
 310      6E526571 
 311 009f 00       		.ascii	"\000"
 312 00a0 02       		.ascii	"\002"
 313 00a1 00       		.ascii	"\000"
 314 00a2 00000000 		.ascii	"\000\000\000\000\000\000\000\000"
 314      00000000 
 315 00aa C0000000 		.ascii	"\300\000\000\000"
 316              		.text
 317              		.section	.gnu.lto_.opts,"",%progbits
 318 0000 272D666D 		.ascii	"'-fmath-errno' '-fsigned-zeros' '-ftrapping-math' '"
 318      6174682D 
 318      6572726E 
 318      6F272027 
 318      2D667369 
 319 0033 2D666E6F 		.ascii	"-fno-trapv' '-fno-openmp' '-fno-openacc' '-mcpu=cor"
 319      2D747261 
 319      70762720 
 319      272D666E 
 319      6F2D6F70 
 320 0066 7465782D 		.ascii	"tex-m0' '-mno-thumb-interwork' '-mthumb' '-ggdb' '-"
 320      6D302720 
 320      272D6D6E 
ARM GAS  /tmp/ccrQFwPx.s 			page 23


 320      6F2D7468 
 320      756D622D 
 321 0099 4F322720 		.ascii	"O2' '-fomit-frame-pointer' '-falign-functions=16' '"
 321      272D666F 
 321      6D69742D 
 321      6672616D 
 321      652D706F 
 322 00cc 2D666675 		.ascii	"-ffunction-sections' '-fdata-sections' '-fno-common"
 322      6E637469 
 322      6F6E2D73 
 322      65637469 
 322      6F6E7327 
 323 00ff 2720272D 		.ascii	"' '-flto'\000"
 323      666C746F 
 323      2700
 324              		.text
 325              		.comm	__gnu_lto_v1,1,1
 326              		.comm	__gnu_lto_slim,1,1
 327              		.ident	"GCC: (GNU Tools for ARM Embedded Processors) 5.4.1 20160609 (release) [ARM/embedded-5-bran
ARM GAS  /tmp/ccrQFwPx.s 			page 24


DEFINED SYMBOLS
                            *ABS*:0000000000000000 chcore_v6m.c
                            *COM*:0000000000000001 __gnu_lto_v1
                            *COM*:0000000000000001 __gnu_lto_slim

NO UNDEFINED SYMBOLS
