ARM GAS  /tmp/ccw2ZI0e.s 			page 1


   1              		.cpu cortex-m0
   2              		.fpu softvfp
   3              		.eabi_attribute 20, 1
   4              		.eabi_attribute 21, 1
   5              		.eabi_attribute 23, 3
   6              		.eabi_attribute 24, 1
   7              		.eabi_attribute 25, 1
   8              		.eabi_attribute 26, 1
   9              		.eabi_attribute 30, 2
  10              		.eabi_attribute 34, 0
  11              		.eabi_attribute 18, 4
  12              		.code	16
  13              		.file	"chmempools.c"
  14              		.text
  15              	.Ltext0:
  16              		.section	.gnu.lto_.profile.14e83040886cc745,"",%progbits
  17 0000 789C6366 		.ascii	"x\234cf```a\200\000F\206pK\000\001[\000\231"
  17      60606061 
  17      80004686 
  17      704B0001 
  17      5B0099
  18              		.text
  19              		.section	.gnu.lto_.jmpfuncs.14e83040886cc745,"",%progbits
  20 0000 789C6366 		.ascii	"x\234cf\300\016,\2414\033\0033###{}}=#\214\301\004\244"
  20      C00E2CA1 
  20      341B0333 
  20      2323237B 
  20      7D7D3D23 
  21 0018 EB198172 		.ascii	"\353\031\201r\007\030\270\230\241\354z\006\006\026\240"
  21      0718B898 
  21      A1EC7A06 
  21      0616A0
  22 0027 38737D3D 		.ascii	"8s}=+\204b\000\000\344\203\007\277"
  22      2B846200 
  22      00E48307 
  22      BF
  23              		.text
  24              		.section	.gnu.lto_.inline.14e83040886cc745,"",%progbits
  25 0000 789C6D4F 		.ascii	"x\234mO\241n\002A\020}ov\217].\\\332\273\012\2223\255"
  25      A16E0241 
  25      107D6F76 
  25      8F5D2E5C 
  25      DABB0A92 
  26 0016 C33528F4 		.ascii	"\3035(\364}A?\242\252\374\005\022Ar\2255Mp\004\201%"
  26      7D413FA2 
  26      AAFC0512 
  26      41729535 
  26      4D700481 
  27 002b FC458B3B 		.ascii	"\374E\213;E\015\342p \353:{\333V\261\331\354\233yov"
  27      450DE270 
  27      20EB3A7B 
  27      DB56B1D9 
  27      EC9B796F 
  28 0040 DE8CC1F5 		.ascii	"\336\214\301\365\2231bOoB\210\331\015\321o&\0228\";"
  28      9331624F 
  28      6F4288D9 
  28      0DD16F26 
ARM GAS  /tmp/ccw2ZI0e.s 			page 2


  28      1238223B 
  29 0054 81142D91 		.ascii	"\201\024-\221\274>\244\350\277/D`U\022\344)\035\246"
  29      BC3EA4E8 
  29      BF2F4460 
  29      5512E429 
  29      1DA6
  30 0066 1C950678 		.ascii	"\034\225\006x\2110\275\010\277\216\037{\337\312wh\300"
  30      8930BD08 
  30      BF8E1F7B 
  30      DFCA7768 
  30      C0
  31 0077 154B53A9 		.ascii	"\025KS\251\032\2210\241g\214\036\322`\272\274\027\260"
  31      1A9130A1 
  31      678C1ED2 
  31      60BABC17 
  31      B0
  32 0088 75952099 		.ascii	"u\225 \231\217\224o8\243\327d\347\025\3015gr\253\371"
  32      8F946F38 
  32      A3D764E7 
  32      15C13567 
  32      72ABF9
  33 009b 6F00B329 		.ascii	"o\000\263),X\367l7^\222C9\276>\031\334\015t\364b\373"
  33      2C58F76C 
  33      375E9243 
  33      39BE3E19 
  33      DC0D74F4 
  34 00b1 8CF46DFC 		.ascii	"\214\364m\374\247\005\305\206\245\3309[\371\274\201"
  34      A705C586 
  34      A5D8395B 
  34      F9BC81
  35 00c0 3F3F7686 		.ascii	"??v\2066\276]%\274\323\317\256\231\374\357\215\037f"
  35      36BE5D25 
  35      BCD3CFAE 
  35      99FCEF8D 
  35      1F66
  36 00d2 C624EC   		.ascii	"\306$\354"
  37              		.text
  38              		.section	.gnu.lto_.pureconst.14e83040886cc745,"",%progbits
  39 0000 789C6366 		.ascii	"x\234cf``\340e\200\0006\006)F+&)f+\026)V+\000\007\221"
  39      6060E065 
  39      80003606 
  39      29462B26 
  39      29662B16 
  40 001a 0122     		.ascii	"\001\""
  41              		.text
  42              		.section	.gnu.lto_chPoolObjectInit.14e83040886cc745,"",%progbits
  43 0000 789C9590 		.ascii	"x\234\225\220\317KTQ\024\307\357\367\334\367\236\003"
  43      CF4B5451 
  43      14C7EFF7 
  43      DCF79E03 
  44 0010 A318AD64 		.ascii	"\243\030\255dV\022\014\0061\363V\355\203 \332\271\360"
  44      56120C06 
  44      31F356ED 
  44      8320DAB9 
  44      F0
  45 0021 3F681A70 		.ascii	"?h\032p\240a\206\231h\341\306\373\314\026A\013+\012"
  45      A0618699 
ARM GAS  /tmp/ccw2ZI0e.s 			page 3


  45      68E1C6FB 
  45      CC16410B 
  45      2B0A
  46 0033 21456192 		.ascii	"!Ea\2222K\2331\323Z\275j\223\213\234\004\245_P\011\023"
  46      324B9B31 
  46      D35ABD6A 
  46      938B9C04 
  46      A55F5009 
  47 0048 E4429CA9 		.ascii	"\344B\234\251\001{\013\261s\336$\210m\352\301\345\334"
  47      017B0BB1 
  47      73DE2488 
  47      6DEAC1E5 
  47      DC
  48 0059 73DFF97E 		.ascii	"s\337\371~\3169_\255\376\376b|zI\251\223\034\241\025"
  48      CE395FAD 
  48      FEFE627C 
  48      7A49A993 
  48      1CA115
  49 006c 68644529 		.ascii	"hdE)/B\200\\\024\324 a\020\233\324 \214\3703\243\321"
  49      2F42805C 
  49      14D42061 
  49      109BD420 
  49      8CF833A3 
  50 0081 9E29634C 		.ascii	"\236)cL\2752\337u\245+`\331Ojap\017=\\\342\255^\275"
  50      BD32DF75 
  50      A52B60D9 
  50      4F6A6170 
  50      0F3D5CE2 
  51 0098 DCAEE350 		.ascii	"\334\256\343P|\1776\333|\023\375N\001\241[\322\3477"
  51      7C7F36DB 
  51      7C13FD4E 
  51      01A15BD2 
  51      E737
  52 00aa 5E8F3A92 		.ascii	"^\217:\222\222%\351\306\335\227\223\210\227\214\031"
  52      9225E9C6 
  52      DD979388 
  52      978C19
  53 00b9 F2572AE6 		.ascii	"\362W*\346\224\025\220\306}h\346a\0321<@L\361\223\302"
  53      941590C6 
  53      7D68E661 
  53      1A313C40 
  53      4CF193C2 
  54 00cd 0CE25CFD 		.ascii	"\014\342\\\375v\331\373\324\251\217\207\334\346\366"
  54      76D9FBD4 
  54      A98F87DC 
  54      E6F6
  55 00db ABF7ED2D 		.ascii	"\253\367\355-\345fKi\341\341a\245\245\360(T\372_\315"
  55      E5664B69 
  55      E1E161A5 
  55      A5F02854 
  55      FA5FCD
  56 00ee 56874E84 		.ascii	"V\207N\204\312\311\353\267\246\254\226\362Z\3119\033"
  56      CAC9EBB7 
  56      A6AC96F2 
  56      5AC9391B 
  57 00fe 908DD9C3 		.ascii	"\220\215\331\303B[a\016q\251n\014\357\276\213:\303\274"
  57      425B610E 
ARM GAS  /tmp/ccw2ZI0e.s 			page 4


  57      71A96E0C 
  57      EFBE8B3A 
  57      C3BC
  58 0110 EE91DDFD 		.ascii	"\356\221\335\375M\361\030\0168\316\035\365\315\336^"
  58      4DF1180E 
  58      38CE1DF5 
  58      CDDE5E
  59 011f A9FA62DD 		.ascii	"\251\372b\335\201x\305SZ\220\216\016B\271\252q\265\030"
  59      8178C553 
  59      5A908E0E 
  59      42B9AA71 
  59      B518
  60 0131 F88D48A2 		.ascii	"\370\215H\242\376\210\241z\275\332\320\002`\366\227"
  60      FE88A17A 
  60      BDDAD002 
  60      60F697
  61 0140 5A753522 		.ascii	"Zu5\"fh%\255\026~Mlu\214\343\216g\214o\007\344\354\020"
  61      666825AD 
  61      167E4D6C 
  61      758CE38E 
  61      678C6F07 
  62 0157 A1CCE3C8 		.ascii	"\241\314\343\310\277\261\346\315\017\235\211\023\001"
  62      BFB1E6CD 
  62      0F9D8913 
  62      01
  63 0164 B5A18271 		.ascii	"\265\241\202q\374\010\015\307<\022\0071m\374\364\204"
  63      FC080DC7 
  63      3C120731 
  63      6DFCF484 
  64 0174 05DCE676 		.ascii	"\005\334\346vym\303\376\323\346\237\270\026\026B\256"
  64      796DC3FE 
  64      D3E69FB8 
  64      161642AE 
  65 0184 EC85A748 		.ascii	"\354\205\247H\354\260y\302i\254\225\377\213cc1\344\204"
  65      ECB079C2 
  65      69AC95FF 
  65      8B636331 
  65      E484
  66 0196 3E2D09C7 		.ascii	">-\011\307Q\237\341\371\353g\204\"S\327\270\007\233"
  66      519FE1F9 
  66      EB678422 
  66      53D7B807 
  66      9B
  67 01a7 C105C792 		.ascii	"\301\005\307\222I\367t\177\346\\\246\267\317\315\025"
  67      49F7747F 
  67      E65CA6B7 
  67      CFCD15
  68 01b6 DDC245B7 		.ascii	"\335\302E\267XH\271\251\376l:\233\317\345.\024\223)"
  68      5848B9A9 
  68      FE6C3A9B 
  68      CFE52E14 
  68      9329
  69 01c8 45D9BC55 		.ascii	"E\331\274U\314\014\244#\371B\356R\346|\272\360\033\262"
  69      CC0CA423 
  69      F942EE52 
  69      E67CBAF0 
  69      1BB2
ARM GAS  /tmp/ccw2ZI0e.s 			page 5


  70 01da 85DDE8   		.ascii	"\205\335\350"
  71              		.text
  72              		.section	.gnu.lto_chPoolLoadArray.14e83040886cc745,"",%progbits
  73 0000 789CA555 		.ascii	"x\234\245U]L\233U\030>\357\371\376ZZ\003\032\243\270"
  73      5D4C9B55 
  73      183EEFF9 
  73      FE5A5A03 
  73      1AA3B8
  74 0013 9880121C 		.ascii	"\230\200\022\034Q\241Wze\342\014\211f\027\304D\342\265"
  74      51A1577A 
  74      65E20C89 
  74      6617C444 
  74      E2B5
  75 0025 C9BA2660 		.ascii	"\311\272&`\006m(3\333\325\276BE7\027B\252\027,\332\011"
  75      066D2833 
  75      DBD5BE42 
  75      45371742 
  75      AA172CDA 
  76 003a D9946D4C 		.ascii	"\331\224mLp(\314\202`a\014\030?\035\214\215\3014\254"
  76      7028CC82 
  76      60610C18 
  76      3F1D8C8D 
  76      C134AC
  77 004d 32B638E3 		.ascii	"2\2668\343\222\3613KM\266\372\276\347\203\255\375\012"
  77      92F1334B 
  77      4DB6FABE 
  77      E783ADFD 
  77      0A
  78 005e F3C2266D 		.ascii	"\363\302&m\317w\336\367y\336\367<\3479\347\223X\372"
  78      CF77DEF7 
  78      79DEF73C 
  78      E739E793 
  78      58FA
  79 0070 E77DFC76 		.ascii	"\347}\374vk\214-\343?h\014xC\2041\237\205\203b\014$"
  79      6B8C2DE3 
  79      3F680C78 
  79      4384319F 
  79      8583620C 
  80 0085 908D816C 		.ascii	"\220\215\201l\314\364[\024.\035\036fL\317P\375\032\323"
  80      CCF45B14 
  80      2E1D1E66 
  80      4CCF50FD 
  80      1AD3
  81 0097 ED2A00CD 		.ascii	"\355*\000\3153`\007\270$+*\034\340\012\203\004~2E\201"
  81      336007B8 
  81      242B2A1C 
  81      E00A8304 
  81      7E324581 
  82 00ab DB7C8943 		.ascii	"\333|\211CC\270\265\321\266\375\033]\327\357\006B\331"
  82      43B8B5D1 
  82      B6FD1B5D 
  82      D7EF0642 
  82      D9
  83 00bc 1F67C739 		.ascii	"\037g\3079c+\334\350\000Z`;\246\370\246\016\326\332"
  83      632BDCE8 
  83      005A603B 
  83      A6F8A60E 
ARM GAS  /tmp/ccw2ZI0e.s 			page 6


  83      D6DA
  84 00ce A57C6038 		.ascii	"\245|`8\016\265\255N\330\376\340q\016\271\364\330\035"
  84      0EB5AD4E 
  84      D8FEE071 
  84      0EB9F4D8 
  84      1D
  85 00df 186954E9 		.ascii	"\030iT\351\221\313\364\370\373\361\201&\310?\246\353"
  85      91CBF4F8 
  85      FBF18126 
  85      C83FA6EB 
  86 00ef 35E1890E 		.ascii	"5\341\211\016}\207\034\347\022\234\000\011\371\340$"
  86      7D871CE7 
  86      129C0009 
  86      F9E024
  87 00fe 6C8353B0 		.ascii	"l\203S\260\215\341\024\203V\310\307\354\265\023\007"
  87      8DE11483 
  87      56C8C7EC 
  87      B51307
  88 010d 7BB95420 		.ascii	"{\271T x}\2355\377X\015\344u\003)\303i3Rf\360\235@^"
  88      787D9D35 
  88      FF580DE4 
  88      750329C3 
  88      69335266 
  89 0125 9EBD5127 		.ascii	"\236\275Q'K/\013dgo\333P\246\201\214\033H\005\332\314"
  89      4B2F0B64 
  89      676FDB50 
  89      A6818C1B 
  89      4805DACC 
  90 0139 485C773B 		.ascii	"H\\w;\344S\372\222\377\376U\233\352\307\365f\335\337"
  90      E453FA92 
  90      FFFE559B 
  90      EAC7F566 
  90      DDDF
  91 014b 582A7C0F 		.ascii	"X*|\017*\340\177\373Sa=\2218\3267\336#g\201\250\305"
  91      2AE07FFB 
  91      53613D91 
  91      38D637DE 
  91      236781A8 
  92 0160 054E061A 		.ascii	"\005N\006\032+@c\015\250{+r\252\031\"\305&R\3548\201"
  92      2B40630D 
  92      A87B2B72 
  92      AA1922C5 
  92      2652EC38 
  93 0175 7BB58874 		.ascii	"{\265\210t\250\375M\316\361O\232\201\232'\251\346\334"
  93      A8FD4DCE 
  93      F14F9A81 
  93      9A27A9E6 
  93      DC
  94 0186 D0E0295B 		.ascii	"\320\340)[\301\267X\263\251\276\245N\006\322`]\3413"
  94      C1B758B3 
  94      A9BEA54E 
  94      06D2605D 
  94      E133
  95 0198 50407C38 		.ascii	"P@|8\274\211\223\270{\004\012\007\2079\365\224\002\215"
  95      BC8993B8 
  95      7B040A07 
  95      8739F594 
ARM GAS  /tmp/ccw2ZI0e.s 			page 7


  95      028D
  96 01aa D6B72CEE 		.ascii	"\326\267,\356\260$A;\020\212p\226\012\250o\236\214j"
  96      B024413B 
  96      108A7096 
  96      0AA86F9E 
  96      8C6A
  97 01bc D2AB429A 		.ascii	"\322\253B\232\265k\343}j^3J\023\275p\316\025\3667\351"
  97      B56BE37D 
  97      6A5E334A 
  97      13BD70CE 
  97      15F637E9 
  98 01d0 0F120920 		.ascii	"\017\022\011 i\177H\025h\235\361G\310\213q \302,\366"
  98      697F4815 
  98      689DF147 
  98      C88B7120 
  98      C22CF6
  99 01e3 F8DA9D58 		.ascii	"\370\332\235X\273\303\250-RON\306\3074Q\351\356\355"
  99      BBC3A82D 
  99      524F4EC6 
  99      C73451E9 
  99      EEED
 100 01f5 8E43CF1C 		.ascii	"\216C\317\034\321\233j\032P\3127a\023\007\254StA\036"
 100      D19B6A1A 
 100      50CA3761 
 100      1307AC53 
 100      74411E
 101 0208 D16C42A1 		.ascii	"\321lB\241#\234\177\032F\370\326\350\263&\364\243\245"
 101      239C7F1A 
 101      46F8D6E8 
 101      B326F4A3 
 101      A5
 102 0219 26A3B75A 		.ascii	"&\243\267Z\350O\306B\177\005\337\302R\335o\257\245\330"
 102      E84FC642 
 102      7F05DFC2 
 102      52DD6FAF 
 102      A5D8
 103 022b 227A7EA5 		.ascii	"\"z~\245@4\207j\010g\254pH5Nt\372\316\027\022qP\027"
 103      4034876A 
 103      0867AC70 
 103      48354E74 
 103      FACE1712 
 104 0242 0C4294C2 		.ascii	"\014B\224\302M)\213\013h\240n\212H\246\310\321C\363"
 104      4D298B0B 
 104      68A06E8A 
 104      48A6C8D1 
 104      43F3
 105 0254 E8C61E0A 		.ascii	"\350\306\036\012\311\246P\307g\021\014\375L!\305\344"
 105      C9A650C7 
 105      67110CFD 
 105      4C21C5E4 
 106 0264 5506BDA0 		.ascii	"U\006\275\240b\347}\342\227]\001\014\217~\322\364\267"
 106      62E77DE2 
 106      975D010C 
 106      8F7ED2F4 
 106      B7
 107 0275 9C330F41 		.ascii	"\2343\017A\27517\316-\204\230\374k\250\333*\243\011"
 107      BD3137CE 
ARM GAS  /tmp/ccw2ZI0e.s 			page 8


 107      2D8498FC 
 107      6BA8DB2A 
 107      A309
 108 0287 E117C8C1 		.ascii	"\341\027\310\301\3370\310\233\355Q`i\326\256\217\350"
 108      DF30C89B 
 108      ED516069 
 108      D6AE8FE8 
 109 0297 FE682291 		.ascii	"\376h\"\221\263\265\306\375\377K\343\201\207f\012\207"
 109      B3B5C6FD 
 109      FF4BE381 
 109      87660A87 
 110 02a7 C69E45F8 		.ascii	"\306\236E\370\340\202oM\223n\201Ps\365h\344\222-\215"
 110      E0826F4D 
 110      936E8150 
 110      73F568E4 
 110      922D8D
 111 02ba 4B83739B 		.ascii	"K\203s\233q\245H\021>\022\001\"\247\366\326%VMb\301"
 111      71A54811 
 111      3E120122 
 111      A7F6D625 
 111      564D62C1 
 112 02ce 2085CE0B 		.ascii	" \205\316\013\251\206\360h\017\032\255\\\203\232\256"
 112      A986F068 
 112      0F1AAD5C 
 112      839AAE
 113 02dd A5D50185 		.ascii	"\245\325\001\205\346b\334\216\230\353\213\027\247,t"
 113      E662DC8E 
 113      98EB8B17 
 113      A72C74
 114 02ec 7D594591 		.ascii	"}YE\221\316\265\257\357<\021\204/}\272\216f\327b\330"
 114      CEB5AFEF 
 114      3C11842F 
 114      7DBA8E66 
 114      D762D8
 115 02ff CF303501 		.ascii	"\31705\001#\020\024\360@\363\323\004NFj\233 3\260\032"
 115      231014F0 
 115      40F3D304 
 115      4E466A9B 
 115      2033B01A 
 116 0313 5C202486 		.ascii	"\\ $\206\276Z\375|.\263\260\225:Wi\205\243\310\265L"
 116      BE5AFD7C 
 116      2EB3B095 
 116      3A576985 
 116      A3C8B54C 
 117 0327 3B44FDC1 		.ascii	";D\375\301\030\024b+\202\373\314\275ei\235}\313F\306"
 117      1814622B 
 117      82FBCCBD 
 117      65699D7D 
 117      CB46C6
 118 033a 11FCD0B9 		.ascii	"\021\374\320\271C\021\223s\217\337\3300\235\226f\237"
 118      43119373 
 118      8FDFD830 
 118      9D96669F 
 119 034a 0952C3E4 		.ascii	"\011R\303\344\304\321{h\267\010\345[\314N\034\233\301"
 119      C4D17B68 
 119      B708E55B 
 119      CC4E1C9B 
ARM GAS  /tmp/ccw2ZI0e.s 			page 9


 119      C1
 120 035b D0450A59 		.ascii	"\320E\012Y\323\250&\205\260S\206\023\377\374O'^\022"
 120      D3A82685 
 120      B0538613 
 120      FFFC4F27 
 120      5E12
 121 036d 4E9C4627 		.ascii	"N\234F'\322%'\213K\216\266\"\324\037\014\000\035\260"
 121      D225278B 
 121      4B8EB622 
 121      D41F0C00 
 121      1DB0
 122 037f 18B7262B 		.ascii	"\030\267&+*\231\025\015\227\304\271\2154\270\234.\351"
 122      2A99150D 
 122      97C4B98D 
 122      34B89C2E 
 122      E9
 123 0390 4EBAEEAF 		.ascii	"N\272\356\257\010I\351\006\207\031(D1k\033\353\3360"
 123      0849E906 
 123      87192844 
 123      316B1BEB 
 123      DE30
 124 03a2 98692B90 		.ascii	"\230i+\220\037m(.H\272\260q\222R\002u3A\273\221\204"
 124      1F6D282E 
 124      48BAB071 
 124      92520275 
 124      3341BB91 
 125 03b7 E4F42A7C 		.ascii	"\344\364*|P;\335\005\324\201b\274#\341*\326\333\000"
 125      503BDD05 
 125      D48162BC 
 125      23E12AD6 
 125      DB00
 126 03c9 B613D026 		.ascii	"\266\023\320&\226\2400|\255J\342T\030\323\3348\"\006"
 126      96A0307C 
 126      AD4AE254 
 126      18D3DC38 
 126      2206
 127 03db 391D4EFF 		.ascii	"9\035N\377\\\355\331\372\347\014r\236\2746\005[\234"
 127      5CEDD9FA 
 127      E70C729E 
 127      BC36055B 
 127      9C
 128 03ec 357C8D07 		.ascii	"5|\215\007!\306e\352.C>\334\363\374-\3401\256\320\243"
 128      21C665EA 
 128      2E433EDC 
 128      F3FC2DE0 
 128      31AED0A3 
 129 0400 4D3EDD93 		.ascii	"M>\335\223\215eTz\205\314\203/\034z\207\230\010\263"
 129      8D65547A 
 129      85CC832F 
 129      1C7A8798 
 129      08B3
 130 0412 88EC7E0D 		.ascii	"\210\354~\015E}\261\250\310Q\\V\276\253\374\335R\207"
 130      457DB1A8 
 130      C8515C56 
 130      BEABFCDD 
 130      5287
 131 0424 DBEBA8AA 		.ascii	"\333\353\250\252vx\253\234\016gY\205\253\302\343v\357"
ARM GAS  /tmp/ccw2ZI0e.s 			page 10


 131      7678AB9C 
 131      0E675985 
 131      ABC2E376 
 131      EF
 132 0435 F1163919 		.ascii	"\361\0269\031\257\360\200\007*e\367\256\017=/\245\245"
 132      AFF08007 
 132      2A65F7AE 
 132      0F3D2FA5 
 132      A5
 133 0446 97573AF7 		.ascii	"\227W:\367\354\335\355J\206\224\261\242\3244\327\276"
 133      ECDDED4A 
 133      8694B1A2 
 133      D434D7BE 
 134 0456 6A477149 		.ascii	"jGqI\351\316\322G\331\356*\327\007\316\212\267\367V"
 134      E9CED247 
 134      D9EE2AD7 
 134      07CE8AB7 
 134      F756
 135 0468 3A31FD85 		.ascii	":1\375\205\307\260z\367\023\341+i\031\036wU\265\327"
 135      C7B07AF7 
 135      13E12B69 
 135      191E7755 
 135      B5D7
 136 047a F1D67B25 		.ascii	"\361\326{%\305%\3730M\020~\364z\005\346Z\234\036o\371"
 136      C525FB30 
 136      4D107EF4 
 136      7A05E65A 
 136      9C1E6FF9 
 137 048e EEDC72A6 		.ascii	"\356\334r\246aG\356\252\375L\362\224y\304\244\013'\377"
 137      6147EEAA 
 137      FD4CF294 
 137      79C4A40B 
 137      27FF
 138 04a0 05BB5200 		.ascii	"\005\273R\000x"
 138      78
 139              		.text
 140              		.section	.gnu.lto_chPoolAllocI.14e83040886cc745,"",%progbits
 141 0000 789C7592 		.ascii	"x\234u\222\337K\024Q\024\307\317\367\336\231\331]g\245"
 141      DF4B1451 
 141      14C7CFF7 
 141      DE99D95D 
 141      67A5
 142 0012 257A92A0 		.ascii	"%z\222\240Hd\203\322\245\207\036\215\240\227\036\202"
 142      486483D2 
 142      A5871E8D 
 142      A0971E82 
 143 0022 1EFA0742 		.ascii	"\036\372\007B\0114\262\025\355\335\273\353\366\340K"
 143      0934B215 
 143      EDDDBBEB 
 143      F6E04B
 144 0031 84F510D8 		.ascii	"\204\365\020\330bbQfijZ\032\344\"%R\366\303\207\012"
 144      62625166 
 144      696A5A1A 
 144      E4222552 
 144      F6C3870A 
 145 0045 454A45A3 		.ascii	"EJE\243\240\300MC\007\222\355\334;\232?\033\230\271"
 145      A0C04D43 
ARM GAS  /tmp/ccw2ZI0e.s 			page 11


 145      0792EDDC 
 145      3B9A3F1B 
 145      98B9
 146 0057 73CFDCF3 		.ascii	"s\317\334\363\375~\3169#i\373u\212\357\224$:\314+\002"
 146      FD7ECE39 
 146      2369FB75 
 146      8AEF9424 
 146      3ACC2B02 
 147 006b 0471F52D 		.ascii	"\004q\365-Q\"(\204L\227\222\312\263\026\"\244\302\022"
 147      51222884 
 147      4C9792CA 
 147      B31622A4 
 147      C212
 148 007d 8E1FB684 		.ascii	"\216\037\266\204\335\244\303\316o\035\266\327\302\016"
 148      DDA4C3CE 
 148      6F1DB6D7 
 148      C20E
 149 008b A05F0854 		.ascii	"\240_\010T'\244e;\250\303w\221\025\350\357X|\343~\023"
 149      27A4653B 
 149      A8C37791 
 149      15E8EF58 
 149      7CE37E13 
 150 009f 9EA0FDC4 		.ascii	"\236\240\375\304\333\201\306\221\033\216\336\302\322"
 150      DB81C691 
 150      1B8EDEC2 
 150      D2
 151 00ac DBC6E181 		.ascii	"\333\306\341\201y;zG\251\344|rp2|\371\244'\004-\010"
 151      793B7A47 
 151      A9E47C72 
 151      70327CF9 
 151      A427042D 
 152 00c1 C25D14E0 		.ascii	"\302]\024\340\036\012\264`\033\242|21\326P\037\226E"
 152      1E0AB460 
 152      1BA27C32 
 152      31D6501F 
 152      9645
 153 00d3 D059D3B7 		.ascii	"\320Y\323\267\207n\241\250\225\2632\257\273\325q\313"
 153      876EA1A8 
 153      95B332AF 
 153      BBD571CB 
 154 00e3 1312F721 		.ascii	"\023\022\367!7\346q\210\320\216\"}\374J\313\373\251"
 154      37E67188 
 154      D08E227D 
 154      FC4ACBFB 
 154      A9
 155 00f4 803C6852 		.ascii	"\200<hR\227'F\237;\205-\234:\345\265\016\207\325\210"
 155      9727469F 
 155      3B852D9C 
 155      3AE5B50E 
 155      87D588
 156 0107 4A4DE572 		.ascii	"JM\345r\373\330\026\0176+\370\027\247dS+\237\\'\245"
 156      FBD8160F 
 156      362BF817 
 156      A764532B 
 156      9F5C27A5 
 157 011b 948AE021 		.ascii	"\224\212\340!\012W\004iB\006\353\200\003^t\260swF\345"
 157      0A570469 
ARM GAS  /tmp/ccw2ZI0e.s 			page 12


 157      4206EB80 
 157      035E74B0 
 157      737746E5 
 158 012f 723D7FB2 		.ascii	"r=\177\262\015\3216\021\006\351\230\005\015`\233w\207"
 158      0DD13611 
 158      06E99805 
 158      0D609B77 
 158      87
 159 0140 81AC203F 		.ascii	"\201\254 ?\354\020?\034\327\004\211fYGwm\216\253\346"
 159      EC103F1C 
 159      D7048966 
 159      5947776D 
 159      8EABE6
 160 0153 554E20D9 		.ascii	"UN \331\327\225KH-\275$l6\3772\373n,\250\373%\015K\357"
 160      D7954B48 
 160      2DBD246C 
 160      36FF32FB 
 160      6E2CA8FB 
 161 016b 72F3CFFC 		.ascii	"r\363\317\3744\232\022Je\366z\"\260$,tjX\376vs\361\332"
 161      349A124A 
 161      65F67A22 
 161      B0242C74 
 161      6A58FE76 
 162 0182 F8AEE243 		.ascii	"\370\256\342Cl\204GH\343\227f$t\241\230>\"\251\216\030"
 162      6C844748 
 162      E3976624 
 162      74A1983E 
 162      22A98E18 
 163 0196 5C76655D 		.ascii	"\\ve]\372\200\324x}\353ug\325\007Q\277\3349vI\227\032"
 163      FA80D478 
 163      7DEB7567 
 163      D50751BF 
 163      DC397649 
 164 01ac 8AEC8B99 		.ascii	"\212\354\213\231\200\377\325\331Ham\242\200'\202:\275"
 164      80FFD5D9 
 164      48616DA2 
 164      8027823A 
 164      BD
 165 01bd 7B3B418F 		.ascii	"{;A\217!\200&x\314\004,\3318\275G\013n)\"\360\377\""
 165      21802678 
 165      CC042CD9 
 165      38BD470B 
 165      6E2922F0 
 166 01d3 7AD78BE8 		.ascii	"z\327\213\350C1\203\030B\213\026\">\341\313\231\325"
 166      43318318 
 166      428B1622 
 166      3EE1CB99 
 166      D5
 167 01e4 3E053723 		.ascii	">\0057#\355\254\027\302\023\243g&\367\224\221L\017."
 167      EDAC17C2 
 167      13A36726 
 167      F794914C 
 167      0F2E
 168 01f6 AE2BFCAB 		.ascii	"\256+\374\2531\304\007\372\261\326\021\233\232\363\375"
 168      31C407FA 
 168      B1D6119B 
 168      9AF3FD
ARM GAS  /tmp/ccw2ZI0e.s 			page 13


 169 0205 B90C0FAD 		.ascii	"\271\014\017\255\372\205\266\324plG\317v\345\317(\017"
 169      FA85B6D4 
 169      706C47CF 
 169      76E5CF28 
 169      0F
 170 0216 03C6586A 		.ascii	"\003\306Xj\343gl<\211\224:\352+\271lM,\350\011\227\207"
 170      E3676C3C 
 170      89943AEA 
 170      2BB96C4D 
 170      2CE80997 
 171 022b 24D647E4 		.ascii	"$\326G\344\032o\307\374\024<\275\010\371a\320g$2]\257"
 171      1A6FC7FC 
 171      143CBD08 
 171      F961D067 
 171      24325DAF 
 172 023f E0A7737B 		.ascii	"\340\247s{\277\002<\001\371c\360,/\026k\271\366\350"
 172      BF023C01 
 172      F963F02C 
 172      2F166BB9 
 172      F6E8
 173 0251 5805FF58 		.ascii	"X\005\377X\320\271\\\354\201\222\222\330\211\212\312"
 173      D0B95CEC 
 173      819292D8 
 173      898ACA
 174 0260 B2CAD367 		.ascii	"\262\312\323gb\361\332X\315\245XmMy\254\274\242\352"
 174      62F1DA58 
 174      CDA5586D 
 174      4D79ACBC 
 174      A2EA
 175 0272 5C55753C 		.ascii	"\\Uu<~\241\266\244\234DU\265\025/;_\375\027i\211C\216"
 175      7EA1B6A4 
 175      9C4455B5 
 175      152F3B5F 
 175      FD176989 
 176              		.text
 177              		.section	.gnu.lto_chPoolAlloc.14e83040886cc745,"",%progbits
 178 0000 789C9554 		.ascii	"x\234\225T\335o\213a\024\177\316\363\274\037mW,\342"
 178      DD6F8B61 
 178      147FCEF3 
 178      BC1F6D57 
 178      2CE2
 179 0012 CACDC6B2 		.ascii	"\312\315\306\262L\"\353\033\027\270\222\220%Bb\221\330"
 179      4C22EB1B 
 179      17B89290 
 179      25426291 
 179      D8
 180 0023 1F405493 		.ascii	"\037@T\223Vtm\332\021\256\274\335\212p!2.$4\310\210"
 180      56746DDA 
 180      11AEBCDD 
 180      8A702132 
 180      2E2434C8 
 181 0038 8FCD66BE 		.ascii	"\217\315f\276m>j\246f\206Mb\342#t\013BBbj\254\011\352"
 181      6D3E6AA6 
 181      66864D62 
 181      E223740B 
 181      4242626A 
 182 004f 9CE7AD4D 		.ascii	"\234\347\255M[\211y\223=\357\336\363\361\373\375\316"
ARM GAS  /tmp/ccw2ZI0e.s 			page 14


 182      5B897993 
 182      3DEFDEF3 
 182      F1FBFDCE 
 183 005f 39CFA960 		.ascii	"9\317\251`\205\317\012\374kQ\031\273\205o\320\031\360"
 183      85CF0AFC 
 183      6B5119BB 
 183      856FD019 
 183      F0
 184 0070 3D0F188B 		.ascii	"=\017\030\213\3308\027\261E\314t(\251bf:\005h\226Y\341"
 184      D83817B1 
 184      45CC7428 
 184      A962663A 
 184      05689659 
 185 0085 EA01326B 		.ascii	"\352\0012k\243dV\177\2335\000\372\207\001\333\312\205"
 185      A364567F 
 185      9B3500FA 
 185      8701DBCA 
 185      85
 186 0096 A26AB015 		.ascii	"\242j\260\025\336\363\021\016WZ\277\334/z\307\323\234"
 186      DEF3110E 
 186      575ABFDC 
 186      2F7AC7D3 
 186      9C
 187 00a7 9532FCEC 		.ascii	"\2252\374\354h\354\331\257\321'(\364\331\230\350\370"
 187      68ECD9AF 
 187      D12728F4 
 187      D998E8F8 
 188 00b7 A4561C33 		.ascii	"\244V\0343\315\372O\217\036\277pn[\226\346\234\2458"
 188      CDFA4F8F 
 188      1EBF706E 
 188      5B96E69C 
 188      A538
 189 00c9 83E33013 		.ascii	"\203\3430\023N\300L\002<\011\025\030\031\031\330\331"
 189      4EC04C02 
 189      3C091518 
 189      1919D8D9 
 190 00d9 E014E540 		.ascii	"\340\024\345@YCG\273\016Cy\023f\305{\317\232\213\225"
 190      594347BB 
 190      0E437913 
 190      66C57BCF 
 190      9A8B95
 191 00ec 3417700A 		.ascii	"4\027p\012\304\237yhb\320\014\345\024\276\373H\177R"
 191      C49F7968 
 191      62D00CE5 
 191      14BEFB48 
 191      7F52
 192 00fe 177364EA 		.ascii	"\027sd\352\330\263\276\353Z\331\021LM\266\036K8\315"
 192      D8B3BEEB 
 192      5AD9114C 
 192      4DB61E4B 
 192      38CD
 193 0110 1E339ACC 		.ascii	"\0363\232\314dJ\220\026Zr\021\254\007SF\242?\236\024"
 193      644A9016 
 193      5A7211AC 
 193      075346A2 
 193      3F9E14
 194 0123 6951D334 		.ascii	"iQ\3234\213\3414\224\221<T\325\012\032\340\213,m\323"
ARM GAS  /tmp/ccw2ZI0e.s 			page 15


 194      8BE13494 
 194      913C54D5 
 194      0A1AE08B 
 194      2C6DD3
 195 0136 E3662693 		.ascii	"\343f&\223\032\034\336\271\260\231OE\010\264\011 v\015"
 195      1A1CDEB9 
 195      B0994F45 
 195      08B40920 
 195      760D
 196 0148 75283A1E 		.ascii	"u(:\036\252\015\017\315.]\016y2\366\032q\250eo\260d"
 196      AA0D0FCD 
 196      2E5D0E79 
 196      32F61A71 
 196      A8656FB0 
 197 015d 7C8BE710 		.ascii	"|\213\347\020\031\356\034:-r(\223\321V\220d)\016\271"
 197      19EE1C3A 
 197      2D722893 
 197      D1569064 
 197      290EB9
 198 0170 629263DB 		.ascii	"b\222c\333_\252\014\332\310\305\363\\\337w<@\327\031"
 198      5FAA0CDA 
 198      C8C5F35C 
 198      DF773C40 
 198      D719
 199 0182 7289BC12 		.ascii	"r\211\274\022\030\264\203\206\302\317\312\223\235\002"
 199      18B48386 
 199      C2CFCA93 
 199      9D02
 200 0190 74F7EE38 		.ascii	"t\367\3568\374U)9\0071s\177i\232\353\224\321\377!\321"
 200      FC552939 
 200      0731737F 
 200      699AEB94 
 200      D1FF21D1 
 201 01a4 61575021 		.ascii	"aWP!\234\203\022<\317\343\274\006\241\276\230|'\373"
 201      9C83123C 
 201      CFE3BC06 
 201      A1BE987C 
 201      27FB
 202 01b6 D3F774D9 		.ascii	"\323\367t\331C9\264\211\036\026L\301z\340\002\224}C"
 202      4339B489 
 202      1E164CC1 
 202      7AE00294 
 202      7D43
 203 01c8 21CFA0FE 		.ascii	"!\317\240\376b{&\"r\307\220n\372\3371\304S\273\234\204"
 203      627B2622 
 203      72C7906E 
 203      FADF31C4 
 203      53BB9C84 
 204 01dc 99ED8B92 		.ascii	"\231\355\213\222?\244\213\344\272$\353\273\014\3327"
 204      3FA48BE4 
 204      BA24EBBB 
 204      0CDA37
 205 01eb 4ED7F0D5 		.ascii	"N\327\360\325\353\207\0036\272wB\202]\030;\364qJ\014"
 205      EB870336 
 205      BA774282 
 205      5D183BF4 
 205      714A0C
ARM GAS  /tmp/ccw2ZI0e.s 			page 16


 206 01fe 0E444CD3 		.ascii	"\016DL\323\226\3466T\007W\210\014]\007\277\354}:\255"
 206      96E63654 
 206      0757880C 
 206      5D07BFEC 
 206      7D3AAD
 207 0211 B299DAF8 		.ascii	"\262\231\332\370\263A\307\371A\007\304\3403\265\202"
 207      B341C7F9 
 207      4107C4E0 
 207      33B582
 208 0220 30A1132A 		.ascii	"0\241\023*\251\023\346<\002'.$`\217!\372\264\241i\237"
 208      A913E63C 
 208      02272E24 
 208      608F21FA 
 208      B4A1699F 
 209 0234 9625840A 		.ascii	"\226%\204\012K\370\033\244\213-\022T\370H\367\260ny"
 209      4BF81BA4 
 209      8B2D1254 
 209      F848F7B0 
 209      6E79
 210 0246 B53FE528 		.ascii	"\265?\345(\177\221c'\204\2539r\346\222\216kR\007du\\"
 210      7F916327 
 210      84AB3972 
 210      E6928E6B 
 210      52076475 
 211 025b 471D08DC 		.ascii	"G\035\010\33484\203`'[S\\Vt#\247\2428T\242*)Wa\251b"
 211      38348360 
 211      275B535C 
 211      567423A7 
 211      A23854A2 
 212 0275 4BEEED61 		.ascii	"K\356\355aa\311\325'\003\215\372\034pS\242\362,j\027"
 212      61C9D527 
 212      038DFA1C 
 212      7053A2F2 
 212      2C6A17
 213 0288 EA936DA9 		.ascii	"\352\223m\251\235\300\031/\333\201\334\267\340w\223"
 213      9DC0192F 
 213      DB81DCB7 
 213      E07793
 214 0297 5476688A 		.ascii	"Tvh\212dmOteYm\223d-\202n\311*\262\254\267\221\365\005"
 214      646D4F74 
 214      65596D93 
 214      642D826E 
 214      C92AB2AC 
 215 02af 44CDF916 		.ascii	"D\315\371\026\014\266Rg\210\226\346N\034\032\237\030"
 215      0CB65267 
 215      8896E64E 
 215      1C1A9F18 
 216 02bf 995D126B 		.ascii	"\231]\022kr\361\344\275\266\314\016\032\255\274_\264"
 216      72F1E4BD 
 216      B6CC0E1A 
 216      ADBC5FB4 
 217 02cf DF724DE5 		.ascii	"\337rM\345Z\216\266\344\255e\367\370Z\252\005\013\226"
 217      5A8EB6E4 
 217      AD65F7F8 
 217      5AAA050B 
 217      96
 218 02e0 A0AB97B7 		.ascii	"\240\253\227\267\253\211Q\\\310;\024\257\345\357\352"
ARM GAS  /tmp/ccw2ZI0e.s 			page 17


 218      AB89515C 
 218      C83B14AF 
 218      E5EFEA
 219 02ef 9D4174F5 		.ascii	"\235At\365\220K/\200\272+oq\257\265\253\235\377\334"
 219      904B2F80 
 219      BA2B6F71 
 219      AFB5AB9D 
 219      FFDC
 220 0301 D57B7257 		.ascii	"\325{rW\373pW_B$\031m\003\222HU\261\267\340\300[%>\334"
 220      FB70575F 
 220      4224196D 
 220      03924855 
 220      B1B7E0C0 
 221 0319 58832F05 		.ascii	"X\203/\005[bW\373\006\274\370\033\004\324\002\314\235"
 221      5B6257FB 
 221      06BCF81B 
 221      04D402CC 
 221      9D
 222 032a ED721955 		.ascii	"\355r\031U^\337Z\337\312\032#\0206BuF8\3446\334^\277"
 222      5EDF5ADF 
 222      CA1A2310 
 222      36427546 
 222      38E436DC 
 223 0340 C71F0C04 		.ascii	"\307\037\014\0046\204]n\306\375A%\260v}\320\225\033"
 223      36845D6E 
 223      C6FD4125 
 223      B0767DD0 
 223      951B
 224 0352 EAD95C67 		.ascii	"\352\331\\gTU\327,\2571|\265\356\015\033\327y\014w "
 224      5455D72C 
 224      AF317CB5 
 224      EE0D1BD7 
 224      790C7720 
 225 0366 E459EDF6 		.ascii	"\344Y\355\366/\335X\353vy\331\254\002\344\3618oxK\030"
 225      2FDD58EB 
 225      7679D9AC 
 225      02E4F138 
 225      6F784B18 
 226 037a 23E61644 		.ascii	"#\346\026D\004\003\241\272\260\261dUuU\365f\014\223"
 226      0403A1BA 
 226      B0B16455 
 226      7555F566 
 226      0C93
 227 038c 809B16F8 		.ascii	"\200\233\026\3701\326\346\016\206}\353J}LGe\201\320"
 227      31D6E60E 
 227      867DEB4A 
 227      7D4C4765 
 227      81D0
 228 039e 16CBE041 		.ascii	"\026\313\340A\303/@\341?\245"
 228      C32F40E1 
 228      3FA5
 229              		.text
 230              		.section	.gnu.lto_chPoolFreeI.14e83040886cc745,"",%progbits
 231 0000 789C7591 		.ascii	"x\234u\221\317k\023Q\020\307\337w\336nRHE\021\301\222"
 231      CF6B1351 
 231      10C7DF77 
 231      DE6E5248 
ARM GAS  /tmp/ccw2ZI0e.s 			page 18


 231      4511C192 
 232 0014 8B620915 		.ascii	"\213b\011\025$Y\377\004\301\243\007\017\376\007\015"
 232      2459FF04 
 232      C1A3070F 
 232      FE070D
 233 0023 85540C59 		.ascii	"\205T\014Y\032\357}\211\361\340\301R\342\245\240\265"
 233      1AEF7D89 
 233      F1E0C152 
 233      E2A5A0B5 
 234 0033 0D2AFE68 		.ascii	"\015*\376hMm\264\325zZ\212\207J\261Z\005\213V4J\012"
 234      4D6DB4D5 
 234      7A5A8A87 
 234      4AB15A05 
 234      8B56344A 
 235 0048 7A28346D 		.ascii	"z(4m\244\335C\2113\033\305\326\342\203e\336\014\363"
 235      A4DD4389 
 235      331BC5D6 
 235      E28365DE 
 235      0CF3
 236 005a FDBCEFCC 		.ascii	"\375\274\357\314j\265\367D\371\353!\245Nr\204V\240\301"
 236      6AB5F744 
 236      F9EB21A5 
 236      4E728456 
 236      A0C1
 237 006c 05A5726D 		.ascii	"\005\245rm\004\310EA\365\023\372\361\203\352\204Aol"
 237      04C84541 
 237      F513FAF1 
 237      83EA8441 
 237      6F6C
 238 007e 28D275C7 		.ascii	"(\322u\307\030\263VY\356\270\334\341\263l\203Z\030\334"
 238      18B35659 
 238      EEB8DCE1 
 238      B36C835A 
 238      18DC
 239 0090 4517B7E4 		.ascii	"E\027\267\344\026\257\\j\3271(\276\317\224\033\257\""
 239      16AF5C6A 
 239      D73128BE 
 239      CF941BAF 
 239      22
 240 00a1 DFC9271C 		.ascii	"\337\311'\034\225\364yqn($)Y\222~\275=;\212\330-c\362"
 240      95F47971 
 240      6E282429 
 240      59927EBD 
 240      3D3B8AD8 
 241 00b8 DECB8A39 		.ascii	"\336\313\2129e\371\244q\017\232y\270\217(\036 \252\270"
 241      65F9A471 
 241      0F9A79B8 
 241      8F281E20 
 241      AAB8
 242 00ca A4308618 		.ascii	"\2440\206\030w\017\224\336T\303\372x\300}7\2606\036"
 242      770F94DE 
 242      54C3FA78 
 242      C07D37B0 
 242      361E
 243 00dc 6A29975B 		.ascii	"j)\227[J\013\343\377*-\205\207\210I\373\213o\271\255"
 243      4A0BE3FF 
 243      2A2D8587 
ARM GAS  /tmp/ccw2ZI0e.s 			page 19


 243      8849FB8B 
 243      6FB9AD
 244 00ef B08E07D2 		.ascii	"\260\216\007\322\306\315\205\267\221\316\022K\253\237"
 244      C6CD85B7 
 244      91CE124B 
 244      AB9F
 245 00fd 56E6DBCD 		.ascii	"V\346\333\315\234)T\233\315#>\331(\357&\264\016K\352"
 245      9C29549B 
 245      CD233ED9 
 245      28EF26B4 
 245      0E4BEA
 246 0110 85EDA548 		.ascii	"\205\355\245H\250\300C\037\300\004:\267\377\314\214"
 246      A8C0431F 
 246      C0043AB7 
 246      FFCC8C
 247 011f 470881E3 		.ascii	"G\010\201\343\304A\3174\233\033\253\305\253N\231\302"
 247      C441CF34 
 247      9B1BABC5 
 247      AB4E99C2 
 248 012f 803CAB21 		.ascii	"\200<\253!\266-\266a+U\343nY\345\012\221D\375\036yo"
 248      B62DB661 
 248      2B55E36E 
 248      59E50A91 
 248      44FD1E79 
 249 0144 66FE70A0 		.ascii	"f\376p\240g\340&A}D~\272\336\230\265\245\266I\026\277"
 249      67E02641 
 249      7D447EBA 
 249      DE98B5A5 
 249      B64916BF 
 250 0158 FAA5F67A 		.ascii	"\372\245\366z\261M\226\245\003\023S[#\253\373\206q\035"
 250      B14D96A5 
 250      0313535B 
 250      23ABFB86 
 250      711D
 251 016a 3E7183C6 		.ascii	">q\203\306\2448\344\372\215\306\265\017\373\343'\304"
 251      A438E4FA 
 251      8DC6B50F 
 251      FBE327C4 
 252 017a 7F05C358 		.ascii	"\177\005\303X\017~\006\036#.\310b\351\220\000w\322\354"
 252      0F7E061E 
 252      232EC862 
 252      E9900077 
 252      D2EC
 253 018c 5DB49C31 		.ascii	"]\264\2341^\310\2470[\300\223\275\304\251\200(3b\032"
 253      5EC8A730 
 253      5BC093BD 
 253      C4A98028 
 253      33621A
 254 019f 71F61540 		.ascii	"q\366\025@'\177\256\353\337\330\235\034\373\377\316"
 254      277FAEEB 
 254      DFD89D1C 
 254      FBFFCE
 255 01ae 9EFE75F6 		.ascii	"\236\376u\366L8P\237\221\363\226\316\010E\2525\256\360"
 255      4C38509F 
 255      91F396CE 
 255      0845AA35 
 255      AEF0
ARM GAS  /tmp/ccw2ZI0e.s 			page 20


 256 01c0 62B8E358 		.ascii	"b\270\343X\"\341\234N\365v\367\236=\347d\262N\337E'"
 256      22E19C4E 
 256      F576F79E 
 256      3DE764B2 
 256      4EDF4527 
 257 01d4 DB977492 		.ascii	"\333\227t\222\251tO\332\315d.d\023IEi\327\312t\237w"
 257      A9744FDA 
 257      CD642E64 
 257      13494569 
 257      D7CA749F 
 258 01e9 B59B727F 		.ascii	"\265\233r\177\001`\370\344\302"
 258      0160F8E4 
 258      C2
 259              		.text
 260              		.section	.gnu.lto_chPoolFree.14e83040886cc745,"",%progbits
 261 0000 789C8593 		.ascii	"x\234\205\223\335KSq\030\307\177\317\357\234\235M4\222"
 261      DD4B5371 
 261      18C77FCF 
 261      EF9C9D4D 
 261      3492
 262 0012 08126FB4 		.ascii	"\010\022o\264D\014\304\235\273n+\204\240\013\011\362"
 262      440CC49D 
 262      BB6E2B84 
 262      A00B09F2 
 263 0022 0F089C83 		.ascii	"\017\010\234\203-\234\033\233\206\336\344\231Y\326\215"
 263      2D9C1B9B 
 263      86DEE499 
 263      59D68D
 264 0031 88DD2865 		.ascii	"\210\335(e)\032\345{\276\346K\3512\337\312ZZ`e`\363"
 264      291AE57B 
 264      BEE64BE9 
 264      32DFCA5A 
 264      5A606560 
 265 0046 25283070 		.ascii	"%(0p\276\244\203b=\317o3\332&4\330\3169\277\347\373"
 265      BEA48362 
 265      3DCF6F33 
 265      DA2634D8 
 265      CE39BFE7 
 266 005b 7C7EDFF3 		.ascii	"|~\337\363\374\276\223X\354'\031\277We\306\246\361\012"
 266      FCBE9358 
 266      EC2719BF 
 266      5765C6A6 
 266      F10A
 267 006d 12035EED 		.ascii	"\022\003^\355e\314m\340\000t\303\200\225q(\203\357\334"
 267      65CC6DE0 
 267      0074C380 
 267      95712883 
 267      EFDC
 268 007f CFA1DAD3 		.ascii	"\317\241\332\323V\033\237\361@\323\264\215\032\177\322"
 268      561B9FF1 
 268      40D3B48D 
 268      1A7FD2
 269 008e F5A40067 		.ascii	"\365\244\000gl\213\2070\360\0202P\342\236\277u-AJ\007"
 269      6C8B8730 
 269      F0103250 
 269      E29EBF75 
 269      2D414A07 
ARM GAS  /tmp/ccw2ZI0e.s 			page 21


 270 00a2 86F7439D 		.ascii	"\206\367C\235\333o\342\277\361\000\207Tz\034\256\231"
 270      DB6FE2BF 
 270      F1008754 
 270      7A1CAE99 
 271 00b2 A955E891 		.ascii	"\251U\350\221\313\364\270\334<\336\000\351M\232V\356"
 271      CBF4B8DC 
 271      3CDE00E9 
 271      4D9A56EE 
 272 00c2 99E9D1CE 		.ascii	"\231\351\321\316\310\001.\301#\220\220\007-\220\014"
 272      C8012EC1 
 272      23909007 
 272      2D900C
 273 00d1 AD90CC70 		.ascii	"\255\220\314p\211A\033\244\243\272\252q\316\247\227"
 273      89411BA4 
 273      A3BAAA71 
 273      CEA797
 274 00e0 4E0AEEFB 		.ascii	"N\012\356\373\252\215v%\324\271\030\352\224\241=\272"
 274      AA8D7625 
 274      D4B918EA 
 274      94A13DBA 
 275 00f0 5366D001 		.ascii	"Sf\320\001\351$\367W\374\376\020\257T\240\353\304\220"
 275      E924F757 
 275      FCFE10AF 
 275      54A0EBC4 
 275      90
 276 0101 5BE80405 		.ascii	"[\350\004\005\360\332u\304\243\005\203M}\353~9\216c"
 276      F0DA75C4 
 276      A305834D 
 276      7DEB7E39 
 276      8E63
 277 0113 8B4E02DA 		.ascii	"\213N\002\332M\006\321\311\326PK#\370\3129]\245\317"
 277      4D06D1C9 
 277      D6504B23 
 277      F8CA395D 
 277      A5CF
 278 0125 E05E1959 		.ascii	"\340^\031Y\356\220\"\220\276\265\025\020\300-\016\221"
 278      EE902290 
 278      BEB51510 
 278      C02D0E91 
 279 0135 9BF9F66E 		.ascii	"\233\371\366n,\351\030tQ\211G\225~Uz\261\364\230JR\264"
 279      2CE91874 
 279      51894795 
 279      7E557AB1 
 279      F4984A52 
 280 014a 45E80605 		.ascii	"E\350\006\005=\366\210_\326\012X~U\331\360SN\351\205"
 280      3DF6885F 
 280      D60A587E 
 280      55D9F053 
 280      4EE985
 281 015d 7AAD3635 		.ascii	"z\25565\300\025\352\230[\237\032\216\223\321!\364B\012"
 281      C015EA98 
 281      5B9F1A8E 
 281      93D121F4 
 281      420A
 282 016f FEF681CC 		.ascii	"\376\366\201\314\026\240<\221j-s\201Y}Z#\316\007\217"
 282      16A03C91 
 282      6A2D7381 
ARM GAS  /tmp/ccw2ZI0e.s 			page 22


 282      597D5A23 
 282      CE078F
 283 0182 E9638236 		.ascii	"\351c\2026\243U\370\202\301\224\003\006\034>\272~H\333"
 283      A355F882 
 283      C1940306 
 283      1C3EBA7E 
 283      48DB
 284 0194 4523FBFD 		.ascii	"E#\373\375{\213\257G\025\321\257\325i\015\374\246'\030"
 284      7B8BAF47 
 284      15D1AFD5 
 284      690DFCA6 
 284      2718
 285 01a6 3C7DC08C 		.ascii	"<}\300\214\303\315\003\324,6\367\014\315\036\303\366"
 285      C3CD03D4 
 285      2C36F70C 
 285      CD1EC3F6 
 286 01b6 8915F79E 		.ascii	"\211\025\367\236^\032\0011\217\355{\336w\3611,\035<"
 286      5E1A0131 
 286      8FED7BDE 
 286      77F1312C 
 286      1D3C
 287 01c8 39881531 		.ascii	"9\210\0251\011O\235\027\010N\356\302\023\226\243f\005"
 287      094F9D17 
 287      084EEEC2 
 287      1396A366 
 287      05
 288 01d9 83541A12 		.ascii	"\203T\032\022\223\032\3063\035\014YY\204\362\001\377"
 288      931AC633 
 288      1D0C5959 
 288      84F201FF 
 289 01e9 F6B88ED6 		.ascii	"\366\270\216\326v9\005\367\313\332\333y\003EO\022\233"
 289      763905F7 
 289      CBDADB79 
 289      03454F12 
 289      9B
 290 01fa F4EFDDFF 		.ascii	"\364\357\335\377q\250\036\356\2705\315\020\340z|w\030"
 290      71A81EEE 
 290      B835CD10 
 290      E07A7C77 
 290      18
 291 020b 211358BA 		.ascii	"!\023X\272\273}\373\323\341\254L\262\370\024\352a\223"
 291      BB7DFBD3 
 291      E1AC4CB2 
 291      F814EA61 
 291      93
 292 021c 264C1BC0 		.ascii	"&L\033\3003\310\"pM\343Q\302\376\313\324\035\3004\240"
 292      33C82270 
 292      4DE351C2 
 292      FECBD41D 
 292      C034A0
 293 022f 0F188D60 		.ascii	"\017\030\215`\266\321;)\004\036\023`\010\203=\220\205"
 293      B6D13B29 
 293      041E1360 
 293      08833D90 
 293      85
 294 0240 2605BB7B 		.ascii	"&\005\273{gS\012\323\377kQ\340t\204{\036\341s\234p2"
 294      67530AD3 
ARM GAS  /tmp/ccw2ZI0e.s 			page 23


 294      FF6B51E0 
 294      74847B1E 
 294      E1739C70 
 295 0255 1361DD69 		.ascii	"\023a\335i\217\012k\363\352~Xu1\261{Ac\214J\360\324"
 295      8F0A6BF3 
 295      EA7E5875 
 295      31B17B41 
 295      638C4AF0 
 296 026a 0EC67482 		.ascii	"\016\306t\202\364Jt\202\247\027\2604I%}\014jJ\234\310"
 296      F44A7482 
 296      A717B034 
 296      49257D0C 
 296      6A4A9CC8 
 297 027e 7428C163 		.ascii	"t(\301c\377M\360\214H\360KL\360\022\270}\223\253qd\221"
 297      FF4DF08C 
 297      48F04B4C 
 297      F012B87D 
 297      93AB7164 
 298 0293 F2B08643 		.ascii	"\362\260\206C\302\177\036jN\030\215j\266\305\232g\275"
 298      C27F1E6A 
 298      4E188D6A 
 298      B6C59A67 
 298      BD
 299 02a4 90ABDA5D 		.ascii	"\220\253\332]\252\263Hu9M\252\311b3\333\034v{\201\313"
 299      AAB34875 
 299      394DAAC9 
 299      6233DB1C 
 299      767B81CB 
 300 02b8 6862DCE6 		.ascii	"hb\334\346\220\355y\227\035\306H\251\271\244H\315\316"
 300      90ED7997 
 300      1DC648A9 
 300      B9A448CD 
 300      CE
 301 02c9 C93D9FAB 		.ascii	"\311=\237\253Z\013M\005\305\371f\325dw\232/\231l\347"
 301      5A0B4D05 
 301      C5F966D5 
 301      64779A2F 
 301      996CE7
 302 02dc 8A0B4D46 		.ascii	"\212\013MF\013;\036C\376\253\263\270J]\250\310\214Q"
 302      0B3B1E43 
 302      FEABB3B8 
 302      4A5DA8C8 
 302      8C51
 303 02ee 38ECCE22 		.ascii	"8\354\316\"\227z\366bNvN\011\312\004\360\312)\033j\015"
 303      977AF662 
 303      4E764E09 
 303      CA04F0CA 
 303      291B6A0D 
 304 0302 2687CB9A 		.ascii	"&\207\313\232\237jeztfw\2262\311aq\210E3.\376\001\233"
 304      9F6A657A 
 304      74667796 
 304      32C96171 
 304      8845332E 
 305 0319 FAD8A0   		.ascii	"\372\330\240"
 306              		.text
 307              		.section	.gnu.lto_.symbol_nodes.14e83040886cc745,"",%progbits
 308 0000 789C55C8 		.ascii	"x\234U\310\261\011\204P\024\005\321\271\357\177\301"
ARM GAS  /tmp/ccw2ZI0e.s 			page 24


 308      B1098450 
 308      1405D1B9 
 308      EF7FC1
 309 000f 92CD6E0B 		.ascii	"\222\315n\013f\272*b\021\326`h%\206\026 \202\301\276"
 309      66BA2A62 
 309      11D66068 
 309      25861620 
 309      82C1BE
 310 0022 49064E01 		.ascii	"I\006N\001:\276b\220\241?\301f\335Zb\224\225\340'G\202"
 310      3ABE6290 
 310      A13FC166 
 310      DD5A6294 
 310      95E02747 
 311 0037 492E0966 		.ascii	"I.\011f\271&X\344\346\037j\260\037WP\013\367{\036\004"
 311      B92658E4 
 311      E61F6AB0 
 311      1F57500B 
 311      F77B1E04 
 312 004b 9C2219   		.ascii	"\234\"\031"
 313              		.text
 314              		.section	.gnu.lto_.refs.14e83040886cc745,"",%progbits
 315 0000 789C6366 		.ascii	"x\234cf```d\200\002\000\000=\000\005"
 315      60606064 
 315      80020000 
 315      3D0005
 316              		.text
 317              		.section	.gnu.lto_.decls.14e83040886cc745,"",%progbits
 318 0000 789C9557 		.ascii	"x\234\225WkPTG\026\276}\3570\314\343\002F\267\326\024"
 318      6B505447 
 318      16BE7DEF 
 318      30CCE302 
 318      46B7D614 
 319 0014 55A975B1 		.ascii	"U\251u\261Bew\2251\211\233}\374\211\256U\331\270\025"
 319      42657795 
 319      31899B7D 
 319      FC89AE55 
 319      D9B815
 320 0027 83B5567E 		.ascii	"\203\265V~\345\307\004\206I\230\0150\356\314h\342\376"
 320      E5C70486 
 320      49980D30 
 320      EECC68E2 
 320      FE
 321 0038 BA3C4CC0 		.ascii	"\272<L\300UDT\004\025\035\005\001At\024\231(\020\031"
 321      55445404 
 321      151D0501 
 321      41741499 
 321      281019
 322 004b 9F20CA23 		.ascii	"\237 \312#\012\012\202a\034\025\037\210\016\030\021"
 322      0A0A8261 
 322      1C151F88 
 322      0E1811
 323 005a 049C3DDD 		.ascii	"\004\234=\335}/s\031\034\254\275U\315\355\323\367\364"
 323      7D2F7319 
 323      1CACBD55 
 323      CDEDD3F7 
 323      F4
 324 006b 77BEEF74 		.ascii	"w\276\357t\367\351\201c\030\306\3052\214\017\036{8\303"
ARM GAS  /tmp/ccw2ZI0e.s 			page 25


 324      F7E98163 
 324      18C6C532 
 324      8C0F1E7B 
 324      38C3
 325 007d 7C03FD50 		.ascii	"|\003\375P\030[\011\015A;\316\320G\011\255\025Z\007"
 325      185B090D 
 325      413BCED0 
 325      4709AD15 
 325      5A07
 326 008f B42E68DD 		.ascii	"\264.h\335\320\334\320<\314\364\007\373\251D\014\200"
 326      D0DCD03C 
 326      CCF407FB 
 326      A9440C80 
 327 009f 64786817 		.ascii	"dxh\027\241U\212x\015\320j\241q\320\316@;\007\355\274"
 327      A1558A78 
 327      0DD06AA1 
 327      71D0CE40 
 327      3B07EDBC 
 328 00b3 18AF557C 		.ascii	"\030\257U|\017\006`v\2108\201\230\261\"\356\307\"\346"
 328      0F066076 
 328      88388198 
 328      B122EEC7 
 328      22E6
 329 00c5 30B4E7D0 		.ascii	"0\264\347\320j\3048 \207\251\023chD\234Q\221\3678\264"
 329      6AC43820 
 329      87A91363 
 329      68449C51 
 329      91F738B4 
 330 00d9 97D80751 		.ascii	"\227\330\007Q-\012x+\241\251\021\3450\013M\345\320%"
 330      2D0A782B 
 330      A1A911E5 
 330      300B4DE5 
 330      D025
 331 00eb C695E2C7 		.ascii	"\306\225\342\307\212\034p\334c\"\207\0061\366q\221\227"
 331      8A1C70DC 
 331      63228706 
 331      31F67191 
 331      97
 332 00fc 03E38A3A 		.ascii	"\003\343\212:\353D\235\347D\215]\342{n@\034\234\333"
 332      EB449DE7 
 332      448D5DE2 
 332      7B6E401C 
 332      9CDB
 333 010e B0D7C419 		.ascii	"\260\327\304\031\376?b\251DL\271\336\256\000\275\201"
 333      FE3F62A9 
 333      444CB9DE 
 333      AE00BD81 
 334 011e 8F9B79F5 		.ascii	"\217\233y\365\032\306\212<\244\330\254,\036\022\347"
 334      1AC68A3C 
 334      A4D8AC2C 
 334      1E12E7
 335 012d E1F75B01 		.ascii	"\341\367[\001\2308\337\352\031\360\206\203`\252\230"
 335      9838DFEA 
 335      19F08683 
 335      60AA98
 336 013c D7AF55E0 		.ascii	"\327\257U\3403\310\242\223\207\177i\326\336gQ\270f\036"
 336      33C8A293 
ARM GAS  /tmp/ccw2ZI0e.s 			page 26


 336      877F69D6 
 336      DE6751B8 
 336      661E
 337 014e 366B721B 		.ascii	"6kr\033\363\225`\362\032\0056\353J\216\206p\200\004"
 337      F39560F2 
 337      1A0536EB 
 337      4A8E8670 
 337      8004
 338 0160 DDA2FC5B 		.ascii	"\335\242\374[\355\232\005\345\202 d\012\256F\344GH-"
 338      ED9A05E5 
 338      8220640A 
 338      AE46E447 
 338      482D
 339 0172 A9DD180A 		.ascii	"\251\335\030\012S>\326\020\263w\327h\261\232\230\370"
 339      533ED610 
 339      B377D768 
 339      B19A98F8 
 340 0182 A444C010 		.ascii	"\244D\300\020\333ZQu\213G\232\350LAH\023r\322\005uc"
 340      DB5A5175 
 340      8B479AE8 
 340      4C414813 
 340      72D20575 
 341 0197 38834A51 		.ascii	"8\203JQ$*C\221\014:\214\242\301\031\225\243\005\014"
 341      242A4391 
 341      0C3A8CA2 
 341      C11995A3 
 341      050C
 342 01a9 AA80C143 		.ascii	"\252\200\301C0X\014a\274e\235-s\005A\201*\221\006\035"
 342      30580C61 
 342      BC659D2D 
 342      73054181 
 342      2A91061D 
 343 01bd 441CF180 		.ascii	"D\034\361\200\234\3418b\350G\243\373\236\360\012\310"
 343      9CE13862 
 343      E847A3FB 
 343      9EF00AC8 
 344 01cd 02F1F99C 		.ascii	"\002\361\371\234P\376\256\243rT5w;\000\340P\263\024"
 344      50FEAEA3 
 344      72543577 
 344      3B00E050 
 344      B314
 345 01df 28969F8C 		.ascii	"(\226\237\214\305 \007\232\013\177\217 \005\005p=8Z"
 345      C520079A 
 345      0B7F8F20 
 345      0505703D 
 345      385A
 346 01f1 AEE69611 		.ascii	"\256\346\226\021\201\273\362\3736k\370\015~\216\330"
 346      81BBF2FB 
 346      366BF80D 
 346      7E8ED8
 347 0200 5936F518 		.ascii	"Y6\365\030\342E\012 \251$\267\242*\014E\363\224hz\367"
 347      E2450A20 
 347      A924B7A2 
 347      2A0C45F3 
 347      94687AF7 
 348 0214 AF30D1E3 		.ascii	"\2570\321\343\340q\324O\024&P\246\3010Q\025H\367\303"
 348      E071D44F 
ARM GAS  /tmp/ccw2ZI0e.s 			page 27


 348      142650A6 
 348      C1305115 
 348      48F7C3
 349 0227 E2F9C0C3 		.ascii	"\342\371\300\303Q_\221\245&+\362\005\246\365|\2757K"
 349      515F91A5 
 349      262BF205 
 349      A6F57CBD 
 349      374B
 350 0239 435684C7 		.ascii	"CV\204\307fn\35117\317\255%\214\253\307\355\343!\\\006"
 350      666EE931 
 350      37CFAD25 
 350      8CABC7ED 
 350      E3215C06 
 351 024d 22C6F5BD 		.ascii	"\"\306\365\275\271v\304\345\020CQ^~\272I\215\346\360"
 351      B976C4E5 
 351      1043515E 
 351      7EBA498D 
 351      E6F0
 352 025f 51D15BC4 		.ascii	"Q\321[\304D,\261\311R~\002H\326\24098.\372\0218\324"
 352      442CB1C9 
 352      527E0248 
 352      D6A03938 
 352      2EFA1138 
 353 0274 A1A86944 		.ascii	"\241\250iD\361w\277\370Z\252\305\016\016\336\023\007"
 353      F177BFF8 
 353      5AAAC50E 
 353      0EDE1307 
 354 0284 F6BC5520 		.ascii	"\366\274U \330\317 <\212N\212X\223\340\357`\377\337"
 354      D8CF203C 
 354      8A4E8A58 
 354      93E0EF60 
 354      FFDF
 355 0296 C31FB28A 		.ascii	"\303\037\262\212\356\221E*\374\235\021E\372\367\215"
 355      EE91452A 
 355      FC9D1145 
 355      FAF78D
 356 02a5 70F47235 		.ascii	"p\364r5\313\325S\366\336\303\247\306\020\327@\215Z\341"
 356      CBD553F6 
 356      DEC3A7C6 
 356      10D7408D 
 356      5AE1
 357 02b7 D05FB96B 		.ascii	"\320_\271k\264_\274=\357P\010\221\257\0023\244iSqi\004"
 357      B45FBC3D 
 357      EF500891 
 357      AF0233A4 
 357      69537169 
 358 02cc 8A9A1315 		.ascii	"\212\232\023\025\025\215\271\270\263\316\266\360B\343"
 358      158DB9B8 
 358      B3CEB6F0 
 358      42E3
 359 02da 22C2E414 		.ascii	"\"\302\344\02409\373j&4\013\002\311B5|v\022Qg\305\024"
 359      3039FB6A 
 359      26340B02 
 359      C942357C 
 359      76125167 
 360 02f0 5C80149C 		.ascii	"\\\200\024\234AQ\350\034\264\363b*\010\372\206\"\212"
 360      4151E81C 
ARM GAS  /tmp/ccw2ZI0e.s 			page 28


 360      B4F3622A 
 360      08FA8622 
 360      8A
 361 0301 8E7757FD 		.ascii	"\216wW\375+\321K1\020q\266o,R\202+\336\003\256@\327"
 361      2BD14B31 
 361      1071B66F 
 361      2C52822B 
 361      DE03AE40 
 362 0316 D3686A4E 		.ascii	"\323hjN2\213\224\002\302.\323\262\302\236\2710\\\303"
 362      328B9402 
 362      C22ED3B2 
 362      C29EB930 
 362      5CC3
 363 0328 A339D1AF 		.ascii	"\2439\321\257b\214\032\201\350L\244\011x\266A\205\032"
 363      628C1A81 
 363      E84CA409 
 363      78B64185 
 363      1A
 364 0339 C0E907FF 		.ascii	"\300\351\007\377N\304\221\244\264;\236\014\017\360S"
 364      4EC491A4 
 364      B43B9E0C 
 364      0FF053
 365 0348 B679C394 		.ascii	"\266y\303\224\225\276HW\032<\217\237\314\257\214 \247"
 365      95BE4857 
 365      1A3C8F9F 
 365      CCAF8C20 
 365      A7
 366 0359 0B8BA2A7 		.ascii	"\013\213\242\247\353Y\315\375\036\355\344\211kBd\260"
 366      EB59CDFD 
 366      1EEDE489 
 366      6B4264B0 
 367 0369 A5CFD1A3 		.ascii	"\245\317\321\243\"\2030\031]\242\203.\267\375H\230\374"
 367      22833019 
 367      5DA2832E 
 367      B7FD4898 
 367      FC
 368 037a 1CAEFCB5 		.ascii	"\034\256\374\265,J39\207\227\245s\270\343\222'/\202"
 368      2C4A3339 
 368      8797A573 
 368      B8E39227 
 368      2F82
 369 038c F3D025DF 		.ascii	"\363\320%\337}uO\0067o\217`wx\373\357\365-\202\255\226"
 369      7D754F06 
 369      376F8F60 
 369      7778FBEF 
 369      F52D82AD 
 370 03a1 26BCF4F9 		.ascii	"&\274\364\371\020\231\205Z&e1\270Od\241V4/H9\250\334"
 370      1099855A 
 370      266531B8 
 370      4F64A156 
 370      342F4839 
 371 03b7 FF53391D 		.ascii	"\377S9\035\203:\320F\251\225\344_t\363\223|\177\242"
 371      833AD046 
 371      A995E45F 
 371      74F3937C 
 371      7FA2
 372 03c9 83838EB6 		.ascii	"\203\203\216\266\354\340|\257\022\276W$\276\302\246"
ARM GAS  /tmp/ccw2ZI0e.s 			page 29


 372      ECE07CAF 
 372      12BE5724 
 372      BEC2A6
 373 03d8 5DA7582E 		.ascii	"]\247X.\217V\306\214\375=\013\011]\373E\330\002\202"
 373      8F56C68C 
 373      FD3D0B09 
 373      5DFB45D8 
 373      0282
 374 03ea CBE7FB10 		.ascii	"\313\347\373\020\373\243v\031\323v\211i\007a:z\315\331"
 374      FBA37619 
 374      D3768969 
 374      07613A7A 
 374      CDD9
 375 03fc 1231C980 		.ascii	"\0221\311\2002\355^\277\265/\"h\341\272N\010\\\223\010"
 375      32ED5EBF 
 375      B52F2268 
 375      E1BA4E08 
 375      5C9308
 376 040f DCD87FF4 		.ascii	"\334\330\177\364]\256\204\306\257\275|\260[\015\004"
 376      5DAE84C6 
 376      AFBD7CB0 
 376      5B0D04
 377 041e DC0EF7C8 		.ascii	"\334\016\367\310m\243+C\030\367\371\322Ud\012\352\224"
 377      6DA32B43 
 377      18F7F9D2 
 377      55640AEA 
 377      94
 378 042f 71E89438 		.ascii	"q\350\2248t\021\016\375N\317D8WE1\234\255\303N-\025"
 378      74110EFD 
 378      4ECF4438 
 378      5745319C 
 378      ADC34E2D 
 379 0444 51794012 		.ascii	"Qy@\022\201\001n\310\000nH\000\335\004\340L\353\211"
 379      81016EC8 
 379      006E4800 
 379      DD04E04C 
 379      EB89
 380 0456 3C24A596 		.ascii	"<$\245\226jh\276\273\271\305\237\331\036\232Yg_\347"
 380      6A68BEBB 
 380      B9C59FD9 
 380      1E9A5967 
 380      5FE7
 381 0468 882A6866 		.ascii	"\210*hf\177&\302nJ\302\236U\227oSq\365\224Us\371\343"
 381      7F26C26E 
 381      4AC29E55 
 381      976F5371 
 381      F5945573 
 382 047e CC50AAAC 		.ascii	"\314P\252\254\373\274L\031\314A\2752b\275\02217!\326"
 382      FBBC4C19 
 382      CC41BD32 
 382      62BD1231 
 382      3721D6
 383 0491 50385110 		.ascii	"P8Q\020\301]\242\030;\366\035p!\202a\317*\245\312\352"
 383      C15DA218 
 383      3BF61D70 
 383      218261CF 
 383      2AA5CAEA 
ARM GAS  /tmp/ccw2ZI0e.s 			page 30


 384 04a5 E1F06188 		.ascii	"\341\360a\210[2\210[\022\204\207@4V\024~\301]#\010\212"
 384      5B32885B 
 384      12848740 
 384      3456147E 
 384      C15D2308 
 385 04ba DBBB1DCE 		.ascii	"\333\273\035\316\010\024\035\031\251)&\267\337\022t"
 385      08141D19 
 385      A92926B7 
 385      DF1274
 386 04c9 0FB6D76D 		.ascii	"\017\266\327mq\002}\362a|\344C\374\001\272*\362&\267"
 386      71027DF2 
 386      617CE443 
 386      FC01BA2A 
 386      F226B7
 387 04dc 9D3757E0 		.ascii	"\2357W\340\336d\320\202H\364;8\277w\340\314\342O\014"
 387      DE64D082 
 387      48F43B38 
 387      BF77E0CC 
 387      E24F0C
 388 04ef EA03FD77 		.ascii	"\352\003\375wA?\204\362l\035\314\012\321\210\336\231"
 388      413F84F2 
 388      6C1DCC0A 
 388      D188DE99 
 389 04ff AFF33E5E 		.ascii	"\257\363>^_5\304\223\333!\223\310\033\361\0145s\244"
 389      5F35C493 
 389      DB2193C8 
 389      1BF10C35 
 389      73A4
 390 0511 3EBE81CD 		.ascii	">\276\201\315K\236\221\247<1ga\263\335\223\275/\034"
 390      4B9E91A7 
 390      3C316761 
 390      B3DD93BD 
 390      2F1C
 391 0523 630BD261 		.ascii	"c\013\322a\3475\262\334?\"\350\357D\242~\012\236&4\217"
 391      E735B2DC 
 391      3F22E8EF 
 391      44A27E0A 
 391      9E26348F 
 392 0537 2B66E788 		.ascii	"+f\347\210\245g\036\"B\037\200\373C\342>\200fK\223\260"
 392      A5671E22 
 392      421F80FB 
 392      43E23E80 
 392      664B93B0 
 393 054b F78F3B3B 		.ascii	"\367\217;;{\264r\357\3733y\337\315\335\356\345\270n"
 393      7BB472EF 
 393      FB3379DF 
 393      CDDDEEE5 
 393      B86E
 394 055d BA28B9BE 		.ascii	"\272(\271\276\342\333J\356\216\270\312\231\023\315\352"
 394      E2DB4AEE 
 394      8EB8CA99 
 394      13CDEA
 395 056c F9FB8436 		.ascii	"\371\373\2046\273\273\360v\306\022W\252\235\034w\364"
 395      BBBBF076 
 395      C61257AA 
 395      9D1C77F4 
 396 057c 18CD464F 		.ascii	"\030\315FO`\211\340p\313`\2758\357\250\004\261\014\032"
ARM GAS  /tmp/ccw2ZI0e.s 			page 31


 396      6089E070 
 396      CB60BD38 
 396      EFA804B1 
 396      0C1A
 397 058e 44F3F1EF 		.ascii	"D\363\361\357\017W\345\325P\222\221?\223\373\262\310"
 397      0F57E5D5 
 397      5092913F 
 397      93FBB2C8 
 398 059e DD8F4806 		.ascii	"\335\217H\006BI\244\365'N\204\023SI\256\223bo^X\360"
 398      4249A4F5 
 398      274E8413 
 398      5349AE93 
 398      626F5E58 
 399 05b3 843C9312 		.ascii	"\204<\223\022\362\013M\310@z\177\24520!C\340\376\224"
 399      F20B4DC8 
 399      407A7FA5 
 399      32302143 
 399      E0FE94
 400 05c6 B80F1389 		.ascii	"\270\017\023\211d\0221`\306\341\226\347\237N\251\256"
 400      64123160 
 400      C6E196E7 
 400      9F4EA9AE 
 401 05d6 F866F207 		.ascii	"\370f\362\007xN\253+~\203sSK\323\012n\210f\241\355\372"
 401      784EAB2B 
 401      7E837353 
 401      4BD30A6E 
 401      8866A1ED 
 402 05eb E5672CEC 		.ascii	"\345g,\354S\227\035.\330\222\270\334t\241Xp\373|\277"
 402      53971D2E 
 402      D892B8DC 
 402      74A15870 
 402      FB7CBF
 403 05fe B1ABC85E 		.ascii	"\261\253\310^\035\221\355\325\021i\257\216\222\275Z"
 403      1D91EDD5 
 403      1169AF8E 
 403      92BD5A
 404 060d 3BE66957 		.ascii	";\346iW\004=_/\310\371\372\\<^\247w\226\356Ps\3434d"
 404      043D5F2F 
 404      C8F9FA5C 
 404      3C5EA777 
 404      96EE5073 
 405 0624 598FEF26 		.ascii	"Y\217\357&.\264.\207#\273\3711;Yh\377\206'\2411Y\304"
 405      2EB42E87 
 405      23BBF931 
 405      3B5968FF 
 405      8627A131 
 406 063a 3129E238 		.ascii	"1)\3428\211x\247}P\320pe\034A)\031\250\273\257\246("
 406      8978A77D 
 406      50D07065 
 406      1C412919 
 406      A8BBAFA6 
 407 064f 0F9BFB02 		.ascii	"\017\233\373\002Q&d(\023\022\312K\2122P\356\322r?S\224"
 407      51266428 
 407      1312CA4B 
 407      8A3250EE 
 407      D2723F53 
 408 0664 7D0FBA36 		.ascii	"}\017\2726k\270G\324\030hxY\025\002e\004\011,Gywnm\033"
ARM GAS  /tmp/ccw2ZI0e.s 			page 32


 408      6BB847D4 
 408      18687859 
 408      15026504 
 408      092C4779 
 409 067c 0B2741BC 		.ascii	"\013'A\274/Z\373\377\261c2;\231,\011\343\223\302\240"
 409      2F5AFBFF 
 409      B163323B 
 409      992C09E3 
 409      93C2A0
 410 068f 5456C160 		.ascii	"TV\301`\223FJcq$\347\215-\005<wPA\300_:\363^\260\024"
 410      93464A63 
 410      7124E78D 
 410      2D053C77 
 410      5041C05F 
 411 06a8 2ABBF969 		.ascii	"*\273\371i\274<\321\030)\235\365\023NgE\230\014\002"
 411      BC3CD118 
 411      299DF513 
 411      4E674598 
 411      0C02
 412 06ba B3A7EDE6 		.ascii	"\263\247\355\346\003\005W-\302\244\267\365\206\210\262"
 412      0305572D 
 412      C2A4B7F5 
 412      8688B2
 413 06c9 071E06CA 		.ascii	"\007\036\006\312^/CY/\241|GP\232\316^\331\306r\247\025"
 413      5E2F4359 
 413      2FA17C47 
 413      509ACE5E 
 413      D9C672A7 
 414 06de 4194FA86 		.ascii	"A\224\372\206\366o\343E\245O\372\246+\375^BF\231X\351"
 414      F66FE345 
 414      A54FFAA6 
 414      2BFD5E42 
 414      469958E9 
 415 06f2 F7127816 		.ascii	"\367\022x\026\001\337^\267;\227\376x\024\010~\247;\255"
 415      01DF5EB7 
 415      3B97FE78 
 415      14087EA7 
 415      3BAD
 416 0704 494BB63F 		.ascii	"IK\266?\376%\216nv\246\355U\006\337\376\033Yq\373\377"
 416      FE258E6E 
 416      76A6ED55 
 416      06DFFE1B 
 416      5971FBFF 
 417 0718 9725DBFF 		.ascii	"\227%\333\377l\325\225\307\252\300\355\277\201\245\365"
 417      6CD595C7 
 417      AAC0EDBF 
 417      81A5F5
 418 0727 82419BD8 		.ascii	"\202A\233\330\331\322$\354\275\361zM\272\"\260\036\004"
 418      D9D224EC 
 418      BDF17A4D 
 418      BA22B01E 
 418      04
 419 0738 F56E282B 		.ascii	"\365n(+}\024\301\265\3204\024\246\365\246\"R\002\340"
 419      7D14C1B5 
 419      D03414A6 
 419      F5A62252 
 419      02E0
ARM GAS  /tmp/ccw2ZI0e.s 			page 33


 420 074a CA1F7A33 		.ascii	"\312\037z35\307\015\020\370\012B\331,-\002po\312\260"
 420      35C70D10 
 420      F80A42D9 
 420      2C2D0270 
 420      6FCAB0
 421 075d 36B39345 		.ascii	"6\263\223E \207\305E`W\316\225\002Z\026\023\311?\006"
 421      2087C545 
 421      6057CE95 
 421      025A1613 
 421      C93F06
 422 0770 C7EC1754 		.ascii	"\307\354\027TDv\030\251\011C\025c\212\340\262\267J\262"
 422      447618A9 
 422      09431563 
 422      8AE0B2B7 
 422      4AB2
 423 0782 9DF4D45F 		.ascii	"\235\364\324_\336|\276\223\017\224\275\005\202\347\262"
 423      DE7CBE93 
 423      0F94BD05 
 423      82E7B2
 424 0791 D87D1B11 		.ascii	"\330}\033\021\262U\022Rq\277\372\010\033(;\250\367\325"
 424      B2551252 
 424      71BFFA08 
 424      1B283BA8 
 424      F7D5
 425 07a3 ECF21A35 		.ascii	"\354\362\0325\327Ce{\273\372'x\"\333>^$(\362\205\014"
 425      D743657B 
 425      BBFA2778 
 425      22DB3E5E 
 425      2428F285 
 426 07b8 BCD268BB 		.ascii	"\274\322h\273\250\031\356i\031P\236_\363\016\242\371"
 426      A819EE69 
 426      19509E5F 
 426      F30EA2F9 
 427 07c8 5E4ED911 		.ascii	"^N\331\021Z\353\265\344"
 427      5AEBB5E4 
 428 07d0 5FB7C13D 		.ascii	"_\267\301=3\225\266\002Id>]\333\206\216\324\013\352"
 428      3395B602 
 428      49643E5D 
 428      DB868ED4 
 428      0BEA
 429 07e2 4091FEDF 		.ascii	"@\221\376\337\306;\011\355\002\211v\311\225\341\275"
 429      C63B09ED 
 429      028976C9 
 429      95E1BD
 430 07f1 21812283 		.ascii	"!\201\"\203z;\207\363<!\334C*2\253\360aG\030\025\331"
 430      7A3B87F3 
 430      3C21DC43 
 430      2A32ABF0 
 430      61471815 
 431 0806 7BC02F72 		.ascii	"{\300/r\227(\022\256l\031\320n\277\310Bv>\243\264\232"
 431      972812AE 
 431      6C19D06E 
 431      BFC84276 
 431      3EA3B49A 
 432 081a FE63D4DB 		.ascii	"\376c\324\333\224\177\377\364\263y\313\230\367tk\254"
 432      947FFFF4 
 432      B379CB98 
ARM GAS  /tmp/ccw2ZI0e.s 			page 34


 432      F7746BAC 
 433 082a 165D9229 		.ascii	"\026]\222)^\367\225\301\240\213\263$/L1\247\030\027"
 433      5EF795C1 
 433      A08BB324 
 433      2F4C31A7 
 433      1817
 434 083c 1AE3E24D 		.ascii	"\032\343\342M\272\3051\177\211y_gJ1$\255I0\352\254\266"
 434      BAC5317F 
 434      89795F67 
 434      4A3124AD 
 434      4930EAAC 
 435 0851 8404E397 		.ascii	"\204\004\343\2271\211\014\237lL\376\312h\373rM\212A"
 435      31890C9F 
 435      6C4CFECA 
 435      68FB724D 
 435      8A41
 436 0863 6F7B3B26 		.ascii	"o{;&F\267,\321\024o\212]\2453[u\026\333\244\277!\021"
 436      46B72CD1 
 436      146F8A5D 
 436      A5335B75 
 436      16DBA4BF 
 437 0879 FC0C668B 		.ascii	"\374\014f\213\021\246\204A\327lY\247_m6'\351mZ\362J"
 437      11A68441 
 437      D76C59A7 
 437      5F6D3627 
 437      E96D5AF2 
 438 088e 34C62518 		.ascii	"4\306%\030-\241\253\023\365)\306om\3213\343\340\031"
 438      2DA1AB13 
 438      F529C66F 
 438      6DD133E3 
 438      E019
 439 08a0 56000A4D 		.ascii	"V\000\012M^M\334\303\341m\216\377\227\321`\323c9Z0W"
 439      5E4DDCC3 
 439      E16D8EFF 
 439      97D160D3 
 439      63395A30 
 440 08b5 5BCC6B4D 		.ascii	"[\314kM\2008\313\220\270\022\274c\311\327\345)&[\324"
 440      8038CB90 
 440      B812BC63 
 440      C9D7E529 
 440      265BD4
 441 08c8 3468ABC5 		.ascii	"4h\253\305 \20750\021t\316'\346\270\204\245\026K\334"
 441      20873530 
 441      1174CE27 
 441      E6B884A5 
 441      164BDC
 442 08db 3A9EDA4B 		.ascii	":\236\332K\223\222\314\206\345Z\231!\366?\262\030\215"
 442      9392CC86 
 442      E55A9921 
 442      F63FB218 
 442      8D
 443 08ec CB35FEBE 		.ascii	"\3135\376\276\302\220\030gQ\351\365$'\3720\251\023\363"
 443      C2901867 
 443      51E9F524 
 443      27FA30A9 
 443      13F3
 444 08fe C73FBDBB 		.ascii	"\307?\275\273H-NOH\200\336\252u\326O\314\206\257\177"
ARM GAS  /tmp/ccw2ZI0e.s 			page 35


 444      482D4E4F 
 444      4880DEAA 
 444      75D64FCC 
 444      86AF7F
 445 0911 3B835AEB 		.ascii	";\203Z\353:,T\275\332l\261\351!\342\327\177\230\346"
 445      3A2C54BD 
 445      DA6CB1E9 
 445      21E2D77F 
 445      98E6
 446 0923 8B3F5975 		.ascii	"\213?YuK\377\271b\331\212oa\002\316\261~\355\007\311"
 446      4BFFB962 
 446      D98A6F61 
 446      02CEB17E 
 446      ED07C9
 447 0936 38CF7A7D 		.ascii	"8\317z}\202\311\032\027\237d\324\233,\377\016\213K\372"
 447      82C91A17 
 447      9F64D49B 
 447      2CFF0E8B 
 447      4BFA
 448 0948 266E9D55 		.ascii	"&n\235UoJI2\245\030c\246\342@\022u\313V\254Z\276\312"
 448      6F4A4932 
 448      A51863A6 
 448      E2401275 
 448      CB56AC5A 
 449 095e 1F1AE318 		.ascii	"\037\032\343\030\222?\002\352\000\245%d?K\301\024\264"
 449      923F02EA 
 449      00A52564 
 449      3F4BC114 
 449      B4
 450 096f 84CC1AD2 		.ascii	"\204\314\032\322\347\365zc\312d\004\271\322\017\344"
 450      E7F57A63 
 450      CA6404B9 
 450      D20FE4
 451 097e D67B8BE5 		.ascii	"\326{\213\345\326\373\213\377\007\344@\232\201"
 451      D6FB8BFF 
 451      07E4409A 
 451      81
 452              		.text
 453              		.section	.gnu.lto_.symtab.14e83040886cc745,"",%progbits
 454 0000 6368506F 		.ascii	"chPoolObjectInit\000\000\000\000\000\000\000\000\000"
 454      6F6C4F62 
 454      6A656374 
 454      496E6974 
 454      00000000 
 455 0019 000000CF 		.ascii	"\000\000\000\317\000\000\000chPoolLoadArray\000\000"
 455      00000063 
 455      68506F6F 
 455      6C4C6F61 
 455      64417272 
 456 0031 00000000 		.ascii	"\000\000\000\000\000\000\000\000\000\000\325\000\000"
 456      00000000 
 456      0000D500 
 456      00
 457 003e 00636850 		.ascii	"\000chPoolAllocI\000\000\000\000\000\000\000\000\000"
 457      6F6F6C41 
 457      6C6C6F63 
 457      49000000 
ARM GAS  /tmp/ccw2ZI0e.s 			page 36


 457      00000000 
 458 0054 000000D9 		.ascii	"\000\000\000\331\000\000\000chPoolAlloc\000\000\000"
 458      00000063 
 458      68506F6F 
 458      6C416C6C 
 458      6F630000 
 459 0069 00000000 		.ascii	"\000\000\000\000\000\000\000\000\000\333\000\000\000"
 459      00000000 
 459      00DB0000 
 459      00
 460 0076 6368506F 		.ascii	"chPoolFreeI\000\000\000\000\000\000\000\000\000\000"
 460      6F6C4672 
 460      65654900 
 460      00000000 
 460      00000000 
 461 008b 0000E000 		.ascii	"\000\000\340\000\000\000chPoolFree\000\000\000\000\000"
 461      00006368 
 461      506F6F6C 
 461      46726565 
 461      00000000 
 462 00a0 00000000 		.ascii	"\000\000\000\000\000\000\000\342\000\000\000"
 462      000000E2 
 462      000000
 463              		.text
 464              		.section	.gnu.lto_.opts,"",%progbits
 465 0000 272D666E 		.ascii	"'-fno-trapv' '-mcpu=cortex-m0' '-mno-thumb-interwor"
 465      6F2D7472 
 465      61707627 
 465      20272D6D 
 465      6370753D 
 466 0033 6B272027 		.ascii	"k' '-mthumb' '-ggdb' '-O2' '-fomit-frame-pointer' '"
 466      2D6D7468 
 466      756D6227 
 466      20272D67 
 466      67646227 
 467 0066 2D66616C 		.ascii	"-falign-functions=16' '-ffunction-sections' '-fdata"
 467      69676E2D 
 467      66756E63 
 467      74696F6E 
 467      733D3136 
 468 0099 2D736563 		.ascii	"-sections' '-fno-common' '-flto'\000"
 468      74696F6E 
 468      73272027 
 468      2D666E6F 
 468      2D636F6D 
 469              		.text
 470              		.comm	__gnu_lto_v1,1,1
 471              		.comm	__gnu_lto_slim,1,1
 472              		.ident	"GCC: (GNU Tools for ARM Embedded Processors) 4.9.3 20150529 (release) [ARM/embedded-4_9-br
ARM GAS  /tmp/ccw2ZI0e.s 			page 37


DEFINED SYMBOLS
                            *ABS*:0000000000000000 chmempools.c
                            *COM*:0000000000000001 __gnu_lto_v1
                            *COM*:0000000000000001 __gnu_lto_slim

NO UNDEFINED SYMBOLS
