ARM GAS  /tmp/ccryfi1b.s 			page 1


   1              		.cpu cortex-m0
   2              		.fpu softvfp
   3              		.eabi_attribute 20, 1
   4              		.eabi_attribute 21, 1
   5              		.eabi_attribute 23, 3
   6              		.eabi_attribute 24, 1
   7              		.eabi_attribute 25, 1
   8              		.eabi_attribute 26, 1
   9              		.eabi_attribute 30, 2
  10              		.eabi_attribute 34, 0
  11              		.eabi_attribute 18, 4
  12              		.code	16
  13              		.file	"chmemcore.c"
  14              		.text
  15              	.Ltext0:
  16              		.section	.gnu.lto_.profile.4e60c68a87311f5c,"",%progbits
  17 0000 789C6366 		.ascii	"x\234cf```a\200\000F\006\025\005\000\000\334\000M"
  17      60606061 
  17      80004606 
  17      15050000 
  17      DC004D
  18              		.text
  19              		.section	.gnu.lto_.jmpfuncs.4e60c68a87311f5c,"",%progbits
  20 0000 789C6366 		.ascii	"x\234cf\300\016\204\2404\013\020\263222\326\263\201"
  20      C00E84A0 
  20      340B10B3 
  20      323232D6 
  20      B381
  21 0012 0876200F 		.ascii	"\010v \017\000\013&\0010"
  21      000B2601 
  21      30
  22              		.text
  23              		.section	.gnu.lto_.inline.4e60c68a87311f5c,"",%progbits
  24 0000 789C6366 		.ascii	"x\234cf\300\016\022\2414\013\003\003+\013#\003\023\313"
  24      C00E12A1 
  24      340B0303 
  24      2B0B2303 
  24      13CB
  25 0012 027906B6 		.ascii	"\002y\006\266\005\362L 1V\006>^FF\006F\006\006f\241"
  25      05F24C20 
  25      3156063E 
  25      5E464606 
  25      46060666 
  26 0027 039D8C10 		.ascii	"\003\235\214\020q\240\002\026\220$\033\003\0177T\222"
  26      71A00216 
  26      90241B03 
  26      0F375492 
  27 0037 6F4116AA 		.ascii	"oA\026\252\034;\003\033+\320,\266\017zp\263\030\000"
  27      1C3B031B 
  27      2BD02CB6 
  27      0F7A70B3 
  27      1800
  28 0049 DFC109D8 		.ascii	"\337\301\011\330"
  29              		.text
  30              		.section	.gnu.lto_.pureconst.4e60c68a87311f5c,"",%progbits
  31 0000 789C6366 		.ascii	"x\234cf``\340d\200\000\026\006\011V+6\011v\026\000\003"
  31      6060E064 
ARM GAS  /tmp/ccryfi1b.s 			page 2


  31      80001606 
  31      09562B36 
  31      09761600 
  32 0015 6B0091   		.ascii	"k\000\221"
  33              		.text
  34              		.section	.gnu.lto__core_init.4e60c68a87311f5c,"",%progbits
  35 0000 789C7552 		.ascii	"x\234uRKK\033Q\024>\337\2311\231\020\212\245\253\220"
  35      4B4B1B51 
  35      143EDF99 
  35      3199108A 
  35      A5AB90
  36 0013 9DB87097 		.ascii	"\235\270p\227\371\021\202\333.\272p\327E\203\220,\202"
  36      F91182DB 
  36      2EBA70D7 
  36      4583902C 
  36      82
  37 0024 25BA1282 		.ascii	"%\272\022\202\023\215\350\252H6\025\373\200R\212\217"
  37      138DE8AA 
  37      483615FB 
  37      80528A8F 
  38 0034 A869ABAD 		.ascii	"\250i\253\255\333\374\202\026q\241\004|\217\242(m\203"
  38      DBFC8216 
  38      71A1047C 
  38      8FA2286D 
  38      83
  39 0045 8B18354C 		.ascii	"\213\0305L\317\231QK\3338p\317\275\347\334\357<\276"
  39      CF99514B 
  39      DB3870CF 
  39      BDE7DCEF 
  39      3CBE
  40 0057 EF8E41FF 		.ascii	"\357\216A\377\177qYCL\324);\014\002O~#\312[\014\350"
  40      7F715943 
  40      4CD4293B 
  40      0C024F7E 
  40      23CA5B0C 
  41 006c 8140C38C 		.ascii	"\201@\303\214a\234p\2151Y)ME\273>8\216\363k\17796\026"
  41      619C708D 
  41      3159294D 
  41      45BB3E38 
  41      8EF36B7F 
  42 0083 6B48DA39 		.ascii	"kH\3329\007e0\203.\022L\255\320\334\210\206\012\202"
  42      07653083 
  42      2E124CAD 
  42      D0DC8886 
  42      0A82
  43 0095 7918DC61 		.ascii	"y\030\334a\026!\310^~Tq<\357\340\345\365\252\031\005"
  43      1621C85E 
  43      7E54713C 
  43      EFE0E5F5 
  43      AA1905
  44 00a8 3518ACC6 		.ascii	"5\030\254\306Pc\212\341\260\236,5\021u\211\\Y:\302\241"
  44      50638AE1 
  44      B09E2C35 
  44      1175895C 
  44      593AC2A1 
  45 00bc 38B21B55 		.ascii	"8\262\033U\214l\217\037M?\327\202ui\304x\273\376b\211"
  45      8C6C8F1F 
ARM GAS  /tmp/ccryfi1b.s 			page 3


  45      4D3FD782 
  45      7569C478 
  45      BBFE6289 
  46 00d0 7357CE84 		.ascii	"sW\316\204c5\330hj7\211\356\270\337\327\254c\226\210"
  46      6335D868 
  46      6A3789EE 
  46      B8DFD7AC 
  46      639688
  47 00e3 EFCEE60B 		.ascii	"\357\316\346\013\257\361\006\257\362\216\242L\314!\207"
  47      AFF106AF 
  47      F28EA24C 
  47      CC2187
  48 00f2 79C4FDBB 		.ascii	"y\304\375\273-\367\262W\3625\033%\001\311\264\013\310"
  48      2DF7B257 
  48      F2351B25 
  48      01C9B40B 
  48      C8
  49 0103 5115A3C5 		.ascii	"Q\025\243\305P\320\206\203N\365\367\273\247\320\232"
  49      50D08683 
  49      4EF5F7BB 
  49      A7D09A
  50 0112 08131625 		.ascii	"\010\023\026%[ \0277\020CP\0029?\3729g\372\220\013\317"
  50      5B201737 
  50      10435002 
  50      393FFA39 
  50      67FA900B 
  51 0127 F3DA094B 		.ascii	"\363\332\011K>lds\374\014\001\320\024\254F\212{\017"
  51      3E6C6473 
  51      FC0C01D0 
  51      14AC468A 
  51      7B0F
  52 0139 34F02F81 		.ascii	"4\360/\201\266&\343o\002m-\0100\312B\340\243\022\300"
  52      B626E36F 
  52      026D2D08 
  52      30CA42E0 
  52      A312C0
  53 014c 27094B59 		.ascii	"'\011KY\362\225\3711\3754h\023n\241\014\267\224\342"
  53      F295F931 
  53      FD346813 
  53      6EA10CB7 
  53      94E2
  54 015e F33D522C 		.ascii	"\363=R,\007R\254\004R\334\362\264\244\364\037R\356\015"
  54      0752AC04 
  54      52DCF2B4 
  54      A4F41F52 
  54      EE0D
  55 0170 A9885CF8 		.ascii	"\251\210\\\370\244\336\335G\252\32530\276\334\261\370"
  55      A4DEDD47 
  55      AAD53330 
  55      BEDCB1F8 
  56 0180 EAB388D0 		.ascii	"\352\263\210\3206\362\025\257G\213\350\377\344\212\030"
  56      36F215AF 
  56      478BE8FF 
  56      E48A18
  57 018f F2EA3278 		.ascii	"\362\3522xG\"aw\247\322\317\322\217\237\330\375\003"
  57      47226177 
  57      A7D2CFD2 
ARM GAS  /tmp/ccryfi1b.s 			page 4


  57      8F9FD8FD 
  57      03
  58 01a0 7676D01E 		.ascii	"vv\320\036\310&\355d*\323\227I\366g\373\022I\372\015"
  58      C826ED64 
  58      2AD39749 
  58      F667FB12 
  58      49FA0D
  59 01b3 DF77EAD6 		.ascii	"\337w\352\326"
  60              		.text
  61              		.section	.gnu.lto_chCoreAlloc.4e60c68a87311f5c,"",%progbits
  62 0000 789C9553 		.ascii	"x\234\225S\353K\024Q\024\277\347\316\354\354\272NZ\321"
  62      EB4B1451 
  62      14BFE7CE 
  62      ECECBA4E 
  62      5AD1
  63 0012 27BF6858 		.ascii	"'\277hXH\004;}\010?\365\241\020\242\002\011\362\017"
  63      48043B7D 
  63      083FF5A1 
  63      10A20209 
  63      F20F
  64 0024 08DA165C 		.ascii	"\010\332\026\\\310\007\273\032j\210\263\266iADX\220"
  64      C807BB1A 
  64      6A88B3B6 
  64      69414458 
  64      90
  65 0035 D01B8BD6 		.ascii	"\320\033\213\3262M+\037[\326\226\265\232\244=$\223,"
  65      324D2B1F 
  65      5BD696B5 
  65      9AA43D24 
  65      932C
  66 0047 DBCAA220 		.ascii	"\333\312\242 J\313\322\3555\235s\247\244]\205j`\356"
  66      4ACBD2ED 
  66      359D73A7 
  66      A45D856A 
  66      60EE
  67 0059 CC3DE777 		.ascii	"\314=\347w~\367w\317Cb3\237\345\370\256\2630v\015\277"
  67      7EF777CF 
  67      4362339F 
  67      E5F8AEB3 
  67      30760DBF 
  68 006d 6061C0F7 		.ascii	"`a\300\367\3663\346\263q.\277\2662\335.\005\302\214"
  68      F633E6B3 
  68      712EBFB6 
  68      32DD2E05 
  68      C28C
  69 007f E9AA04B2 		.ascii	"\351\252\004\262i\227\001\350\207\001\253\340\222\014"
  69      699701E8 
  69      8701ABE0 
  69      920C
  70 008d 15F0868F 		.ascii	"\025\360\206\217s\350h\234\350K|\315\243\234\2451\334"
  70      73E8689C 
  70      E84B7CCD 
  70      A39CA531 
  70      DC
  71 009e 066B7A6A 		.ascii	"\006kzj\025\332\202L\333\232pp\314\222qR\327+\307\356"
  71      15DA824C 
  71      DB9A7070 
ARM GAS  /tmp/ccryfi1b.s 			page 5


  71      CC927152 
  71      D72BC7EE 
  72 00b2 5F7AACEE 		.ascii	"_z\254\356X\023\345\234}\344\014NA\012\004 \205\350"
  72      5813E59C 
  72      7DE40C4E 
  72      410A0420 
  72      85E8
  73 00c4 EA210391 		.ascii	"\352!\003\221wo\371\206\223\245E@Q\023\357\273\206\324"
  73      776FF986 
  73      93A54540 
  73      5113EFBB 
  73      86D4
  74 00d6 C5751815 		.ascii	"\305u\030\025\012\266\350+\345(\227\3404H\177\306\241"
  74      0AB6E82B 
  74      E52897E0 
  74      34487FC6 
  74      A1
  75 00e7 89C11958 		.ascii	"\211\301\031XL\360\251\300\256N.-\021\241/\356\355;"
  75      4CF0A9C0 
  75      AE4E2E2D 
  75      11A12FEE 
  75      ED3B
  76 00f9 AAA61FC7 		.ascii	"\252\246\037\307\320\310H]X\325{t\177\3040R\361Xh\210"
  76      D0C8485D 
  76      58D57B74 
  76      7FC43052 
  76      F1586888 
  77 010d 65301F0C 		.ascii	"e0\037\014\031\367\177\177\230\250\370u]\237\013g!\235"
  77      19F77F7F 
  77      98A8F875 
  77      5D9F0B67 
  77      219D
  78 011f E4A1AA46 		.ascii	"\344\241\252FP\000?\350\037\275\336\360\316nR>y\341"
  78      50003FE8 
  78      1FBDDEF0 
  78      CE6E523E 
  78      79E1
  79 0131 0AF98FE9 		.ascii	"\012\371\217\351?\014\003f\321d>\320\004\351M\363C\272"
  79      3F0C0366 
  79      D1643ED0 
  79      04E94DF3 
  79      43BA
  80 0143 61D49D78 		.ascii	"a\324\235x\334)\317\343\250U\226\200\304*\302iE\203"
  80      DC29CFE3 
  80      A8559680 
  80      C42AC269 
  80      4583
  81 0155 C5868B92 		.ascii	"\305\206\213\222@\177v\372K\244E%\344\034\262%1\312"
  81      407F76FA 
  81      4BA44525 
  81      E41CB225 
  81      31CA
  82 0167 131BC597 		.ascii	"\023\033\305\227R\376\0227\370\225\206\301\367\274\355"
  82      52FE1237 
  82      F89586C1 
  82      F7BCED
  83 0176 D9592946 		.ascii	"\331Y)Ft\304_&\324~\344\020{\233\310D\325\010V\365\034"
ARM GAS  /tmp/ccryfi1b.s 			page 6


  83      74C45F26 
  83      D47EE410 
  83      7B9BC844 
  83      D50856F5 
  84 018b B9789C6B 		.ascii	"\271x\234k\252\272\037]\315\344\222\342r\300\240\005"
  84      AABA1F5D 
  84      CDE492E2 
  84      72C0A005 
  85 019b 14BCC679 		.ascii	"\024\274\306y\261\262\000\245\240\267\372\330g9\265"
  85      B1B200A5 
  85      A0B7FAD8 
  85      6739B5
  86 01aa 190EEBB5 		.ascii	"\031\016\353\265iQn\245\210\273o\303\301\004\031\005"
  86      69516EA5 
  86      88BB6FC3 
  86      C1041905 
  87 01ba C20548C5 		.ascii	"\302\005H\305\365\"\026|\020*\347\212+N\"\353#\330^"
  87      F522167C 
  87      102AE78A 
  87      2B4E22EB 
  87      23D85E
  88 01cd 5375A0F6 		.ascii	"Su\240\366\246\022[\225\335'\377\267*\241\201nN\244"
  88      A6125B95 
  88      DD27FFB7 
  88      2AA1816E 
  88      4EA4
  89 01df BF6E29C7 		.ascii	"\277n)\307\327\254\225\\mBm;(\223\234\343\351\010\231"
  89      D7AC955C 
  89      6D426D3B 
  89      28939CE3 
  89      E90899
  90 01f2 FCD6BD23 		.ascii	"\374\326\275#\231:Q\2622\350@j\0244U\025\256_f\242\010"
  90      993A51B2 
  90      32E8406A 
  90      14345515 
  90      AE5F66A2 
  91 0207 88A88B95 		.ascii	"\210\250\213\225\355_,\0025e\030F2\203 \"\007\201\023"
  91      ED5F2C02 
  91      35651846 
  91      32832022 
  91      078113
  92 021a C8BC8982 		.ascii	"\310\274\211\202\201\2255\315}\037,f\240\025\243\216"
  92      819535CD 
  92      7D1F2C66 
  92      A015A38E 
  93 022a 0CEC69E4 		.ascii	"\014\354i\344\345_\365\235\272-\312m\337\271)\371\351"
  93      E55FF59D 
  93      BA2DCA6D 
  93      DFB929F9 
  93      E9
  94 023b E89D7B36 		.ascii	"\350\235{6\342\262\211m\300\347?\004\207\341\240O'\224"
  94      E2B2896D 
  94      C0E73F04 
  94      87E1A04F 
  94      2794
  95 024d 052E4139 		.ascii	"\005.A9\\\246+B'\232\211u\310jR\332\220U\234\002\346"
  95      5CA62B42 
ARM GAS  /tmp/ccryfi1b.s 			page 7


  95      279A8975 
  95      C86A52DA 
  95      90559C02 
  96 0262 3E619623 		.ascii	">a\226#`V\316+\323\234W\3438\355HCW\336\257\230\373"
  96      6056CE2B 
  96      D39C57E3 
  96      38ED4843 
  96      57DEAF98 
  97 0277 44718C9D 		.ascii	"Dq\214\235 #\325+L\233\212f\366\000\374\375\333S\246"
  97      2023D52B 
  97      4C9B8A66 
  97      F600FCFD 
  97      DB53A6
  98 028a 93A28A02 		.ascii	"\223\242\212\002\274\304\002\342\370KX\321Pg\257\231"
  98      BCC402E2 
  98      F84B58D1 
  98      5067AF99 
  99 029a 8D56CA86 		.ascii	"\215V\312\206\340\254\255\372Q\237iF\314A\323\357\034"
  99      E0ACADFA 
  99      519F6946 
  99      CC41D3EF 
  99      1C
 100 02ab 09F5FF2C 		.ascii	"\011\365\377,=4-\375\032\232\221I\034+\213F\247c\251"
 100      3D342DFD 
 100      1A9A9149 
 100      1C2B8B46 
 100      A763A9
 101 02be EA348434 		.ascii	"\3524\2044\222Lt\376\247\206\270\316\277\361\273\363"
 101      924C74FE 
 101      A786B8CE 
 101      BFF1BBF3 
 102 02ce 2D337AF8 		.ascii	"-3z\370:\365C\3348\204?a\317w\021^\211\037\207\356A"
 102      3AF543DC 
 102      38843F61 
 102      CF77115E 
 102      891F87EE 
 103 02e3 74DD2097 		.ascii	"t\335 \227u\006\325M\321Zas\034:\376:\016\335b\034z"
 103      7506D54D 
 103      D15A6173 
 103      1C3AFE3A 
 103      0EDD621C 
 104 02f8 701C46C0 		.ascii	"p\034F\300\027\361o#\205\223<\211\261W\220\004\031)"
 104      17F16F23 
 104      85933C89 
 104      B1579004 
 104      1929
 105 030a FCF6C002 		.ascii	"\374\366\300\002\314\231t\350\201\212\363\015t]\214"
 105      CC9974E8 
 105      818AF30D 
 105      745D8C
 106 0319 5AE87068 		.ascii	"Z\350phY\271\356M\356\3659Z\201W\363\024i^\217Ss\346"
 106      59B9EE4D 
 106      EEF5395A 
 106      8157F314 
 106      695E8F53 
 107 032f E6B9F29C 		.ascii	"\346\271\362\234\005\036\227\303\311d\257\273\314\005"
 107      051E97C3 
ARM GAS  /tmp/ccryfi1b.s 			page 8


 107      C964AFBB 
 107      CC05
 108 033d 858E58A0 		.ascii	"\205\216X\240\253\244H\313\312\316Y\233\243\271\363"
 108      ABA448CB 
 108      CACE599B 
 108      A3B9F3
 109 034c 9D5B8A37 		.ascii	"\235[\2127\2734\202ot\346\255.\316w:rg\341\235\306\345"
 109      BB34826F 
 109      74E6AD2E 
 109      CE773A72 
 109      67E19DC6 
 110 0361 7A4BBD88 		.ascii	"zK\275\210X:\003QX\340)\362j\2536dge\227 L\020n\315"
 110      583A0351 
 110      58E029F2 
 110      6AAB3664 
 110      67659720 
 111 0379 CC43ACCD 		.ascii	"\314C\254\315Y\350uoNs3+\352*\360\224\232\006\027\032"
 111      59E8756F 
 111      4E73332B 
 111      EA2AF094 
 111      9A06171A 
 112 038d 7E02DBEA 		.ascii	"~\002\333\352\033#"
 112      1B23
 113              		.text
 114              		.section	.gnu.lto_chCoreAllocI.4e60c68a87311f5c,"",%progbits
 115 0000 789C8D52 		.ascii	"x\234\215R\317k\023Q\020\236yo7\233&[R\304S.*\265\004"
 115      CF6B1351 
 115      109E796F 
 115      379B265B 
 115      52C4532E 
 116 0017 151290E2 		.ascii	"\025\022\220\342\311\203\340\305\233\007\377\003C\240"
 116      C983E0C5 
 116      9B07FF03 
 116      43A0
 117 0025 39944AE2 		.ascii	"9\224J\342I(}I\323hAD\242\207\202U\021)&US\033\255?"
 117      49287D49 
 117      D3684144 
 117      A2878255 
 117      11292655 
 118 003d 2A85801A 		.ascii	"*\205\200\032\253\264j(\255E\245\026l\245\236lm!\211"
 118      ABB46A28 
 118      AD45A516 
 118      6CA59E6C 
 118      6D2189
 119 0050 5AD799DD 		.ascii	"Z\327\231\335\032\374\321\203\017v\337\314\360}\337"
 119      1AFCD183 
 119      0F76DFCC 
 119      F07DDF
 120 005f 7C6FDE93 		.ascii	"|o\336\223\360\357j\245o\257\004\330M;\352\200\342\354"
 120      F0EF6AA5 
 120      6FAF04D8 
 120      4D3BEA80 
 120      E2EC
 121 0071 0B80845B 		.ascii	"\013\200\204[\010m\311\000\345\221\331\022\2002%jN]"
 121      086DC900 
 121      E591D912 
 121      8032256A 
ARM GAS  /tmp/ccryfi1b.s 			page 9


 121      4E5D
 122 0083 43E40010 		.ascii	"C\344\000\020\272\204\324\260\013?\211\025\201\017\362"
 122      BA84D4B0 
 122      0B3F8915 
 122      810FF2
 123 0092 6B93DE25 		.ascii	"k\223\336%Q\023\260\035(\035\315\214\367\2718E\215\323"
 123      5113B01D 
 123      281DCD8C 
 123      F7B93845 
 123      8DD3
 124 00a4 4C697459 		.ascii	"LitY\017\014(\225\\.\224\337\231=\207jB\300\252\000"
 124      0F0C2895 
 124      5C2E94DF 
 124      993D876A 
 124      42C0AA00 
 125 00b8 BC867ECC 		.ascii	"\274\206~\314\242\237\345r\030 \344\253g\211\267>\271"
 125      A29FE572 
 125      1820E4AB 
 125      6789B73E 
 125      B9
 126 00c9 1399B5F6 		.ascii	"\023\231\265\366\371\321\254\331r\225X\305\207\005u"
 126      F9D1ACD9 
 126      729558C5 
 126      870575
 127 00d8 40AB0989 		.ascii	"@\253\011\211\203(\177\347Q\011\360:\2660\274\232\355"
 127      83287FE7 
 127      5109F03A 
 127      B630BC9A 
 127      ED
 128 00e9 1D137297 		.ascii	"\035\023r\227M\375P>w\331l\276B\324\371\323\003%S\215"
 128      4DFD503E 
 128      77D96CBE 
 128      42D4F9D3 
 128      0325538D 
 129 00fd ABD4BC65 		.ascii	"\253\324\274em\243\266x\343O\005g\021e%\265\376\332"
 129      6DA3B678 
 129      E34F0567 
 129      116525B5 
 129      FEDA
 130 010f EB4A29A5 		.ascii	"\353J)\245\232\360&6\263=r\225G\027\322>\264\245\250"
 130      9AF02636 
 130      B33D7295 
 130      4717D23E 
 130      B4A5A8
 131 0122 2C6BF549 		.ascii	",k\365I\246w\317\240\360!\365%/\334X\243P\323m\017\006"
 131      A677CFA0 
 131      F021F525 
 131      2FDC58A3 
 131      50D36D0F 
 132 0137 85BA9B7E 		.ascii	"\205\272\233~\256\006\216<\034y\371g2\246\221k\000\013"
 132      AE068E3C 
 132      1C79F967 
 132      32A6916B 
 132      000B
 133 0149 A4CAE35B 		.ascii	"\244\312\343[\244\001\320.\337`w&]\312\265r\243\212"
 133      A401D02E 
 133      DF607726 
ARM GAS  /tmp/ccryfi1b.s 			page 10


 133      5DCAB572 
 133      A38A
 134 015b D02A4292 		.ascii	"\320*B\222\225\312\367\247=>\236\2364\000\207\310$\241"
 134      95CAF7A7 
 134      3D3E9E9E 
 134      340087C8 
 134      24A1
 135 016d AAE9C7E8 		.ascii	"\252\351\307\350\200t\302\021h$y\377\253n\203\252\226"
 135      8074C211 
 135      682479FF 
 135      AB6E83AA 
 135      96
 136 017e 65F9006F 		.ascii	"e\371\000o\021p\006\205m\231\354\020\220x\311\314\360"
 136      11700685 
 136      6D99EC10 
 136      9078C9CC 
 136      F0
 137 018f E417DD21 		.ascii	"\344\027\335!\032\304\2724u&/:\277\251S\312]\023\306"
 137      1AC4BA34 
 137      75262F3A 
 137      BFA953CA 
 137      5D13C6
 138 01a2 BA70CEFE 		.ascii	"\272p\316\376~\341e\331\315Z\206\235f\023\251~\274\210"
 138      7EE165D9 
 138      CD5A869D 
 138      6613A97E 
 138      BC88
 139 01b4 17128A51 		.ascii	"\027\022\212Q:\016c'\026xVx\233\312\254:k8\222nR\265"
 139      3A0E6327 
 139      16785678 
 139      9BCAAC3A 
 139      6B38926E 
 140 01ca BB6C786B 		.ascii	"\273lxk\330\244\005n\252y\247\2569\362\227\246\207d"
 140      D8A4056E 
 140      AA79A7AE 
 140      39F297A6 
 140      8764
 141 01dc F8C4E75D 		.ascii	"\370\304\347]N\356\265\333x\0302wr\277S3\251\014\323"
 141      4EEEB5DB 
 141      78183277 
 141      72BF5333 
 141      A90CD3
 142 01ef 989AE8F6 		.ascii	"\230\232\350\366\327\013\272}\223\213\364\"\350\305"
 142      D70BBA7D 
 142      938BF422 
 142      E8C5
 143 01fd CA194C16 		.ascii	"\312\031L\026\307\236;\323\240\353\334\320\354K\377"
 143      C79E3BD3 
 143      A0EBDCD0 
 143      EC4BFF
 144 020c C8ED7318 		.ascii	"\310\355s\030\215T\3725#\333\375\177[\277[\267~\217"
 144      8D54FA35 
 144      23DBFD7F 
 144      5BBF5BB7 
 144      7E8F
 145 021e CAA464B7 		.ascii	"\312\244d\267\325\354\373\234\303D\023T\230\370\021"
 145      D5ECFB9C 
ARM GAS  /tmp/ccryfi1b.s 			page 11


 145      C3441354 
 145      98F811
 146 022d 11037E31 		.ascii	"\021\003~11\265\225\032\311\376i\223\356\036\031C3\337"
 146      31B5951A 
 146      C9FE6993 
 146      EE1E1943 
 146      33DF
 147 023f 110C860E 		.ascii	"\021\014\206\016\266E\217F\017\037\011u\304C\261\343"
 147      B6458F46 
 147      0F1F0975 
 147      C443B1E3 
 148 024f A1782C1C 		.ascii	"\241x,\034\012\267\265G\332\303\035\261H0\014Z<z\"\202"
 148      0AB7B547 
 148      DAC31DB1 
 148      48300C5A 
 148      3C7A2282 
 149 0263 C77E0294 		.ascii	"\307~\002\224C$\\"
 149      43245C
 150              		.text
 151              		.section	.gnu.lto_chCoreGetStatusX.4e60c68a87311f5c,"",%progbits
 152 0000 789C6D4F 		.ascii	"x\234mO=KCQ\014Mr\337\227t\021\307\342\2408t\353\373"
 152      3D4B4351 
 152      0C4D72DF 
 152      977411C7 
 152      E2A03874 
 153 0016 11FE0007 		.ascii	"\021\376\000\007\377\200\370(\264\203\024Z\327\322\333"
 153      FF80F828 
 153      B483145A 
 153      D7D2DB
 154 0025 5AD04144 		.ascii	"Z\320ADJ\207\212\237\010b\375j\321M'G\027\025\021|\352"
 154      4A878A9F 
 154      0862FD6A 
 154      D14D2747 
 154      1715117C 
 155 003a D00E56D0 		.ascii	"\320\016V\320\315\242 EJM|\305A{!79I8\347D\301\377\027"
 155      CDA22045 
 155      4A4D7CC5 
 155      417B2137 
 155      394938E7 
 156 0052 E62823C0 		.ascii	"\346(#\300\030gT\200\264|\005\220s\010Q\012@\310\022"
 156      18675480 
 156      B47C0590 
 156      7308510A 
 156      40C812
 157 0065 66F1955A 		.ascii	"f\361\225Z\204\247\325\217\313\320\013\265\011F\200"
 157      84A7D58F 
 157      CBD00BB5 
 157      094680
 158 0074 E159F1A2 		.ascii	"\341Y\361\242l\011DC\240\177W\366\007\";Z\347\337N\374"
 158      6C094443 
 158      A07F57F6 
 158      07223B5A 
 158      E7DF4EFC 
 159 0088 A995D216 		.ascii	"\251\225\322\026O\010\336\011p\027\303XA\021\302=\214"
 159      4F08DE09 
 159      7017C358 
 159      4111C23D 
ARM GAS  /tmp/ccryfi1b.s 			page 12


 159      8C
 160 0099 C86EABD0 		.ascii	"\310n\253\320\361CVAk=(\033<\330G\213M@m\350\\w\273"
 160      F1435641 
 160      6B3D281B 
 160      3CD8478B 
 160      4D406DE8 
 161 00b0 4F9B8B0F 		.ascii	"O\233\213\017\206C\320&\245\3703\014\251L\251,\371l"
 161      8643D026 
 161      A5F8330C 
 161      A94CA92C 
 161      F96C
 162 00c2 10666872 		.ascii	"\020fhr\210\307g\006\234\325#\346\213\307\215m[\270"
 162      88C76706 
 162      9CD523E6 
 162      8BC78D6D 
 162      5BB8
 163 00d4 3E490C6F 		.ascii	">I\014o\334.U)\363\245\027\264\323&\263#B\334m4\257"
 163      DC2E5529 
 163      F3A517B4 
 163      D326B323 
 163      42DC6D34 
 164 00e9 6F1CF16D 		.ascii	"o\034\361m\376\300J\256\260\206\353\270\232\323\262"
 164      FEC04AAE 
 164      B086EBB8 
 164      9AD3B2
 165 00f8 A5F00033 		.ascii	"\245\360\0003x(n\361\210\333\300\254\367=J\305\254\202"
 165      78286EF1 
 165      88DBC0AC 
 165      F73D4AC5 
 165      AC82
 166 010a 8B1860A3 		.ascii	"\213\030`\243\217\004\366\345\254\376r\326\376p\232"
 166      8F04F6E5 
 166      ACFE72D6 
 166      FE709A
 167 0119 4CC378AE 		.ascii	"L\303x\256d\0058\2201e\245>?\034\364lnC\035{\2526\310"
 167      64053890 
 167      3165A53E 
 167      3F1CF46C 
 167      6E431D7B 
 168 0130 E92827F3 		.ascii	"\351('\363A\243\321\250;\036OL'&&\335d\332M\315\272"
 168      41A3D1A8 
 168      3B1E4F4C 
 168      272626DD 
 168      64DA4DCD 
 169 0145 E994E77A 		.ascii	"\351\224\347z\361\231\330\214\227L\305\242\036|\003"
 169      F199D88C 
 169      974CC5A2 
 169      1E7C03
 170 0154 E00A9570 		.ascii	"\340\012\225p"
 171              		.text
 172              		.section	.gnu.lto_.symbol_nodes.4e60c68a87311f5c,"",%progbits
 173 0000 789C558A 		.ascii	"x\234U\212\273\015\2000\020\305\374\356\024\211\222"
 173      BB0D8030 
 173      10C5FCEE 
 173      148992
 174 000f 21D9E3AD 		.ascii	"!\331\343\255@\307?\312D\314\204\"Q\200;[N`\342%6\031"
 174      40C73FCA 
ARM GAS  /tmp/ccryfi1b.s 			page 13


 174      44CC8422 
 174      51803B5B 
 174      4E60E225 
 175 0025 E61B6C6A 		.ascii	"\346\033lj\033(\227\030MY\244\026\316R\025]We\327\330"
 175      1B289718 
 175      4D59A416 
 175      CE52155D 
 175      5765D7D8 
 176 0039 657DF738 		.ascii	"e}\3678\344\370\205S\316o\340\001\346\267\031V"
 176      E4F88553 
 176      CE6FE001 
 176      E6B71956 
 177              		.text
 178              		.section	.gnu.lto_.refs.4e60c68a87311f5c,"",%progbits
 179 0000 789C25C9 		.ascii	"x\234%\311\271\015\200@\020\004\301\236\347\366\300"
 179      B90D8040 
 179      1004C19E 
 179      E7F6C0
 180 000f 404442FE 		.ascii	"@DB\376\351\201D\271\025\340\341W,\311\313\031\365\314"
 180      E98144B9 
 180      15E0E157 
 180      2CC9CB19 
 180      F5CC
 181 0021 A2830FF9 		.ascii	"\242\203\017\371\316\320/G\276\274\251px\001\027<\000"
 181      CED02F47 
 181      BEBCA970 
 181      7801173C 
 181      00
 182 0032 C4       		.ascii	"\304"
 183              		.text
 184              		.section	.gnu.lto_.decls.4e60c68a87311f5c,"",%progbits
 185 0000 789C8554 		.ascii	"x\234\205TkL\024W\024\236\2733,\354\262\256\306DlH\223"
 185      6B4C1457 
 185      149EBB33 
 185      2CECB2AE 
 185      C6446C48 
 186 0015 D298989A 		.ascii	"\322\230\230\232*\223\264\306\330_\326\222\324Gj\265"
 186      2A93B4C6 
 186      D85FD692 
 186      D4476AB5 
 187 0025 25264DFC 		.ascii	"%&M\3741]\206iw\343\262\320\235\335V\232\376\030\245"
 187      315D8669 
 187      77E3B2D0 
 187      9DDD569A 
 187      FE18A5
 188 0038 5AAAD407 		.ascii	"Z\252\324\007\242\242E\003\010\250\010\262\026\005\004"
 188      A2A24503 
 188      08A808B2 
 188      160504
 189 0047 AC501456 		.ascii	"\254P\024V^\242b\005A]@\021\213\264\250\330J\215l\317"
 189      5EA26205 
 189      415D4011 
 189      8BB4A8D8 
 189      4A8D6CCF 
 190 005b BD33B33B 		.ascii	"\2753\263;+J'9\273\367\3349\347\373\276s\316\235KS\024"
 190      2B4A2739 
 190      BBF7DC39 
ARM GAS  /tmp/ccryfi1b.s 			page 14


 190      E7FBBE73 
 190      CE9D4B53 
 191 0070 958128CA 		.ascii	"\225\201(\312\017O_8EE\352(*\014\366\326P\301\207\001"
 191      0F4F5F38 
 191      4545EA28 
 191      2A0CF6D6 
 191      50C18701 
 192 0084 2B013B0D 		.ascii	"+\001;\015V\011V\255\354]\000\363\2025\203\265R\241"
 192      560956AD 
 192      EC5D00F3 
 192      823583B5 
 192      52A1
 193 0096 0F8ED72B 		.ascii	"\017\216\327+8\313\301\032\301\332\300\032\300\332\225"
 193      38CBC11A 
 193      C1DAC01A 
 193      C0DA95
 194 00a5 18A4C4FD 		.ascii	"\030\244\304\375\037\026\3465\200\231\301L`\253\301"
 194      1F16E635 
 194      8099C14C 
 194      60ABC1
 195 00b4 3C1ADC95 		.ascii	"<\032\334\225`]\032\334\010%\347\006X/\230O\321\335"
 195      605D1ADC 
 195      0825E706 
 195      582F984F 
 195      D1DD
 196 00c6 0F7607EC 		.ascii	"\017v\007\354\036\230N\341\361\276\300U\251\344O\305"
 196      1E984EE1 
 196      F1BEC055 
 196      A9E44FC5 
 197 00d6 A5D55F39 		.ascii	"\245\325_9\005V\265\322\003\025\313\363\012\214\352"
 197      0556B5D2 
 197      0315CBF3 
 197      0A8CEA
 198 00e5 29301EEA 		.ascii	")0\036\352\320\231\023cm\221C:d6\306`\267:\323\233\255"
 198      D0991363 
 198      6D91433A 
 198      6436C660 
 198      B73AD39B 
 199 00fa 07D76464 		.ascii	"\007\327dd\260[\363\254\277\223\231\275G\202gg\2324"
 199      B05BF3AC 
 199      BF9399BD 
 199      47826767 
 199      9A34
 200 010c 83416BA2 		.ascii	"\203Ak\242\320\021\024\215\216\242h@?\206f\303\357:"
 200      D011148D 
 200      8EA26840 
 200      3F8666C3 
 200      EF3A
 201 011e 46463A78 		.ascii	"FF:x$\253\223\241u\010\257\017g\367u\032\347\027CZ\272"
 201      24AB93A1 
 201      7508AF0F 
 201      67F7751A 
 201      E717435A 
 202 0133 54378482 		.ascii	"T7\204\202t\273v7w\231b\016I\271\236\321\222\332-\364"
 202      74BB7637 
 202      7799620E 
 202      49B99ED1 
ARM GAS  /tmp/ccryfi1b.s 			page 15


 202      92DA2DF4 
 203 0147 7E297793 		.ascii	"~)w\2234\341\367#\002\206\212\021\215\216\243\371D:"
 203      34E1F723 
 203      02868A11 
 203      8D8EA3F9 
 203      443A
 204 0159 ACE51A4A 		.ascii	"\254\345\032JP\014$\326\026\235\014\243\027\021\360"
 204      500C24D6 
 204      169D0CA3 
 204      1711F0
 205 0168 8D453519 		.ascii	"\215E5\031\341\240q\271\221@\336\376y\274\300@\\|\314"
 205      E1A071B9 
 205      9140DEFE 
 205      79BCC040 
 205      5C7CCC
 206 017b A6C396EE 		.ascii	"\246\303\226\356\322\361\362>\0232\316M\227\244MX\270"
 206      D2F1F23E 
 206      1332CE4D 
 206      97A44D58 
 206      B8
 207 018c C16BA602 		.ascii	"\301k\246\002\272\321I4\027\202\011\021:\001\233e\260"
 207      BAD14934 
 207      17820911 
 207      3A019B65 
 207      B0
 208 019d 59005247 		.ascii	"Y\000RG\237w\265\317\226$\006y\220\021\225\006\244\020"
 208      9F77B5CF 
 208      96240679 
 208      90119506 
 208      A410
 209 01af 1E45FE83 		.ascii	"\036E\376\203\361\274\277L\014\264\223\304\254#=\332"
 209      F1BCBF4C 
 209      0CB493C4 
 209      AC233DDA 
 210 01bf 72AD743C 		.ascii	"r\255t<B\333\243\325&M\217\312I\217~AJ\223v\\\333^6"
 210      42DBA3D5 
 210      264D8FCA 
 210      498F7E41 
 210      4A93765C 
 211 01d6 9D4E2175 		.ascii	"\235N!u\014wVu\233\225^T7i{\001I\350\224\246\027\247"
 211      0C775675 
 211      9B955E54 
 211      37697B01 
 211      49E894A6 
 212 01ec D45E9C26 		.ascii	"\324^\234&\275\310\334~\350\241\231\376\216\200\244"
 212      BDC8DC7E 
 212      E8A199FE 
 212      8E80A4
 213 01fb 37F7ED0E 		.ascii	"7\367\355\016\003\020\237'w[\241\336+\325\371\375\347"
 213      03109F27 
 213      775BA1DE 
 213      2BD5F9FD 
 213      E7
 214 020c 2444102A 		.ascii	"$D\020*4\010\025*B%A\270\376\274b\217^\253\031\227\023"
 214      3408152A 
 214      422541B8 
 214      FEBC628F 
ARM GAS  /tmp/ccryfi1b.s 			page 16


 214      5EAB1997 
 215 0221 145D1532 		.ascii	"\024]\0252\330\326\363\371\305f\372GD\370r\262\306v"
 215      D8D6F3F9 
 215      C566FA47 
 215      44F872B2 
 215      C676
 216 0233 3244B4AF 		.ascii	"2D\264\257fs\243I\"\214K\"p\012:\243!<\243\022V\023"
 216      6673A349 
 216      228C4B22 
 216      700A3AA3 
 216      213CA312 
 217 0249 C27D97BB 		.ascii	"\302}\227\273*\031\372\200\214\261\265\347Xk8\235\217"
 217      2A19FA80 
 217      8CB1B5E7 
 217      586B389D 
 217      8F
 218 025a 42A61925 		.ascii	"B\246\031%Os{\313\201z\232\270~\374Z\22790V\210\324"
 218      4F737BCB 
 218      817A9AB8 
 218      7EFC5A97 
 218      39305688 
 219 026f 518E664A 		.ascii	"Q\216fJ\364k\024\232\037\215\346\301\034\353`\216Q\312"
 219      F46B149A 
 219      1F8DE6C1 
 219      1CEB608E 
 219      51CA
 220 0281 1CCF82F6 		.ascii	"\034\317\202\366_\3259\366\026\356x\035\317\361\034"
 220      5FD539F6 
 220      16EE781D 
 220      CFF11C
 221 0290 14551B9C 		.ascii	"\024U\033\234cT`\216:\337\365\302O^\016\372\333\253"
 221      6354608E 
 221      3ADFF5C2 
 221      4F5E0EFA 
 221      DBAB
 222 02a2 402FFED0 		.ascii	"@/\376\3202\013\203\326\003hM\020\0248\002\247\243\271"
 222      320B83D6 
 222      03684D10 
 222      143802A7 
 222      A3B9
 223 02b4 F571B96E 		.ascii	"\365q\271n\346N\322UI\212A8\226\364\240\001\315\014"
 223      E64ED255 
 223      498A4138 
 223      96F4A001 
 223      CD0C
 224 02c6 04B5D7D7 		.ascii	"\004\265\327\327\347 z\233\374\235\374t\362\302ezN\236"
 224      E7207A9B 
 224      FC9DFC74 
 224      F2C2657A 
 224      4E9E
 225 02d8 E493464B 		.ascii	"\344\223FK:\266\314\332(\365A.\364\023\341\024t^\355"
 225      3AB6CCDA 
 225      28F5412E 
 225      F413E114 
 225      745EED
 226 02eb A1B24017 		.ascii	"\241\262@\027\320\034H\352\351\315\310B\246\255\301"
 226      D01C48EA 
ARM GAS  /tmp/ccryfi1b.s 			page 17


 226      E9CDC842 
 226      A6ADC1
 227 02fa B34D3405 		.ascii	"\263M4\005\247\327\210L\012\327\255\262se:z\277\314"
 227      A7D7884C 
 227      0AD7ADB2 
 227      73653A7A 
 227      BFCC
 228 030c B5396FE3 		.ascii	"\2659o\343`\030pI\371\276\211+\211u\337K\344\260\341"
 228      60187049 
 228      F9BE892B 
 228      8975DF4B 
 228      E4B0E1
 229 031f 68D424D7 		.ascii	"h\324$\327\243\301hR\030\275\2041\267w\354o3\235'\343"
 229      A3C16852 
 229      18BD8431 
 229      B777EC6F 
 229      339D27E3 
 230 0333 3C6A3CFB 		.ascii	"<j<\373\004\021\315\276c\015+s\263%\311\347\367\277"
 230      0411CDBE 
 230      630D2B73 
 230      B325C9E7 
 230      F7BF
 231 0345 41045F54 		.ascii	"A\004_T\005+\013\324L\322\323\237\027f!\372\204\234"
 231      052B0BD4 
 231      4CD2D39F 
 231      176621FA 
 231      849C
 232 0357 FE60FC89 		.ascii	"\376`\374\211(\253\360\277\240\242e\222\212\026\005"
 232      28ABF0BF 
 232      A0A26592 
 232      8A1605
 233 0366 A695C00C 		.ascii	"\246\225\300\014\3677>\322\207\324\2159\203\321mr\335"
 233      F7373ED2 
 233      87D48D39 
 233      83D16D72 
 233      DD
 234 0377 F81FA2BB 		.ascii	"\370\037\242\273\372\233F\230\220h\314\021\214nW\242"
 234      FA9B4698 
 234      9068CC11 
 234      8C6E57A2 
 235 0387 DB49B4F7 		.ascii	"\333I\264\367\370\301\317\351\323D!3\220\343\251\230"
 235      F8C1CFE9 
 235      D3442133 
 235      90E3A998 
 236 0397 8EE64647 		.ascii	"\216\346FG\033\013\310\005\366>\272\012\375\275\244"
 236      1B0BC805 
 236      F63EBA0A 
 236      FDBDA4
 237 03a6 D4263FD9 		.ascii	"\324&?\331\260\377t\011~\001\313\010\362\377\222\303"
 237      B0FF7409 
 237      7E01CB08 
 237      F2FF92C3 
 238 03b6 D4018709 		.ascii	"\324\001\207\011\277\242\320\025\340\275\014\274\370"
 238      BFA2D015 
 238      E0BD0CBC 
 238      F8
 239 03c3 C0D7955E 		.ascii	"\300\327\225^\015'7\356b\354\376s\3307\214\310\215\033"
ARM GAS  /tmp/ccryfi1b.s 			page 18


 239      0D2737EE 
 239      62ECFE73 
 239      D8378CC8 
 239      8D1B
 240 03d5 8EDDCCCD 		.ascii	"\216\335\314\315UUf\342\352\261[P0\272w\2321]\371Pq"
 240      555566E2 
 240      EAB15B50 
 240      30BA779A 
 240      315DF950 
 241 03ea 1526EDA8 		.ascii	"\025&\355\250\257\023\360\267\242\321\3572\366H\332"
 241      AF13F0B7 
 241      A2D1EF32 
 241      F648DA
 242 03f9 70A95E7B 		.ascii	"p\251^{\002\261\362N\010\277F\302\273\3609\224\223\210"
 242      02B1F24E 
 242      08BF46C2 
 242      BBF03994 
 242      9388
 243 040b 0319F507 		.ascii	"\003\031\365\007\216\3543\320\325\362l\216\366\372o"
 243      8EEC33D0 
 243      D5F26C8E 
 243      F6FA6F
 244 041a D2F071D7 		.ascii	"\322\360q\327yF3Z\376L\310L\223\012\310ps#\310\365\334"
 244      7946335A 
 244      FE4CC84C 
 244      930AC870 
 244      7323C8F5 
 245 042f ADF9BEBB 		.ascii	"\255\371\276\273\325Q\337 \337\367\235\316\207\222\221"
 245      D551DF20 
 245      DFF79DCE 
 245      879291
 246 043e 1E94618A 		.ascii	"\036\224a\212Fj\207\014\004\3063\3242\250\013\\l\037"
 246      466A870C 
 246      04C633D4 
 246      32A80B5C 
 246      6C1F
 247 0450 10941E0D 		.ascii	"\020\224\036\015J\217\212\322+\243\214\024\327E\322"
 247      4A8F8AD2 
 247      2BA38C14 
 247      D745D2
 248 045f 393441C9 		.ascii	"94A\311\273\337\275\303H\027\313\316H\323Dy\030\\\274"
 248      BBDFBDC3 
 248      4817CBCE 
 248      48D34479 
 248      185CBC
 249 0472 E816C9C0 		.ascii	"\350\026\311\300\363\335\335\361\314,k}\3326\274r_@"
 249      F3DDDDF1 
 249      CC2C6B7D 
 249      DA36BC72 
 249      5F40
 250 0484 6BBA8ED0 		.ascii	"k\272\216\320\334Ti\320m\270|\261+3\371\010S\305\215"
 250      DC5469D0 
 250      6DB87CB1 
 250      2B33F908 
 250      53C58D
 251 0497 5DFB4DF4 		.ascii	"]\373M\364=\031|\242b\357\277:\265\354\307\223\312\356"
 251      3D197CA2 
ARM GAS  /tmp/ccryfi1b.s 			page 19


 251      62EFBF3A 
 251      B5ECC793 
 251      CAEE
 252 04a9 D308EE53 		.ascii	"\323\010\356Sa\372\011\314\241\216\233\367\031\372\261"
 252      61FA09CC 
 252      A18E9BF7 
 252      19FAB1
 253 04b8 0293D671 		.ascii	"\002\223\326q;L){\370\217\027\313\036\320\240\014\250"
 253      3B4C297B 
 253      F88F17CB 
 253      1ED0A00C 
 253      A8
 254 04c9 2877084A 		.ascii	"(w\010Js\303\225,\035\355\177U\245\376G\371Y&\245\322"
 254      73C3952C 
 254      1DED7F55 
 254      A5FE47F9 
 254      5926A5D2 
 255 04dd 91C1C995 		.ascii	"\221\301\311\225\336\015T:\210+\275\253\202\337C1\224"
 255      DE0D543A 
 255      882BBDAB 
 255      82DF4331 
 255      94
 256 04ee 91E3939D 		.ascii	"\221\343\223\235\002gs\330\\\372e\037\257\215\211\243"
 256      026773D8 
 256      5CFA651F 
 256      AF8D89A3 
 257 04fe DE8C8D65 		.ascii	"\336\214\215e\343\254\266\004\333\352x6Yd\235.Vt\362"
 257      E3ACB604 
 257      DBEA7836 
 257      59649D2E 
 257      5674F2
 258 0511 2C6F4D12 		.ascii	",oM\022\222ph,O\351E\333\267\002\347z\207u\213N\326"
 258      9270682C 
 258      4FE945DB 
 258      B702E77A 
 258      87758B4E 
 259 0526 6E4B60BF 		.ascii	"nK`\277\344y\326\342LZ\340Hv\010\013\004K\202\215]\030"
 259      E479D6E2 
 259      4C5AE048 
 259      76080B04 
 259      4B828D5D 
 260 053b FB5EECBB 		.ascii	"\373^\354\273\254\315\301\333\335\211\002+\272\022\023"
 260      ACCDC1DB 
 260      DD89022B 
 260      BA1213
 261 054a 852F62AD 		.ascii	"\205/b\255T$o\215\003\214\245v{2o\322\254W\314\220\235"
 261      54246F8D 
 261      038CA576 
 261      7B326FD2 
 261      AC57CC90 
 262 055f 65822BDE 		.ascii	"e\202+\336eq\271\305\317\302\3356\207k1\3472p\234\262"
 262      6571B9C5 
 262      CFC2DD36 
 262      876B31E7 
 262      32709CB2 
 263 0573 5A48E842 		.ascii	"ZH\350BiT\202$\013o\2659\004\226\003\032\213\333\356"
 263      69548224 
ARM GAS  /tmp/ccryfi1b.s 			page 20


 263      0B6FB539 
 263      0496031A 
 263      8BDBEE
 264 0586 E25CA929 		.ascii	"\342\\\251)\202\010\204\363\246H\022SE\226\003i\000"
 264      820884F3 
 264      A6481253 
 264      45960369 
 264      00
 265 0597 0F91D338 		.ascii	"\017\221\3238\316*XR\270\004\213(p\\\270C\330\340\202"
 265      CE2A5852 
 265      B8048B28 
 265      705CB843 
 265      D8E082
 266 05aa 8A4DCAAE 		.ascii	"\212M\312\256\340H\3448=\374\302\036\303[-N\003o\215"
 266      E048E438 
 266      3DFCC21E 
 266      C35B2D4E 
 266      036F8D
 267 05bd 4F153F4A 		.ascii	"O\025?J\346\327O\356\227J\300[\201\002\240\015)\311"
 267      E6D74FEE 
 267      974AC05B 
 267      8102A00D 
 267      29C9
 268 05cf 4E170765 		.ascii	"N\027\007e\256\177{R,~%\262K?]\025\267j\003$\220a|\275"
 268      AE7F7B52 
 268      2C7E25B2 
 268      4B3F5D15 
 268      B76A0324 
 269 05e7 28491694 		.ascii	"(I\026\224h\023-\011v\230\216\363\253i\026\3737\226"
 269      68132D09 
 269      76988EF3 
 269      AB6916FB 
 269      3796
 270 05f9 54110665 		.ascii	"T\021\006e\207BcCq@+\033\267*~E|\220\032\343\360I\037"
 270      87426343 
 270      71402B1B 
 270      B72A7E45 
 270      7C901AE3 
 271 0610 BA1DBCDC 		.ascii	"\272\035\274\334v\020\273\326\201%D\0221n\262\206\352"
 271      7610BBD6 
 271      81254412 
 271      316EB286 
 271      EA
 272 0621 0487CAF0 		.ascii	"\004\207\312\360\037m^h9"
 272      1F6D5E68 
 272      39
 273              		.text
 274              		.section	.gnu.lto_.symtab.4e60c68a87311f5c,"",%progbits
 275 0000 5F636F72 		.ascii	"_core_init\000\000\000\000\000\000\000\000\000\000\000"
 275      655F696E 
 275      69740000 
 275      00000000 
 275      00000000 
 276 0015 00AC0000 		.ascii	"\000\254\000\000\000chCoreAlloc\000\000\000\000\000"
 276      00636843 
 276      6F726541 
 276      6C6C6F63 
ARM GAS  /tmp/ccryfi1b.s 			page 21


 276      00000000 
 277 002a 00000000 		.ascii	"\000\000\000\000\000\000\000\265\000\000\000chCoreA"
 277      000000B5 
 277      00000063 
 277      68436F72 
 277      6541
 278 003c 6C6C6F63 		.ascii	"llocI\000\000\000\000\000\000\000\000\000\000\000\000"
 278      49000000 
 278      00000000 
 278      00000000 
 278      00
 279 004d B7000000 		.ascii	"\267\000\000\000chCoreGetStatusX\000\000\000\000\000"
 279      6368436F 
 279      72654765 
 279      74537461 
 279      74757358 
 280 0066 00000000 		.ascii	"\000\000\000\000\000\000\000\272\000\000\000__heap_"
 280      000000BA 
 280      0000005F 
 280      5F686561 
 280      705F
 281 0078 62617365 		.ascii	"base__\000\000\002\000\000\000\000\000\000\000\000\000"
 281      5F5F0000 
 281      02000000 
 281      00000000 
 281      0000
 282 008a C5000000 		.ascii	"\305\000\000\000__heap_end__\000\000\002\000\000\000"
 282      5F5F6865 
 282      61705F65 
 282      6E645F5F 
 282      00000200 
 283 00a0 00000000 		.ascii	"\000\000\000\000\000\000\312\000\000\000"
 283      0000CA00 
 283      0000
 284              		.text
 285              		.section	.gnu.lto_.opts,"",%progbits
 286 0000 272D666E 		.ascii	"'-fno-trapv' '-mcpu=cortex-m0' '-mno-thumb-interwor"
 286      6F2D7472 
 286      61707627 
 286      20272D6D 
 286      6370753D 
 287 0033 6B272027 		.ascii	"k' '-mthumb' '-ggdb' '-O2' '-fomit-frame-pointer' '"
 287      2D6D7468 
 287      756D6227 
 287      20272D67 
 287      67646227 
 288 0066 2D66616C 		.ascii	"-falign-functions=16' '-ffunction-sections' '-fdata"
 288      69676E2D 
 288      66756E63 
 288      74696F6E 
 288      733D3136 
 289 0099 2D736563 		.ascii	"-sections' '-fno-common' '-flto'\000"
 289      74696F6E 
 289      73272027 
 289      2D666E6F 
 289      2D636F6D 
 290              		.text
ARM GAS  /tmp/ccryfi1b.s 			page 22


 291              		.comm	__gnu_lto_v1,1,1
 292              		.comm	__gnu_lto_slim,1,1
 293              		.ident	"GCC: (GNU Tools for ARM Embedded Processors) 4.9.3 20150529 (release) [ARM/embedded-4_9-br
ARM GAS  /tmp/ccryfi1b.s 			page 23


DEFINED SYMBOLS
                            *ABS*:0000000000000000 chmemcore.c
                            *COM*:0000000000000001 __gnu_lto_v1
                            *COM*:0000000000000001 __gnu_lto_slim

NO UNDEFINED SYMBOLS
