ARM GAS  /tmp/ccQpPzij.s 			page 1


   1              		.syntax unified
   2              		.cpu cortex-m0
   3              		.fpu softvfp
   4              		.eabi_attribute 20, 1
   5              		.eabi_attribute 21, 1
   6              		.eabi_attribute 23, 3
   7              		.eabi_attribute 24, 1
   8              		.eabi_attribute 25, 1
   9              		.eabi_attribute 26, 1
  10              		.eabi_attribute 30, 2
  11              		.eabi_attribute 34, 0
  12              		.eabi_attribute 18, 4
  13              		.thumb
  14              		.syntax unified
  15              		.file	"chmsg.c"
  16              		.text
  17              	.Ltext0:
  18              		.section	.gnu.lto_.profile.e0106b31903a5351,"",%progbits
  19 0000 789C6361 		.ascii	"x\234ca`d`a`\000\222\376\032\000\0010\000\202"
  19      60646061 
  19      600092FE 
  19      1A000130 
  19      0082
  20              		.text
  21              		.section	.gnu.lto_.icf.e0106b31903a5351,"",%progbits
  22 0000 789C6361 		.ascii	"x\234ca`d\000\001\021\006\004`f\230\270\372\325L6\246"
  22      60640001 
  22      11060460 
  22      6698B8FA 
  22      D54C36A6 
  23 0014 935757AF 		.ascii	"\223WW\257df\336\376\362\367Tf\006\000_#\011\017"
  23      6466DEFE 
  23      F2F75466 
  23      06005F23 
  23      090F
  24              		.text
  25              		.section	.gnu.lto_.jmpfuncs.e0106b31903a5351,"",%progbits
  26 0000 789C6361 		.ascii	"x\234ca`d\000\201P\006\004`f`bdd\256\257gb\374\313\304"
  26      60640081 
  26      50060460 
  26      66606264 
  26      64AEAF67 
  27 0018 F8FBC594 		.ascii	"\370\373\305\224\233\214_\230Z\231\031\030y\030\227"
  27      9B8C5F98 
  27      5A991918 
  27      791897
  28 0027 33CA3030 		.ascii	"3\3120001U\202T1\001\021H\301\337;\215\377\230 \012"
  28      30315582 
  28      54310111 
  28      48C1DF3B 
  28      8DFF9820 
  29 003c F8185780 		.ascii	"\370\030W\200\0240\203\26432\262@\325U\202m\000\000"
  29      143083B4 
  29      3332B240 
  29      D555826D 
  29      0000
  30 004e 503C103D 		.ascii	"P<\020="
ARM GAS  /tmp/ccQpPzij.s 			page 2


  31              		.text
  32              		.section	.gnu.lto_.inline.e0106b31903a5351,"",%progbits
  33 0000 789C6361 		.ascii	"x\234ca`d\000\2018\006\004`f`\020\225eddP\000J1I\256"
  33      60640081 
  33      38060460 
  33      66601095 
  33      65646450 
  34 0019 38CCC8C0 		.ascii	"8\314\310\300y\303\214\011$\303\304\315\000T\017&'\370"
  34      79C38C09 
  34      24C3C4CD 
  34      00540F26 
  34      27F8
  35 002b 313108F2 		.ascii	"11\010\362\0039\022\007v32\260-\220GR\300\314\300!\000"
  35      03391207 
  35      763332B0 
  35      2D904752 
  35      C0CCC021 
  36 0040 94615920 		.ascii	"\224aY \017\227`\346\001JN\360\233\340\307\000\000\346"
  36      0F9760E6 
  36      014A4EF0 
  36      9BE0C700 
  36      00E6
  37 0052 730A59   		.ascii	"s\012Y"
  38              		.text
  39              		.section	.gnu.lto_.pureconst.e0106b31903a5351,"",%progbits
  40 0000 789C6361 		.ascii	"x\234ca`d\340b```f\330\305\310\264\213\221y\027#\000"
  40      6064E062 
  40      60606066 
  40      D8C5C8B4 
  40      8B917917 
  41 0016 0C1B0249 		.ascii	"\014\033\002I"
  42              		.text
  43              		.section	.gnu.lto_chMsgSend.e0106b31903a5351,"",%progbits
  44 0000 789C9555 		.ascii	"x\234\225U{lSe\024\377\316\375n\333\333\265[\247\321"
  44      7B6C5365 
  44      14FFCEFD 
  44      6EDBDBB5 
  44      5BA7D1
  45 0013 C498996C 		.ascii	"\304\230\231l\0322\211q7&\306G0$f\211\211\177,&,\321"
  45      1A328971 
  45      3726C647 
  45      30246689 
  45      897F2C26 
  46 0029 44494CEC 		.ascii	"DIL\354\032\267\304\261G\213\201\277v\367(\262D\005"
  46      1AB7C4B1 
  46      478B81BF 
  46      76F728B2 
  46      4405
  47 003b 15716C93 		.ascii	"\025ql\223\3058\262\011{\362\020\212\210\035{\3116\030"
  47      C538B209 
  47      7BF2108A 
  47      881D7BC9 
  47      3618
  48 004d 03E760CF 		.ascii	"\003\347`\317n\354\005\223H\235@\024\326z\316w/\260"
  48      6EEC0593 
  48      489D4014 
  48      D67ACE77 
ARM GAS  /tmp/ccQpPzij.s 			page 3


  48      2FB0
  49 005f B69BE897 		.ascii	"\266\233\350\227\364\336\373}\3379\277s\316\357<*3`"
  49      F4DEFB7D 
  49      DF39BF73 
  49      CEEF3C2A 
  49      3360
  50 0071 B476288C 		.ascii	"\264v(\214\315\343\373y\374\201\211\201\264\363,c\305"
  50      CDE3FB79 
  50      FC818981 
  50      B4F32C63 
  50      C5
  51 0082 8A24F12E 		.ascii	"\212$\361.\007\323\342\344\236\365L\263s\220\365c\031"
  51      07D3E2E4 
  51      9EF54CB3 
  51      7390F563 
  51      19
  52 0093 803E3405 		.ascii	"\200>4\005X\221\304e(\202\033\322\222\004\003e-\325"
  52      5891C465 
  52      28821BD2 
  52      92040365 
  52      2DD5
  53 00a5 FC4FC9CB 		.ascii	"\374O\311\313\031\310\270\015\236\251\274\234@[\200"
  53      19C8B80D 
  53      9EA9BC9C 
  53      405B80
  54 00b4 64DC4EFB 		.ascii	"d\334N\373\266]\223\327\326i\270\0023\013/\355\251\367"
  54      B65D93D7 
  54      D669B802 
  54      330B2FED 
  54      A9F7
  55 00c6 CB5E2EB1 		.ascii	"\313^.\261\260\304\240\036\222\240\016\222\310\366w"
  55      B0C4A01E 
  55      92A00E92 
  55      C8F677
  56 00d5 B016653B 		.ascii	"\260\026e;f\356\234\267\361d`\370]]\027\250\265\246"
  56      66EE9CB7 
  56      F16460F8 
  56      5D5D17A8 
  56      B5A6
  57 00e7 EED3B412 		.ascii	"\356\323\264\022M\273\225\245Y\275\234\303~\340\313"
  57      4DBB95A5 
  57      59BD9CC3 
  57      7EE0CB
  58 00f6 F5F088C1 		.ascii	"\365\360\210\301\001HE\351\276\026\337\220\314\237\022"
  58      014845E9 
  58      BE16DF90 
  58      CC9F12
  59 0105 9ABB16E6 		.ascii	"\232\273\026\346.:H\023W\225\2134%h\210\326\304M#\244"
  59      2E3A4813 
  59      57958B34 
  59      256888D6 
  59      C44D23A4 
  60 0119 92785FE8 		.ascii	"\222x_\350p\177\034O\025\252\015\327:\357\230\327|K"
  60      707F1C4F 
  60      15AA0DD7 
  60      3AEF98D7 
  60      7C4B
ARM GAS  /tmp/ccQpPzij.s 			page 4


  61 012b 46FDC1AE 		.ascii	"F\375\301\256\204=\232\277,\231\0147E\252\323B\351\251"
  61      843D9ABF 
  61      2C990C37 
  61      45AAD342 
  61      E9A9
  62 013d D6D097F1 		.ascii	"\326\320\227\361\3462\262\223\014\315\260\246\2343\212"
  62      E632B293 
  62      0CCDB0A6 
  62      9C338A
  63 014c 0BC36901 		.ascii	"\013\303i\0013\022\014t\330\274\301\257\205\303\245"
  63      33120C74 
  63      D8BCC1AF 
  63      85C3A5
  64 015b 9A7FC23C 		.ascii	"\232\177\302<\\qSy\004]\306S\023\220y\013\220\373\012"
  64      5C715379 
  64      045DC653 
  64      1390790B 
  64      90FB0A
  65 016e BA23DBF0 		.ascii	"\272#\333\360aJ\020N%\212\300\330uD\"\272\203\222Do"
  65      614A104E 
  65      258AC0D8 
  65      754422BA 
  65      8392446F 
  66 0182 3E0B25C7 		.ascii	">\013%\307[G\0078\201\227r\216\366w{O\365[\210i\263"
  66      5B470738 
  66      8197728E 
  66      F6777B4F 
  66      F55B8869 
  67 0197 70DEE7FB 		.ascii	"p\336\347\373m\304R\264\244m\327\264D<+\347 \274\274"
  67      6DC452B4 
  67      A46DD7B4 
  67      443C2BE7 
  67      20BCBC
  68 01aa DA37D811 		.ascii	"\3327\330\021W\003_\027k\342\334\002\0071q\255\024\005"
  68      57035F17 
  68      6BE2DC02 
  68      073171AD 
  68      1405
  69 01bc 5E7E7AAC 		.ascii	"^~z\254\245\\Q\033\005Woy\271\002\207\240\006B\222\021"
  69      A55C511B 
  69      05576F79 
  69      B90287A0 
  69      06429211 
  70 01d0 60E7C703 		.ascii	"`\347\307\003\265\212\372,1p\030\324\220DE\003G@eSP"
  70      B58AFA2C 
  70      317018D4 
  70      90444503 
  70      47406553 
  71 01e5 A2AD1351 		.ascii	"\242\255\023Qb,\350\014\233\203\342\251\243\223\215"
  71      622CE80C 
  71      9B83E2A9 
  71      A3938D
  72 01f4 3C92157F 		.ascii	"<\222\025\177\3718\0102\302\022D\021\346\277\362\311"
  72      F9380832 
  72      C2124411 
  72      E6BFF2C9 
  73 0204 09AAB8EF 		.ascii	"\011\252\270\357\351R\212\276\014\356\250\246\313\243"
ARM GAS  /tmp/ccQpPzij.s 			page 5


  73      E9528ABE 
  73      0CEEA8A6 
  73      CBA3
  74 0212 74C9A3A9 		.ascii	"t\311\243\251fp\014\314\350\210O<Y=\340}\375\311\366"
  74      66700CCC 
  74      E8884F3C 
  74      593DE07D 
  74      FDC9F6
  75 0225 197B4A2B 		.ascii	"\031{J+\324h\025\2300+\251\374\321tp\320&c(p\034R\360"
  75      D4681598 
  75      302BA9FC 
  75      D17470D0 
  75      26632870 
  76 023c F903C80C 		.ascii	"\371\003\310\0149\254\364]\251z\205|ZN \027\356\335"
  76      39ACF45D 
  76      A97A857C 
  76      5A4E2017 
  76      EEDD
  77 024e EAEED96E 		.ascii	"\352\356\331n7\230\322\342\275<\016#\203\023\006S\373"
  77      3798D2E2 
  77      BD3C0E23 
  77      83130653 
  77      FB
  78 025f A64B9A2C 		.ascii	"\246K\232,\304\205\004?\012\216D\242O\202Z\312M\204"
  78      C485043F 
  78      0A8E44A2 
  78      4F825ACA 
  78      4D84
  79 0271 FBF74737 		.ascii	"\373\367G7\253\336\326s\243Dc\0250\001f\211\005\263"
  79      ABDED673 
  79      A3446315 
  79      30016689 
  79      05B3
  80 0283 C14F028C 		.ascii	"\301O\002\214\353\204\217\324\266\325\3320\205\264\336"
  80      EB848FD4 
  80      B6D5DA30 
  80      85B4DE
  81 0292 C1AA003F 		.ascii	"\301\252\000?\222\315\240\015\212\310\304\356\311G\015"
  81      92CDA00D 
  81      8AC8C4EE 
  81      C9470D
  82 02a1 C7FF9BA7 		.ascii	"\307\377\233\247v8%\300e\035\274bf\256\323n\344\372"
  82      763825C0 
  82      651DBC62 
  82      66AED36E 
  82      E4FA
  83 02b3 452F8F87 		.ascii	"E/\217\207v\312\251\211\302\350\2400\024J\253?\334\005"
  83      76CAA989 
  83      C2E8A030 
  83      144AAB3F 
  83      DC05
  84 02c5 8691E203 		.ascii	"\206\221\342\003U\325v\243\031&\272\370\275f\330\037"
  84      55D576A3 
  84      1926BAF8 
  84      BD66D81F 
  85 02d5 DB0CD0A9 		.ascii	"\333\014\320\251\227A$\300h\325x\310\312} \310m\367"
  85      974124C0 
ARM GAS  /tmp/ccQpPzij.s 			page 6


  85      68D578C8 
  85      CA7D20C8 
  85      6DF7
  86 02e7 B6955862 		.ascii	"\266\225Xb\320d\350Z\001\255\233\320\024\221\255\277"
  86      D064E85A 
  86      01AD9BD0 
  86      1491ADBF 
  87 02f7 429F0F6D 		.ascii	"B\237\017msD\225G\357\304s$CV\215\362\222c\213\344g"
  87      73449547 
  87      EFC47324 
  87      43568DF2 
  87      92638BE4 
  88 030c 511EA763 		.ascii	"Q\036\247c\370J\\\221.AK\340v\357\306\3128\212\261G"
  88      F84A5C91 
  88      2E414BE0 
  88      76EFC6CA 
  88      388AB147 
  89 0320 1067D651 		.ascii	"\020g\326Q\240W\247Gt\340X\345\233\004Z\312\023Q\367"
  89      A057A747 
  89      74E058E5 
  89      9B045ACA 
  89      1351F7
  90 0333 48AF7F58 		.ascii	"H\257\177X\024\220\014O\343vq\270y\021\356\233\261Q"
  90      14900C4F 
  90      E37671B8 
  90      7911EE9B 
  90      B151
  91 0345 CAFB0C33 		.ascii	"\312\373\0143\235{'\367:\364^:#\300-\006\370YL1%\367"
  91      9D7B27F7 
  91      3AF45E3A 
  91      23C02D06 
  91      F8594C31 
  92 035b 1BC7FF73 		.ascii	"\033\307\377sV\263\021V\277\300R\014\254s\344h\242 "
  92      56B31156 
  92      BFC0520C 
  92      AC73E468 
  92      A220
  93 036d 2E3856B9 		.ascii	".8V\271qU\300\304\025\001\327\021\340@D\344\347\011"
  93      7155C0C4 
  93      1501D711 
  93      E04044E4 
  93      E709
  94 037f 900BC0D6 		.ascii	"\220\013\300\326\361\312\365\006\340\203\343\324\001"
  94      F1CAF506 
  94      E083E3D4 
  94      01
  95 038c E309F042 		.ascii	"\343\011\360BD\264\277\350\200X(\201\231\337\037\023"
  95      44B4BFE8 
  95      80582881 
  95      99DF1F13 
  96 039c 2384B288 		.ascii	"#\204\262\210\007\222\330t\323F\020=\375\2311\352l\313"
  96      0792D874 
  96      D346103D 
  96      FD9931EA 
  96      6CCB
  97 03ae 4280D51A 		.ascii	"B\200\325\032)\001\006\205\035+\325\317\257H\351$\224"
  97      29010685 
ARM GAS  /tmp/ccQpPzij.s 			page 7


  97      1D2BD5CF 
  97      AF48E924 
  97      94
  98 03bf 0D973E7E 		.ascii	"\015\227>~\037ai\2648$Q\252L\220\000CF\245\005\261\361"
  98      1F6169B4 
  98      382451AA 
  98      4C900043 
  98      46A505B1 
  99 03d4 BA1C7C1E 		.ascii	"\272\034|\036\312\374_t\013\007b\007\251#L=\002\027"
  99      CAFC5F74 
  99      0B076207 
  99      A9234C3D 
  99      0217
 100 03e6 B107D1B2 		.ascii	"\261\007\321\262\027\351%=Y\314dR\374\252\033VV|(,Q"
 100      17E9253D 
 100      59CC6452 
 100      FCAA1B56 
 100      567C282C 
 101 03fb 055E4245 		.ascii	"\005^BE\274\273=\277\353\022\350\366\3550\014I^\376"
 101      BCBB3DBF 
 101      EB12E8F6 
 101      ED300C49 
 101      5EFE
 102 040d B01EE76C 		.ascii	"\260\036\347l\201\356dBt_\277\314Vo\354\221\345\215"
 102      81EE6442 
 102      745FBFCC 
 102      566FEC91 
 102      E58D
 103 041f 7D61A756 		.ascii	"}a\247V\001\006\345\2314\240F\251\261\343\210\2111c"
 103      0106E599 
 103      34A046A9 
 103      B1E38889 
 103      3163
 104 0431 583B04B9 		.ascii	"X;\004\271\370\347\202v\364a}\243!zX\237\236\275;\254"
 104      F8E78276 
 104      F4617DA3 
 104      217A589F 
 104      9EBD3BAC 
 105 0445 2DB1DD34 		.ascii	"-\261\3354N\335\0243\302\027hJO\220\212\022;\302\033"
 105      4EDD1433 
 105      C217684A 
 105      4F908A12 
 105      3BC21B
 106 0458 E9324097 		.ascii	"\3512@\227\326X\274I\321\235S\372\010\017<p\204_\026"
 106      D658BC49 
 106      D19D53FA 
 106      080F3C70 
 106      845F16
 107 046b 237C1A47 		.ascii	"#|\032G\370U\252\234\305s`\220FY\274\216\377.\230\015"
 107      F855AA9C 
 107      C5736090 
 107      4659BC8E 
 107      FF2E980D 
 108 047f 947B222D 		.ascii	"\224{\"-MM\317\316y/\347\215L5\317\255\026zTw\241Su"
 108      4D4DCFCE 
 108      792FE78D 
 108      4C35CFAD 
ARM GAS  /tmp/ccQpPzij.s 			page 8


 108      167A5477 
 109 0496 66E7BADF 		.ascii	"f\347\272\337Os2\311\223\317\361\213;=\371i\221\202"
 109      4F7332C9 
 109      93CFF18B 
 109      3B3DF969 
 109      9182
 110 04a8 AE2D1E35 		.ascii	"\256-\0365=#\363\365L5g\223\363\203\315Y.\325\231W\350"
 110      3D23F3F5 
 110      4C356793 
 110      F383CD59 
 110      2ED59957 
 111 04bd 7AD799FB 		.ascii	"z\327\231\373\332\346M\316\264l\226\022\203{O.\333\275"
 111      DAE64DCE 
 111      B46C9612 
 111      837B4F2E 
 111      DBBD
 112 04cf D58D12CF 		.ascii	"\325\215\022\317\304H\344\347\025z\334\352\253\0332"
 112      C448E4E7 
 112      157ADCEA 
 112      AB1B32
 113 04de D233B6A0 		.ascii	"\3223\266\240\230\000\374\360\205\\\224U\234\371\356"
 113      9800FCF0 
 113      855C9455 
 113      9CF9EE
 114 04ed 9CACE41C 		.ascii	"\234\254\344\034f\311u\345\346\025ne\334S\220\377\344"
 114      66C975E5 
 114      E6156E65 
 114      DC5390FF 
 114      E4
 115 04fe BF997066 		.ascii	"\277\231pfg\335\325s\241\336?9I5\236"
 115      67DDD573 
 115      A1DE3F39 
 115      49359E
 116              		.text
 117              		.section	.gnu.lto_chMsgWait.e0106b31903a5351,"",%progbits
 118 0000 789C9555 		.ascii	"x\234\225U]L\\E\024\236s\347\356\336\013\273\320>\033"
 118      5D4C5C45 
 118      149E73E7 
 118      EEDE0BBB 
 118      D03E1B
 119 0013 4CC084C4 		.ascii	"L\300\204\304\306\260\327>\350\213\361\301\220\030}"
 119      C6B0D73E 
 119      E88BF1C1 
 119      90187D
 120 0022 2026251A 		.ascii	" &%\032\023\023\215.\304%\221BYj\332'f\0276\226\250"
 120      13138D2E 
 120      C4259142 
 120      596ADA27 
 120      66173696 
 121 0037 B535B122 		.ascii	"\2655\261\"`1\202i\261\345gQ\264\320Z\227\262\200-\375"
 121      60318269 
 121      B1E56751 
 121      B4D05A97 
 121      B2802DFD 
 122 004b 11106B81 		.ascii	"\021\020k\201\266,\0265\350C\267@\214\265\354z\316\334"
 122      B62C1635 
 122      E843B740 
ARM GAS  /tmp/ccQpPzij.s 			page 9


 122      8CB5EC7A 
 122      CEDC
 123 005d 0B957B11 		.ascii	"\013\225{\021\333}\230\235\271\347\314w\316\371\316"
 123      DB7D989D 
 123      B9E7CC77 
 123      CEF9CE
 124 006c 37332A03 		.ascii	"73*\003F\277b\2351\005\247\217\341\034\\\014\224\003"
 124      46BF629D 
 124      3105A78F 
 124      E11C5C0C 
 124      9403
 125 007e 17190BE9 		.ascii	"\027\031\013\351\212\302\2275&2\325\246a\306\204\227"
 125      8AC29735 
 125      2632D5A6 
 125      61C68497 
 126 008e 836A7E57 		.ascii	"\203j~W\001h\"t`5\012W\241\006\226\225\025\005\306\352"
 126      01682274 
 126      60350A57 
 126      A1069695 
 126      1505C6EA 
 127 00a2 BA9BF992 		.ascii	"\272\233\371\222\022\341\014T\\&/4\376\234MK\200\\\\"
 127      12E10C54 
 127      5C262F34 
 127      FE9C4D4B 
 127      805C5C
 128 00b5 3689F17A 		.ascii	"6\211\361zm\333\021!\302b6\222z\361`m\344\231\010WX"
 128      6DDB1121 
 128      C2623692 
 128      7AF1606D 
 128      E4990857 
 129 00ca 5A617014 		.ascii	"Zap\024r\340\010\344P\360v\330\306\3209>\177g\334\303"
 129      72E008E4 
 129      50F076D8 
 129      C6D0393E 
 129      7F67DCC3 
 130 00de 7381E6A1 		.ascii	"s\201\346\241cM\315\336\374V\332\030[\034\311\376H\304"
 130      634DCDDE 
 130      FC56DA18 
 130      5B1CC9FE 
 130      48C4
 131 00f0 EA727127 		.ascii	"\352rq'|\016|\375fF\336s\321\324\007Y\356:\201\277\\"
 131      7C0E7CFD 
 131      6646DE73 
 131      D1D40759 
 131      EE3A81BF 
 132 0105 3806F914 		.ascii	"8\006\371\024\000q\217\203\033\353\003\372\322\265#"
 132      00718F83 
 132      1BEB03FA 
 132      D2B523
 133 0114 26D2E95A 		.ascii	"&\322\351Z\021Kj'\033Z3\266r\206h*\015.\0324\032t\034"
 133      114B6A27 
 133      1B5A33B6 
 133      7286682A 
 133      0D2E1A34 
 134 012b B88791BB 		.ascii	"\270\207\221\273\227\246\214\335D\030*:\251(\364\317"
 134      97A68CDD 
 134      44182A3A 
ARM GAS  /tmp/ccQpPzij.s 			page 10


 134      A928F4CF 
 135 013b 7F85D0DC 		.ascii	"\177\205\320\334\207\211\016\276>d\354\354\012\310`"
 135      87890EBE 
 135      3E64ECEC 
 135      0AC860
 136 014a 69056CD9 		.ascii	"i\005l\331\304\332\337=E\334v\220Q\261\033\243\3575"
 136      C4DADF3D 
 136      45DC7690 
 136      51B11BA3 
 136      EF35
 137 015c 93B1938C 		.ascii	"\223\261\223\214\334^\007\203.pc\366\335rd\237\000\332"
 137      DC5E0783 
 137      2E7063F6 
 137      DD72649F 
 137      00DA
 138 016e 8F9E1E9C 		.ascii	"\217\236\036\234\367\346\265C\213h@6T\332r\253\263g"
 138      F7E6B543 
 138      8B684036 
 138      54DA72AB 
 138      B367
 139 0180 D2A3629E 		.ascii	"\322\243b\236\020\205<\034{@e\277@\270\277/\321\362"
 139      10853C1C 
 139      7B4065BF 
 139      40B8BF2F 
 139      D1F2
 140 0192 28E554CB 		.ascii	"(\345T\313\251-\207\"g.i\324\026\227\314\260\257\357"
 140      A92D8722 
 140      672E69D4 
 140      1697CCB0 
 140      AFEF
 141 01a4 8F69AD66 		.ascii	"\217i\255fE\354\023b+~\253\347&\215\013\347'\343\231"
 141      45EC1362 
 141      2B7EABE7 
 141      268D0BE7 
 141      27E399
 142 01b7 2DF07148 		.ascii	"-\360qH\310\357n\370\022\273\374\005\321\214\306\375"
 142      C8EF6EF8 
 142      12BBFC05 
 142      D18CC6FD 
 143 01c7 27BAEB75 		.ascii	"'\272\353u\243\203r\023\273\"\\\203^h\201\224bu`\350"
 143      A3837213 
 143      BB225C83 
 143      5E688194 
 143      627560E8 
 144 01db 9DB1B655 		.ascii	"\235\261\266U\353vj\324W`\244H]\014\276\006\203\315"
 144      EB766AD4 
 144      5760A448 
 144      5D0CBE06 
 144      83CD
 145 01ed 8142C9D8 		.ascii	"\201B\311\330\032\233\034\311\332\254\261p\002\3621"
 145      1A9B1CC9 
 145      DAACB170 
 145      02F231
 146 01fc 7D59CE5F 		.ascii	"}Y\316_K=\275w\300\306\337\333\251\020\000yY\354\253"
 146      4B3DBD77 
 146      C0C6DFDB 
 146      A9100079 
ARM GAS  /tmp/ccQpPzij.s 			page 11


 146      59ECAB
 147 020f 4E0EFB24 		.ascii	"N\016\373${\375\304\203\353\337<\230\235\372s\344\334"
 147      7BFDC483 
 147      EBDF3C98 
 147      9DFA73E4 
 147      DC
 148 0220 3EEFDD82 		.ascii	">\357\335\202u\214\006'\255z?\273\021\356\324\314\212"
 148      758C0627 
 148      AD7A3FBB 
 148      11EED4CC 
 148      8A
 149 0231 6627469F 		.ascii	"f'F\237\217\272\"<\003N\311\232\025\023\027\235&\016"
 149      8FBA223C 
 149      034EC99A 
 149      1513179D 
 149      260E
 150 0243 8806B0CA 		.ascii	"\210\006\260\312\256!\324o\250ln\332\3414V\216\311\337"
 150      AE21D46F 
 150      A86C6EDA 
 150      E134568E 
 150      C9DF
 151 0255 7E6BC96D 		.ascii	"~k\311m\246\340\275\367\230b\021(\340\267\266\200\323"
 151      A6E0BDF7 
 151      98621128 
 151      E0B7B680 
 151      D3
 152 0266 6D036D1E 		.ascii	"m\003m\036\354\034\375\256\242\007\207\030\030f\264"
 152      EC1CFDAE 
 152      A2078718 
 152      1866B4
 153 0275 01A8419E 		.ascii	"\001\250A\236\303\263\221t\014\244\364\211\030\226\200"
 153      C3B39174 
 153      0CA4F489 
 153      189680
 154 0284 BAA9DA07 		.ascii	"\272\251\332\007L%\2700\003\311l\022S\\\326\370oP\027"
 154      4C25B830 
 154      03C96C12 
 154      535CD6F8 
 154      6F5017
 155 0297 FB7B4476 		.ascii	"\373{Dv\306\251\212\3144\036\015\006g\020\025m+3\241"
 155      C6A98ACC 
 155      341E0D06 
 155      6710156D 
 155      2B33A1
 156 02aa 9442C479 		.ascii	"\224B\304y \033\006!'\"\221\222H9\235\013\352P2\035"
 156      201B0621 
 156      27229192 
 156      48399D0B 
 156      EA50321D 
 157 02be D5CC30DA 		.ascii	"\325\3140\332}(,\356PX\001ik\310\251\255\002\242wxM"
 157      7D282CEE 
 157      50580169 
 157      6BC8A9AD 
 157      02A27778 
 158 02d3 5523ABDC 		.ascii	"U#\253\334\306\301\214\252\333\270\025\007\201Iz5\033"
 158      C6C18CAA 
 158      DBB81507 
ARM GAS  /tmp/ccQpPzij.s 			page 12


 158      81497A35 
 158      1B
 159 02e4 BD05C4EB 		.ascii	"\275\005\304\353w\026\257\314N\352v\342\364,\20238'"
 159      7716AFCC 
 159      4EEA76E2 
 159      F42C8233 
 159      3827
 160 02f6 095D15EE 		.ascii	"\011]\025\356L\323\265T\006\237\000)\234\301\310@Xs"
 160      4CD3B554 
 160      069F0029 
 160      9CC1C840 
 160      5873
 161 0308 A898C3E8 		.ascii	"\250\230\303\350\006*>O*\326M\025_\256\2752\234mS\361"
 161      062A3E4F 
 161      2AD64D15 
 161      5FAEBD32 
 161      9C6D53F1 
 162 031c 68FA55F2 		.ascii	"h\372U\362\2614\354\266\335~\263\327\367\2274\366\337"
 162      B134ECB6 
 162      DD7EB3D7 
 162      F79734F6 
 162      DF
 163 032d 10E27D01 		.ascii	"\020\342}\001\367x\001^$\260\013R\370\227\210\031\017"
 163      F778015E 
 163      24B00B52 
 163      F8978819 
 163      0F
 164 033e 3AF48EC6 		.ascii	":\364\216\306\246\244\3609<\214\313\305\251\256E\270"
 164      A6A4F039 
 164      3C8CCBC5 
 164      A9AE45B8 
 165 034e DB870C62 		.ascii	"\333\207\014b\351{\213\245\241\303\211\303[,\021\276"
 165      E97B8BA5 
 165      A1C389C3 
 165      5B2C11BE 
 166 035e 4421C724 		.ascii	"D!\307$W\334\304\204qy\234\303\342\011\002\247X\030"
 166      57DCC484 
 166      71799CC3 
 166      E20902A7 
 166      5818
 167 0370 4016179D 		.ascii	"@\026\027\235o|\301\014\3107\224\271\307\331\007<@\022"
 167      6F7CC10C 
 167      C83794B9 
 167      C7D9073C 
 167      4012
 168 0382 5BB5B07F 		.ascii	"[\265\260\1770\233z(\261\205\200\356#\317,\302\232\\"
 168      309B7A28 
 168      B18580EE 
 168      23CF2CC2 
 168      9A5C
 169 0394 97E78F60 		.ascii	"\227\347\217``&\004\327\230\234o|\331\002t\246\3057"
 169      602604D7 
 169      989C6F7C 
 169      D90274A6 
 169      C537
 170 03a6 3C7D4F12 		.ascii	"<}O\022\340e\011\350\262\000\177\"@]\036\261\371\264"
 170      E06509E8 
ARM GAS  /tmp/ccQpPzij.s 			page 13


 170      B2007F22 
 170      405D1EB1 
 170      F9B4
 171 03b8 BC5B65DB 		.ascii	"\274[e\333V%\"i_[\320#D\261\227\272\343\267\270\245"
 171      56252269 
 171      5F5BD023 
 171      44B197BA 
 171      E3B7B8A5 
 172 03cc A075EAF4 		.ascii	"\240u\352\364\374\027'YpE\206u\223v\246\300@[\353B\337"
 172      FC172759 
 172      70458675 
 172      9376A6C0 
 172      405BEB42 
 173 03e1 A0CB3C7C 		.ascii	"\240\313<|Y0\215\033\344;\264|\334\361\016\305\025K"
 173      59308D1B 
 173      E43BB47C 
 173      DCF10EC5 
 173      154B
 174 03f3 459AF326 		.ascii	"E\232\363&\234!A8^\247\337\351\001\272J[t\347\353\324"
 174      9C214138 
 174      5EA7DFE9 
 174      01BA4A5B 
 174      74E7EBD4 
 175 0407 41C66B64 		.ascii	"A\306kd\314p\342]\227\002\2335_\247\333\377\373:%\344"
 175      CC70E25D 
 175      97029B35 
 175      5FA7DBFF 
 175      FB3A25E4 
 176 041b EB3487AF 		.ascii	"\3534\207\257\323\002\021\370\351\230ul=\244\340\233"
 176      D30211F8 
 176      E998756C 
 176      3DA4E09B 
 177 042b 78A6F11E 		.ascii	"x\246\361\036A\277\007}>\2430P\366Z\331s\305FE\320\250"
 177      41BF077D 
 177      3EA33050 
 177      F65AD973 
 177      C54645D0 
 178 0440 AA368255 		.ascii	"\2526\202U~\303\037(\017\276\356\3633\245\272\322\267"
 178      7EC31F28 
 178      0FBEEEF3 
 178      33A5BAD2 
 178      B7
 179 0451 DEA1744F 		.ascii	"\336\241tO\265QXT\374l\261Q\266\323\377\306\356\222"
 179      B5515854 
 179      FC6CB151 
 179      B6D3FFC6 
 179      EE92
 180 0463 52C35F51 		.ascii	"R\303_QU\372\212\277\374\351\335;\375\276\000\313s\340"
 180      55FA8ABF 
 180      FCE9DD3B 
 180      FDBE00CB 
 180      73E0
 181 0475 ADF90582 		.ascii	"\255\371\005\202{\203\350\361\210\303\243\262\242\252"
 181      7B83E8F1 
 181      88C3A3B2 
 181      A2AA
 182 0483 3A683CB5 		.ascii	":h<\265\243\250\260h\017\272I\3007\037/G_\335_\031,"
ARM GAS  /tmp/ccQpPzij.s 			page 14


 182      A3A8B068 
 182      0FBA49C0 
 182      371F2F47 
 182      5FDD5F19 
 183 0498 2BC92D63 		.ascii	"+\311-cZyiyE\325\336M\341)\345\000\343\325\273*\037"
 183      5A796979 
 183      45D5DE4D 
 183      E129E500 
 183      E3D5BB2A 
 184 04ad DA2C097F 		.ascii	"\332,\011\177\240d\025\271\024\221\377\001!q.b"
 184      A06415B9 
 184      1491FF01 
 184      21712E62 
 185              		.text
 186              		.section	.gnu.lto_chMsgRelease.e0106b31903a5351,"",%progbits
 187 0000 789C8552 		.ascii	"x\234\205R[KTQ\024\336k\357\343\314\210vy\317`\206\020"
 187      5B4B5451 
 187      14DE6BEF 
 187      E3CC8876 
 187      79CF6086 
 188 0015 91620EBE 		.ascii	"\221b\016\276\364\036\003A\017\022\350\017\010:\016"
 188      F41E0341 
 188      0F12E80F 
 188      083A0E
 189 0024 CD40E3C8 		.ascii	"\315@\343\310\2341\364i\266\227C\031tyH\3502$\221\241"
 189      9C31F469 
 189      B6974319 
 189      747948E8 
 189      322491A1 
 190 0038 69E3ADB2 		.ascii	"i\343\255\262N\231\035\312\036\272\202\201\027\360\241"
 190      4E991DCA 
 190      1EBA8281 
 190      17F0A1
 191 0047 D130237B 		.ascii	"\3210#{\320h^*\233\326\332\251\344\234\250\003\263\317"
 191      D0685E2A 
 191      9BD6DAA9 
 191      E49CA803 
 191      B3CF
 192 0059 DEB3BEEF 		.ascii	"\336\263\276\357[\337^\337\321\0300z\316\012\306\336"
 192      5BDF5EDF 
 192      D118307A 
 192      CE0AC6DE 
 193 0069 E17B17FE 		.ascii	"\341{\027\376@0\340\347\3370\326\342\343\000\264\221"
 193      4030E0E7 
 193      DF30D6E2 
 193      E300B491 
 194 0079 3E60290E 		.ascii	">`)\016)\310\3615\016ON~\260ye\217\304'k\365U\311^\007"
 194      29C8F135 
 194      0E4F4E7E 
 194      B079658F 
 194      C4276BF5 
 195 0091 2CA4E7B9 		.ascii	",\244\347\271Rb\320\003\225\210\232l\037J\213\257\334"
 195      5262D003 
 195      95889A6C 
 195      1F4A8BAF 
 195      DC
 196 00a2 12001A1E 		.ascii	"\022\000\032\036W__~\277\235\216\034\374x\234X\374\361"
ARM GAS  /tmp/ccQpPzij.s 			page 15


 196      575F5F7E 
 196      BF9D8E1C 
 196      FC789C58 
 196      FCF1
 197 00b4 B644F881 		.ascii	"\266D\370\201\341>\335\223\355.\256\270!e\253\224\337"
 197      E13EDD93 
 197      ED2EAEB8 
 197      2165AB94 
 197      DF
 198 00c5 EB64B125 		.ascii	"\353d\261%\004\364\201@=\270\011e\320\013e\014\377b"
 198      04F48140 
 198      3DB80965 
 198      D00B650C 
 198      FF62
 199 00d7 D00F1588 		.ascii	"\320\017\025\210~5d\317hb\217b^X^\232\335AL|\272\302"
 199      7E3564CF 
 199      68628F62 
 199      5E585E9A 
 199      DD414C7C 
 200 00ed C4D4E056 		.ascii	"\304\324\340V!Sc\220\201\012\202/\014\377\354\334\346"
 200      21536390 
 200      810A822F 
 200      0CFFECDC 
 200      E6
 201 00fe 6927B4BF 		.ascii	"i'\264\277c\3031\014\200\207f0X\343\310|\276MJ\273j"
 201      63C3310C 
 201      80876630 
 201      58E3C87C 
 201      BE4D4ABB 
 202 0113 A0DC8BAE 		.ascii	"\240\334\213\256\261\235\006\212\312V\020HsX\345\234"
 202      B19D068A 
 202      CA561048 
 202      7358E59C 
 203 0123 DE62095A 		.ascii	"\336b\011Z\026\272\3463b\253\246\3231\305\225\\\236"
 203      16BAE633 
 203      62ABA6D3 
 203      31C5955C 
 203      9E
 204 0134 43413BC7 		.ascii	"CA;\307>3\006E\014\006\251\310\013\213\363\347\322T"
 204      3E330645 
 204      0C06A9C8 
 204      0B8BF3E7 
 204      D254
 205 0146 1CA2A228 		.ascii	"\034\242\242(4\312`\030<hsD\255\254\033\260\336;\376"
 205      34CA6018 
 205      3C687344 
 205      ADAC1BB0 
 205      DE3BFE
 206 0159 74B13490 		.ascii	"t\2614\220\201.y\321o\211\"\242|\031\030\231*\321\320"
 206      812E79D1 
 206      6F8922A2 
 206      7C191899 
 206      2AD1D0
 207 016c 27DC8600 		.ascii	"'\334\206\000\256w@c\013\320\232\235\350\003\262\204"
 207      AE774063 
 207      0BD09A9D 
 207      E803B284 
ARM GAS  /tmp/ccQpPzij.s 			page 16


 208 017c 8896FE2B 		.ascii	"\210\226\376+\351\322\362\3534fg\362\264\270$\235v\377"
 208      E9D2F2EB 
 208      346667F2 
 208      B4B8249D 
 208      76FF
 209 018e 5F46AD22 		.ascii	"_F\255\"\274\013\345m8r\024p\246^l\010t~\233\271VB\002"
 209      BC0BE56D 
 209      38721470 
 209      A65E6C08 
 209      747E9BB9 
 210 01a5 F24F01D7 		.ascii	"\362O\001\327\304\225\300(\011h\354#X\331\271\227\271"
 210      C495C028 
 210      0968EC23 
 210      58D9B997 
 210      B9
 211 01b6 AAC2414D 		.ascii	"\252\302AMsBP\233\365\201i\356k\337S\027\276\217+\226"
 211      7342509B 
 211      F58169EE 
 211      6BDF5317 
 211      BE8F2B96 
 212 01ca 6CFBF39C 		.ascii	"l\373\363\2347\265&OI\271\323\022H(Ru\260!\305\320)"
 212      37B5264F 
 212      49B9D312 
 212      48285275 
 212      B021C5D0 
 213 01df F6B28417 		.ascii	"\366\262\204\027\375r\025'\351n\036F\351@\211]\315\355"
 213      FD721527 
 213      E96E1E46 
 213      E940895D 
 213      CDED
 214 01f1 2BF0F17C 		.ascii	"+\360\361|z#0\217\273\377\003\352\357\212q\231\222z"
 214      7A23308F 
 214      BBFF03EA 
 214      EF8A7199 
 214      927A
 215 0203 4814AF3B 		.ascii	"H\024\257;\306\014\025\307\250\350s\353=R\367\031\377"
 215      C60C15C7 
 215      A8E873EB 
 215      3D52F719 
 215      FF
 216 0214 1DE3CC7F 		.ascii	"\035\343\314\177c|\254bt0\306O\030\343\263\376b2\252"
 216      637CAC62 
 216      7430C64F 
 216      18E3B3FE 
 216      6232AA
 217 0227 86BB829F 		.ascii	"\206\273\202\237\027~\205\010\332\035\014\352\241H\364"
 217      177E8508 
 217      DA1D0CEA 
 217      A148F4
 218 0236 68F470AD 		.ascii	"h\364p\255\0367\365DR7\023\206nDb\346\261\240\301x\262"
 218      1E37F544 
 218      52371386 
 218      6E4462E6 
 218      B1A0C178 
 219 024b 41D06E2B 		.ascii	"A\320n+(\334\224\324C\325\265\207j\365h\275q\274\261"
 219      28DC94D4 
 219      43D5B587 
ARM GAS  /tmp/ccQpPzij.s 			page 17


 219      6AF568BD 
 219      71BCB1
 220 025e 2EAC1BF1 		.ascii	".\254\033\361D\370\210\021;\330Xo\004#,\340\322\334"
 220      44F88811 
 220      3BD8586F 
 220      04232CE0 
 220      D2DC
 221 0270 C445CC66 		.ascii	"\304E\314f\023\021{]\210\206x\"i\352\007j\252C\325M"
 221      13117B5D 
 221      88867822 
 221      69EA076A 
 221      AA43D54D 
 222 0284 08538227 		.ascii	"\010S\202'\366\307\020\3533\032\314h\235?\312\274\261"
 222      F6C710EB 
 222      331ACC68 
 222      9D3FCABC 
 222      B1
 223 0295 702C9E68 		.ascii	"p,\236h\376\247<\231]\247\204\221\362\013\302\210\200"
 223      FEA73C99 
 223      5DA78491 
 223      F20BC288 
 223      80
 224 02a6 3C       		.ascii	"<"
 225              		.text
 226              		.section	.gnu.lto_.symbol_nodes.e0106b31903a5351,"",%progbits
 227 0000 789C55CB 		.ascii	"x\234U\3131\012\302@\024\204\341\177\366\355\346\032"
 227      310AC240 
 227      1484E17F 
 227      F6EDE61A 
 228 0010 9A93BE2D 		.ascii	"\232\223\276-RY\005R\250I\012\317\221Z\024,\274\203"
 228      52590552 
 228      A8490ACF 
 228      915A142C 
 228      BC83
 229 0022 20563983 		.ascii	" V9\203\270Z\271\323\014|\303D\304@I\330\313\241\277"
 229      B85AB9D3 
 229      0C7CC344 
 229      C44049D8 
 229      CBA1BF
 230 0035 43A925B7 		.ascii	"C\251%\267\220F\261\375.\007\271\252%\034\345\241\022"
 230      9046B1FD 
 230      2E07B9AA 
 230      251CE5A1 
 230      12
 231 0046 CD72FB09 		.ascii	"\315r\373\011\344\\^\232\344\261\202\223<\375\203\221"
 231      E45C5E9A 
 231      E4B18293 
 231      3CFD8391 
 232 0056 38DFAE66 		.ascii	"8\337\256fD\236\273uc!\322]^2k\350\036o\361\001\255"
 232      449EBB75 
 232      6321D25D 
 232      5E326BE8 
 232      1E6FF101 
 233 006b 9E22BC   		.ascii	"\236\"\274"
 234              		.text
 235              		.section	.gnu.lto_.refs.e0106b31903a5351,"",%progbits
 236 0000 789C6361 		.ascii	"x\234ca`d\340c`\000\222\014\214\214LL\014\214@\304\311"
ARM GAS  /tmp/ccQpPzij.s 			page 18


 236      6064E063 
 236      6000920C 
 236      8C8C4C4C 
 236      0C8C40C4 
 237 0015 000001E8 		.ascii	"\000\000\001\350\000("
 237      0028
 238              		.text
 239              		.section	.gnu.lto_.decls.e0106b31903a5351,"",%progbits
 240 0000 789CB53A 		.ascii	"x\234\265:iTTYzu\337-\240\252(\300\2503\247'a\316\351"
 240      69545459 
 240      7A75DF2D 
 240      A0AA28C0 
 240      A833A727 
 241 0017 F461A699 		.ascii	"\364a\246\231\2233\322\316\364t:9\223\244'Nz9'\235t"
 241      9333D2CE 
 241      F4743A39 
 241      93A4274E 
 241      7A39279D 
 242 002c DAE999CE 		.ascii	"\332\351\231\316\237T#\226B\232\255\253\012\227\374"
 242      9F542396 
 242      429AADAB 
 242      0A97FC
 243 003b C83C1641 		.ascii	"\310<\026A\026\005\024\331\004A\\\330d\021\020\004D"
 243      160514D9 
 243      04415CD8 
 243      64111004 
 243      44
 244 004c 7043C416 		.ascii	"pC\304\026DT\026\331U\334\225Mv$\337]\252\336\253\242"
 244      445416D9 
 244      55DC954D 
 244      7624DF5D 
 244      AADEABA2 
 245 0060 4AFB4F38 		.ascii	"J\373O8~\276\367\335\367\335o\377\276{\337\255\247T"
 245      7EBEF7DD 
 245      F7DD6FFF 
 245      BE7BDFAD 
 245      A754
 246 0072 2005F9FB 		.ascii	" \005\371\373f\275B\221\347\254P\254\025\024\212e\370"
 246      66BD4291 
 246      E7AC50AC 
 246      15148A65 
 246      F8
 247 0083 53C2D81F 		.ascii	"S\302\330\037\001\310SO\005\373\203\307\212\3550\360"
 247      01C8534F 
 247      05FB83C7 
 247      8AED30F0 
 248 0093 3F007F06 		.ascii	"?\000\177\006\210\004\210\001\210E\214n\002)\254\376"
 248      88048801 
 248      88458C6E 
 248      0229ACFE 
 249 00a3 08ED1AB8 		.ascii	"\010\355\032\270\256\006X\013p\012\340\26706\211\030"
 249      AE06580B 
 249      700AE0B7 
 249      30368918 
 250 00b3 CF29B88E 		.ascii	"\317)\270\216\001t\001\314\001\374\003\300\307\000\033"
 250      017401CC 
 250      01FC03C0 
ARM GAS  /tmp/ccQpPzij.s 			page 19


 250      C7001B
 251 00c2 01BE82E7 		.ascii	"\001\276\202\347.p\235\007\210\006X\000\210\000p\205"
 251      2E709D07 
 251      88065800 
 251      88007085 
 252 00d2 F1C7706D 		.ascii	"\361\307pm\003\370=\300\277\000|\011\360\015@\020\300"
 252      03F83DC0 
 252      BF007C09 
 252      F00D4010 
 252      C0
 253 00e3 27008100 		.ascii	"'\000\201\000[\0006\001h\270\036\257\210n`\233\022@"
 253      5B003601 
 253      68B81EAF 
 253      886E609B 
 253      1240
 254 00f5 2D30BD89 		.ascii	"-0\275\211\376\256p\357\006\260J\240\217\025?\021V\332"
 254      FEAE70EF 
 254      06B04AA0 
 254      8F153F11 
 254      56DA
 255 0107 41EC7597 		.ascii	"A\354u\227\331a\266\201\350,\267\301\254\377\002\267"
 255      D961B681 
 255      E82CB7C1 
 255      ACFF02B7 
 256 0117 8FE84B6C 		.ascii	"\217\350Klp\221\351L\364\375\214\353j\326S\303e\310"
 256      7091E94C 
 256      F4FD8CEB 
 256      6AD653C3 
 256      65C8
 257 0129 757C4760 		.ascii	"u|G`\372\375\\\260\326\321\236\237I,T<^r\035\211\277"
 257      FAFD5CB0 
 257      D6D19E9F 
 257      492C543C 
 257      5E721D89 
 258 013e 898EEFC2 		.ascii	"\211\216\357\302\274\377\345s\324\234^.\353\027\002"
 258      BCFFE573 
 258      D49C5E2E 
 258      EB1702
 259 014d 8BA1AD9C 		.ascii	"\213\241\255\234\367\004k9K\002*J\276U\207\357\240\036"
 259      F7046B39 
 259      4B022A4A 
 259      BE5587EF 
 259      A01E
 260 015f 444856D1 		.ascii	"DHV\321Q\204\330\377\210\202\202\001E\341FP\360\334"
 260      5184D8FF 
 260      88828201 
 260      45E14650 
 260      F0DC
 261 0171 300F2133 		.ascii	"0\017!3!\371\037\376\023\020\037SX\230\321\177|>\315"
 261      21F91FFE 
 261      13101F53 
 261      5898D17F 
 261      7C3ECD
 262 0184 45FA4799 		.ascii	"E\372G\231H\334\021\237\204,\032\320\307\012\366\334"
 262      48DC119F 
 262      842C1AD0 
 262      C70AF6DC 
ARM GAS  /tmp/ccQpPzij.s 			page 20


 263 0194 C2955D04 		.ascii	"\302\225]\004i\202\214\037S\227\263\223t\266\330\204"
 263      69828C1F 
 263      5397B393 
 263      74B6D884 
 264 01a4 CC460FD7 		.ascii	"\314F\017\327\334\255u\301\002\"\367\203s\005\037\257"
 264      DCAD75C1 
 264      0222F783 
 264      73051FAF 
 265 01b4 3B21C25F 		.ascii	";!\302_\222(\012\236\222gv\355)I\323L\011\310Y\203\010"
 265      92280A9E 
 265      926776ED 
 265      2949D34C 
 265      09C85983 
 266 01c9 7B1718BA 		.ascii	"{\027\030\27276_\255dCd\302\016\030\312\316\350;\351"
 266      37365FAD 
 266      644364C2 
 266      0E18CACE 
 266      E83BE9
 267 01dc 8E7F4459 		.ascii	"\216\177DYuD\225gax\274Z\203\224\200\216_\313\274\353"
 267      75449567 
 267      6178BC5A 
 267      8394808E 
 267      5FCBBCEB 
 268 01f0 0EE85A0D 		.ascii	"\016\350Z\015z{I\020\032g\312\232U\310[s\234L\035Z^"
 268      7A7B4910 
 268      1A67CA9A 
 268      55C85B73 
 268      9C4C1D5A 
 269 0205 DC10298A 		.ascii	"\334\020)\212\010\225#\015:\2010*D\353\210\206\316$"
 269      0895230D 
 269      3A81302A 
 269      44EB8886 
 269      CE24
 270 0217 7576536D 		.ascii	"uvSm\"\305\325-\356\012T\212<Q\011\362T\2402\344M\004"
 270      22C5D52D 
 270      EE0A548A 
 270      3C5109F2 
 270      54A032E4 
 271 022d 1342540C 		.ascii	"\023BT\014\203E0\010R&\346\306\252\224\370\017D\001"
 271      83453008 
 271      5226E6C6 
 271      AA94F80F 
 271      4401
 272 023f A121EE69 		.ascii	"\241!\356i\203\332\"b.z]\261(\256B\225 \342\244$\002"
 272      83DA2262 
 272      2E7A5DB1 
 272      28AE4295 
 272      20E2A424 
 273 0254 243A9451 		.ascii	"$:\224Qa_FWB\347\035g\034\215\250\220\212\330\236\014"
 273      615F4657 
 273      42E71D67 
 273      1C8DA890 
 273      8AD89E0C 
 274 0268 27A4F1B6 		.ascii	"'\244\361\266\317\241\332\016\007\246Nm\353\357;b\300"
 274      CFA1DA0E 
 274      07A64E6D 
 274      EBEF3B62 
ARM GAS  /tmp/ccQpPzij.s 			page 21


 274      C0
 275 0279 C5E814E8 		.ascii	"\305\350\024\350S%\351SI\365\001)i\303/\2368\223\364"
 275      5325E953 
 275      49F50129 
 275      69C32F9E 
 275      3893F4
 276 028c A5149B94 		.ascii	"\245\024\233\224d\254\346yq\215\033si\023\301\013F\263"
 276      64ACE679 
 276      718D1B73 
 276      6913C10B 
 276      46B3
 277 029e F66A19FE 		.ascii	"\366j\031\376!\2401\221\363]J|\201*\206\372[\012\213"
 277      21A03191 
 277      F35D4A7C 
 277      812A86FA 
 277      5B0A8B
 278 02b1 89FBDF65 		.ascii	"\211\373\337e\001\363\200\241\262\247\265snl\210P\334"
 278      01F380A1 
 278      B2A7B573 
 278      6E6C8850 
 278      DC
 279 02c2 489C38EA 		.ascii	"H\2348\352\202\333\230\035\315{*+\\\315\316\312]\276"
 279      82DB981D 
 279      CD7B2A2B 
 279      5CCDCECA 
 279      5DBE
 280 02d4 072155A1 		.ascii	"\007!U\241F\220\334 \351\366.wU\304JC\317\202\241\357"
 280      4690DC20 
 280      E9F62E77 
 280      55C44A43 
 280      CF82A1EF 
 281 02e8 7243CFC0 		.ascii	"rC\317\300`=sU\341\321\344<g\334\303DdT\025\315hd\361"
 281      603D7355 
 281      E1D1E43C 
 281      67DCC344 
 281      645415CD 
 282 02ff 78FF0489 		.ascii	"x\377\004\211\307y\220\321$\311hD\216\205\234\263/D"
 282      C77990D1 
 282      24C96844 
 282      8E859CB3 
 282      2F44
 283 0311 4C59C871 		.ascii	"LY\310q\303#L\310\301\264\306\006\036\017;\034.\331"
 283      C3234CC8 
 283      C1B4C606 
 283      1E0F3B1C 
 283      2ED9
 284 0323 E1C0E311 		.ascii	"\341\300\343\021\307\343q\021\364\271 \351s\336\034"
 284      C7E37111 
 284      F4B920E9 
 284      73DE1C
 285 0332 8FBE17A9 		.ascii	"\217\276\027\251\321\316\3701snf\375T\253\023s\274\012"
 285      D1CEF831 
 285      736E66FD 
 285      54AB1373 
 285      BC0A
 286 0344 D0B9D34F 		.ascii	"\320\271\323O\262\234\361\024{\326:\222\322/\340\005"
 286      B29CF114 
ARM GAS  /tmp/ccQpPzij.s 			page 22


 286      7BD63A92 
 286      D22FE005 
 287 0354 869823B6 		.ascii	"\206\230#\266\226G,{\241\352\222+\216d\305V1\025\377"
 287      96472C7B 
 287      A1EA922B 
 287      8E64C556 
 287      3115FF
 288 0367 131CCFEE 		.ascii	"\023\034\317\356/\336\355lq\302\373\030\022_\031uX\211"
 288      2FDEED6C 
 288      71C2FB18 
 288      125F1975 
 288      5889
 289 0379 8F30A4EE 		.ascii	"\2170\244\356\300\231g*\\\304\220sK=Y\032\\\307\220"
 289      C099672A 
 289      5CC49073 
 289      4B3D591A 
 289      5CC790
 290 038c 1B63DF67 		.ascii	"\033c\337g\2732-V\001Z=z\245Y\303d\211\010\360\305c"
 290      BB322D56 
 290      015A3D7A 
 290      A559C364 
 290      8908F0C5 
 291 03a1 EDDD2A7C 		.ascii	"\355\335*|\236\321\326\327\234i\346\032\277\007hB\222"
 291      9ED1D6D7 
 291      9C69E61A 
 291      BF076842 
 291      92
 292 03b2 78D9155F 		.ascii	"x\331\025_e\317\232\023\243\0224\370\266\300\022z\364"
 292      65CF9A13 
 292      A31234F8 
 292      B6C0127A 
 292      F4
 293 03c3 60B6A56A 		.ascii	"`\266\245j\232R\235\301%\335\340\222\333\266.\261\357"
 293      9A529DC1 
 293      25DDE092 
 293      DBB62EB1 
 293      EF
 294 03d4 E02EFB21 		.ascii	"\340.\373!j\036Z\232\360\300#L\334\301\311\376Gj\246"
 294      6A1E5A9A 
 294      F0C0234C 
 294      DCC1C9FE 
 294      476AA6
 295 03e7 8A37A089 		.ascii	"\2127\240\211\223\311]N\370!{f\356\022\253i\227@\331"
 295      93C95D4E 
 295      F8217B66 
 295      EE12AB69 
 295      9740D9
 296 03fa 89B7AA31 		.ascii	"\211\267\2521\236d\317bO\3046\273\343%\206\3445\326"
 296      9E64CF62 
 296      4FC436BB 
 296      E32586E4 
 296      35D6
 297 040c 3F75C17B 		.ascii	"?u\301{0\233u;\342\256\006g1d\270\357r\271;\316eH\375"
 297      309B753B 
 297      E2AE0667 
 297      3164B8EF 
 297      72B93BCE 
ARM GAS  /tmp/ccQpPzij.s 			page 23


 298 0423 CCC17A0F 		.ascii	"\314\301z\017\234\317\220kw\227'4\270\224!\035\341\207"
 298      9CCF906B 
 298      77972734 
 298      B894211D 
 298      E187
 299 0435 C1ADA7F8 		.ascii	"\301\255\247\370\034q!C\213\353)\"\324\307\365\367+"
 299      1C712143 
 299      8BEB2922 
 299      D4C7F5F7 
 299      2B
 300 0446 1D96F403 		.ascii	"\035\226\364\003G%\335\224I|5\012\276\272o\247\234\333"
 300      4725DD94 
 300      497C350A 
 300      BEBA6FA7 
 300      9CDB
 301 0458 C6E3163D 		.ascii	"\306\343\026=\3609&.\376\300\263\343\356\370\012C\026"
 301      F039262E 
 301      FEC0B3E3 
 301      EEF80A43 
 301      16
 302 0469 1EA6F420 		.ascii	"\036\246\364 f\262\026\320\210\372\236d\017\026\305"
 302      66B216D0 
 302      88FA9E64 
 302      0F16C5
 303 0478 21EABAF6 		.ascii	"!\352\272\366\334I\025\276\315hk\223\367\201\322}\014"
 303      DC4915BE 
 303      CD686B93 
 303      F781D27D 
 303      0C
 304 0489 19488FAF 		.ascii	"\031H\217\257w\305/\030r6q\342\264\032O3$fv\244\334"
 304      77C52F18 
 304      723671E2 
 304      B41A4F33 
 304      246676A4 
 305 049e 032F63AB 		.ascii	"\003/c\253\310\257e\221\177\036u\177\210'\315[\200\036"
 305      C8AF6591 
 305      7F1E757F 
 305      8827CD5B 
 305      801E
 306 04b0 B97961C2 		.ascii	"\271ya\302\011G+)i\331\256{\205*x\346\011=\003\311\032"
 306      09472B29 
 306      69D9AE7B 
 306      852A78E6 
 306      093D03C9 
 307 04c5 86276B18 		.ascii	"\206'k\030UM\223%J\274\207\322\012\035\225=\227\244"
 307      554D9325 
 307      4ABC87D2 
 307      0A1D953D 
 307      97A4
 308 04d7 EEBA3CF5 		.ascii	"\356\272<\365;\332\300g\301\374i\311|OK\246\214\345"
 308      3BDAC067 
 308      C1FC69C9 
 308      7C4F4BA6 
 308      8CE5
 309 04e9 89CE6F29 		.ascii	"\211\316o)\320\257=\321{\340\304\031p\242'w\342Kp\342"
 309      D0AF3DD1 
 309      7BE0C419 
ARM GAS  /tmp/ccQpPzij.s 			page 24


 309      70A22777 
 309      E24B70E2 
 310 04fd 146F1739 		.ascii	"\024o\0279\005\027\335p\032\023\360,\345\311n,k\027"
 310      0517DD70 
 310      1A13F02C 
 310      E5C96E2C 
 310      6B17
 311 050f 9EB47D2F 		.ascii	"\236\264}/\200\2009I\300,r a\336\276\204\210\375\235"
 311      80803949 
 311      C02C7220 
 311      61DEBE84 
 311      88FD9D
 312 0522 27D43887 		.ascii	"'\3248\207IH)))\226\326\240\332\270\177j \022^\201\204"
 312      49482929 
 312      2996D6A0 
 312      DAB87F6A 
 312      20125E81 
 313 0537 4549C282 		.ascii	"EI\302\202#\011K\366%\230\263{-\313\356\213\005\265"
 313      23094BF6 
 313      2598B37B 
 313      2DCBEE8B 
 313      05B5
 314 0549 036E389F 		.ascii	"\003n8\237\3717>\341U\031\306eL\372L\303\221*\251\320"
 314      F9373EE1 
 314      5519C665 
 314      4CFA4CC3 
 314      912AA9D0 
 315 055d 66D12A14 		.ascii	"f\321*\024)hP\270\360f\311\021\202]\311\015\321\023"
 315      296850B8 
 315      F066C911 
 315      825DC90D 
 315      D113
 316 056f A1B88649 		.ascii	"\241\270\206I:z\241\254\303\00572IK\203\317j\334-\222"
 316      3A7AA1AC 
 316      C3053732 
 316      494B83CF 
 316      6ADC2D92 
 317 0583 E641520C 		.ascii	"\346AR\014H\332\365\003$E\333\227\224\323\320Q\250\304"
 317      48DAF503 
 317      2445DB97 
 317      94D3D051 
 317      A8C4
 318 0595 2D4CD4AD 		.ascii	"-L\324\255\331\206y-n\247\210\2622b\3600\210\362D@\214"
 318      D986792D 
 318      6EA788B2 
 318      3262F030 
 318      88F24440 
 319 05aa 9840B291 		.ascii	"\230@\262\221P\240= 1V\300\346\275V\246\010\322\306"
 319      50A03D20 
 319      3156C0E6 
 319      BD56A608 
 319      D2C6
 320 05bc FE4C86E1 		.ascii	"\376L\206\341^E\257v\344\307\201|\362H\201\022\004O"
 320      5E45AF76 
 320      E4C7817C 
 320      F2488112 
 320      044F
ARM GAS  /tmp/ccQpPzij.s 			page 25


 321 05ce 142F50E9 		.ascii	"\024/P\351\275\227\277\217r\326p\352\2447Q?)\036\275"
 321      BD97BF8F 
 321      72D670EA 
 321      A437513F 
 321      291EBD
 322 05e1 EDAE8D93 		.ascii	"\355\256\215\223\272\025\332\013\252\230\313Y\201\022"
 322      BA15DA0B 
 322      AA98CB59 
 322      8112
 323 05ef 052DDFE2 		.ascii	"\005-\337\342\344t\327\016(\361Mf\325]\361B\247\200"
 323      E474D70E 
 323      28F14D66 
 323      D55DF142 
 323      A780
 324 0601 FB185272 		.ascii	"\373\030Rrd\340\230\032\337cHC\357\276\207n\3701C\006"
 324      64E0981A 
 324      DF634843 
 324      EFBE876E 
 324      F8314306 
 325 0615 4A5F9D71 		.ascii	"J_\235q\306\317\031\222\3237^\342\202\307\231\323\037"
 325      C6CF1992 
 325      D3375EE2 
 325      82C799D3 
 325      1F
 326 0626 241FAF84 		.ascii	"$\037\257\204\212\366\226K\376\343\217\245>\222\006"
 326      8AF6964B 
 326      FEE38FA5 
 326      3E9206
 327 0635 CA7EA5E5 		.ascii	"\312~\245\345\021`\031\370\362\201\177\326YQ|\033\245"
 327      116019F8 
 327      F2817FD6 
 327      59517C1B 
 327      A5
 328 0646 0A5A7440 		.ascii	"\012Zt@\012\317WZ\246`\313\255\370F%\316s\242\302\362"
 328      0ACF575A 
 328      A660CBAD 
 328      F84625CE 
 328      73A2C2F2 
 329 065a AF0E894E 		.ascii	"\257\016\211N\370\030C\316\304]]T\341\002\206d\326\305"
 329      F81843CE 
 329      C45D5D54 
 329      E1028664 
 329      D6C5
 330 066c 44687031 		.ascii	"Dhp1C\206\"\232;U\270\224!\343\317o.\272\341\012\206"
 330      4386229A 
 330      3B55B894 
 330      21E3CF6F 
 330      2EBAE10A 
 331 0681 8873677B 		.ascii	"\210sg{\235q5C\356\034\230\035R\343Z\206\024/O&j\361"
 331      9D713543 
 331      EE1C981D 
 331      52E35A86 
 331      142F4F26 
 332 0697 1986CC9E 		.ascii	"\031\206\314\236\351\310\023X\277\360\";\344\246\370"
 332      E9C81358 
 332      BFF0223B 
 332      E4A6F8
ARM GAS  /tmp/ccQpPzij.s 			page 26


 333 06a6 16CCD23B 		.ascii	"\026\314\322;WX\022\\w\027\\\212\362@^\364o\215\227"
 333      5758125C 
 333      77175C8A 
 333      F2405EF4 
 333      6F8D97
 334 06b9 97B7571E 		.ascii	"\227\267W\036\261w\350\344\363\320\0237\356\211\342"
 334      B177E8E4 
 334      F3D01337 
 334      EE89E2
 335 06c8 3E2D35E6 		.ascii	">-5\346\0201FX#Y\357C\\_J\002\240\240\023\232\312\257"
 335      10314658 
 335      2359EF43 
 335      5C5F4A02 
 335      A0A0139A 
 336 06de 6AC5245F 		.ascii	"j\305$_J\234eK|\031\331RWK\324\031\266\324\023\224z"
 336      4A9C654B 
 336      7C19D952 
 336      574BD419 
 336      B6D41394 
 337 06f3 BD445C27 		.ascii	"\275D\\'\021\247\330\022\367\331\022\237\226\210\323"
 337      11A7D812 
 337      F7D9129F 
 337      9688D3
 338 0702 ED7396EB 		.ascii	"\355s\226\353\221)Q\347\3305\221rN\346e \"\223\002\345"
 338      912951E7 
 338      D8359172 
 338      4EE66520 
 338      229302E5 
 339 0716 416A1E86 		.ascii	"Aj\036\206\324\004\367\261\011\020dt\002\222\241@\360"
 339      D404F7B1 
 339      09106474 
 339      0292A140 
 339      F0
 340 0727 4247008A 		.ascii	"BG\000\212\001\216\002\024\001\224\000\034\003\310\007"
 340      018E0214 
 340      0194001C 
 340      03C807
 341 0736 382E78D1 		.ascii	"8.x\321\322a\222+$\311\007m%w\330\032uH\"\316\266\357"
 341      D261922B 
 341      24C9076D 
 341      2577D81A 
 341      754822CE 
 342 074c 5C4ACCFA 		.ascii	"\\J\314\372CF\274\226\354\375\200H\301\023P\222z\352"
 342      4346BC96 
 342      ECFD8048 
 342      C1135092 
 342      7AEA
 343 075e EADA0CB1 		.ascii	"\352\332\014\261)\012SV\231\366\3452\377@\252\354^."
 343      290A5356 
 343      99F6E532 
 343      FF40AAEC 
 343      5E2E
 344 0770 6AF1B0AA 		.ascii	"j\361\260\252<95\020Z*\257f\371\361\230\023\236\242"
 344      3C393510 
 344      5A2AAF66 
 344      F9F19813 
 344      9EA2
ARM GAS  /tmp/ccQpPzij.s 			page 27


 345 0782 0987BBFA 		.ascii	"\011\207\273\372\036\303j\267\306\313;\231\257\277\324"
 345      1EC36AB7 
 345      C6CB3B99 
 345      AFBFD4
 346 0791 6DD2C61F 		.ascii	"m\322\306\037\244\226s\267U\200\333N\312\335\002%\364"
 346      A49673B7 
 346      5580DB4E 
 346      CADD0225 
 346      F4
 347 07a2 45E100CB 		.ascii	"E\341\000\313;`\217\366sb;Aa\306V\306Qc\313\255\215"
 347      3B608FF6 
 347      73623B41 
 347      61C656C6 
 347      5163CBAD 
 348 07b7 25BB92BE 		.ascii	"%\273\222\276s\217\005\274\310j\340\311h\361m\001G:"
 348      738F05BC 
 348      C86AE0C9 
 348      68F16D01 
 348      473A
 349 07c9 53246BF0 		.ascii	"S$k\360\374\000\337"
 349      FC00DF
 350 07d0 BE5C2478 		.ascii	"\276\\$x\365`J\254\226W\004y\321i\356X>\253\306{\030"
 350      F5604AAC 
 350      96570479 
 350      D169EE58 
 350      3EABC67B 
 351 07e5 71E57261 		.ascii	"q\345ra4\306\007(\362\333\366\360\230\001\250\2255^"
 351      34C60728 
 351      F2DBF6F0 
 351      9801A895 
 351      355E
 352 07f7 DA35A456 		.ascii	"\3325\244V\264\264d\300Por\201\377\327\302\200\226\026"
 352      B4B464C0 
 352      506F7281 
 352      FFD7C280 
 352      9616
 353 0809 9156EBED 		.ascii	"\221V\353\355E\256\226?x\352\255]\343\315\214\\\232"
 353      45AE963F 
 353      78EAAD5D 
 353      E3CD8C5C 
 353      9A
 354 081a 08CDCF8F 		.ascii	"\010\315\317\217&\021\235\000\033[`\255\252sT.V\251"
 354      26119D00 
 354      1B5B60AD 
 354      AA73542E 
 354      56A9
 355 082c 77032848 		.ascii	"w\003(H\214P'\237B|8\016>\034\203\364\252\007\250\265"
 355      8C50279F 
 355      427C380E 
 355      3E1C83F4 
 355      AA07A8B5 
 356 0840 4AB159BD 		.ascii	"J\261Y\275\030\353\214\316\200\210+\366EP?\312\343\333"
 356      18EB8CCE 
 356      80882BF6 
 356      45503FCA 
 356      E3DB
 357 0852 60155F32 		.ascii	"`\025_2\223\371\324J\213j(\200S\244\000^\200\344F\256"
ARM GAS  /tmp/ccQpPzij.s 			page 28


 357      93F9D44A 
 357      8B6A2880 
 357      53A4005E 
 357      80E446AE 
 358 0866 C573B87F 		.ascii	"\305s\270\177\006\032<\005x\002\360\030\340\021\300"
 358      061A3C05 
 358      7802F018 
 358      E011C0
 359 0875 43800700 		.ascii	"C\200\007\000\243\000\367\001\356\001\334\000\370\036"
 359      A300F701 
 359      EE01DC00 
 359      F81E
 360 0883 E012C045 		.ascii	"\340\022\300E\200\013\000\347\000\232\000\316ZeC\322"
 360      800B00E7 
 360      009A00CE 
 360      5A6543D2 
 361 0893 F447772A 		.ascii	"\364Gw*Db\005t\332\032\310\205F\271\021\247\221\375"
 361      44620574 
 361      DA1AC885 
 361      46B911A7 
 361      91FD
 362 08a5 0AB52858 		.ascii	"\012\265(X\305g\374\277)\330\324y\333\223\325\023y\353"
 362      C567FCBF 
 362      29D8D479 
 362      DB93D513 
 362      79EB
 363 08b7 A843360A 		.ascii	"\250C6\012\326\256\3507\365\251?e\364\347\301\267\315"
 363      D6AEE837 
 363      F5A93F65 
 363      F4E7C1B7 
 363      CD
 364 08c8 F6E95744 		.ascii	"\366\351WD\245\316**\347Y\3251~\331f\371d\213\177\313"
 364      A5CE2A2A 
 364      E759D531 
 364      7ED966F9 
 364      648B7FCB 
 365 08dc 96DF4D6B 		.ascii	"\226\337Mk\371P.I\267i#!o\244=\366\251\327K\304\263"
 365      F9502E49 
 365      B7692321 
 365      6FA43DF6 
 365      A9D74BC4 
 366 08f1 1B096D33 		.ascii	"\033\011m3\320\334\341\264\255@KR\007\365:p\275\205"
 366      D0DCE1B4 
 366      AD404B52 
 366      07F53A70 
 366      BD85
 367 0903 E02AB8BB 		.ascii	"\340*\270\273\205\273\276\025\356\257\200\353.[\271"
 367      85BBBE15 
 367      EEAF80EB 
 367      2E5BB9
 368 0912 6E329EBB 		.ascii	"n2\236\273\202\244Y\033\010hq\260\2760\001M6\002\256"
 368      82A4591B 
 368      086871B0 
 368      BE30014D 
 368      3602AE
 369 0925 F1198E05 		.ascii	"\361\031\216\005\214\261\246I\330\177o\227\275\254\215"
 369      8CB1A649 
ARM GAS  /tmp/ccQpPzij.s 			page 29


 369      D87F6F97 
 369      BDAC8D
 370 0934 0CB29ED9 		.ascii	"\014\262\236\331b\335F\330\252\2366\363Q\346\276pX\325"
 370      62DD46D8 
 370      AA9E36F3 
 370      51E6BE70 
 370      58D5
 371 0946 8927DAA5 		.ascii	"\211'\332\245\215%!\346\256\032J\236\016m\233`m\353"
 371      8D2521E6 
 371      AE1A4A9E 
 371      0E6D9B60 
 371      6DEB
 372 0958 1A50F5DB 		.ascii	"\032P\365\333\372\266oEI\333\266\305\016\260\241\235"
 372      FAB66F45 
 372      49DBB6C5 
 372      0EB0A19D 
 373 0968 DB731DEE 		.ascii	"\333s\035\356\333\254\363L\356,bM\373\353V*[\336\003"
 373      DBACF34C 
 373      EE2C624D 
 373      FBEB562A 
 373      5BDE03
 374 097b 7C822D6F 		.ascii	"|\202-of{\007\263\275\335\276\355\237f$\021\333\211"
 374      667B07B3 
 374      BDDDBEED 
 374      9F662411 
 374      DB89
 375 098d 558392ED 		.ascii	"U\203\222\355\355V\266\177j\266\275SX\213\206\354\333"
 375      ED56B67F 
 375      6AB6BD53 
 375      588B86EC 
 375      DB
 376 099e 4ED5DB67 		.ascii	"N\325\333gO=\005\235Ft\273\013\272\215@\034\207\001"
 376      4F3D059D 
 376      4674BB0B 
 376      BA8D401C 
 376      8701
 377 09b0 8600FA00 		.ascii	"\206\000\372\000n\003\334\002\270i\345\217\263\2354"
 377      6E03DC02 
 377      B869E58F 
 377      B39D34
 378 09bf B624EB87 		.ascii	"\266$\353\207A\036a`\307\033\2146g\277\254\346F\336"
 378      411E6160 
 378      C71B8C36 
 378      67BFACE6 
 378      46DE
 379 09d1 44BD7883 		.ascii	"D\275x\203r\356\002\332\273\216i\345\345\331mU\236]"
 379      72EE02DA 
 379      BB8E69E5 
 379      E5D96D55 
 379      9E5D
 380 09e3 AC3CADAA 		.ascii	"\254<\255\252\342\011<}L\030<\002\216\335<\020w\300"
 380      E2093C7D 
 380      4C183C02 
 380      8EDD3C10 
 380      77C0
 381 09f5 D85E30AC 		.ascii	"\330^0\254G2\014\234yj~G*[\032\310\213\350=No\257o\263"
 381      47320C9C 
ARM GAS  /tmp/ccQpPzij.s 			page 30


 381      796A7E47 
 381      2A5B1AC8 
 381      8BE83D4E 
 382 0a0d 1AED7522 		.ascii	"\032\355u\"\335\221d\346CNk\251\020\333\034\3579L\317"
 382      DD9164E6 
 382      434E6BA9 
 382      10DB1CEF 
 382      394CCF
 383 0a20 84BAEDEC 		.ascii	"\204\272\355\354\013H\376\266N\261\030\366\203\345O"
 383      0B48FEB6 
 383      4EB118F6 
 383      83E54F
 384 0a2f 7F98E503 		.ascii	"\177\230\345\003@*Y\336\317,w\264\236\240A0XZR\314\371"
 384      402A59DE 
 384      CF2C77B4 
 384      9EA04130 
 384      585A52CC 
 385 0a44 F54D7A37 		.ascii	"\365Mz7\3311\023V\317\244\374:Cy\231u\333q\205\353\006"
 385      D9311356 
 385      CFA4FC3A 
 385      43799975 
 385      DB7185EB 
 386 0a59 ABC0F3D7 		.ascii	"\253\300\363\327\006\020\314<y\203\267D\322\344^\274"
 386      0610CC3C 
 386      7983B744 
 386      D2E45EBC 
 387 0a69 897ADF0D 		.ascii	"\211z\337\015KC\034sL\313\034\370\262\235:\020hVn\254"
 387      4B431C73 
 387      4CCB1CF8 
 387      B29D3A10 
 387      68566EAC 
 388 0a7d B2DB3DD3 		.ascii	"\262\333=\323\304\246pL\337>'y\011\360\327\032\266\355"
 388      C4A6704C 
 388      DF3E2779 
 388      09F0D71A 
 388      B6ED
 389 0a8f 1C972D03 		.ascii	"\034\227-\003\373\332]\305\362o\350\373\242(\330\241"
 389      FBDA5DC5 
 389      F26FE8FB 
 389      A228D8A1 
 390 0a9f 5D96D1CE 		.ascii	"]\226\321\316\267QZ\362\306\027e\217V\276\274\334\332"
 390      B7515AF2 
 390      C617658F 
 390      56BEBCDC 
 390      DA
 391 0ab0 CB531D5E 		.ascii	"\313S\035^\212\320n\333\365r\305\306\272\272\315\322"
 391      8AD06EDB 
 391      F572C5C6 
 391      BABACDD2 
 392 0ac0 21936C89 		.ascii	"!\223l\211;V0\257\222\250\223\355S\313\243\320\306\243"
 392      3B5630AF 
 392      92A893ED 
 392      53CBA3D0 
 392      C6A3
 393 0ad2 40766FFB 		.ascii	"@vo\373l\311W\276\020\034b\314\3112Zi\237Z\246\367\301"
 393      6CC957BE 
 393      101C62CC 
ARM GAS  /tmp/ccQpPzij.s 			page 31


 393      C9325A69 
 393      9F5AA6F7 
 394 0ae7 BD364B47 		.ascii	"\2756KG\243\203\245\203\221\247\266Y-\004+\211e1>\260"
 394      A383A583 
 394      91A7B659 
 394      2D042B89 
 394      65313EB0 
 395 0afb 9736C346 		.ascii	"\2276\303F\373\315pG>=b$i}Zz\275k\2245\303\245\211/"
 395      FBCD7047 
 395      3E3D6224 
 395      697D5A7A 
 395      BD6B9435 
 396 0b13 D2F245F3 		.ascii	"\322\362E\363\272y\225\357\273\034\326\344\244/\221"
 396      BA7995EF 
 396      BB1CD6E4 
 396      A42F91
 397 0b22 56672D4D 		.ascii	"Vg-M^A\223V\315e\302Ns\261l\012\247\240\276^\267)\344"
 397      5E419356 
 397      CD65C24E 
 397      73B16C0A 
 397      A7A0BE5E 
 398 0b39 5DE03E4D 		.ascii	"]\340>Mb\302\367\272Tou\324\004r\3721\362\364\225+="
 398      62C2F7BA 
 398      546F75D4 
 398      0472FA31 
 398      F2F4952B 
 399 0b4e B526EEAA 		.ascii	"\265&\356\252A\364\330z\252\270'N\365V*o\336o+i\271"
 399      41F4D87A 
 399      AAB8274E 
 399      F5562A6F 
 399      DE6F2B69 
 400 0b63 485A4D0B 		.ascii	"HZM\013o\301\377/\005%cq\243\265`\330\365\235\\1\267"
 400      6FC1FF2F 
 400      05256371 
 400      A3B560D8 
 400      F59D5C31 
 401 0b78 5C1CAA5D 		.ascii	"\\\034\252]\330\221Y\012\355,\\\024?\242\204\250@\022"
 401      D891590A 
 401      ED2C5C14 
 401      3FA284A8 
 401      4012
 402 0b8a 0AB7E492 		.ascii	"\012\267\344\222\017\333\013\005\232\021\336\201\271"
 402      0FDB0B05 
 402      9A11DE81 
 402      B9
 403 0b97 71252DB1 		.ascii	"q%-\261\316\270\325\205\275\355\356\255=\341*\027{\306"
 403      CEB8D585 
 403      BDEDEEAD 
 403      3DE12A17 
 403      7BC6
 404 0ba9 AADFCC51 		.ascii	"\252\337\314Q\261\233\270\324C\221\305_3\241M\343\227"
 404      B19BB8D4 
 404      4391C55F 
 404      33A14DE3 
 404      97
 405 0bba DD487A88 		.ascii	"\335Hz\210$T@\204f\245P\315\0122\221\363Tde\331\215"
 405      24544084 
ARM GAS  /tmp/ccQpPzij.s 			page 32


 405      66A550CD 
 405      0A3291F3 
 405      546465D9 
 406 0bcf 2901DF64 		.ascii	")\001\337d\"\355\035\332[\273dQ\240\203Y{\272\267\312"
 406      22ED1DDA 
 406      5BBB6451 
 406      A083597B 
 406      BAB7CA
 407 0be2 55939D0C 		.ascii	"U\223\235\014(\320+\252\331\222\331!7G\237Fa\256[G\034"
 407      28D02BAA 
 407      D992D921 
 407      37479F46 
 407      61AE5B47 
 408 0bf7 B6E80664 		.ascii	"\266\350\006dhAv\210#\327m\231\352\326\361\254\341\214"
 408      68417688 
 408      23D76D99 
 408      EAD6F1AC 
 408      E18C
 409 0c09 2B1E66BA 		.ascii	"+\036f\272]\215;\375\000Q=H/`\272\215\036\212\031rs"
 409      5D8D3BFD 
 409      00513D48 
 409      2F60BA8D 
 409      1E8A1972 
 410 0c1e A8470426 		.ascii	"\250G\004&z\204c\256\307P]b4\011\314\020]\264\277\211"
 410      7A8463AE 
 410      C7505D62 
 410      3409CC10 
 410      5DB4BF89 
 411 0c32 8B6C4E10 		.ascii	"\213lN\020\017\013\224\014\211\330\242\007\334\322|"
 411      0F0B940C 
 411      89D8A207 
 411      DCD27C
 412 0c41 419198EA 		.ascii	"A\221\230\352 6-c\374\202\351\320\375\264s\257\233\305"
 412      20362D63 
 412      FC82E9D0 
 412      FDB473AF 
 412      9BC5
 413 0c53 174C87DD 		.ascii	"\027L\207\335\305\342y\265\3430ES%v\231\225H\370>\374"
 413      C5E279B5 
 413      E3304553 
 413      25769995 
 413      48F83EFC 
 414 0c67 981353A2 		.ascii	"\230\023S\242\251k\304?92\367SB\202\242$\005\242\314"
 414      A96BC43F 
 414      3932F753 
 414      4282A224 
 414      05A2CC
 415 0c7a 0AC45005 		.ascii	"\012\304P\005\342\313N\214j\360\002S\240wp\370\367|"
 415      E2CB4E8C 
 415      6AF00253 
 415      A07770F8 
 415      F77C
 416 0c8c 76FFC847 		.ascii	"v\377\310Gt6q\343ni\366n\363\354X:\273kj\346\274\006"
 416      743671E3 
 416      6E69F66E 
 416      F3EC583A 
 416      BB6B6AE6 
ARM GAS  /tmp/ccQpPzij.s 			page 33


 417 0ca2 EF56B143 		.ascii	"\357V\261C\326\224\262t\376\373\313u\201\034\365\317"
 417      D694B274 
 417      FEFBCB75 
 417      811CF5CF 
 418 0cb2 2437F0D3 		.ascii	"$7\360\323}\361G\304\224\341\230N\015{>K\017L\243s\256"
 418      7DF147C4 
 418      94E1984E 
 418      0D7B3E4B 
 418      0F4CA373 
 419 0cc7 F1B3D66E 		.ascii	"\361\263\326nr\236Z\277\224[\243\344\277\006\270\001"
 419      729E5ABF 
 419      945BA3E4 
 419      BF06B801 
 420 0cd7 9E3A7A6D 		.ascii	"\236:zmB\215\343\031\363\027\303\221G=p*Cr\257\356n"
 420      428DE319 
 420      F317C391 
 420      473D702A 
 420      4372AFEE 
 421 0cec 53E34C86 		.ascii	"S\343L\206\224'\205\207c\\\304\220\010\361I\242\023"
 421      94278587 
 421      635CC490 
 421      08F149A2 
 421      13
 422 0cfd 79AB8E7C 		.ascii	"y\253\216|\303y\026~q\375\250\006\255\361\366\262\277"
 422      C379167E 
 422      71FDA806 
 422      ADF1F6B2 
 422      BF
 423 0d0e A9DB0726 		.ascii	"\251\333\007&\037\300\254\334S\2617J\303\3622O\371+"
 423      1FC0ACDC 
 423      53B1374A 
 423      C3F2324F 
 423      F92B
 424 0d20 4830786C 		.ascii	"H0xl\275REE\212M\247\016\376\2345\317\024\014\357\327"
 424      BD524545 
 424      8A4DA70E 
 424      FE9C35CF 
 424      140CEFD7 
 425 0d34 9C899D7E 		.ascii	"\234\211\235~HN\325c_\226)q\025\325[\270<1\277\250B"
 425      484ED563 
 425      5F962971 
 425      15D55BB8 
 425      3C31BFA8 
 426 0d49 DE6BCCBD 		.ascii	"\336k\314\275\360\353l\2721\314\204\331\351\222\367"
 426      F0EB6CBA 
 426      31CC84D9 
 426      E992F7
 427 0d58 894847DB 		.ascii	"\211HG\333\320\014\320\322\236\306\344\007\230\364G"
 427      D00CD0D2 
 427      9EC6E407 
 427      98F447
 428 0d67 B16EF802 		.ascii	"\261n\370\002\363PL\357\271f7\334\312\220\304Sw\026"
 428      F3504CEF 
 428      B96637DC 
 428      CA90C453 
 428      7716
 429 0d79 3D7027D3 		.ascii	"=p'\323ayz\364\224\306\341\217C9\330\301\217CM]\205"
ARM GAS  /tmp/ccQpPzij.s 			page 34


 429      61797AF4 
 429      94C6E18F 
 429      4339D8C1 
 429      8F434D5D 
 430 0d8e B4E91DC2 		.ascii	"\264\351\035\302\032\224\215W\37644\2340\322\212p?\023"
 430      1A948D57 
 430      FE34349C 
 430      30D28A70 
 430      3F13
 431 0da0 98D498DB 		.ascii	"\230\324\230\333\340\202\3573\244\364\304B\271\206\346"
 431      E082EF33 
 431      A4F4C442 
 431      B986E6
 432 0daf FB57E674 		.ascii	"\373W\346t\357\336u\363\220\340\260\344\216\320l\317"
 432      EFDE75F3 
 432      90E0B0E4 
 432      8ED06CCF 
 433 0dbf 3367BB98 		.ascii	"3g\273\230#B<\345\015\035\010d\344G\261y?\004\304\005"
 433      23423CE5 
 433      0D1D0864 
 433      E447B179 
 433      3F04C405 
 434 0dd3 3529C5AE 		.ascii	"5)\305\256\370\0313uo}\35695\362\3262\003\346\242\327"
 434      F8193375 
 434      6F7DEE39 
 434      35F2D632 
 434      03E6A2D7 
 435 0de7 1203F281 		.ascii	"\022\003\362\201\374\230d\000\314\266Y.\344\334\321"
 435      FC986400 
 435      CCB6592E 
 435      E4DCD1
 436 0df6 71F08795 		.ascii	"q\360\207\225\200\361\351\375C\036x\232\231\326TUW\251"
 436      80F1E9FD 
 436      431E789A 
 436      99D65455 
 436      57A9
 437 0e08 C5AF1832 		.ascii	"\305\257\0302\276\230]\303\317D\326\002\2724\230\224"
 437      BE985DC3 
 437      CF44D602 
 437      BA349894 
 438 0e18 E4C28F44 		.ascii	"\344\302\217DH\336O^\031\214u\305\211j6q\341\364\035"
 438      48DE4F5E 
 438      198C75C5 
 438      896A3671 
 438      E1F41D
 439 0e2b 2D4EA588 		.ascii	"-N\245\210\346\342\261\242>HRr\302\241\365\262\344*"
 439      E6E2B1A2 
 439      3E485272 
 439      C2A1F5B2 
 439      E42A
 440 0e3d 5F9A8AB1 		.ascii	"_\232\212\261'*\302\240I!\350\\\312#_\015Z\225c/t\022"
 440      272AC2A0 
 440      4921E85C 
 440      CA235F0D 
 440      5A95632F 
 441 0e53 A00CA00A 		.ascii	"\240\014\240\012\240\006\313\337\372a3\332\317_(H\304"
 441      A006CBDF 
ARM GAS  /tmp/ccQpPzij.s 			page 35


 441      FA6133DA 
 441      CF5F2848 
 441      C4
 442 0e64 B2F864C7 		.ascii	"\262\370d\307\373\201\3324\276\037\250\004k\013l\311"
 442      FB81DA34 
 442      BE1FA804 
 442      6B0B6CC9 
 443 0e74 6D77F875 		.ascii	"mw\370u]t;@hs\355\322\262\275\203\345\005(\213\276\374"
 443      5D743B40 
 443      6873EDD2 
 443      B2BD83E5 
 443      05288BBE 
 444 0e89 9D02B212 		.ascii	"\235\002\262\022\311\365\2454\317\345\256?\205\345+"
 444      C9F5A534 
 444      CFE5AE3F 
 444      85E52B
 445 0e98 7525D6CA 		.ascii	"u%\326\312\015\332a6\210D\360\260}\203\354\034\370X"
 445      0DDA6136 
 445      8844F0B0 
 445      7D83EC1C 
 445      F858
 446 0eaa 1C58014E 		.ascii	"\034X\001N\373!\016d\331R\223F71\245\266\345O\337$\315"
 446      FB210E64 
 446      D9529346 
 446      3731A5B6 
 446      E54FDF24 
 447 0ebf BE82843E 		.ascii	"\276\202\204>a\253\210l\033\007\201>vn\272I\203\217"
 447      61AB886C 
 447      1B07813E 
 447      766EBA49 
 447      838F
 448 0ed1 B3A85747 		.ascii	"\263\250WG\215.y\340\006\2128?\357M\372\206\236\031"
 448      8D2E79E0 
 448      068A383F 
 448      EF4DFA86 
 448      9E19
 449 0ee3 7BAFE16F 		.ascii	"{\257\341oM\326>mt\340SF\234\334\313\367\206\346\350"
 449      4DD63E6D 
 449      74E05346 
 449      9CDCCBF7 
 449      86E6E8
 450 0ef6 36BE36BA 		.ascii	"6\2766\272s\266\321]\311]F}R\316\274\326>sY\200\233"
 450      73B6D15D 
 450      C95D467D 
 450      52CEBCD6 
 450      3E735980 
 451 0f0b 6698AF1A 		.ascii	"f\230\257\032\255}e\177\207u\232\263#Q8\013Q8\003\236"
 451      AD7D657F 
 451      87759AB3 
 451      2351380B 
 451      5138039E 
 452 0f1f AF03A807 		.ascii	"\257\003\250\007h\220\232\331\376\326\212\307.\370\012"
 452      68909AD9 
 452      FED68AC7 
 452      2EF80A
 453 0f2e 75957065 		.ascii	"u\225pe\371d=\206.n\237\343y\340\362&\216\346D\014\315"
 453      F9643D86 
ARM GAS  /tmp/ccQpPzij.s 			page 36


 453      2E6E9FE3 
 453      79E0F226 
 453      8EE6440C 
 454 0f43 2A278978 		.ascii	"*'\211x\016\310\233\244Dl\304|\347v\272\341\331\257"
 454      0EC89BA4 
 454      446CC47C 
 454      E776BAE1 
 454      D9AF
 455 0f55 58057B92 		.ascii	"X\005{\222\037\235\373\307\233\\\371\257\220\244\202"
 455      1F9DFBC7 
 455      9B5CF9AF 
 455      90A482
 456 0f64 CBDBF666 		.ascii	"\313\333\366f\271\341A\026\313\375\257._\200\026\307"
 456      B9E14116 
 456      CBFDAF2E 
 456      5F8016C7 
 457 0f74 9086A6C9 		.ascii	"\220\206\246\311\263J\374\214!\031\215\345\2271~\311"
 457      B34AFC8C 
 457      21198DE5 
 457      97317EC9 
 458 0f84 90177947 		.ascii	"\220\027yG\037\012x\201!\311Q\271\017<p\004\373!\261"
 458      1F0A7881 
 458      21C951B9 
 458      0F3C7004 
 458      FB21B1
 459 0f97 24397CBF 		.ascii	"$9|\277\200\343\030R\032"
 459      80E31852 
 459      1A
 460 0fa0 3172C905 		.ascii	"1r\311\005\247SD\325\2222\223\354NS\003\232\201\227"
 460      A75344D5 
 460      923293EC 
 460      4E53039A 
 460      8197
 461 0fb2 25FD1FF3 		.ascii	"%\375\037\363\0278\2625\000\001\250\303A\326\261\030"
 461      1738B235 
 461      0001A8C3 
 461      41D6B118 
 462 0fc2 4EF74A1B 		.ascii	"N\367J\033v[b\353\227\030\010`g\257g8\0158\331p\267"
 462      765B62EB 
 462      97180860 
 462      67AF6738 
 462      0D38D970 
 463 0fd7 72723B1B 		.ascii	"rr;\033n\306z<S\366\352\320l_\023;\205x\021\012\361"
 463      6EC67A3C 
 463      53F6EAD0 
 463      6C5F133B 
 463      8578110A 
 464 0fec 0229C4AB 		.ascii	"\002)\304\253|\012\011\330\015\010X;\004\252\023\340"
 464      7C0A09D8 
 464      0D08583B 
 464      04AA13E0 
 465 0ffc 26C03580 		.ascii	"&\3005\200"
 466 1000 EB006D56 		.ascii	"\353\000mV\305\330\221I\023\254\303^1\336\352\225\035"
 466      C5D89149 
 466      13ACC35E 
 466      31DEEA95 
 466      1D
ARM GAS  /tmp/ccQpPzij.s 			page 37


 467 1011 1F5EB1D5 		.ascii	"\037^\261\325f\305\313~7\363\013y\245j\261Ol9\273\277"
 467      66C5CB7E 
 467      37F30B79 
 467      A56AB14F 
 467      6C39BBBF 
 468 1025 F722F591 		.ascii	"\367\"\365\221\022\347\321\240\010\027\037$N\272\313"
 468      12E7D1A0 
 468      08171F24 
 468      4EBACB
 469 1034 96EE1D99 		.ascii	"\226\356\035\231\213\344\235\273\013\346\337\2222\251"
 469      8BE49DBB 
 469      0BE6DF92 
 469      32A9
 470 1042 43B674DB 		.ascii	"C\266t\333\232}\033L\375\241f\203\364\353SG`\033_\306"
 470      9A7D1B4C 
 470      FDA16683 
 470      F4EB5347 
 470      601B5FC6 
 471 1056 F223EA7A 		.ascii	"\362#\352z\370\337\343Zv\377\340\301\341\024\376\301"
 471      F8DFE35A 
 471      76FFE0C1 
 471      E114FEC1 
 472 1066 CB5F023A 		.ascii	"\313_\002:}a\377Y\245F\366;=y 5\321;\230\374\026\350"
 472      7D61FF59 
 472      A546F63B 
 472      3D792035 
 472      D13B98FC 
 473 107c E3897A31 		.ascii	"\343\211z1\375)\360\331\261\266\012\262Jyk\320\237e"
 473      FD29F0D9 
 473      B1B60AB2 
 473      4A796BD0 
 473      9F65
 474 108e BF6E7B33 		.ascii	"\277n{3\336Y\311#ij\334\302L>P8\233'\230w\012\271\221"
 474      DE59C923 
 474      696ADCC2 
 474      4C3E5038 
 474      9B279877 
 475 10a5 E23BE127 		.ascii	"\342;\341'=e\247\207C`\2037\337*\364\203\221}\330\374"
 475      3D65A787 
 475      43608337 
 475      DF2AF483 
 475      917DD8FC 
 476 10b9 1DC9F253 		.ascii	"\035\311\362S\267Z\362+\362 \264\217\001\3119\336|\253"
 476      B75AF22B 
 476      F220B48F 
 476      01C939DE 
 476      7CAB
 477 10cb 10135590 		.ascii	"\020\023U\220\350\212;\231\220C\311\323\365\032\307"
 477      E88A3B99 
 477      9043C9D3 
 477      F51AC7
 478 10da 42EE3A14 		.ascii	"B\356:\0242\027\375\217\364\333\231\021\0202,\011\031"
 478      3217FD8F 
 478      F4DB9911 
 478      10322C09 
 478      19
 479 10eb C45CCA40 		.ascii	"\304\\\312@\331\235\213J\334\307\244\234\257\356\031"
ARM GAS  /tmp/ccQpPzij.s 			page 38


 479      D99D8B4A 
 479      DCC7A49C 
 479      AFEE19
 480 10fa 77762C65 		.ascii	"wv,e\324\241\224\227\017\374\263o\222@\337\0071\367"
 480      D4A19497 
 480      0FFCB36F 
 480      9240DF07 
 480      31F7
 481 110c 24312366 		.ascii	"$1#f1K\323\303\221.\253\223x\304?Jw\247\224\211\300"
 481      314BD3C3 
 481      912EAB93 
 481      78C43F4A 
 481      77A79489 
 482 1121 642F26FE 		.ascii	"d/&\376\177\200W\233\243\000\344.#\361)\305jsm\233\317"
 482      7F80579B 
 482      A300E42E 
 482      23F129C5 
 482      6A736D9B 
 483 1136 FEBE989B 		.ascii	"\376\276\230\233\210\242\245M\372\322A\020\362\024\256"
 483      88A2A54D 
 483      FAD24110 
 483      F214AE
 484 1145 96FE6673 		.ascii	"\226\376fsD\0019\2346\210\240\\\323\337#\314Q\017\247"
 484      4401399C 
 484      3688A05C 
 484      D3DF23CC 
 484      510FA7
 485 1158 378B447B 		.ascii	"7\213D{\260M\312g\017\360\352&\311z\211\223[\322\322"
 485      B04DCA67 
 485      0FF0EA26 
 485      C97A8993 
 485      5BD2D2
 486 116b F634E7E6 		.ascii	"\3664\347\346\177\221\372 \257\347I\234\324\362[\200"
 486      7F91FA20 
 486      AFE7499C 
 486      D4F25B80 
 487 117b EC745B4A 		.ascii	"\354t[J\361t\330>&\000\263x\302\254\233O!9\376\014\234"
 487      F174D83E 
 487      2600B378 
 487      C2AC9B4F 
 487      2139FE0C 
 488 1190 FA1872FA 		.ascii	"\372\030r\372!\300s\200'\000\217\254\312\372\300!Z\326"
 488      21C07380 
 488      27008FAC 
 488      CAFAC021 
 488      5AD6
 489 11a2 4F579435 		.ascii	"OW\2245<k\030\340eM6\307\311\234\255\245R{\255+\265"
 489      3C6B18E0 
 489      654D36C7 
 489      C99CADA5 
 489      527BAD2B 
 490 11b7 6157D4B4 		.ascii	"aW\324\264\033~\300b]:\177\344\244\213\325ja\245\342"
 490      1B7EC062 
 490      5D3A7FE4 
 490      A48BD56A 
 490      61A5E2
 491 11ca 38A8F583 		.ascii	"8\250\365\203U$\007\327\207\246H\374\307`\312\013)\376"
ARM GAS  /tmp/ccQpPzij.s 			page 39


 491      552407D7 
 491      87A648FC 
 491      C760CA0B 
 491      29FE
 492 11dc 4FCD4BC6 		.ascii	"O\315K\306\215\305\362e\355\317\216\360\027\302Oc#\257"
 492      8DC5F265 
 492      EDCF8EF0 
 492      17C24F63 
 492      23AF
 493 11ee 8AE2612D 		.ascii	"\212\342a-%\217c\344\026\321\0122BN \360\317`\342\276"
 493      258F63E4 
 493      16D10A32 
 493      424E20F0 
 493      CF60E2BE 
 494 1202 97CF772B 		.ascii	"\227\317w+\255\266\265\315V\347\024\223l\367C\256d-"
 494      ADB6B5CD 
 494      56E71493 
 494      6CF743AE 
 494      642D
 495 1214 AA7F9268 		.ascii	"\252\177\222hM=f\265W\232\342\324S\224\372\336BI\035"
 495      4D3D66B5 
 495      579AE2D4 
 495      5394FADE 
 495      42491D
 496 1227 FF82C899 		.ascii	"\377\202\310\231,BwgFT\216[\304\264\271E\274d-b*n\327"
 496      2C427767 
 496      46548E5B 
 496      C4B4B945 
 496      BC642D62 
 497 123e 0CFF6891 		.ascii	"\014\377h\221|\342h\376\300n-\373\300.:7\365\205\253"
 497      7CE268FE 
 497      C06E2DFB 
 497      C02E3A37 
 497      F585AB
 498 1251 94F0887E 		.ascii	"\224\360\210~\3250\013&\316P\023\347h\276S\226\024!"
 498      D5300B26 
 498      CE5013E7 
 498      68BE5396 
 498      1421
 499 1263 1F47F4EC 		.ascii	"\037G\364\354*\264\326=\332j\003?\317u\237\247\272\237"
 499      2AB4D63D 
 499      DA6A033F 
 499      CF759FA7 
 499      BA9F
 500 1275 EE8F8EB5 		.ascii	"\356\217\216\265\336\356GXQ/p\352\005J\235\260\253("
 500      DEEE4758 
 500      512F70EA 
 500      054A9DB0 
 500      AB28
 501 1287 DC054FB2 		.ascii	"\334\005O\262\356\265t\345`\246\343\327\212%,?\353h"
 501      EEB574E5 
 501      60A6E3D7 
 501      8A252C3F 
 501      EB68
 502 1299 ED681F53 		.ascii	"\355h\037S\303[pS\27184_\363\037\364'2Q<\257$dhQ\012"
 502      C35B7053 
 502      B938345F 
ARM GAS  /tmp/ccQpPzij.s 			page 40


 502      F31FF427 
 502      32513CAF 
 503 12b2 F422969D 		.ascii	"\364\"\226\235(\274\242\257\303\307gf\343\335q\216+"
 503      28BCA2AF 
 503      C3C76766 
 503      E3DD718E 
 503      2B
 504 12c3 EBC64D09 		.ascii	"\353\306M\011\205n\234O\371\363/z\254\370,K|\226\345"
 504      856E9C4F 
 504      F9F32F7A 
 504      ACF82C4B 
 504      7C96E5
 505 12d6 7C4425E1 		.ascii	"|D%\3413\025\276\277L\205\013\031\237\242\222C\345\356"
 505      3315BEBF 
 505      4C850B19 
 505      9FA29243 
 505      E5EE
 506 12e8 B88621F1 		.ascii	"\270\206!\361\347/d\221#\024\024\241\304L\335\356g\227"
 506      E72F6491 
 506      231414A1 
 506      C44CDDEE 
 506      6797
 507 12fa F2311773 		.ascii	"\3621\027s\360\354w\275\023\367\241a\210b\024ZK\005"
 507      F0EC77BD 
 507      13F7A161 
 507      8862145A 
 507      4B05
 508 130c 852BB920 		.ascii	"\205+\271 \024\251T\022L\222\025Ee]l\235<\256\302S\214"
 508      14A95412 
 508      4C921545 
 508      655D6C9D 
 508      3CAEC253 
 509 1321 7DD2939C 		.ascii	"}\322\223\234\263\354\215\014\222\213\277\222u5=\272"
 509      B3EC8D0C 
 509      928BBF92 
 509      75353DBA 
 510 1331 A9B69C4A 		.ascii	"\251\266\234JD+\351\340\335\244=\031*\207\016\335\255"
 510      442BE9E0 
 510      DDA43D19 
 510      2A870EDD 
 510      AD
 511 1342 240E8D51 		.ascii	"$\016\215Qr\217\026-g&\272s\025a\273R\024y5A\314\215"
 511      728F162D 
 511      6726BA73 
 511      1561BB52 
 511      14793541 
 512 1358 103FFA94 		.ascii	"\020?\372\224\020\242]J\213+v\311\325\213\245\352]\177"
 512      10A25D4A 
 512      8B2B76C9 
 512      D58BA5EA 
 512      5D7F
 513 136a 5E9FE08A 		.ascii	"^\237\340\212\303\265\354\243\214\374k\277\265D\346"
 513      C3B5ECA3 
 513      8CFC6BBF 
 513      B544E6
 514 1379 BB3E2B8F 		.ascii	"\273>+\217\306Il\342\344l\342)\233\241\234\007\373\335"
 514      C6496CE2 
ARM GAS  /tmp/ccQpPzij.s 			page 41


 514      E46CE229 
 514      9BA19C07 
 514      FBDD
 515 138b F01EC6E6 		.ascii	"\360\036\306\346\354\256\214\343JKd\276\356\265\342"
 515      ECAE8CE3 
 515      4A4B64BE 
 515      EEB5E2
 516 139a 9320F149 		.ascii	"\223 \361I\220\363\331C\371\344\017\357=\352\2023\264"
 516      90F3D943 
 516      F9E40FEF 
 516      3DEA8233 
 516      B4
 517 13ab 0E82B1BF 		.ascii	"\016\202\261\277\372B\255\223%\030\377\331c\023\214"
 517      FA42AD93 
 517      2518FFD9 
 517      63138C
 518 13ba BD966024 		.ascii	"\275\226`$B0\366\312\331'Q\366\271\275{\256:\343\343"
 518      4230F6CA 
 518      D92751F6 
 518      B9BD7BAE 
 518      3AE3E3
 519 13cd 8CFDD2D8 		.ascii	"\214\375\322\330\365%\276\234k\000\355\034=\034\305"
 519      F525BE9C 
 519      6B00ED1C 
 519      3D1CC5
 520 13dc ABED3A79 		.ascii	"\253\355:y|\370\332d\252\006W1\332\342\352cu\374395"
 520      7CF8DA64 
 520      AA065731 
 520      DAE2EA63 
 520      75FC3339 
 521 13f1 A03D4B79 		.ascii	"\240=Ky\271\256\216\353:U\311\353\372\200\222}\367\225"
 521      B9AE8EEB 
 521      3A55C9EB 
 521      FA80927D 
 521      F795
 522 1403 5E3523D8 		.ascii	"^5#\330V\356~\245'\332\247$\344i\312\325\346I\204\372"
 522      56EE7EA5 
 522      27DAA724 
 522      E469CAD5 
 522      E64984FA 
 523 1417 51F6CB2E 		.ascii	"Q\366\313.\245\234z\357\353\250\273\207\317L\252\240"
 523      A59C7AEF 
 523      EBA8BB87 
 523      CF4CAAA0 
 524 1427 0D5ECF25 		.ascii	"\015^\317%\007\226_\034<.\356.\207\326\236\256\\\215"
 524      07965F1C 
 524      3C2EEE2E 
 524      87D69EAE 
 524      5C8D
 525 1439 52C01D33 		.ascii	"R\300\0353\302;\262\271\3110\362\007ph\206\2224\302"
 525      C23BB2B9 
 525      C930F207 
 525      70688692 
 525      34C2
 526 144b CBDFF7C6 		.ascii	"\313\337\367\306jp\203\326\341\341\330\265K\235\351"
 526      6A7083D6 
 526      E1E1D8B5 
ARM GAS  /tmp/ccQpPzij.s 			page 42


 526      4B9DE9
 527 145a 2EF81A25 		.ascii	".\370\032%P\336+\255\272\215\221\232}\\\345\035C?\200"
 527      50DE2BAD 
 527      BA8D919A 
 527      7D5CE51D 
 527      433F80
 528 146d 8AC87DFB 		.ascii	"\212\310}\373;\313\007P\271Jo\224\255T\003\207C 0\007"
 528      3BCB0750 
 528      B94A6F94 
 528      AD540387 
 528      43203007 
 529 1481 04926FAB 		.ascii	"\004\222o\253\310\010\375\336j\025\275\225}\224\005"
 529      C808FDDE 
 529      6A15BD95 
 529      7D9405
 530 1490 28CA525A 		.ascii	"(\312RZ>\312\002y\313\327*Z]\344YOH$\267\036\246i\177"
 530      3ECA0279 
 530      CBD72A5A 
 530      5DE4594F 
 530      4824B71E 
 531 14a7 D09CF6D1 		.ascii	"\320\234\366\3213C\263\036<\031\272Fwft\337\343\311"
 531      3343B31E 
 531      3C19BA46 
 531      776674DF 
 531      E3C9
 532 14b9 E0452851 		.ascii	"\340E(Q\246\224h\231\362L\310\243\231\020\336\234\037"
 532      A6946899 
 532      F24CC8A3 
 532      9910DE9C 
 532      1F
 533 14ca E9825F6A 		.ascii	"\351\202_j\035\226e\306\345G=\2579\030<Fu9j\326\345"
 533      1D9665C6 
 533      E5473DAF 
 533      39183C46 
 533      75396AD6 
 534 14df 68C5A9C3 		.ascii	"h\305\251\303\202T\202\305G\332\314%\010\204\350\210"
 534      825482C5 
 534      47DACC25 
 534      0884E888 
 535 14ef A4CA11B9 		.ascii	"\244\312\021\271*\307\251*c\245\017\307\255\27349\024"
 535      2AC7A92A 
 535      63A50FC7 
 535      ADBB3439 
 535      14
 536 1500 9444E52B 		.ascii	"\224D\345+Y\337\205+P\367\325\364Gz\340\0307\252\370"
 536      59DF852B 
 536      50F7D5F4 
 536      477AE018 
 536      37AAF8
 537 1513 4CFDC536 		.ascii	"L\375\3056\265\344\202l\213\013\224\224G\201$\267@."
 537      B5E4826C 
 537      8B0B9494 
 537      478124B7 
 537      402E
 538 1525 B790CA4D 		.ascii	"\267\220\312M\253\256hR\342\003\214\323\221\307\265"
 538      ABAE6852 
 538      E2038CD3 
ARM GAS  /tmp/ccQpPzij.s 			page 43


 538      91C7B5
 539 1534 17F817BA 		.ascii	"\027\370\027\272\344l\260//\345\030?+|H}\235\336\\\243"
 539      E46CB02F 
 539      2FE5183F 
 539      2B7C487D 
 539      9DDE5CA3 
 540 1548 769CF025 		.ascii	"v\234\360%\346\204'?\024\222\006;p\337\3136\337O@R\024"
 540      E684273F 
 540      1492063B 
 540      70DFCB36 
 540      DF4F4052 
 541 155d D32C2CA5 		.ascii	"\323,,\245\031\\b\316\340\372\272\276\036'\333|wH=\032"
 541      195C62CE 
 541      E0FABABE 
 541      1E27DB7C 
 541      77483D1A 
 542 1571 DDDB832D 		.ascii	"\335\333\203-\371\376u\021\317\3672\236\357\313\220"
 542      F9FE7511 
 542      CFF7329E 
 542      EFCB90
 543 1580 EFD2DC22 		.ascii	"\357\322\334\"\236\357\345\312\237)\324~\376\237\033"
 543      9EEFE5CA 
 543      9F29D47E 
 543      FE9F1B
 544 158f B76ED407 		.ascii	"\267n\324\007oV}\362o_\275\275a\375z\205Z\247\013\010"
 544      6F567DF2 
 544      6F5FBDBD 
 544      61FD7A85 
 544      5AA70B08 
 545 15a3 36FDFA57 		.ascii	"6\375\372W:\323\373>aF\203\217\257!\350\227\301!\301"
 545      3AD3FB3E 
 545      6146838F 
 545      AF21E897 
 545      C121C1
 546 15b6 FA5FEA7D 		.ascii	"\372_\352}7\005\370\004\004\373\005\206m\326\373\004"
 546      3705F804 
 546      04FB0586 
 546      6DD6FB04 
 547 15c6 F9FAF907 		.ascii	"\371\372\371\007\004\353}t\233\365[|\303\002M:\323\316"
 547      04EB7D74 
 547      9BF55B7C 
 547      C3024D3A 
 547      D3CE
 548 15d8 50BD719D 		.ascii	"P\275q\235\277\302\205O\376\305k&\033w\032}tF\323f "
 548      BFC2854F 
 548      FEC56B26 
 548      1B771A7D 
 548      7446D366 
 549 15ed 85194E41 		.ascii	"\205\031NA\306\255:\323\007\353\326\371l\360\017\330"
 549      C6AD3AD3 
 549      07EBD6F9 
 549      6CF00FD8 
 550 15fd 14F0EF1B 		.ascii	"\024\360\357\033}B\214>\006\223Oh\210\301d\364\371\335"
 550      7D428C3E 
 550      06934F68 
 550      88C164F4 
 550      F9DD
ARM GAS  /tmp/ccQpPzij.s 			page 44


 551 160f 979F6FF8 		.ascii	"\227\237o\370|\207\217_HPh@\240\336`\364\371d\303\006"
 551      7C878F5F 
 551      48506840 
 551      A0DE60F4 
 551      F964C306 
 552 1623 1F3F7FB3 		.ascii	"\037?\177\2638M\250\316\240\367\015\0145\004\204ht\272"
 552      384DA8CE 
 552      A0F70D0C 
 552      35048468 
 552      74BA
 553 1635 302E5C65 		.ascii	"0.\\e\276q1\221':\223:T\027d\332\021\030`49\007\351"
 553      BE713191 
 553      273A933A 
 553      541764DA 
 553      11186034 
 554 164c 82F53B4C 		.ascii	"\202\365;L.A\272\220\355\301z\003\\\277\013\323\207"
 554      2E41BA90 
 554      EDC17A03 
 554      5CBF0BD3 
 554      87
 555 165d E99D43E9 		.ascii	"\351\235C\351\360*?\177\235\311\0378n6Z\306C\015\372"
 555      F02A3F7F 
 555      9DC91F38 
 555      6E365AC6 
 555      430DFA
 556 1670 6D1E5683 		.ascii	"m\036V\203\3007(\314\244\337\001\202\200\236\336\202"
 556      C03728CC 
 556      A4DF0182 
 556      809EDE82 
 557 1680 1EFA5070 		.ascii	"\036\372Ppc@\360VW\3756}\260)\310\327\370\255\316\344"
 557      6340F056 
 557      57FD367D 
 557      B029C8D7 
 557      F8ADCEE4 
 558 1694 04728D5B 		.ascii	"\004r\215[5\364\177:\025\024\331\356\033`\0022\017\231"
 558      35F47F3A 
 558      1514D9EE 
 558      1B600232 
 558      0F99
 559 16a6 28A298BB 		.ascii	"(\242\230\273\034\321\231p\250.\314Y\277\235\260q\336"
 559      1CD19970 
 559      A82ECC59 
 559      BF9DB071 
 559      DE
 560 16b7 6E02E543 		.ascii	"n\002\345C\341b\324\007\205:\031u~\301&'\000P\203+\244"
 560      E162D407 
 560      853A1975 
 560      7EC12627 
 560      0050832B 
 561 16cc 055EF0CC 		.ascii	"\005^\360\3147\324?\304\240w\332n2\031BW3v\340\235-"
 561      37D43FC4 
 561      A077DA6E 
 561      32194257 
 561      3376E09D 
 562 16e1 7A833ED8 		.ascii	"z\203>\330\017\224\006\006!\233\376;T\245\337\021`\362"
 562      0F940606 
 562      219BFE3B 
ARM GAS  /tmp/ccQpPzij.s 			page 45


 562      54A5DF11 
 562      60F2
 563 16f3 0BD9AC77 		.ascii	"\013\331\254w6l\336\011z9\023\027n1\252\231\373>\004"
 563      366CDE09 
 563      7A391317 
 563      6E31AA99 
 563      FB3E04
 564 1706 AEE6AB89 		.ascii	"\256\346\253\211\214\3035T\267%\320w\253\321\305\024"
 564      8CC33554 
 564      B725D077 
 564      ABD1C514 
 565 1716 04B3286E 		.ascii	"\004\263(n4\371\232\364*\023\275\000cp\236o\220^\351"
 565      34F99AF4 
 565      2A13BD00 
 565      63709E6F 
 565      905EE9
 566 1729 E7EF6B80 		.ascii	"\347\357k\200\207!\201\233\365\344\032\254\337\2567"
 566      8721819B 
 566      F5E41AAC 
 566      DFAE37
 567 1738 8007FC4C 		.ascii	"\200\007\374L;\260a\375\257\205@\203\312\240\337\012"
 567      3BB061FD 
 567      AF854083 
 567      CAA0DF0A 
 568 1748 29A133BD 		.ascii	")\2413\275\373\206h\373\373\201!\020^\301\360\267\202"
 568      FB8668FB 
 568      FB812110 
 568      5EC1F0B7 
 568      82
 569 1759 E103C1F0 		.ascii	"\341\003\301\360\033\301\360>\360X\017\360\236`\370"
 569      1BC1F03E 
 569      F0580FF0 
 569      9E60F8
 570 1768 3BC1F0A1 		.ascii	";\301\360\241+\231@2\025\270\377\315\017\341\246\333"
 570      2B994032 
 570      15B8FFCD 
 570      0FE1A6DB 
 571 1778 F64110C9 		.ascii	"\366A\020\311O\277\220`\210\227\211\0066 Dm\211\002"
 571      4FBF9060 
 571      88978906 
 571      3620446D 
 571      8902
 572 178a 281C141A 		.ascii	"(\034\024\032\022\022\250\342\2163\375\365\012\256\346"
 572      1212A8E2 
 572      8E33FDF5 
 572      0AAEE6
 573 1799 FCF5F387 		.ascii	"\374\365\363\207x\000\257w^Ca\364\363\337\014$?\177"
 573      7800AF77 
 573      5E4361F4 
 573      F3DF0C24 
 573      3F7F
 574 17ab 1DC94EA3 		.ascii	"\035\311N\2439\215_'\013\002\013\024?]Aa4\370\021M\214"
 574      398D5F27 
 574      0B020B14 
 574      3F5D4161 
 574      34F8114D 
 575 17c0 5BD7F9F1 		.ascii	"[\327\371\361:\376\023d\226\226\336}\251\017\324\373"
ARM GAS  /tmp/ccQpPzij.s 			page 46


 575      3AFE1364 
 575      9696DE7D 
 575      A90FD4FB 
 576 17d0 1AF56E7E 		.ascii	"\032\365n~\376\033\375\374?\011\331\030\250\327\207"
 576      FE1BFDFC 
 576      3F09D918 
 576      A8D787
 577 17df 6E74A5D8 		.ascii	"nt\245\330\227`\334\316\317\264\364\376O\276\337\352"
 577      9760DCCE 
 577      CFB4F4FE 
 577      4FBEDFEA 
 578 17ef C342370A 		.ascii	"\303B7\012~\376\232 _\360%\265\034o\336D\223\223\250"
 578      7EFE9A20 
 578      5FF025B5 
 578      1C6FDE44 
 578      9393A8
 579 1802 A70F8202 		.ascii	"\247\017\202\002\337\024\266U\035\352\033\034\340G\262"
 579      DF14B655 
 579      1DEA1B1C 
 579      E047B2
 580 1811 D85D3E0C 		.ascii	"\330]>\014\241\337f\"\371\252\332f\202\221@\223\257"
 580      A1DF6622 
 580      F9AADA66 
 580      82914093 
 580      AF
 581 1822 9A3C0E08 		.ascii	"\232<\016\010\"Y\002C\244t\310uKX\260\037\220\220\013"
 581      22590243 
 581      A474C875 
 581      4B58B01F 
 581      90900B
 582 1835 7B60AEB5 		.ascii	"{`\256\265m\001\006S\230o\240\216L18\223\031\276\006"
 582      6D010653 
 582      986FA08E 
 582      4C313893 
 582      19BE06
 583 1848 0FAB419D 		.ascii	"\017\253A\235\351\307\266t\254D\\\201:\320\327h\"C?"
 583      E9C7B674 
 583      AC445C81 
 583      3AD0D768 
 583      22433F
 584 185b B2F31C8A 		.ascii	"\262\363\034\212\317@\256.\006\236\220\006\236\220\006"
 584      CF40AE2E 
 584      069E9006 
 584      9E9006
 585 186a 9290CE06 		.ascii	"\222\220\316\006\032~\030\244\005\004\216\"}d\363N:"
 585      1A7E18A4 
 585      05048E22 
 585      7D64F34E 
 585      3A
 586 187b 550D2461 		.ascii	"U\015$a\006\250\032\223V\032\204&bq\212{\300\346@=\317"
 586      06A81A93 
 586      561A8426 
 586      62718A7B 
 586      C0E6403D 
 587 1890 1BA867DE 		.ascii	"\033\250g\336y>x\237w\036r\2431\232\276\365\015\014"
 587      793E789F 
 587      771E72A3 
ARM GAS  /tmp/ccQpPzij.s 			page 47


 587      319ABEF5 
 587      0D0C
 588 18a2 D81AAC33 		.ascii	"\330\032\2543\271J\316$<6\3564\376k\210\337\267\257"
 588      B94ACE24 
 588      3C36EE34 
 588      FE6B88DF 
 588      B7AF
 589 18b4 0DF94E92 		.ascii	"\015\371N\222\024j\232\342\201@\353\246\323m\0160\372"
 589      146A9AE2 
 589      8140EBA6 
 589      D36D0E30 
 589      FA
 590 18c5 6E02A101 		.ascii	"n\002\241\001\206\357\334|\003\267\373\3564B\362\007"
 590      86EFDC7C 
 590      03B7FBEE 
 590      3442F207 
 591 18d5 420B5E67 		.ascii	"B\013^g\315\007\034\353\263\341\363\215\237m\224\330"
 591      CD071CEB 
 591      B3E1F38D 
 591      9F6D94D8 
 592 18e5 91E4F70B 		.ascii	"\221\344\367\013\372\030\234\017L\265\254\203\005\004"
 592      FA189C0F 
 592      4CB5AC83 
 592      0504
 593 18f3 1BF506A2 		.ascii	"\033\365\006\242\031h\363U0\221\301\012*\214\336ku:"
 593      1968F355 
 593      3091C10A 
 593      2A8CDE6B 
 593      753A
 594 1905 7DB0459C 		.ascii	"}\260E\234\216\306O\247[\367\233\017\337\373\225\312"
 594      8EC64FA7 
 594      5BF79B0F 
 594      DFFB95CA 
 595 1915 8C79D044 		.ascii	"\214y\320D\373\314\370\005\353z\2379\351\376\031\252"
 595      FBCCF805 
 595      EB7A9F39 
 595      E9FE19AA 
 596 1925 E7B54503 		.ascii	"\347\265E\003\251\352\257\370\013\246\300\226\200-!"
 596      A9EAAFF8 
 596      0BA6C096 
 596      802D21
 597 1934 E0F2A090 		.ascii	"\340\362\240\220m\304\371R\312n\224\213[\277\376\377"
 597      6DC4F952 
 597      CA6E948B 
 597      5BBFFEFF 
 598 1944 00892ADB 		.ascii	"\000\211*\333l"
 598      6C
 599              		.text
 600              		.section	.gnu.lto_.symtab.e0106b31903a5351,"",%progbits
 601 0000 63684D73 		.ascii	"chMsgSend\000"
 601      6753656E 
 601      6400
 602 000a 00       		.ascii	"\000"
 603 000b 00       		.ascii	"\000"
 604 000c 00       		.ascii	"\000"
 605 000d 00000000 		.ascii	"\000\000\000\000\000\000\000\000"
 605      00000000 
ARM GAS  /tmp/ccQpPzij.s 			page 48


 606 0015 77010000 		.ascii	"w\001\000\000"
 607 0019 63684D73 		.ascii	"chMsgWait\000"
 607      67576169 
 607      7400
 608 0023 00       		.ascii	"\000"
 609 0024 00       		.ascii	"\000"
 610 0025 00       		.ascii	"\000"
 611 0026 00000000 		.ascii	"\000\000\000\000\000\000\000\000"
 611      00000000 
 612 002e 7A010000 		.ascii	"z\001\000\000"
 613 0032 63684D73 		.ascii	"chMsgRelease\000"
 613      6752656C 
 613      65617365 
 613      00
 614 003f 00       		.ascii	"\000"
 615 0040 00       		.ascii	"\000"
 616 0041 00       		.ascii	"\000"
 617 0042 00000000 		.ascii	"\000\000\000\000\000\000\000\000"
 617      00000000 
 618 004a 7F010000 		.ascii	"\177\001\000\000"
 619 004e 636800   		.ascii	"ch\000"
 620 0051 00       		.ascii	"\000"
 621 0052 02       		.ascii	"\002"
 622 0053 00       		.ascii	"\000"
 623 0054 00000000 		.ascii	"\000\000\000\000\000\000\000\000"
 623      00000000 
 624 005c F2010000 		.ascii	"\362\001\000\000"
 625 0060 63685363 		.ascii	"chSchGoSleepS\000"
 625      68476F53 
 625      6C656570 
 625      5300
 626 006e 00       		.ascii	"\000"
 627 006f 02       		.ascii	"\002"
 628 0070 00       		.ascii	"\000"
 629 0071 00000000 		.ascii	"\000\000\000\000\000\000\000\000"
 629      00000000 
 630 0079 83010000 		.ascii	"\203\001\000\000"
 631 007d 63685363 		.ascii	"chSchReadyI\000"
 631      68526561 
 631      64794900 
 632 0089 00       		.ascii	"\000"
 633 008a 02       		.ascii	"\002"
 634 008b 00       		.ascii	"\000"
 635 008c 00000000 		.ascii	"\000\000\000\000\000\000\000\000"
 635      00000000 
 636 0094 87010000 		.ascii	"\207\001\000\000"
 637 0098 63685363 		.ascii	"chSchWakeupS\000"
 637      6857616B 
 637      65757053 
 637      00
 638 00a5 00       		.ascii	"\000"
 639 00a6 02       		.ascii	"\002"
 640 00a7 00       		.ascii	"\000"
 641 00a8 00000000 		.ascii	"\000\000\000\000\000\000\000\000"
 641      00000000 
 642 00b0 89010000 		.ascii	"\211\001\000\000"
 643              		.text
ARM GAS  /tmp/ccQpPzij.s 			page 49


 644              		.section	.gnu.lto_.opts,"",%progbits
 645 0000 272D666D 		.ascii	"'-fmath-errno' '-fsigned-zeros' '-ftrapping-math' '"
 645      6174682D 
 645      6572726E 
 645      6F272027 
 645      2D667369 
 646 0033 2D666E6F 		.ascii	"-fno-trapv' '-fno-openmp' '-fno-openacc' '-mcpu=cor"
 646      2D747261 
 646      70762720 
 646      272D666E 
 646      6F2D6F70 
 647 0066 7465782D 		.ascii	"tex-m0' '-mno-thumb-interwork' '-mthumb' '-ggdb' '-"
 647      6D302720 
 647      272D6D6E 
 647      6F2D7468 
 647      756D622D 
 648 0099 4F322720 		.ascii	"O2' '-fomit-frame-pointer' '-falign-functions=16' '"
 648      272D666F 
 648      6D69742D 
 648      6672616D 
 648      652D706F 
 649 00cc 2D666675 		.ascii	"-ffunction-sections' '-fdata-sections' '-fno-common"
 649      6E637469 
 649      6F6E2D73 
 649      65637469 
 649      6F6E7327 
 650 00ff 2720272D 		.ascii	"' '-flto'\000"
 650      666C746F 
 650      2700
 651              		.text
 652              		.comm	__gnu_lto_v1,1,1
 653              		.comm	__gnu_lto_slim,1,1
 654              		.ident	"GCC: (GNU Tools for ARM Embedded Processors) 5.4.1 20160609 (release) [ARM/embedded-5-bran
ARM GAS  /tmp/ccQpPzij.s 			page 50


DEFINED SYMBOLS
                            *ABS*:0000000000000000 chmsg.c
                            *COM*:0000000000000001 __gnu_lto_v1
                            *COM*:0000000000000001 __gnu_lto_slim

NO UNDEFINED SYMBOLS
