ARM GAS  /tmp/ccI2sgH0.s 			page 1


   1              		.cpu cortex-m0
   2              		.fpu softvfp
   3              		.eabi_attribute 20, 1
   4              		.eabi_attribute 21, 1
   5              		.eabi_attribute 23, 3
   6              		.eabi_attribute 24, 1
   7              		.eabi_attribute 25, 1
   8              		.eabi_attribute 26, 1
   9              		.eabi_attribute 30, 2
  10              		.eabi_attribute 34, 0
  11              		.eabi_attribute 18, 4
  12              		.code	16
  13              		.file	"chregistry.c"
  14              		.text
  15              	.Ltext0:
  16              		.section	.gnu.lto_.profile.56389572b2173f9,"",%progbits
  17 0000 789C6366 		.ascii	"x\234cf```a\200\000F\006Y!\000\000\300\0008"
  17      60606061 
  17      80004606 
  17      59210000 
  17      C00038
  18              		.text
  19              		.section	.gnu.lto_.jmpfuncs.56389572b2173f9,"",%progbits
  20 0000 789C6366 		.ascii	"x\234cf\300\016\004\2404\023\010322\32632\227\203\370"
  20      C00E04A0 
  20      34130833 
  20      3232D633 
  20      329783F8 
  21 0014 0008FA01 		.ascii	"\000\010\372\001\025"
  21      15
  22              		.text
  23              		.section	.gnu.lto_.inline.56389572b2173f9,"",%progbits
  24 0000 789C6366 		.ascii	"x\234cf\300\016\364\2414\023\003\003'\007#\003\023\317"
  24      C00EF4A1 
  24      34130303 
  24      27072303 
  24      13CF
  25 0012 835806B6 		.ascii	"\203X\006\266\005\362L\0201^Q\240\020\377\202\022\006"
  25      05F24C10 
  25      315E51A0 
  25      10FF8212 
  25      06
  26 0023 F60E7588 		.ascii	"\366\016u\210\0207\003\003\343\004?\006\000\200 \005"
  26      10370303 
  26      E3043F06 
  26      00802005 
  27 0033 47       		.ascii	"G"
  28              		.text
  29              		.section	.gnu.lto_.pureconst.56389572b2173f9,"",%progbits
  30 0000 789C6366 		.ascii	"x\234cf```e\200\000&\006+&+\000\001{\000\201"
  30      60606065 
  30      80002606 
  30      2B262B00 
  30      017B0081 
  31              		.text
  32              		.section	.gnu.lto_chRegFirstThread.56389572b2173f9,"",%progbits
  33 0000 789C8552 		.ascii	"x\234\205R\335K\024Q\024\277\347\316\314\272\213\212"
ARM GAS  /tmp/ccI2sgH0.s 			page 2


  33      DD4B1451 
  33      14BFE7CE 
  33      CCBA8B8A 
  34 0010 D1A32F5A 		.ascii	"\321\243/Z\022\006\262;o\275\364\024B\320\203\004\372"
  34      1206B23B 
  34      6FBDF414 
  34      42D08304 
  34      FA
  35 0021 07048D4B 		.ascii	"\007\004\215K\273\340\2722\263\206>\2103\272hA_X\017"
  35      BBE0BA32 
  35      B3863E88 
  35      33BA6841 
  35      5F580F
  36 0034 565AF6E1 		.ascii	"VZ\366\341W\352\232\226\246\226\272\225\251HYV(\031"
  36      57EA9A96 
  36      A696BA95 
  36      A9485956 
  36      2819
  37 0046 D8160605 		.ascii	"\330\026\006\005\006\371U\015\241\333\271w\254\334]"
  37      06F9550D 
  37      A1DBB977 
  37      ACDC5D
  38 0055 A281B95F 		.ascii	"\242\201\271_\277\337\375\235\337=\347\010$\361K\307"
  38      BFDFFD9D 
  38      DF3DE708 
  38      24F14BC7 
  39 0065 BF432064 		.ascii	"\277C d\004g\020\010\320s\323\204\030v\012\300\026\004"
  39      04671008 
  39      D073D384 
  39      18760AC0 
  39      1604
  40 0077 4825854A 		.ascii	"H%\205J\370L\227)\014\206\326\236%\177\242&%\231\004"
  40      F84C9729 
  40      0C86D69E 
  40      257FA226 
  40      259904
  41 008a B7437593 		.ascii	"\267Cu\223\3656\266\005\221m\347f\353\347\034\331\315"
  41      F536B605 
  41      916DE766 
  41      EBE71CD9 
  41      CD
  42 009b BA5EF5B5 		.ascii	"\272^\365\265w\246\350\342\205&D(Y\245\004Z!\035\332"
  42      77A6E8E2 
  42      85264428 
  42      59A5045A 
  42      211DDA
  43 00ae 80058276 		.ascii	"\200\005\202v\310f\\#|\372u\252\260\007\330\272z\300"
  43      C8665C23 
  43      7CFA75AA 
  43      B007D8BA 
  43      7AC0
  44 00c0 184DC9BA 		.ascii	"\030M\311\272\206\367\"\247\232'R\364I=\030\211F3\360"
  44      86F722A7 
  44      9A2752F4 
  44      493D1889 
  44      4633F0
  45 00d3 32DC0221 		.ascii	"2\334\002!\366>\373\360\312rpc.\331\026\324u}\007t@"
ARM GAS  /tmp/ccI2sgH0.s 			page 3


  45      F63EFBF0 
  45      CA727063 
  45      2ED916D4 
  45      757D0774 
  46 00e8 160B82DA 		.ascii	"\026\013\202\332\235`\003\234\330I\367\316\260\036\215"
  46      9D60039C 
  46      D849F7CE 
  46      B01E8D
  47 00f7 AE3EB97E 		.ascii	"\256>\271~r\177;\265\343\253\360L$&\025$6\020\262\210"
  47      727F3BB5 
  47      E3ABF04C 
  47      24261524 
  47      3610B288 
  48 010b 17D8F33E 		.ascii	"\027\330\363>\242C\234\205\267`|\350y\337%\304hG\306"
  48      A2439C85 
  48      B7607CE8 
  48      79DF25C4 
  48      6847C6
  49 011e 6E00575D 		.ascii	"n\000W]\245\020\0335\262P\263 \021\350b\020\215\203"
  49      A5101B35 
  49      B250B320 
  49      11E86210 
  49      8D83
  50 0130 566AA711 		.ascii	"Vj\247\021\0121H\210\363J\240\033l\350\3606\037I3 <"
  50      0A314888 
  50      F34AA01B 
  50      6CE8F036 
  50      1F493320 
  51 0145 55DBF44D 		.ascii	"U\333\364M\314\010A\243^\237iR\236\310\027K\343C\016"
  51      CC0841A3 
  51      5E9F6952 
  51      9EC8174B 
  51      E3430E
  52 0158 111D420F 		.ascii	"\021\035B\017d\340\330\213\371\235\207\252\376A\263"
  52      64E0D88B 
  52      F99D87AA 
  52      FE41B3
  53 0167 2D85D9F9 		.ascii	"-\205\331\371N\231\317+\257\316\204h\305O\375\204n7"
  53      4E99CF2B 
  53      AFCE8468 
  53      C54FFD84 
  53      6E37
  54 0179 A9B441AD 		.ascii	"\251\264A\255\314\274[|>cg5\221\370\266\315\0106@#\\"
  54      CCBC5B7C 
  54      3E636735 
  54      91F8B6CD 
  54      08364023 
  55 018e 3674C6B2 		.ascii	"6t\306\262\301\035\250\200\273,\223\210mv\236\355\265"
  55      C11DA880 
  55      BB2C9388 
  55      6D769EED 
  55      B5
  56 019f 393BD058 		.ascii	"9;\320X8\335\244I\320\207\304\025\272\225\341\341\321"
  56      38DDA449 
  56      D087C415 
  56      BA95E1E1 
  56      D1
ARM GAS  /tmp/ccI2sgH0.s 			page 4


  57 01b0 979BA205 		.ascii	"\227\233\242\005\356e\225\350\007\347\012f\001\335\334"
  57      EE6595E8 
  57      07E70A66 
  57      01DDDC
  58 01bf 03279985 		.ascii	"\003'\231\205*=\225\347\033\363\212v\270\275\345\247"
  58      2A3D95E7 
  58      1BF38A76 
  58      B8BDE5A7 
  59 01cf F9963B71 		.ascii	"\371\226;q\273\017\312\345\372~\\\375\222\212>\300\244"
  59      BB0FCAE5 
  59      FA7E5CFD 
  59      928A3EC0 
  59      A4
  60 01e0 76E4C3C0 		.ascii	"v\344\303\300\226\207\206\265\363o\322\2349&u\300 \017"
  60      968786B5 
  60      F36FD29C 
  60      392675C0 
  60      200F
  61 01f2 CF0B3984 		.ascii	"\317\0139\204!\346\241\272\256f\011,E\311\022\235\271"
  61      21E6A1BA 
  61      AE66092C 
  61      45C9129D 
  61      B9
  62 0203 D4529DC6 		.ascii	"\324R\235\306D\035X\227\373(\201a\3538e[\010|jX\372"
  62      441D5897 
  62      FB288161 
  62      EB38655B 
  62      087C6A58 
  63 0218 7798077F 		.ascii	"w\230\007\177\303\014\203\023\245\011\257\375zg\\\355"
  63      C30C8313 
  63      A509AFFD 
  63      7A675CED 
  64 0228 175B7ED7 		.ascii	"\027[~\327^L\250\342\010\253_\\C\214\257c\325G\031_"
  64      5E4CA8E2 
  64      08AB5F5C 
  64      438CAF63 
  64      D547195F 
  65 023c 8A6F8889 		.ascii	"\212o\210\211Y\204\302\014\262%H=\344\255\360\310j\210"
  65      5984C20C 
  65      B225483D 
  65      E4ADF0C8 
  65      6A88
  66 024e FEFF36C4 		.ascii	"\376\3776\304c\336\020c\330\020\013`Dn\266n\345\007"
  66      63DE1063 
  66      D8100B60 
  66      446EB66E 
  66      E507
  67 0260 3B1A5B1A 		.ascii	";\032[\032X+#k\267\313%\347z\274G\275\207\013d\277&"
  67      582B236B 
  67      B7CB25E7 
  67      7ABC47BD 
  67      870B64BF 
  68 0275 AB015953 		.ascii	"\253\001YS\025Y\361\250\356c^-\240\226\273\024B\003"
  68      1559F1A8 
  68      EE635E2D 
  68      A096BB14 
  68      4203
ARM GAS  /tmp/ccI2sgH0.s 			page 5


  69 0287 25AE5896 		.ascii	"%\256X\226\273, \347\346\025\034*\220\275\305JQi\241"
  69      BB2C20E7 
  69      E6151C2A 
  69      90BDC54A 
  69      5169A1
  70 029a 5B56FCAA 		.ascii	"[V\374\252\373\210\342;XZ\254\270<dW\202\350\037\236"
  70      FB88E23B 
  70      585AACB8 
  70      3C645782 
  70      E81F9E
  71 02ad 472BD790 		.ascii	"G+\327\220\221\223\300(\361\253\001M>\220\237\227\233"
  71      9193C028 
  71      F1AB014D 
  71      3E909F97 
  71      9B
  72 02be 5786342E 		.ascii	"W\2064.x|\237\017\271v\245D\363\026fzI\222\317\355\363"
  72      787C9F0F 
  72      B976A544 
  72      F316667A 
  72      4992CFED 
  73 02d3 ABE5D681 		.ascii	"\253\345\326\201\033\017~\001\204^\214\363"
  73      1B0F7E01 
  73      845E8CF3 
  74              		.text
  75              		.section	.gnu.lto_chRegNextThread.56389572b2173f9,"",%progbits
  76 0000 789C8554 		.ascii	"x\234\205Tmk\024W\024>\317\235\331\331M\2626\322O\242"
  76      6D6B1457 
  76      143ECF9D 
  76      D9D94DB2 
  76      36D24FA2 
  77 0014 42D24A88 		.ascii	"B\322J\210 \331\371R\372\241P\260\004\204~\010\202\371"
  77      20D9F952 
  77      FAA150B0 
  77      04847E08 
  77      82F9
  78 0026 01856E96 		.ascii	"\001\205n\226f\301\274\260\273\212\371\020\274\233,"
  78      66C1BCB0 
  78      BB8AF910 
  78      BC9B2C
  79 0035 5A105B89 		.ascii	"Z\020[\211RR5ji}kbR\327\032\2334\326i\214I,U#\266\331"
  79      5252356A 
  79      697D6B62 
  79      52D71A9B 
  79      34D6698C 
  80 004f 6A5BBB95 		.ascii	"j[\273\225X\322\252\240\306\267i\214\361\334;\276$\273"
  80      58D2AAA0 
  80      C6B7698C 
  80      F1DC3BBE 
  80      24BB
  81 0061 940EECCC 		.ascii	"\224\016\354\314\334{\316y\316s\237\363\314\032\224"
  81      DC7BCE79 
  81      CE739FF3 
  81      CC1A94
  82 0070 7FBDC1BF 		.ascii	"\177\275\301\277]&\321 ?\341#\210m\347\211\222\001!"
  82      5D26D120 
  82      3FE12388 
  82      6DE78992 
ARM GAS  /tmp/ccI2sgH0.s 			page 6


  82      0121
  83 0082 4C07240B 		.ascii	"L\007$\013\215\261\037\211d\320\200\351\355\233\200"
  83      8DB11F89 
  83      64D080E9 
  83      ED9B80
  84 0091 7A21D046 		.ascii	"z!\320Fa\230\330\210\277\305\035\201\276\356{\347\212"
  84      6198D888 
  84      BFC51D81 
  84      BEEE7BE7 
  84      8A
  85 00a2 26852BA8 		.ascii	"&\205+\250\224x\331\3376\332n\251%L\265\314\214\267"
  85      9478D9DF 
  85      36DA6EA9 
  85      254CB5CC 
  85      8CB7
  86 00b4 670ACAF7 		.ascii	"g\012\312\367K\331r;\235Y\373\351\216}\034\0214%\010"
  86      4BD9723B 
  86      9D59FBE9 
  86      8E7D1C11 
  86      342508
  87 00c7 07B11887 		.ascii	"\007\261\030\207\260X\341\035F9\247&\235\255?-0\312"
  87      B058E11D 
  87      4639A726 
  87      9DAD3F2D 
  87      30CA
  88 00d9 A0CA867A 		.ascii	"\240\312\206z\306\335@\331\347\\\346\234K\313\225&\027"
  88      C6DD40D9 
  88      E75CE69C 
  88      4BCB9526 
  88      17
  89 00ea E14B1873 		.ascii	"\341K\030s\353\024\016:Q\246\322\2179\3237Lc\271.=5"
  89      EB140E3A 
  89      51A6D28F 
  89      39D3374C 
  89      63B92E3D 
  90 00ff F9CF8EE0 		.ascii	"\371\317\216\340\262\317\2704;\260\177$(Ge*;;[\242\020"
  90      B2CFB834 
  90      3BB07F24 
  90      2847652A 
  90      3B3B5BA2 
  91 0114 BAE62378 		.ascii	"\272\346#x\027\227\334I\315d\212\254\224\224r!\216`"
  91      1797DC49 
  91      CD648AAC 
  91      94947221 
  91      8E60
  92 0126 D98C20C5 		.ascii	"\331\214 \305\220\211u\303\002?\324f\317\253\216\234"
  92      908975C3 
  92      023FD466 
  92      CFAB8E9C 
  93 0136 9D9DFABD 		.ascii	"\235\235\372\275mKy\267\010\202\324\236\017\212\200"
  93      6D4B79B7 
  93      0882D49E 
  93      0F8A80
  94 0145 A5DFFD4C 		.ascii	"\245\337\375L\310\010\250\033\321\004\027+\245\2563"
  94      C808A81B 
  94      D104172B 
  94      A5AE33
ARM GAS  /tmp/ccI2sgH0.s 			page 7


  95 0154 457E1ABF 		.ascii	"E~\032\277\"y\255\357\317#\306\274V\331\241\036\350"
  95      2279ADEF 
  95      CF23C6BC 
  95      56D9A11E 
  95      E8
  96 0165 0E5302F3 		.ascii	"\016S\002\363Id\037l\272\312\323\350Q!\221\023\372w"
  96      49641F6C 
  96      BACAD3E8 
  96      51219113 
  96      FA77
  97 0177 F3790E7D 		.ascii	"\363y\016}\245BF\016u\302QX\3146\255\357t\030\034\376"
  97      A542460E 
  97      75C25158 
  97      CC36ADEF 
  97      74181CFE 
  98 018b 61F3BE07 		.ascii	"a\363\276\007fI\032\035\262\275\324\025z\"c7\207\373"
  98      66491A1D 
  98      B2BDD415 
  98      7A226337 
  98      87FB
  99 019d 0B4C6688 		.ascii	"\013Lf\210c(\341\373\327<\250+h\351\355s;_Qt\036\012"
  99      6328E1FB 
  99      D73CA82B 
  99      68E9ED73 
  99      3B5F5174 
 100 01b3 8BB3FE98 		.ascii	"\213\263\376\230\270p10\251\207\245\212\216?\332{kA"
 100      B8703130 
 100      A987A58A 
 100      8E3FDA7B 
 100      6B41
 101 01c5 077625A5 		.ascii	"\007v%\245t\226\270\302\367P\370p\\I\310\261\335\367"
 101      7496B8C2 
 101      F750F870 
 101      5C49C8B1 
 101      DDF7
 102 01d7 B65F2EAE 		.ascii	"\266_.\256X\241\004\356E\007\356*\345\010'PA\343h\221"
 102      58A104EE 
 102      4507EE2A 
 102      E5082750 
 102      41E36891 
 103 01eb C55A4416 		.ascii	"\305ZD\026\210q\351g\244~i=\370\211\365\262\317\236"
 103      8871E967 
 103      A47E693D 
 103      F889F5B2 
 103      CF9E
 104 01fd 4B1F758B 		.ascii	"K\037u\213\346i\371\241\014\270\302\232a)hnwK/\017%"
 104      E669F9A1 
 104      0CB8C29A 
 104      6129686E 
 104      774B2F0F 
 105 0212 53BBE175 		.ascii	"S\273\341u\347,?\276A3\372\236u\177\322\365q\332\252"
 105      E72C3FBE 
 105      4133FA9E 
 105      757FD2F5 
 105      71DAAA
 106 0225 E864019C 		.ascii	"\350d\001\234\267]\021@\277\246\000o\260[\247\017l\267"
 106      B75D1140 
ARM GAS  /tmp/ccI2sgH0.s 			page 8


 106      BFA6006F 
 106      B05BA70F 
 106      6CB7
 107 0237 34BAF396 		.ascii	"4\272\363\226+\012\360-\223\"\014\240YO\376:K\310\026"
 107      2B0AF02D 
 107      93220CA0 
 107      594FFE3A 
 107      4BC816
 108 024a 37D4E98F 		.ascii	"7\324\351\217\336l1<V\3769\307\205>\252\225\177\324"
 108      DE6C313C 
 108      56FE39C7 
 108      853EAA95 
 108      7FD4
 109 025c 429CD47D 		.ascii	"B\234\324}\264K\276c\324+hm\3334$<\210\200\207rq\347"
 109      B44BBE63 
 109      D42B686D 
 109      DB34243C 
 109      88808772 
 110 0272 81D66275 		.ascii	"\201\326bu\212B\036\364)\206\340FmP)9\212.\372\3576"
 110      8A421EF4 
 110      2986E046 
 110      6D502939 
 110      8A2EFAEF 
 111 0287 CECB36DF 		.ascii	"\316\3136\337\243\202\2415oS\333\212\345]H\236\264 "
 111      A382A135 
 111      6F53DB8A 
 111      E55D489E 
 111      B420
 112 0299 EDB1FB5D 		.ascii	"\355\261\373]9\036\233\350}\35613\317-\203\260(\327"
 112      391E9BE8 
 112      7DEE3133 
 112      CF2D83B0 
 112      28D7
 113 02ab 78C3F7D9 		.ascii	"x\303\367\331]\247U\276/\327x#\343\034\032R!+\017\352"
 113      5DA755BE 
 113      2FD77823 
 113      E31C1A52 
 113      212B0FEA 
 114 02bf 8CB6DCB0 		.ascii	"\214\266\334\260g\274\376\3775\336\2106\336(\033\357"
 114      67BCFEFF 
 114      35DE8836 
 114      DE281BEF 
 115 02cf 37A4B25F 		.ascii	"7\244\262_\234\320\232P\256\033\212\246\204\237\323"
 115      9CD09A50 
 115      AE1B8AA6 
 115      849FD3
 116 02de CEF2B4D8 		.ascii	"\316\362\264\330n\256\010\322U\376\217\030+\3624\346"
 116      6EAE08D2 
 116      55FE8F18 
 116      2BF234E6 
 117 02ee 09FF0528 		.ascii	"\011\377\005(\311\304\300\345\032V\317x\234Y\312_\036"
 117      C9C4C0E5 
 117      1A56CF78 
 117      9C59CA5F 
 117      1E
 118 02ff 9434DCE4 		.ascii	"\2244\334\344\365P\310\256\254\215\276\037]]m7\304\355"
 118      F550C8AE 
ARM GAS  /tmp/ccI2sgH0.s 			page 9


 118      AC8DBE1F 
 118      5D5D6D37 
 118      C4ED
 119 0311 58C28EC7 		.ascii	"X\302\216\307\302v\2706\026\371 \032O\304\232Ba\022"
 119      C276B836 
 119      16F9201A 
 119      4FC49A42 
 119      6112
 120 0323 8946A33E 		.ascii	"\211F\243>\321\030\232\237\031\331\220\260+\253\252"
 120      D1189A9F 
 120      19D990B0 
 120      2BABAA
 121 0332 DFADB6A3 		.ascii	"\337\255\266\243\365\341\265\353j\"v\270!\026y/\\\267"
 121      F5E1B5EB 
 121      6A2276B8 
 121      2116792F 
 121      5CB7
 122 0344 6A5D7D38 		.ascii	"j]}8TK\257\345\001\277\310\253\2157\3059cE^FcC,\021"
 122      544BAFE5 
 122      01BFC8AB 
 122      8D37C539 
 122      63455E46 
 123 035c B7DF5953 		.ascii	"\267\337YSUY\265\201\3234\340\3727\35387\020n\214Gk"
 123      5559B581 
 123      D334E0FA 
 123      37EB3837 
 123      106E8C47 
 124 0371 4AA3E4AF 		.ascii	"J\243\344\257\213\3245\304\232\274\215\010o<\005\371"
 124      8BD435C4 
 124      9ABC8D08 
 124      6F3C05F9 
 125 0381 5DE356   		.ascii	"]\343V"
 126              		.text
 127              		.section	.gnu.lto_.symbol_nodes.56389572b2173f9,"",%progbits
 128 0000 789C55C9 		.ascii	"x\234U\311\273\021@@\030E\341s\377efC\035(HQw#\261\314"
 128      BB114040 
 128      1845E173 
 128      FF656643 
 128      1D284851 
 129 0018 638CA121 		.ascii	"c\214\241!U\010\025! q\302\357$\240\343+&\031\206\023"
 129      55081521 
 129      2071C2EF 
 129      24A0E32B 
 129      26198613 
 130 002c 6CB63D53 		.ascii	"l\266=S/\24211\313\372\371(\035a\264\312\361\016J\311"
 130      2FA23131 
 130      CBFAF928 
 130      1D61B4CA 
 130      F10E4AC9 
 131 0040 A4A8B8FA 		.ascii	"\244\250\270\372\273\345\001\334\240\023:"
 131      BBE501DC 
 131      A0133A
 132              		.text
 133              		.section	.gnu.lto_.refs.56389572b2173f9,"",%progbits
 134 0000 789C6366 		.ascii	"x\234cf``\340f\200\000F bbdbbda\000\000\001q\000\035"
 134      6060E066 
 134      80004620 
ARM GAS  /tmp/ccI2sgH0.s 			page 10


 134      62626462 
 134      62646100 
 135              		.text
 136              		.section	.gnu.lto_.decls.56389572b2173f9,"",%progbits
 137 0000 789CB53B 		.ascii	"x\234\265;mTT\327\265s\356\231a\230a\030\322\230\222"
 137      6D5454D7 
 137      B573EE99 
 137      61986118 
 137      D29892
 138 0013 2C976D0D 		.ascii	",\227m\015i\351W\"I\233\330v\265\253I_\372\361\372\332"
 138      69E95722 
 138      499BD876 
 138      B5AB495F 
 138      FAF1FADA 
 139 0027 247D4DF2 		.ascii	"$}M\362\253o\255)\201Q\346\205\257\316\214Q\273\336"
 139      AB6FAD29 
 139      8151E685 
 139      AFCE8C51 
 139      BBDE
 140 0039 5AEF027E 		.ascii	"Z\357\002~ \212 \210\202\212\014\002\012\310\227\250"
 140      208A2088 
 140      828A0C02 
 140      0AC897A8 
 141 0049 08828888 		.ascii	"\010\202\210\210\037\200(\202\012\210\010\362\241\240"
 141      1F802882 
 141      0A8808F2 
 141      A1A0
 142 0057 A2201850 		.ascii	"\242 \030P\024\336>\347\334\271\367\316p\207\344\307"
 142      14DE3EE7 
 142      DCB9F7CE 
 142      7087E4C7 
 143 0067 EBACB5B9 		.ascii	"\353\254\265\271g\337\273\317\336\373\354\263\317\336"
 143      67DFBBCF 
 143      DEFBECB3 
 143      CFDE
 144 0075 FB9C7BC1 		.ascii	"\373\234{\301*\225\352m\244R\315\301o\355\333*\325Z"
 144      2A95EA6D 
 144      A452CDC1 
 144      6FEDDB2A 
 144      D55A
 145 0087 AD4A85E1 		.ascii	"\255J\205\341\336_T\322\217\340v\240Y\003\360?\000\034"
 145      DE5F54D2 
 145      8FE076A0 
 145      5903F03F 
 145      001C
 146 0099 E04370FD 		.ascii	"\340Cp\375\031\247r\371\021\032=\\\215\000\006\200\017"
 146      19A772F9 
 146      111A3D5C 
 146      8D000680 
 146      0F
 147 00aa 01F787EB 		.ascii	"\001\367\207\353/\201\356W\000\003\200\247\002\274\007"
 147      2F81EE57 
 147      000380A7 
 147      02BC07
 148 00b9 F05CE0DB 		.ascii	"\360\\\340\333\013\355-\000+\000\264\002\217w\201\366"
 148      0BED2D00 
 148      2B00B402 
ARM GAS  /tmp/ccI2sgH0.s 			page 11


 148      8F7781F6 
 149 00c9 3700BF03 		.ascii	"7\000\277\003\370\003\300\037\001\376\014\200\004\271"
 149      F803C01F 
 149      01FE0C80 
 149      04B9
 150 00d7 F21FD1C9 		.ascii	"\362\037\321\311\327\203L\"G.\367\003\216\311\375\020"
 150      D7834C22 
 150      472EF703 
 150      8EC9FD10 
 151 00e7 AEFF444C 		.ascii	"\256\377DL\376\247\210\351@\344{\013\374<\311w\216\375"
 151      FEA788E9 
 151      40E47B0B 
 151      FC3CC977 
 151      8EFD
 152 00f9 536EBE1E 		.ascii	"Sn\276\036\343\034\312\253\233\332\314\015s\310\250"
 152      E31CCAAB 
 152      9BDACC0D 
 152      73C8A8
 153 0108 77A8095E 		.ascii	"w\250\011^X\2310\343\015\270A\377[\202\026\224\027?"
 153      589930E3 
 153      0DB841FF 
 153      5B821694 
 153      173F
 154 011a E0308748 		.ascii	"\3400\207H;'\375\326\025\375\353\205<\317\307\363u\235"
 154      3B27FDD6 
 154      15FDEB85 
 154      3CCFC7F3 
 154      759D
 155 012c 48E23190 		.ascii	"H\3421\220\325|\333\017\277H\211\322\356\024?\322\341"
 155      D57CDB0F 
 155      BF4889D2 
 155      EE143FD2 
 155      E1
 156 013d 25B45D55 		.ascii	"%\264]U2\331\342Cy/%\350\361\224\363\351^\2245\225\324"
 156      32D9E243 
 156      792F25E8 
 156      F194F3E9 
 156      5E943595 
 157 0152 B57522D9 		.ascii	"\265u\"\331\033\277F)\257%\335\273b\300?\242\355\223"
 157      1BBF4629 
 157      AF25DDBB 
 157      62C03FA2 
 157      ED93
 158 0164 B5D367F5 		.ascii	"\265\323g\365\370'\264\275%\276\257Q\217\177I\3331\373"
 158      F827B4BD 
 158      25BEAF51 
 158      8F7F49DB 
 158      31FB
 159 0176 ABB768A1 		.ascii	"\253\267h\241\373\253z*\264w\367\223\\\035E\211\027"
 159      FBAB7A2A 
 159      B477F793 
 159      5C1D4589 
 159      17
 160 0187 F8C12DEE 		.ascii	"\370\301-\356\374m>\307\210\002\365\271\240\342\330"
 160      FC6D3EC7 
 160      8802F5B9 
 160      A0E2D8
ARM GAS  /tmp/ccI2sgH0.s 			page 12


 161 0196 D69CFE7F 		.ascii	"\326\234\376\177\217\343\337C\025H\217\312\021F\205"
 161      8FE3DF43 
 161      15488FCA 
 161      114685
 162 01a5 E875D096 		.ascii	"\350u\320\226\366&\277x\236\217\345\223\343x\335y\243"
 162      F626BF78 
 162      9E8FE593 
 162      E378DD79 
 162      A3
 163 01b6 0A15A3C5 		.ascii	"\012\025\243\305\250\004-V\241\243(\020((-:\0147\217"
 163      A8042D56 
 163      A1A32810 
 163      28282D3A 
 163      0C378F
 164 01c9 C04D607C 		.ascii	"\300M`|\346Y\355:\015\322\007*w\252T\350DU\230\211K"
 164      E659ED3A 
 164      0DD2072A 
 164      77AA54E8 
 164      44559889 
 165 01de F1E77935 		.ascii	"\361\347y5:\006*\034\222T\000\215\234\246\343rGb\017"
 165      3A062A1C 
 165      9254008D 
 165      9CA6E372 
 165      47620F
 166 01f1 6A9C2AB7 		.ascii	"j\234*\267\254\357\017#*\037\007\3722\211\376\030ZP"
 166      ACEF0F23 
 166      2A1F07FA 
 166      3289FE18 
 166      5A50
 167 0203 E72A459D 		.ascii	"\347*E\235QV\303\343l\037|\003Q\333\345\246\355(\322"
 167      5156C3E3 
 167      6C1F7C03 
 167      51DBE5A6 
 167      ED28D2
 168 0216 50D37B13 		.ascii	"P\323{\023\264}p\354\2767\036`\317\316\266\\\036D\314"
 168      B47D70EC 
 168      BE371E60 
 168      CFCEB65C 
 168      1E44CC
 169 0229 03388267 		.ascii	"\0038\202g\01745\373P\332\357\0224\371@\335Y\037|\217"
 169      0F3435FB 
 169      50DAEF12 
 169      34F940DD 
 169      591F7C8F 
 170 023d D1B63DAA 		.ascii	"\321\266=\252\342\265x\212\"\\\342\345\336Y5\0124P\335"
 170      E2B5788A 
 170      225CE2E5 
 170      DE59350A 
 170      3450DD
 171 0250 E30B26D6 		.ascii	"\343\013&\326\304\200\356\247\221\001\235\222t\377\310"
 171      C480EEA7 
 171      91019D92 
 171      74FFC8
 172 025f C0544F90 		.ascii	"\300TO\220TG\177\361\227\224\257\007\345?2\010\324 "
 172      54477FF1 
 172      9794AF07 
 172      E53F3208 
ARM GAS  /tmp/ccI2sgH0.s 			page 13


 172      D420
 173 0271 20F56E5D 		.ascii	" \365n]\277\021\3473\207\333wr \316\200\0172\244;yC"
 173      BF11E733 
 173      87DB7772 
 173      20CE800F 
 173      32A43B79 
 174 0286 BE0E9730 		.ascii	"\276\016\2270\244(;\243B\207\313\031\362%\1776\301\017"
 174      A4283BA3 
 174      4287CB19 
 174      F2257F36 
 174      C10F
 175 0298 5730A4B9 		.ascii	"W0\244\271\177z\302@\265\177\201\240\011\023\353N\031"
 175      7F7AC240 
 175      B57F81A0 
 175      0913EB4E 
 175      19
 176 02a9 70157BF6 		.ascii	"p\025{\366\360Dc\246\037\256aH\306\324\205\263~\224"
 176      F04463A6 
 176      1FAE6148 
 176      C6D485B3 
 176      7E94
 177 02bb F015820E 		.ascii	"\360\025\202\016\217\017_3\342\223\354\331\203\306\242"
 177      8F0F5F33 
 177      E293ECD9 
 177      83C6A2
 178 02ca 7E0ED773 		.ascii	"~\016\327s.^l\240^\354s\271\361\326&?\024 \374\026\005"
 178      2E5E6CA0 
 178      5EEC73B9 
 178      F1D6263F 
 178      1420FC16 
 179 02df 043A6068 		.ascii	"\004:`hc\211\233+\376\230\022\307\347\276B\015p\016"
 179      63899B2B 
 179      FE9812C7 
 179      E7BE420D 
 179      700E
 180 02f1 0CD08916 		.ascii	"\014\320\211\026I\303\254\201?t\312`\224\204\336q#\317"
 180      49C3AC81 
 180      3F74CA60 
 180      9484DE71 
 180      23CF
 181 0303 EBFC9B94 		.ascii	"\353\374\233\224\266\305\235\366\202;m\217H{\321\235"
 181      B6C59DF6 
 181      823B6D8F 
 181      487BD19D 
 182 0313 F612A5FD 		.ascii	"\366\022\245\375\221HzQ$=\343N\372\0037\256\227D\322"
 182      91487A51 
 182      243DE34E 
 182      FA0337AE 
 182      9744D2
 183 0326 B3CADA4A 		.ascii	"\263\312\332J\\\273D\322\363\356\244\215n\244\327E\322"
 183      5CBB44D2 
 183      F3EEA48D 
 183      6EA4D745 
 183      D2
 184 0337 26655299 		.ascii	"&eR\231\006\335\"m\263\262\015(\333m\340]|2\317\277"
 184      06DD226D 
 184      B3B20D28 
ARM GAS  /tmp/ccI2sgH0.s 			page 14


 184      DB6DE05D 
 184      7C32CFBF 
 185 034b 6757A15A 		.ascii	"gW\241Zx~\222<\257\023:\200\337\240\353\340B](\000\265"
 185      787E923C 
 185      AF133A80 
 185      DFA0EBE0 
 185      425D2800 
 186 0360 035C0168 		.ascii	"\003\\\001h\005\270\012p\015\240\003\3402@\033\012\240"
 186      05B80A70 
 186      0DA003E0 
 186      32401B0A 
 186      A0
 187 0371 6E48E5B6 		.ascii	"nH\345\266\210r\033\024\215D\305\022\247\356\273\260"
 187      88721B14 
 187      8D44C512 
 187      A7EEBBB0 
 188 0381 DE8B4784 		.ascii	"\336\213G\204B%x\250\024\363\216>\272\272\304 \367j"
 188      422578A8 
 188      14F38E3E 
 188      BABAC420 
 188      F76A
 189 0393 391F15EA 		.ascii	"9\037\025\352F\006\201pd\343\372\377\300\343\324\225"
 189      46068170 
 189      64E3FAFF 
 189      C0E3D495 
 190 03a3 F093C933 		.ascii	"\360\223\3113\333|\021\370\014\033T\034\035\224(\374"
 190      DB7C11F8 
 190      0C1B541C 
 190      1D9428FC 
 191 03b3 0468D323 		.ascii	"\004h\323#\014\252\027\006uS\246\364X|\343\376\265\314"
 191      0CAA1706 
 191      7553A6F4 
 191      587CE3FE 
 191      B5CC
 192 03c5 C18035BA 		.ascii	"\301\2005\272!\220zR<\203*\336\243\244\370\263\264\201"
 192      21907A52 
 192      3C832ADE 
 192      A3A4F8B3 
 192      B481
 193 03d7 0DDEF831 		.ascii	"\015\336\3701\363\355\336\2123\023:<\303\220]e\323S"
 193      F3EDDE8A 
 193      33133A3C 
 193      C3905D65 
 193      D353
 194 03e9 7A1C8729 		.ascii	"z\034\207)r\376`\346\337\361f\332V\017\354)\253\360"
 194      72FE60E6 
 194      DFF166DA 
 194      560FEC29 
 194      ABF0
 195 03fb 43818B17 		.ascii	"C\201\213\027\3230\025\017\253\374\016D\250\001\204"
 195      D330150F 
 195      ABFC0E44 
 195      A80184
 196 040a 65A9241D 		.ascii	"e\251$\035\356O\277K\036@\323\233^i\270\032K\341\361"
 196      EE4FBF4B 
 196      1E40D39B 
 196      5E69B81A 
ARM GAS  /tmp/ccI2sgH0.s 			page 15


 196      4BE1F1
 197 041d 2B2AF4FA 		.ascii	"+*\364\372b\364CPs\020\206E\036\251\320m\320|\210E\252"
 197      62F44350 
 197      73108645 
 197      1EA9D06D 
 197      D07C8845 
 198 0432 FED4F14D 		.ascii	"\376\324\361M\032\275@\035\377U\324\351\011\351\361"
 198      1ABD401D 
 198      FF55D4E9 
 198      09E9F1
 199 0441 0617CB0F 		.ascii	"\006\027\313\017\2032\222\345GD\313_\035\330\006\221"
 199      833292E5 
 199      4744CB5F 
 199      1DD80691 
 200 0451 28998DE7 		.ascii	"(\231\215\347\331\363u;\375\360N\206\354\274\334yL\215"
 200      D9F3753B 
 200      FDF04E86 
 200      ECBCDC79 
 200      4C8D
 201 0463 1D0C49E8 		.ascii	"\035\014I\350.\270\240\305\371\330%\311\370\263$\263"
 201      2EB8A0C5 
 201      F9D825C9 
 201      F8B324B3 
 202 0473 B579D729 		.ascii	"\265y\327)L\3219\032\362R\006&\363\2203\021\270\016"
 202      4CD1391A 
 202      F2520626 
 202      F3903311 
 202      B80E
 203 0485 6D1C94F5 		.ascii	"m\034\224\365\027\302\360\003\320\346\2413\013l\315"
 203      17C2F003 
 203      D0E6A133 
 203      0B6CCD
 204 0494 495A42B2 		.ascii	"IZB\262\300\030\2509*EF\177)\011\364u\344\375\2472\323"
 204      C018A839 
 204      2A45467F 
 204      2909F475 
 204      E4FDA732 
 205 04a9 094F4C67 		.ascii	"\011OLg\342\232\277I\230>\002\246\367%\246c\262\324"
 205      E29ABF49 
 205      983E02A6 
 205      F725A663 
 205      B2D4
 206 04bb D2973DB5 		.ascii	"\322\227=\265R\231\353cO\\[\362z\277M\270N\002\327{"
 206      5299EB63 
 206      4F5C5BF2 
 206      7ABF4DB8 
 206      4E02D77B 
 207 04cf 12D74712 		.ascii	"\022\327G\022Wt\275\250\243\001\343rf\255\226\253\351"
 207      5774BDA8 
 207      A301E372 
 207      66AD96AB 
 207      E9
 208 04e0 EB7DF171 		.ascii	"\353}\361q\212pW\237oX\244,\357\211\007y\216g<\357\255"
 208      8A70579F 
 208      6F58A42C 
 208      EF890779 
 208      8E673CEF 
ARM GAS  /tmp/ccI2sgH0.s 			page 16


 209 04f5 42D3206D 		.ascii	"B\323 mJY\332\300\243\353\371\006\\\317\244\345\367"
 209      4A59DAC0 
 209      A3EBF906 
 209      5CCFA4E5 
 209      F7
 210 0506 5F4CF1A5 		.ascii	"_L\361\245\211\352\007\004\335\263q\362\251\03271\341"
 210      89EA0704 
 210      DDB371F2 
 210      A91A3731 
 210      E1
 211 0517 47127BD7 		.ascii	"G\022{\327ce\351\263\236\244\317R\351\317A\3723e\351"
 211      6365E9B3 
 211      9EA4CF52 
 211      E9CF41FA 
 211      3365E9
 212 052a B7EED6EE 		.ascii	"\267\356\326\356W\3436&\275w\252\267^K\245\277I\320"
 212      57E33626 
 212      BD77AAB7 
 212      5E4BA5BF 
 212      49D0
 213 053c 23677B5B 		.ascii	"#g{[|q\027{V}'\266K\213{\0312}\367\016\314\310\035\206"
 213      7C71177B 
 213      567D27B6 
 213      4B8B7B19 
 213      327DF70E 
 214 0554 94F49C5E 		.ascii	"\224\364\234^\015\235\274\364d\301O\223J\005\375/\334"
 214      0D9DBCF4 
 214      64C14F93 
 214      4A05FD2F 
 214      DC
 215 0565 6E6CBFD4 		.ascii	"nl\277\324\252\241\367\311--\031\301\223\206\312R/6"
 215      AAA1F7C9 
 215      2D2D19C1 
 215      9386CA52 
 215      2F36
 216 0577 027E7E92 		.ascii	"\002~~\222\337\310\005\0021\033\304:n1Z\3179\275k \213"
 216      DFC80502 
 216      311BC43A 
 216      6E315ACF 
 216      39BD6B20 
 217 058c 7AD7064E 		.ascii	"z\327\006N\217\3428q\030^\222\037t\035\315>.VE3\003"
 217      8FE23871 
 217      185E921F 
 217      741DCD3E 
 217      2E564533 
 218 05a1 97A8DF6C 		.ascii	"\227\250\337l\002\362X\211\034z\213%\206\202\364x\005"
 218      02F25889 
 218      1C7A8B25 
 218      8682F478 
 218      05
 219 05b2 E9C0795F 		.ascii	"\351\300y_\333@\002\022\213\227<V\274l\006\3161\022"
 219      DB400212 
 219      8B973C56 
 219      BC6C06CE 
 219      3112
 220 05c4 E74D0B73 		.ascii	"\347M\013sNP\344\214\222;\272f\275\3618\263\341\225"
 220      4E50E48C 
ARM GAS  /tmp/ccI2sgH0.s 			page 17


 220      923BBA66 
 220      BDF138B3 
 220      E195
 221 05d6 8256871F 		.ascii	"\202V\207\037\236fHgWC\246\026\307\250Yj\336\236\177"
 221      9E664867 
 221      5743A616 
 221      C7A8596A 
 221      DE9E7F
 222 05e9 C680E319 		.ascii	"\306\200\343\031r\372p\365\357\360n\326.;yp\223\216"
 222      72FA70F5 
 222      EFF06ED6 
 222      2E3B7970 
 222      938E
 223 05fb 4ED6DF09 		.ascii	"N\326\337\011:\265~l\223\236\246p\003\255\021\032\357"
 223      3AB57E6C 
 223      939EA670 
 223      03AD111A 
 223      EF
 224 060c DED4E26C 		.ascii	"\336\324\342lFZ\236\223W\301H\337\243\251\177\343\316"
 224      465A9E93 
 224      57C148DF 
 224      A3A97FE3 
 224      CE
 225 061d AB1C2E61 		.ascii	"\253\034.a\317v5v\373\341Z\326>\2679\247\315\013_b\310"
 225      CF763576 
 225      FBE15AD6 
 225      3EB739A7 
 225      CD0B5F62 
 226 0632 B1D1BC1D 		.ascii	"\261\321\274\035\032\334A\021\256<\363L\206N0\203#\021"
 226      1ADC4111 
 226      AE3CF34C 
 226      864E3083 
 226      2311
 227 0644 23B40B4C 		.ascii	"#\264\013L\220\376\265M\220\241l\202\365\267+w`\334"
 227      90FEB54D 
 227      90A16C82 
 227      F5B72B77 
 227      60DC
 228 0656 C3E44D5F 		.ascii	"\303\344M_\034,\324\342\001\206\244\325\354Ia\032\363"
 228      1C2CD4E2 
 228      0186A4D5 
 228      EC49611A 
 228      F3
 229 0667 141FBB99 		.ascii	"\024\037\273\231\374\324\027\337e\017c\357f8\020\236"
 229      FCD417DF 
 229      650F63EF 
 229      6638109E 
 230 0677 60C8D086 		.ascii	"`\310\320\206\362L5\236a\310\216\203\231O\275p\234\206"
 230      F24C359E 
 230      61C88E83 
 230      994FBD70 
 230      9C86
 231 0689 22A95B6F 		.ascii	"\"\251[o\0365\340\315\014)\271;\276]\203S\030rh\344"
 231      1E35E0CD 
 231      0C29B93B 
 231      BE5D8353 
 231      187268E4 
ARM GAS  /tmp/ccI2sgH0.s 			page 18


 232 069d FA1B3883 		.ascii	"\372\0338\203\266\271\214\311\241&\344\261\356\335\317"
 232      B6B98CC9 
 232      A126E4B1 
 232      EEDDCF
 233 06ac 29D7BD0E 		.ascii	")\327\275\016H\033(\017l\220\313\315\257aAB\346\215"
 233      481B280F 
 233      6C90CBCD 
 233      AF614142 
 233      E68D
 234 06be FD59069C 		.ascii	"\375Y\006\234\307\304\355\215\351H\325\340\"\206\314"
 234      C7C4ED8D 
 234      E948D5E0 
 234      2286CC
 235 06cd E66CA946 		.ascii	"\346l\251F\270\214!\267J\357\214p\370$C\322/&\266\033"
 235      B88C21B7 
 235      4AEF8C70 
 235      F82443D2 
 235      2F26B61B 
 236 06e1 F0258624 		.ascii	"\360%\206$\326\367\265ip\227\306%*\030XT(\350\272vN"
 236      D6F7B569 
 236      7097C625 
 236      2A185854 
 236      28E8BA76 
 237 06f6 8B07352E 		.ascii	"\213\0075.k\326\300\326lf\337\344-\035\276\313\236\335"
 237      6BD6C0D6 
 237      6C66DFE4 
 237      2D1DBECB 
 237      9EDD
 238 0708 6C88BDA6 		.ascii	"l\210\275\246\306\217\031\022SW\334\316\010\177Nk\303"
 238      C68F1912 
 238      5357DCCE 
 238      087F4E6B 
 238      C3
 239 0719 3369933E 		.ascii	"3i\223>x\216=\213\213\253=\253\301\011^.\336b\240\336"
 239      788E3D8B 
 239      8BAB3DAB 
 239      C1095E2E 
 239      DE62A0DE 
 240 072d F2ABBDB3 		.ascii	"\362\253\275\263\215qF\241\030\014\0140\004,\012$\215"
 240      8D7146A1 
 240      180C0C30 
 240      042C0A24 
 240      8D
 241 073e 45B4305C 		.ascii	"E\2640\\\264\310`XDn\023\214\3343\274\304JF\003\371"
 241      B4C86058 
 241      446E138C 
 241      DC33BCC4 
 241      4A4603F9 
 242 0752 6B08A4BF 		.ascii	"k\010\244\277\000\007Y;\205U}\337\255*\347\353\326a"
 242      0007593B 
 242      85557DDF 
 242      AD2AE7EB 
 242      D661
 243 0764 BA7C12C1 		.ascii	"\272|\022\301n7\271\227\224\262;-`\266\036$\005\014"
 243      6E37B997 
 243      94B23B2D 
 243      60B61E24 
ARM GAS  /tmp/ccI2sgH0.s 			page 19


 243      050C
 244 0776 B1701950 		.ascii	"\261p\031P^\347du@)\347Zd\215\215V\215}\234J\353\206"
 244      5EE76475 
 244      4029E75A 
 244      648D8D56 
 244      8D7D9C4A 
 245 078c 8B9C0139 		.ascii	"\213\234\0019\200\276\205\363\\\352\225\025VU~/\203"
 245      80BE85F3 
 245      5CEA9515 
 245      56557E2F 
 245      83
 246 079d 77D42354 		.ascii	"w\324#T\013\344\311\013*\302\367m*\270h\340A\025\242"
 246      0BE4C90B 
 246      2AC2F76D 
 246      2AB868E0 
 246      4115A2
 247 07b0 F496AF50 		.ascii	"\364\226\257P\272\361\216&\375M\032\353\237\"\246\264"
 247      BAF18E26 
 247      FD4D1AEB 
 247      9F22A6B4 
 248 07c0 109F59AD 		.ascii	"\020\237Y\2557\203\234\305\313Xi\265\303\267\021b"
 248      37839CC5 
 248      CB5869B5 
 248      C3B71162 
 249 07d0 336A05A2 		.ascii	"3j\005\2424\311\207\232\270E*gADm\266D\260\031\251\204"
 249      34C9879A 
 249      B8452A67 
 249      41446DB6 
 249      44B019A9 
 250 07e5 FA909B25 		.ascii	"\372\220\233%\344%\267\274Z\270\004\343\222\252\005"
 250      E425B7BC 
 250      5AB804E3 
 250      92AA05
 251 07f4 18A5B3C4 		.ascii	"\030\245\263\304\352\273\324\310F3\004\0249\236G#/H"
 251      EABBD4C8 
 251      46330414 
 251      399E4723 
 251      2F48
 252 0806 0FC0E37C 		.ascii	"\017\300\343|\362\370\024\254\005\"\236\324n\367\240"
 252      F2F814AC 
 252      05229ED4 
 252      6EF7A0
 253 0815 5DCF41E1 		.ascii	"]\317A\341\011\320\001p\002\340*@?\300\025\200>\200"
 253      09D00170 
 253      02E02A40 
 253      3FC01580 
 253      3E80
 254 0827 6A80DB00 		.ascii	"j\200\333\000\215\000\347\000n\001\014\003\034\003\270"
 254      8D00E700 
 254      6E010C03 
 254      1C03B8
 255 0836 063002D0 		.ascii	"\0060\002\320\315\261\372\217\030\245\254\264\372\031"
 255      CDB1FA8F 
 255      18A5ACB4 
 255      FA19
 256 0844 2681BB0E 		.ascii	"&\201\273\016\204\024H\351\352\272\314&d\366\212\226"
 256      841448E9 
ARM GAS  /tmp/ccI2sgH0.s 			page 20


 256      EABACC26 
 256      64F68A96 
 257 0854 B0D92393 		.ascii	"\260\331#\223]\344n\022\267\031\231\246u\260\223\262"
 257      5DE46E12 
 257      B71999A6 
 257      75B093B2 
 258 0864 6901CA11 		.ascii	"i\001\312\021\027\312AeJ:w\243Ue\177\"Y\240\023h\262"
 258      17CA4165 
 258      4A3A77A3 
 258      55657F22 
 258      59A01368 
 259 0879 A5A96B71 		.ascii	"\245\251kq\252\251X\370\266\203\301\006\005\343\215"
 259      AAA958F8 
 259      B683C106 
 259      05E38D
 260 0888 41BB8113 		.ascii	"A\273\201\023\013_\236x\344\367\331\230\316\002\311"
 260      0B5F9E78 
 260      E4F7D998 
 260      CE02C9
 261 0897 417787BF 		.ascii	"Aw\207\277\344\272\253\340\313f\253\217\340\030JO\334"
 261      E4BAABE0 
 261      CB66AB8F 
 261      E0184A4F 
 261      DC
 262 08a8 6727D05F 		.ascii	"g'\320_\200\353v\010\2545\363=\030\270\347\012\334\311"
 262      80EB7608 
 262      AC35F33D 
 262      18B8E70A 
 262      DCC9
 263 08ba 6CE72B73 		.ascii	"l\347+s\227M\273\203j.r\333\3011\303\021\315\037\200"
 263      974DBB83 
 263      6A2E72DB 
 263      C131C311 
 263      CD1F80
 264 08cd E6A761DA 		.ascii	"\346\247a\332\3328Y\331>Z5-,\277\036\260\336>\345\345"
 264      DA3859D9 
 264      3E5A352D 
 264      2CBF1EB0 
 264      DE3EE5E5 
 265 08e1 C7B497FB 		.ascii	"\307\264\227\373\3256\020\220\002K\031\245\012\372\023"
 265      D5361090 
 265      024B19A5 
 265      0AFA13
 266 08f0 01A320E0 		.ascii	"\001\243 \340<\010\030\027\004\310;dB\007\262\301B{"
 266      3C081817 
 266      04C83B64 
 266      4207B2C1 
 266      427B
 267 0902 0511A4C3 		.ascii	"\005\021\244\303C\350p\007:T\0024\013\235\344K\241\216"
 267      43E87007 
 267      3A540234 
 267      0B9DE44B 
 267      A18E
 268 0914 936F59C8 		.ascii	"\223oY\310\364\262\351\362D\203\272\200\241D&\227/Z"
 268      F4B2E9F2 
 268      4483BA80 
 268      A1442697 
ARM GAS  /tmp/ccI2sgH0.s 			page 21


 268      2F5A
 269 0926 A4064816 		.ascii	"\244\006H\026\262\010X\374\210\314GK\025}T\266I|\"\272"
 269      B20858FC 
 269      88CC474B 
 269      157D54B6 
 269      497C22BA 
 270 093a 5EA9A293 		.ascii	"^\251\242\223\026\313\343\306\240\341<\211\033\304Q"
 270      16CBE3C6 
 270      A0E13C89 
 270      1BC451
 271 0949 0A24E71B 		.ascii	"\012$\347\033\224\257\021\210\033\371\337:\316\342\006"
 271      94AF1188 
 271      1BF9DF3A 
 271      CEE206
 272 0958 6C15D05D 		.ascii	"l\025\320]w\005d[O\252\300\256\003N\005n\271\223\272"
 272      7705645B 
 272      4FAAC0AE 
 272      034E056E 
 272      B993BA
 273 096b 6F7E3369 		.ascii	"o~3i\\&\341\343\220\273#\225s.\244}I\007X\254!G=\325"
 273      5C26E1E3 
 273      90BB2395 
 273      732EA47D 
 273      490758AC 
 274 0983 CAA16B5E 		.ascii	"\312\241k^\260\021\347\370\014\330u\2419\026\254Qf("
 274      B011E7F8 
 274      0CD875A1 
 274      3916AC51 
 274      6628
 275 0995 22D62001 		.ascii	"\"\326 \001/I\262\306E\316\240\232\347>b\034;(\350\362"
 275      2F49B2C6 
 275      45CEA09A 
 275      E73E621C 
 275      3B28E8F2 
 276 09a9 AF886382 		.ascii	"\257\210c\202\371\373\336\020\314\377\221\001\035q\267"
 276      F9FBDE10 
 276      CCFF9101 
 276      1D71B7
 277 09b8 D351573B 		.ascii	"\323QW;9j\013\210I\357\302\020\366x\216\310.\333p\027"
 277      396A0B88 
 277      49EFC210 
 277      F6788EC8 
 277      2EDB7017 
 278 09cc 9FEE6183 		.ascii	"\237\356a\203MQ\210:*\312\215\214\363>\214\3638\350"
 278      4D51883A 
 278      2ACA8D8C 
 278      F33E8CF3 
 278      38E8
 279 09de 59013000 		.ascii	"Y\0010\000P\005p\003\340$@\257L\367\276^!\335\221\314"
 279      50057003 
 279      E02440AF 
 279      4CF7BE5E 
 279      21DD91CC 
 280 09f2 7BE02BD2 		.ascii	"{\340+\322\335\011\232\356\310F\352K\245t'\005,\307"
 280      DD099AEE 
 280      C846EA4B 
 280      A5742705 
ARM GAS  /tmp/ccI2sgH0.s 			page 22


 280      2CC7
 281 0a04 B31F024B 		.ascii	"\263\037\002K\022\253\212\004c\210k\251\330\315iv\237"
 281      12AB8A04 
 281      63886BA9 
 281      D8CD6976 
 281      9F
 282 0a15 63F28933 		.ascii	"c\362\2113\366+;\243l\345dQ\323\201\221\267~U.s\013"
 282      F62B3BA3 
 282      6CE56451 
 282      D38191B7 
 282      7E552E73 
 283 0a2a C7851C56 		.ascii	"\307\205\034V\014\307r3\267\270\230yH\226E/\036\270"
 283      0CC77233 
 283      B7B89879 
 283      4896452F 
 283      1EB8
 284 0a3c E8C3C3D0 		.ascii	"\350\303\303\320\311\276jNi\350<'F\337\321\252aY\254"
 284      C9BE6A4E 
 284      69E83C27 
 284      46DFD1AA 
 284      6159AC
 285 0a4f CE124297 		.ascii	"\316\022B\227\347X\355x\235E\016Ro\224(\227>\322\014"
 285      E758ED78 
 285      9D450E52 
 285      6F942897 
 285      3ED20C
 286 0a62 14D0D548 		.ascii	"\024\320\325H\026\330a\345\3258\2776\270\3402\252\273"
 286      16D861E5 
 286      D538BF36 
 286      B8E032AA 
 286      BB
 287 0a73 6C54F440 		.ascii	"lT\364@%a#9P!\331\326\365@\205>|\272\322\233\030X\341"
 287      25612339 
 287      5021D9D6 
 287      F540853E 
 287      7CBAD29B 
 288 0a8a D1D86C75 		.ascii	"\321\330lu\331\373\261\220\017/(\366\204\325P\363r:"
 288      D9FBB190 
 288      0F2F28F6 
 288      84D550F3 
 288      723A
 289 0a9c 59A44D8A 		.ascii	"Y\244M\212\317\301@\2034\353\267(?\006\213\274L\036"
 289      CFC14083 
 289      34EBB728 
 289      3F068BBC 
 289      4C1E
 290 0aae 0FCE7BEC 		.ascii	"\017\316{\354`\302k\376\304\222\017\331\221\354\026"
 290      60C26BFE 
 290      C4920FD9 
 290      91EC16
 291 0abd 52895298 		.ascii	"R\211R\230\201\312v4!q\300\370r\232\340\020/\250\251"
 291      81CA7634 
 291      2171C0F8 
 291      729AE010 
 291      2FA8A9
 292 0ad0 9749C678 		.ascii	"\227I\306x\304\275\014\177\377\246f\304\0035\317[5\330"
 292      C4BD0C7F 
ARM GAS  /tmp/ccI2sgH0.s 			page 23


 292      FFA666C4 
 292      0335CF5B 
 292      35D8
 293 0ae2 A165E7AF 		.ascii	"\241e\347\257\215]\016\335\322\275\274\243ll\344D\321"
 293      8D5D0EDD 
 293      D2BDBCA3 
 293      6C6CE444 
 293      D1
 294 0af3 4BBBC9EA 		.ascii	"K\273\311\352\346\237\301N\027\221^hB\214=*\322\246"
 294      E69FC14E 
 294      17915E68 
 294      428C3D2A 
 294      D2A6
 295 0b05 EAA1496E 		.ascii	"\352\241In)\364\334\237V\262\303\240\346\204\344\363"
 295      29F4DC9F 
 295      56B2C3A0 
 295      E684E4F3 
 296 0b15 37FA5AA0 		.ascii	"7\372Z\240\252!\347\260\332\263\036_R=\036s\202\"\345"
 296      AA21E7B0 
 296      DAB31E5F 
 296      523D1E73 
 296      8222E5
 297 0b28 39B11D08 		.ascii	"9\261\035\010_a\212\304\036>\360k\252\207\243\032\262"
 297      5F618AC4 
 297      1E3EF06B 
 297      AA87A31A 
 297      B2
 298 0b39 065F3737 		.ascii	"\006_77\367.\241GS2\015\246\234\032L{\324`\353\371\341"
 298      F72EA147 
 298      53320DA6 
 298      9C1A4C7B 
 298      D460EBF9 
 299 0b4e 11835C03 		.ascii	"\021\203\\\003\331\201\265\012=\245\012<q*p\254\254"
 299      D981B50A 
 299      3DA50A3C 
 299      712A70AC 
 299      AC
 300 0b5f A35F8307 		.ascii	"\243_\203\007\231\002\305\217\036\335B\240A\037?6r\362"
 300      9902C58F 
 300      1EDD42A0 
 300      411F3F36 
 300      72F2
 301 0b71 BE21BD9C 		.ascii	"\276!\275\234\257wZ\002\272\241\031\231\0363N=\236Q"
 301      AF775A02 
 301      BAA11999 
 301      1E334E3D 
 301      9E51
 302 0b83 3D526AB2 		.ascii	"=Rj\262c\275\331\236\356\233t\363S\270~\234\275+i\245"
 302      63BDD99E 
 302      EE9B74F3 
 302      53B87E9C 
 302      BD2B69A5 
 303 0b97 87F21BBA 		.ascii	"\207\362\033\272*\315x\2477\333|\236\232\374\006\316"
 303      2ACD78A7 
 303      37DB7C9E 
 303      9AFC06CE 
 304 0ba7 61EDEAE9 		.ascii	"a\355\352\351\212\003F\332\257\217\355Oj\206\037\263"
ARM GAS  /tmp/ccI2sgH0.s 			page 24


 304      8A0346DA 
 304      AF8FED4F 
 304      6A861FB3 
 305 0bb7 53ED25D4 		.ascii	"S\355%\324\"\317g\006\215\270\230\321V\345\035+\360"
 305      22CF6706 
 305      8DB898D1 
 305      56E51D2B 
 305      F0
 306 0bc8 C5C71992 		.ascii	"\305\307\031\222\262\363N\271\021\237g\310\246\202\346"
 306      B2F34EB9 
 306      119F67C8 
 306      A682E6
 307 0bd7 01036E15 		.ascii	"\001\003n\025\310\312\217fr\270\203!wb\2623\215\270"
 307      C8CA8F66 
 307      72B88321 
 307      7762B233 
 307      8DB8
 308 0be9 872167B6 		.ascii	"\207!g\266\217|\202\207X\273\275\377\352~_<J\021\357"
 308      8F7C8287 
 308      58BBBDFF 
 308      EA7E5F3C 
 308      4A11EF
 309 0bfc 8AE9897C 		.ascii	"\212\351\211|r\256\311\366A\362\304\022\203\027\243"
 309      72AEC9F6 
 309      41F2C412 
 309      8317A3
 310 0c0b 580CCEB6 		.ascii	"X\014\316\266\016\303\336\006\263\240\222\202\003Q2"
 310      0EC3DE06 
 310      B3A09282 
 310      035132
 311 0c1a 0E40DB00 		.ascii	"\016@\333\000\222\000\266\000l\005H\304.\211\242\346"
 311      9200B600 
 311      6C0548C4 
 311      2E89A2E6 
 312 0c2a 1D215190 		.ascii	"\035!Q\220\251\211\027\372{L\276\325\305\316<\235\340"
 312      A98917FA 
 312      7B4CBED5 
 312      C5CE3C9D 
 312      E0
 313 0c3b 4EEA9ED2 		.ascii	"N\352\236\322+E\322M\312\\\245\350\334WT\314b.\331c"
 313      2B45D24D 
 313      CA5CA5E8 
 313      DC5754CC 
 313      622ED963 
 314 0c4f 6C74A7AE 		.ascii	"lt\247\256q\217\345\005o\010\261|\275@\252\034\313b"
 314      718FE505 
 314      6F08B17C 
 314      BD40AA1C 
 314      CB62
 315 0c61 1D85C5CE 		.ascii	"\035\205\305\316\340\264A\231\251t\226\233\237HB\017"
 315      E0B44199 
 315      A974969B 
 315      9F48420F 
 316 0c71 90CC3BCB 		.ascii	"\220\314;\313\345\016M\336\312\327\240E\312\026\337"
 316      E50E4DDE 
 316      CAD7A045 
 316      CA16DF
ARM GAS  /tmp/ccI2sgH0.s 			page 25


 317 0c80 0E56FEBA 		.ascii	"\016V\376\272\026\027*\206\032\337Z\022\214R\241W\034"
 317      16172A86 
 317      1ADF5A12 
 317      8C52A157 
 317      1C
 318 0c91 162B0622 		.ascii	"\026+\006\"Z\220\210n\344v\034S\343)\346\003\005\223"
 318      5A90886E 
 318      E4761C53 
 318      E329E603 
 318      0593
 319 0ca3 0DF7317E 		.ascii	"\015\3671~\316\220\222\303u\215>8UG\221\206\313\335"
 319      CE9092C3 
 319      758D3E38 
 319      55479186 
 319      CBDD
 320 0cb5 07BDD83B 		.ascii	"\007\275\330;%vd\321\\\331\303\016`^\242\257\234r\006"
 320      257664D1 
 320      5CD9C30E 
 320      605EA2AF 
 320      9C7206
 321 0cc8 B6EB7021 		.ascii	"\266\353p!\243\275S\022\013\031\3528Cv\244\246\035\323"
 321      A3BD5312 
 321      0B19EA38 
 321      4376A4A6 
 321      1DD3
 322 0cda E166860C 		.ascii	"\341f\206\014\026\3444\373\342v\206\\\334\3538\342\207"
 322      16E434FB 
 322      E276865C 
 322      DCEB38E2 
 322      87
 323 0ceb BB29C28D 		.ascii	"\273)\302\215\226\244\034u\236<\365\335\373\304\033"
 323      96A41C75 
 323      9E3CF5DD 
 323      FBC41B
 324 0cfa 39B01EED 		.ascii	"9\260\036\355\305_\367\225Y\026V|e\226\323^{\024\341"
 324      C55FF795 
 324      5916567C 
 324      6596D35E 
 324      7B14E1
 325 0d0d 2126AFFE 		.ascii	"!&\257\376R\345\016D#\303G\316\3000u\362\314\270\227"
 325      52E50E44 
 325      23C347CE 
 325      C03075F2 
 325      CCB897
 326 0d20 C7C09083 		.ascii	"\307\300\220\203I`\330\207\205\300P}s\242Y\207\0370"
 326      4960D887 
 326      85C0507D 
 326      73A25987 
 326      1F30
 327 0d32 6645A9C7 		.ascii	"fE\251\307\352|\\\016\255\201Z\3267\017K\357\300\270"
 327      EA7C5C0E 
 327      AD815AD6 
 327      370F4BEF 
 327      C0B8
 328 0d44 A2F6FC34 		.ascii	"\242\366\3744\037d\010\364D\216\016\200\372R\017j\203"
 328      1F6408F4 
 328      448E0E80 
ARM GAS  /tmp/ccI2sgH0.s 			page 26


 328      FA520F6A 
 328      83
 329 0d55 9A383D38 		.ascii	"\2328=8\311~\270\231+Y\001h\304\211\3337\231Z\345\203"
 329      C97EB899 
 329      2B590168 
 329      C489DB37 
 329      995AE583 
 330 0d69 A7983A85 		.ascii	"\247\230:\205}YO\214x\216\"\372\332\0071o\241\300E\001"
 330      7D594F8C 
 330      788E22FA 
 330      DA07316F 
 330      A1C04501 
 331 0d7d 64F91A02 		.ascii	"d\371\032\002\002)\273\306\234\027\201\335A\360\203"
 331      0229BBC6 
 331      9C1781DD 
 331      41F083
 332 0d8c 5D12BB62 		.ascii	"]\022\273b\354\262\211c\356\226\016\356\226A\334\255"
 332      ECB28963 
 332      EE960EEE 
 332      9641DCAD 
 333 0d9c 10942A16 		.ascii	"\020\224*\026\334\3550\264\213\300\275\312\001J\000"
 333      DCED30B4 
 333      8BC0BDCA 
 333      014A00
 334 0dab 4A01CA5C 		.ascii	"J\001\312\\\027\367\3302aq\037\002\235\367\200\220b"
 334      17F7D832 
 334      61711F02 
 334      9DF78090 
 334      62
 335 0dbc ACB8AB54 		.ascii	"\254\270\253T\224\265[\240\377:\262\372n\036d+\230\270"
 335      94B55BA0 
 335      FF3AB2FA 
 335      6E1E642B 
 335      98B8
 336 0dce 48B6BB20 		.ascii	"H\266\273 \367W]\275\264h v\314W&\225\012\254\276\221"
 336      F7575DBD 
 336      B4682076 
 336      CC572695 
 336      0AACBE91 
 337 0de2 66C618FC 		.ascii	"f\306\030\374\243\300\235X\026\235\344\323x\020\313"
 337      A3C09D58 
 337      169DE4D3 
 337      7810CB
 338 0df1 0B8C4358 		.ascii	"\013\214CX,\233\034=T01F\246\2421\244}N_\367f\022\020"
 338      2C9B1C3D 
 338      54303146 
 338      A6A231A4 
 338      7D4E5FF7 
 339 0e08 8A150202 		.ascii	"\212\025\002\002J\251o<\306\341\015z2\261^S\323\307"
 339      4AA96F3C 
 339      C6E10D7A 
 339      32B15E53 
 339      D3C7
 340 0e1a 33FC109D 		.ascii	"3\374\020\235W\372\222\262/\275X\262\304\021\220R\341"
 340      57FA92B2 
 340      2FBD58B2 
 340      C4119052 
ARM GAS  /tmp/ccI2sgH0.s 			page 27


 340      E1
 341 0e2b 69788ABB 		.ascii	"ix\212\273\216\235B\017b\364\343`\364*0\3641\200J\200"
 341      8E9D420F 
 341      62F4E360 
 341      F42A30F4 
 341      31804A80 
 342 0e3f A37283CF 		.ascii	"\243r\203\317\012vq\016\246\302\303`(q|\261\353\354"
 342      0A76710E 
 342      A6C2C360 
 342      28717CB1 
 342      EBEC
 343 0e51 28E82415 		.ascii	"(\350$\025\300\317d\234\367(r\226\302\346\014\265R\205"
 343      C0CF649C 
 343      F7287296 
 343      C2E60CB5 
 343      5285
 344 0e63 52D89CBA 		.ascii	"R\330\234\272WR\254\006\227\027\242^\245\261\223D\275"
 344      5752AC06 
 344      9717A25E 
 344      A5B19344 
 344      BD
 345 0e74 1A60B643 		.ascii	"\032`\266C\362\366\012%o\027\215Q\015\006\370*c\220"
 345      F2F60A25 
 345      6F178D51 
 345      0D06F82A 
 345      6390
 346 0e86 13C7DE91 		.ascii	"\023\307\336\221\0115N\321\263\357'f\263J\275q\006C"
 346      09354ED1 
 346      B3EF2766 
 346      B34ABD71 
 346      0643
 347 0e98 EA86D65F 		.ascii	"\352\206\326_\361\305\371\014\251\357\277\260YG\302"
 347      F1C5F90C 
 347      A9EFBFB0 
 347      5947C2
 348 0ea7 43DC57BD 		.ascii	"C\334W\275\323\332QY\364X\207+i7|\2715\267\323\033&"
 348      D3DA5159 
 348      F458872B 
 348      69377CB9 
 348      35B7D31B 
 349 0ebc 1866775D 		.ascii	"\030fw]\034\254\251\341\345\027\330\232\252\003\373"
 349      1CACA9E1 
 349      E517D89A 
 349      AA03FB
 350 0ecb 9C82A19C 		.ascii	"\234\202\241\234^hM\271U\375'\005z2\242\006\030Q\275"
 350      5E684DB9 
 350      55FD2705 
 350      7A32A206 
 350      1851BD
 351 0ede 2C35F435 		.ascii	",5\3645\321\034tZ\311\230\235\203\225E\234\230\203\334"
 351      D11C745A 
 351      C9989D83 
 351      95459C98 
 351      83DC
 352 0ef0 989E0546 		.ascii	"\230\236\005F\236\230\202\345\357\033\351~\375\014P"
 352      9E9882E5 
 352      EF1BE97E 
ARM GAS  /tmp/ccI2sgH0.s 			page 28


 352      FD0C50
 353 0eff D44A963F 		.ascii	"\324J\226?-\3137s\353.\264\"\\\317\314\224\326ZtM\213"
 353      2DCB3773 
 353      EB2EB422 
 353      5CCFCC94 
 353      D65A744D 
 354 0f14 CF32E4C4 		.ascii	"\3172\344\304Hr\265\036_f\310\366\261\312N\035\276\301"
 354      4872B51E 
 354      5F66C8F6 
 354      B1CA4E1D 
 354      BEC1
 355 0f26 90F196CC 		.ascii	"\220\361\226\314\006#\036\322\273\274\320\013`/\364"
 355      06231ED2 
 355      BBBCD00B 
 355      602FF4
 356 0f35 9E6CDCB4 		.ascii	"\236l\334\264NO\3219\347\217&\224\246\365\333\362\014"
 356      4E4FD139 
 356      E78F2694 
 356      A6F5DBF2 
 356      0C
 357 0f46 CE936E47 		.ascii	"\316\223nG\034\377\215\230CKd\247\032\227@\367\000!"
 357      1CFF8D98 
 357      434B64A7 
 357      1A9740F7 
 357      0021
 358 0f58 615C8028 		.ascii	"a\\\200(\324\202\305\327/\017\350W&\027\301}\233\245"
 358      D482C5D7 
 358      2F0FE857 
 358      2617C17D 
 358      9BA5
 359 0f6a 210448AF 		.ascii	"!\004H\257_z\2166>\327x\346|\331\023\347\231\323\251"
 359      5F7A8E36 
 359      3ED778E6 
 359      7CD913E7 
 359      99D3A9
 360 0f7d F4E39156 		.ascii	"\364\343\221V\340\334$q\006A\"\353\214\211\353\347\027"
 360      E0DC2471 
 360      064122EB 
 360      8C89EBE7 
 360      17
 361 0f8e 50BADD13 		.ascii	"P\272\335\023\353\370\202\251\277\220MI\033\260n\224"
 361      EBF882A9 
 361      BF904D49 
 361      1BB06E94 
 362 0f9e 58B7     		.ascii	"X\267"
 363 0fa0 4AAC11FF 		.ascii	"J\254\021\377\370j\222\037M\340u\276\004\357\336\264"
 363      F86A921F 
 363      4DE075BE 
 363      04EFDEB4 
 364 0fb0 2DCE4813 		.ascii	"-\316H\023x';\251?tr\212}fA3\347\365\347Wz\375\364\262"
 364      78273BA9 
 364      3F74728A 
 364      7D664133 
 364      E7F5E757 
 365 0fc8 F71BF040 		.ascii	"\367\033\360@\346\277\035\20438 \272\206)\371\211\271"
 365      E6BF1D84 
 365      333820BA 
ARM GAS  /tmp/ccI2sgH0.s 			page 29


 365      8629F989 
 365      B9
 366 0fd9 D209DF17 		.ascii	"\322\011\337\027\223\205\205\2654\335HU\271\002:^\305"
 366      938585B5 
 366      34DD4855 
 366      B9023A5E 
 366      C5
 367 0fea 84BE13BF 		.ascii	"\204\276\023\277\350\354E_\205$<n7\34016\241\207\256"
 367      E8EC455F 
 367      85243C6E 
 367      37E03136 
 367      A187AE
 368 0ffd 0E77B0   		.ascii	"\016w\260"
 369 1000 52620DA0 		.ascii	"Rb\015\240\332\307\323C\3335B\351)\325A\351\220\355"
 369      DAC7D343 
 369      DB3542E9 
 369      29D541E9 
 369      90ED
 370 1012 9F831D66 		.ascii	"\237\203\035f\311\031\032\017C\354\026\234\360\026\330"
 370      C9191A0F 
 370      43EC169C 
 370      F016D8
 371 1021 A417D668 		.ascii	"\244\027\326h\017@\037\300M\200\033R\360\";\262\242"
 371      0F401FC0 
 371      4D801B52 
 371      F0223BB2 
 371      A2
 372 1032 5FA7F27C 		.ascii	"_\247\362|C\014&Z\240.\241\257S7t\035\273\036\201\357"
 372      430C265A 
 372      A02EA1AF 
 372      5337741D 
 372      BB1E81EF 
 373 1046 2AFD9044 		.ascii	"*\375\220D$\022<N\010\264b\220\230\267\325/\014\002"
 373      24123C4E 
 373      08B46290 
 373      98B7D52F 
 373      0C02
 374 1058 5272A276 		.ascii	"Rr\242v^ \025\317]\\7\257\274c+\241$uX\232@)\226u\256"
 374      5E2015CF 
 374      5D5C37AF 
 374      BC632BA1 
 374      2475589A 
 375 1071 9B62C7DE 		.ascii	"\233b\307\336R\2227\310\012:'P\212\213\257\230sK\034"
 375      529237C8 
 375      0A3A2750 
 375      8A8BAF98 
 375      734B1C
 376 1084 09496415 		.ascii	"\011Id\025w+\255\342\242\266\2166/)$:\374\216\223\205"
 376      772BADE2 
 376      A2B68E36 
 376      2F29243A 
 376      FC8E9385 
 377 1098 3900ECE6 		.ascii	"9\000\354\346\244\243\243\356y!\321\305\316\375`\333"
 377      A4A3A3EE 
 377      7921D1C5 
 377      CEFD60DB 
 378 10a8 AF636798 		.ascii	"\257cg\230\304\211\335\267\034\030\317\261\031\355\276"
ARM GAS  /tmp/ccI2sgH0.s 			page 30


 378      C489DDB7 
 378      1C18CFB1 
 378      19EDBE
 379 10b7 F270AFE6 		.ascii	"\362p\257\346\265l\262k*\254\032\374\355\251<\336\021"
 379      B56CB26B 
 379      2AAC1AFC 
 379      EDA93CDE 
 379      11
 380 10c8 1FC7F3BF 		.ascii	"\037\307\363\277\232\233\323R\015\006\231\213\212\202"
 380      9A9BD352 
 380      0D06998B 
 380      8A82
 381 10d6 54E40E61 		.ascii	"T\344\016a\204\206\360k\320\377Qe\322n\266\007*\243"
 381      8486F06B 
 381      D0FF5165 
 381      D26EB607 
 381      2AA3
 382 10e8 FC7A4E9D 		.ascii	"\374zN\235\276\316^\346\370\323\355\\I\356\004\333\022"
 382      BECE5EE6 
 382      F8D3ED5C 
 382      49EE04DB 
 382      12
 383 10f9 61FABE28 		.ascii	"a\372\276(\373\306\005\354\331UG\234\256:\314\\\265"
 383      FBC605EC 
 383      D955479C 
 383      AE3ACC5C 
 383      B5
 384 110a 7D2CBBDB 		.ascii	"},\273\333(\270\252\203_\212\350\247\017\2623\002\352"
 384      28B8AA83 
 384      5F8AE8A7 
 384      0FB23302 
 384      EA
 385 111b A9234E4F 		.ascii	"\251#NOM\310\333{@\203c}\330\207\0055q\375\2768\231"
 385      4DC8DB7B 
 385      4083637D 
 385      D8870535 
 385      71FDBE38 
 386 1130 21BB1273 		.ascii	"!\273\022s\013\375p\272\217\313GJF\366\221\322\256\216"
 386      0BFD70BA 
 386      8FCB474A 
 386      46F691D2 
 386      AE8E
 387 1142 A1494C35 		.ascii	"\241IL5\244{\275\264\246\335I\260\271f\244\311\267R"
 387      A47BBDB4 
 387      A6DD49B0 
 387      B966A4C9 
 387      B752
 388 1154 DAD5B8C0 		.ascii	"\332\325\270\300\307%\230-e\301l\347\275\351#\336\024"
 388      C725982D 
 388      65C16CE7 
 388      BDE923DE 
 388      14
 389 1165 9D9B2363 		.ascii	"\235\233#c\343\366\365\264\336\322\211\037\300\015\\"
 389      E3F6F5B4 
 389      DED2891F 
 389      C00D5C
 390 1174 A36F861F 		.ascii	"\243o\206\037\303\322\032\227V\371Rye\014\011G\223\017"
ARM GAS  /tmp/ccI2sgH0.s 			page 31


 390      C3D21A97 
 390      56F95279 
 390      650C0947 
 390      930F
 391 1186 73F800BC 		.ascii	"s\370\000\274\353!\361\256I\230\267\245B\314x\0047'"
 391      EB21F1AE 
 391      4998B7A5 
 391      42CC7804 
 391      3727
 392 1198 A815B8C3 		.ascii	"\250\025\270\303\375\0176\353\305w\310\247\267\322\310"
 392      FD0F36EB 
 392      C577C8A7 
 392      B7D2C8
 393 11a7 34058CC7 		.ascii	"4\005\214\307$\306\217\361\202\234\277T\344\214\322"
 393      24C68FF1 
 393      829CBF54 
 393      E48CD2
 394 11b6 EF6CAF33 		.ascii	"\357l\2573\342#l|\2119W\277\324\341\223\014\311\350"
 394      E2236C7C 
 394      893957BF 
 394      D4E1930C 
 394      C9E8
 395 11c8 4C861CD7 		.ascii	"L\206\034\327\304\220\215\216\346I_|\215!\2472\366\315"
 395      C4908D8E 
 395      E6495F7C 
 395      8D21A732 
 395      F6CD
 396 11da 19F1A08F 		.ascii	"\031\361\240\217\313w\\F\366\035WJj{\225\006\217\261"
 396      CB775C46 
 396      F61D574A 
 396      6A7B9506 
 396      8FB1
 397 11ec 6777D2AA 		.ascii	"gw\322\252\337\3013>\302\206\265\256\014\343x\003E\366"
 397      DFC1333E 
 397      C286B5AE 
 397      0CE37803 
 397      45F6
 398 11fe EFDD6DC3 		.ascii	"\357\335m\303i\006\227w\177F\366\356\257\356r\343#-"
 398      69069777 
 398      7F46F6EE 
 398      AFEE72E3 
 398      232D
 399 1210 CE66CFAA 		.ascii	"\316f\317\252\317\226\346\353\360!\206\244m\330W\241"
 399      CF96E6EB 
 399      F02186A4 
 399      6DD857A1 
 400 1220 C1B50C39 		.ascii	"\301\265\0149\224[0j\304\315\014\251\030\255\331\001"
 400      945B306A 
 400      C4CD0CA9 
 400      18ADD901 
 401 1230 5B668664 		.ascii	"[f\206d\234\332\016e\304m\212\274\324\361\374\310\036"
 401      9CDA0E65 
 401      C46D8ABC 
 401      D4F1FCC8 
 401      1E
 402 1241 677892FD 		.ascii	"gx\222\375\002\003\002\3045dU\241\333`\217;4\260lR\263"
 402      020302C4 
ARM GAS  /tmp/ccI2sgH0.s 			page 32


 402      356455A1 
 402      DB608F3B 
 402      34B06C52 
 403 1256 F5B34B1D 		.ascii	"\365\263K\035\210\366\250\003P\002\300n\200\035\000"
 403      88F6A803 
 403      5002C06E 
 403      801D00
 404 1265 29008900 		.ascii	")\000\211\000\233\001\266\000$\003d\000\244\001\244"
 404      9B01B600 
 404      24036400 
 404      A401A4
 405 1274 026C05D8 		.ascii	"\002l\005\330\011\260\015 \011 \035`\273ZVu\337\235"
 405      09B00D20 
 405      09201D60 
 405      BB5A5675 
 405      DF9D
 406 1286 A8FC7C3C 		.ascii	"\250\374|<\226\337\362\012\373l\004\246\216\210\023"
 406      96DFF20A 
 406      FB6C04A6 
 406      8E8813
 407 1295 0EE7DC0F 		.ascii	"\016\347\334\017\336gJ\370\367 \010\022\312\031WJV\225"
 407      DE674AF8 
 407      F7200812 
 407      CA19574A 
 407      5695
 408 12a7 3DC022E9 		.ascii	"=\300\"\3513\211\364\231\022\351s\211\364\251D\372T"
 408      3389F499 
 408      12E97389 
 408      F4A944FA 
 408      54
 409 12b8 89F47591 		.ascii	"\211\364u\221r\323\0009@%\204qj\027B\367\215\177\242"
 409      72D30039 
 409      40258471 
 409      6A1742F7 
 409      8D7FA2
 410 12cb 48B84189 		.ascii	"H\270A\211P&\374\271$|VI\270l\364[D\246\353\225\230"
 410      5026FCB9 
 410      247C5649 
 410      B86CF45B 
 410      44A6EB95 
 411 12e0 CA06FF44 		.ascii	"\312\006\377Db\372D\211\251\244h\274\3103F\255@\030"
 411      62FA4489 
 411      A9A468BC 
 411      C83346AD 
 411      4018
 412 12f2 AB1629D3 		.ascii	"\253\026)\323E\312x%\3513\222\236s\222t^\211\251x\330"
 412      45CA7825 
 412      E933929E 
 412      7392745E 
 412      89A978D8 
 413 1306 1AEB982E 		.ascii	"\032\353\230.\343\337\213\305t\325N\013\212\212\213"
 413      E3DF8BC5 
 413      74D54E0B 
 413      8A8A8B
 414 1315 F3076EB4 		.ascii	"\363\007n\264\233E\005\326)) \315\322V\221p\243\022"
 414      9B4505D6 
 414      292920CD 
ARM GAS  /tmp/ccI2sgH0.s 			page 33


 414      D2569170 
 414      A312
 415 1327 A1CCA2B3 		.ascii	"\241\314\242\263\222\246sJv\222^\000\367\335\377\211"
 415      92A6734A 
 415      76925E00 
 415      F7DDFF89 
 416 1337 37793EFF 		.ascii	"7y>\377H3\266\357\341\361\377\252\023\270\214*\370\357"
 416      4833B6EF 
 416      E1F1FFAA 
 416      13B88C2A 
 416      F8EF
 417 1349 8C946B47 		.ascii	"\214\224kGc\251<\010\320\350\236@\251P\012\303z\335"
 417      63A93C08 
 417      D0E89E40 
 417      A9500AC3 
 417      7ADD
 418 135b 96559466 		.ascii	"\226U\224f\300\031\276\264\016<\372\350@\232^~\242\""
 418      C019BEB4 
 418      0E3CFAE8 
 418      409A5E7E 
 418      A222
 419 136d 5B9D280B 		.ascii	"[\235(\013\026\345\277j\201\262\317\366B\274\321^\020"
 419      16E5BF6A 
 419      81B2CFF6 
 419      42BCD15E 
 419      10
 420 137e 90A9963E 		.ascii	"\220\251\226>\036QK\305\360\271\246\222j\303\"A5\207"
 420      1E514BC5 
 420      F0B9A692 
 420      6AC32241 
 420      3587
 421 1390 27D554FF 		.ascii	"'\325T\377\257z\221O4\366\355\032\321\342\034_\3661"
 421      AF7A914F 
 421      34F6ED1A 
 421      D1E21C5F 
 421      F631
 422 13a2 CEBA6BFF 		.ascii	"\316\272k\377\370N\221o&\357M\237\355\211M\276I2\031"
 422      F84E916F 
 422      26EF4D9F 
 422      ED894DBE 
 422      493219
 423 13b5 64C50882 		.ascii	"d\305\010\202'ee\316\011x\260<\265\031Yj;Y\332\366\320"
 423      276565CE 
 423      0978B03C 
 423      B519596A 
 423      3B59DAF6 
 424 13ca C81E5BE4 		.ascii	"\310\036[\344\271\331\310r\363\330\276\361_\260\247"
 424      B9D9C872 
 424      F3D8BEF1 
 424      5FB0A7
 425 13d9 9134F7D5 		.ascii	"\2214\367\325\324\355\366Z~\204\217w,\245\363\370\243"
 425      D4EDF65A 
 425      7E848F77 
 425      2CA5F3F8 
 425      A3
 426 13ea C52847BD 		.ascii	"\305(G\275\030\375x1\312\205K\036\300~\200\003\000\371"
 426      18FD7831 
ARM GAS  /tmp/ccI2sgH0.s 			page 34


 426      CA854B1E 
 426      C07E8003 
 426      00F9
 427 13fc EAC5F2CC 		.ascii	"\352\305\362\314\357\3172\377tL}\205\201\346\307\006"
 427      EFCF32FF 
 427      744C7D85 
 427      81E6C706 
 428 140c FAFD87F3 		.ascii	"\372\375\207\363\003t\177\275\313\247\356\376\354Sw"
 428      03747FBD 
 428      CBA7EEFE 
 428      EC5377
 429 141b E737D2FE 		.ascii	"\3477\322\376\354\033i\3477C\376\3027CB\312\366g)\333"
 429      EC1B69E7 
 429      3743FEC2 
 429      374342CA 
 429      F66729DB 
 430 142f 79A0E5CF 		.ascii	"y\240\345\317\016\264\234I\310\237%!\347)\254?;\205"
 430      0EB49C49 
 430      C89F2521 
 430      E729AC3F 
 430      3B85
 431 1441 DD9DD5F1 		.ascii	"\335\235\325\361\300\227\242\337\2426J}~\230\243\350"
 431      C097A2DF 
 431      A2364A7D 
 431      7E98A3E8 
 432 1451 B7592D74 		.ascii	"\267Y-t\351\200\226\216\262\225C\016\230C2}\005\352"
 432      E980968E 
 432      B295430E 
 432      9843327D 
 432      05EA
 433 1463 E5740AC9 		.ascii	"\345t\012\311\007kd\032\013a\220d*\017\302\225Lg\021"
 433      076B641A 
 433      0B619064 
 433      2A0FC295 
 433      4C6711
 434 1476 5C13852B 		.ascii	"\\\023\205+\231\326b\270\222\251-\201+\231\336R\270"
 434      99D662B8 
 434      92A92D81 
 434      2B99DE52 
 434      B8
 435 1487 92292E83 		.ascii	"\222).\203+\231\346Cp%S]\016\327\255\002_2\345\207\001"
 435      2B99E643 
 435      7025535D 
 435      0ED7AD02 
 435      5F32E587 
 436 149c 27D37E04 		.ascii	"'\323~\004\256d\352\217\3025]x\276\235]\211\216\035"
 436      AE64EA8F 
 436      C2355D78 
 436      BE9D5D89 
 436      8E1D
 437 14ae A969777D 		.ascii	"\251iw}\240D+s\214\215\234p\370\026\305\222#~~\366\335"
 437      A0442B73 
 437      8C8D9C70 
 437      F816C592 
 437      237E7EF6 
 438 14c3 394C35CE 		.ascii	"9L5\316f\376*\313c\344\316>\365w`\033\255^\256B\307"
 438      66FE2ACB 
ARM GAS  /tmp/ccI2sgH0.s 			page 35


 438      63E4CE3E 
 438      F577601B 
 438      AD5EAE42 
 439 14d8 D4A44E9B 		.ascii	"\324\244N\233\312\351\273\207h\231\243\245\231z}e%\333"
 439      CAE9BB87 
 439      6899A3A5 
 439      997A7D65 
 439      25DB
 440 14ea 527851F3 		.ascii	"RxQ\363\347\216\355\360\365\\\227\035W\013uY\025\233"
 440      E78EEDF0 
 440      F55C971D 
 440      570B7559 
 440      159B
 441 14fc EAD1B87B 		.ascii	"\352\321\270{\305^\322\026\202\325e\020BQ%\011\243\250"
 441      C55ED216 
 441      82D56510 
 441      42512509 
 441      A3A8
 442 150e 5AFDA2B3 		.ascii	"Z\375\242\263\023E\310\226\346\376\341$o\2273\270\001"
 442      1345C896 
 442      E6FEE124 
 442      6F9733B8 
 442      01
 443 151f 97D3981A 		.ascii	"\227\323\230\0325\335d\223+\311\3743\375W\324\036\317"
 443      35DD6493 
 443      2BC9FC33 
 443      FD57D41E 
 443      CF
 444 1530 FA4EA8E5 		.ascii	"\372N\250\345oCN\355:\260S\207O\260\005\222\177c\256"
 444      6F434EED 
 444      3AB05387 
 444      4FB00592 
 444      7F63AE
 445 1543 072FDDCB 		.ascii	"\007/\335\313\327\225\225%M\015\277\221\301;b\371Y\330"
 445      D7959525 
 445      4D0DBF91 
 445      C13B62F9 
 445      59D8
 446 1555 65FE1BE9 		.ascii	"e\376\033\351\204j\325\322+\000h\323%\206N\252\227\222"
 446      846AD5D2 
 446      2B0068D3 
 446      25864EAA 
 446      9792
 447 1567 D3CE2BE3 		.ascii	"\323\316+\343\274\036\2170.\373Gk\206u\214Kb\363m\316"
 447      BC1E8F30 
 447      2EFB476B 
 447      86758C4B 
 447      62F36DCE 
 448 157b 8D4B9D8C 		.ascii	"\215K\235\214K\235\223\313)\306e\264\260\316\007O0."
 448      4B9D93CB 
 448      29C665B4 
 448      B0CE074F 
 448      302E
 449 158d D9235D49 		.ascii	"\331#]Iz\034c\244\310\350\271\331\303\0325\007\373k"
 449      7A1C63A4 
 449      C8E8B9D9 
 449      C31A3507 
ARM GAS  /tmp/ccI2sgH0.s 			page 36


 449      FB6B
 450 159f DA03EE74 		.ascii	"\332\003\356t\246\266\316\030\251\220\261\254'\225o"
 450      A6B6CE18 
 450      A990B1AC 
 450      27956F
 451 15ae 3C115FDC 		.ascii	"<\021_\334\304\254{\225\312\251w\312A\015j\265\212\240"
 451      C4AC7B95 
 451      CAA977CA 
 451      410D6AB5 
 451      8AA0
 452 15c0 4CD4192A 		.ascii	"L\324\031*\252\342\372\266\014\003\256e\334g+v<\345"
 452      AAE2FAB6 
 452      0C03AE65 
 452      DC672B76 
 452      3CE5
 453 15d2 18AFA4A9 		.ascii	"\030\257\244\251\312eE2^\210\362:+\323\371\254\223\321"
 453      CA654532 
 453      5E88F23A 
 453      2BD3F9AC 
 453      93D1
 454 15e4 39CA686F 		.ascii	"9\312hok\317\210\0327\011\214\342Z{5\302\310\357\335"
 454      6BCF881A 
 454      37098CE2 
 454      5A7B35C2 
 454      C8EFDD
 455 15f7 751FF979 		.ascii	"u\037\371y\031\227\363N.\215\224K\323\351\266\355\034"
 455      1997F34E 
 455      2E8D944B 
 455      D3E9B6ED 
 455      1C
 456 1608 BEE669B0 		.ascii	"\276\346i\260s\217\366m78\007{\377\365\371\203m\022"
 456      738FF66D 
 456      3738077B 
 456      FFF5F983 
 456      6D12
 457 161a 07DB4C06 		.ascii	"\007\333L\006\333\344\344~\201r\377rh\372\260\332\305"
 457      DBE4E47E 
 457      8172FF72 
 457      68FAB0DA 
 457      C5
 458 162b 7B525DBC 		.ascii	"{R]\274\247E\360\236\026\352=i\327\207\333\264.\324"
 458      A745F09E 
 458      16EA3D69 
 458      D787DBB4 
 458      2ED4
 459 163d E4FD8FEC 		.ascii	"\344\375\217\354[\013\201\372\"\245\356\354\213mb\377"
 459      5B0B81FA 
 459      22A5EEEC 
 459      8B6D62FF 
 460 164d 61E047A3 		.ascii	"a\340G\243Xgl\226\227\347\225\320\352\\\011\227\330"
 460      58676C96 
 460      97E795D0 
 460      EA5C0997 
 460      D8
 461 165e 4A387DB8 		.ascii	"J8}\270\355\201\267\373Jp\356AU\3502]\011\264\023\241"
 461      ED81B7FB 
 461      4A70EE41 
ARM GAS  /tmp/ccI2sgH0.s 			page 37


 461      55E8325D 
 461      09B413A1 
 462 1672 DED2713C 		.ascii	"\336\322q<N-\247\036^\210z(%\015*\374\001f\323\002X"
 462      4E2DA71E 
 462      5E887A28 
 462      250D2AFC 
 462      0166D302 
 463 1687 723EF83E 		.ascii	"r>\370>C\212\256\027\354\367\203\210\320J\"B\215\177"
 463      438AAE17 
 463      ECF78388 
 463      D04A2242 
 463      8D7F
 464 1699 1A1FBB05 		.ascii	"\032\037\273\005*\314\271w\277\203\332\324/\"\330\262"
 464      2ACCB977 
 464      BF83DAD4 
 464      2F22D8B2 
 465 16a9 90176C32 		.ascii	"\220\027l2\306W\2109\321~\004SrU\375\232\312\333\036"
 465      C6578839 
 465      D17E0453 
 465      7255FD9A 
 465      CADB1E
 466 16bc 66350787 		.ascii	"f5\007\207\232\354^\177\370\360\323\245\357\253t!a&"
 466      9AEC5E7F 
 466      F8F0D3A5 
 466      EFAB7421 
 466      6126
 467 16ce 76CB2BDA 		.ascii	"v\313+\332\024i^c\207K\264\325\374\205\326\036m\265"
 467      14695E63 
 467      874BB4D5 
 467      FC85D61E 
 467      6DB5
 468 16e0 4499ECDE 		.ascii	"D\231\354\336\253,\221\366\237\376\304d\327\233L\316"
 468      AB2C91F6 
 468      9FFEC464 
 468      D79B4CCE 
 469 16f0 E6DB41AB 		.ascii	"\346\333A\253l\326\240`k\304\033\221Q\221\3467\314\301"
 469      6CD6A060 
 469      6BC41B91 
 469      5191E637 
 469      CCC1
 470 1702 9F59822C 		.ascii	"\237Y\202,\221!\341\253B\315A\021\301!a\226Hs\220)\324"
 470      9121E1AB 
 470      42CD4111 
 470      C1216196 
 470      48739029 
 471 1717 BC227855 		.ascii	"\274\"xU\270\335d_\033m\266-\013S\375p\201N\266\265"
 471      B8DD645F 
 471      1B6DB62D 
 471      0B53FD70 
 471      814EB6B5 
 472 172b B62093CD 		.ascii	"\266 \223\315\036\012\374\201r\371\262eA\357\207Y>\263"
 472      1E0AFC81 
 472      72F9B265 
 472      41EF8759 
 472      3EB3
 473 173d 7CF47150 		.ascii	"|\364qP\224-\310j\017\212\216\262\332mA\277\371\353"
 473      942DC86A 
ARM GAS  /tmp/ccI2sgH0.s 			page 38


 473      0F8A8EB2 
 473      DA6D41BF 
 473      F9EB
 474 174f 07EF7FB0 		.ascii	"\007\357\177\260&($*\"\332\022n\266\332\202\376\360"
 474      2628242A 
 474      22DA126E 
 474      B6DA82FE 
 474      F0
 475 1760 FEFB4121 		.ascii	"\376\373A!aN\001TqK\2246$*\322\016\343\360!\235L\300"
 475      614E0154 
 475      714B9436 
 475      242AD20E 
 475      E3F0219D 
 476 1776 31C4BEC6 		.ascii	"1\304\276\306\333j^\011\222M\366\357\177\005\353\260"
 476      DB6A5E09 
 476      924DF6EF 
 476      7F05EBB0 
 477 1786 9028AB19 		.ascii	"\220(\253\031xq\326\237s\326_`\353[o\002\274\305Y\337"
 477      7871D69F 
 477      73D65F60 
 477      EB5B6F02 
 477      BCC559DF 
 478 179a E6ACEF70 		.ascii	"\346\254\357p\326\345\234\365g\\\270\365\307_\207\211"
 478      D6E59CF5 
 478      675CB8F5 
 478      C75F8789 
 479 17aa E98BE511 		.ascii	"\351\213\345\021\300\010\272\377T\023m\002\035\264\304"
 479      C008BAFF 
 479      54136D02 
 479      1DB4C4
 480 17b9 BCABCD56 		.ascii	"\274\253\315V\270F\205\207\232\255\352\220\260`+\261"
 480      B8468587 
 480      9AADEA90 
 480      B0602BB1 
 481 17c9 797084D9 		.ascii	"yp\204\331\333n\263"
 481      DB6EB3
 482 17d0 07DBCD26 		.ascii	"\007\333\315&\273\226\230\370\347&\273\216\031\033Z"
 482      BB9698F8 
 482      E726BB8E 
 482      191B5A
 483 17df 404E9F69 		.ascii	"@N\237i\355\021Q\241f\212\257\010\017^i\323\332\255"
 483      ED1151A1 
 483      668AAF08 
 483      0F5E69D3 
 483      DAAD
 484 17f1 E6153613 		.ascii	"\346\0256\023\231.\322\320D\330V\302Ca\202\240\273\320"
 484      992ED2D0 
 484      44D856C2 
 484      436182A0 
 484      BBD0
 485 1803 F2B286AE 		.ascii	"\362\262\206\256\205G\336\3465\026{\0100\360Zm\217\372"
 485      8547DEE6 
 485      35167B08 
 485      30F05A6D 
 485      8FFA
 486 1815 ECBFA35F 		.ascii	"\354\277\243_\024\274\000\272\232\255\346\310\020`\254"
 486      14BC00BA 
ARM GAS  /tmp/ccI2sgH0.s 			page 39


 486      9AADE6C8 
 486      1060AC
 487 1824 596DB75B 		.ascii	"Ym\267[\243\015\340\0166sDpt\030\214\301\217Q\331L\377"
 487      A30DE00E 
 487      36734470 
 487      74188CC1 
 487      8F51D94C 
 488 1839 58655E05 		.ascii	"Xe^\005$/\210\276\"\334\322\012WMH$L\264\306f\202+H"
 488      242F88BE 
 488      22DCD20A 
 488      574D4824 
 488      4CB4C666 
 489 1850 0006D1DE 		.ascii	"\000\006\321\336@\033\261\012&B\033!\320F\230\242VG"
 489      401BB10A 
 489      26421B21 
 489      D04698A2 
 489      5647
 490 1862 C2F8E95D 		.ascii	"\302\370\351]\320,\202\271\333j{\204}M\264\217\371\013"
 490      D02C82B9 
 490      DB6A7B84 
 490      7D4DB48F 
 490      F90B
 491 1874 73A43D22 		.ascii	"s\244=\"\330\3669<1\257&\015\034mZet\212\013\267\330"
 491      D8F6393C 
 491      31AF260D 
 491      1C6D5A65 
 491      748A0BB7 
 492 1889 40829F4C 		.ascii	"@\202\237L\001rG\027mZ\035l\261[\"W\352\243M0L\246\014"
 492      01724717 
 492      6D5A1D6C 
 492      B15B2257 
 492      EAA34D30 
 493 18a0 6DC20D73 		.ascii	"m\302\015s\2649\022\\j%P\201\010B\257'\306\012\016\247"
 493      B439125C 
 493      6A255081 
 493      0842AF27 
 493      C60A0EA7 
 494 18b4 6E0237A3 		.ascii	"n\0027\243\243\242\302\003\346M\246\323)C\302l!a\241"
 494      A3A2C203 
 494      E64DA6D3 
 494      2943C26C 
 494      2161A1
 495 18c7 3087AF2E 		.ascii	"0\207\257.@\002\214\201\"p!&kmN\017]\210\021\330\014"
 495      40028C81 
 495      22702126 
 495      6B6D4E0F 
 495      5D8811D8 
 496 18dc 28C0C27F 		.ascii	"(\300\302\1775\257\374\275\305j\263\177B\3079_=\233"
 496      35AFFCBD 
 496      C56AB37F 
 496      42C7395F 
 496      3D9B
 497 18ee 3504C8C1 		.ascii	"5\004\310\301\241a<\326\265\313BT~\264\317\207`K\326"
 497      A1613CD6 
 497      B5CB4254 
 497      7EB4CF87 
 497      604BD6
ARM GAS  /tmp/ccI2sgH0.s 			page 40


 498 1901 05A6F093 		.ascii	"\005\246\360\223\260\320\277\232\303\315\3016\363\367"
 498      B0D0BF9A 
 498      C3CDC136 
 498      F3F7
 499 190f 161019BA 		.ascii	"\026\020\031\272\026|\317\022\002b}\310\254\203\236"
 499      167CCF12 
 499      02627DC8 
 499      AC839E
 500 191e 6658223A 		.ascii	"fX\":\261m \334\326\012\246\367\205\333\022\256\265"
 500      B16D20DC 
 500      D60AA6F7 
 500      85DB12AE 
 500      B5
 501 192f B249F5B2 		.ascii	"\262I\365\262\3225\247\261R\017\267\012\036ne\036\256"
 501      D235A7B1 
 501      520FB70A 
 501      1E6E651E 
 501      AE
 502 1940 83BBABAC 		.ascii	"\203\273\253\254\340^v\215\225t\372\346\027\026\253"
 502      E05E768D 
 502      9574FAE6 
 502      1716AB
 503 194f 7D5570B8 		.ascii	"}Up\270\311n\211\200\345+0\366\007\306\012\017\374\\"
 503      C96E8980 
 503      E52B30F6 
 503      07C60A0F 
 503      FC5C
 504 1961 EE31DF73 		.ascii	"\3561\337s\271\245\375\302N\035\210\\I\300\322\021\245"
 504      B9A5FDC2 
 504      4E1D885C 
 504      49C0D211 
 504      A5
 505 1972 E101842C 		.ascii	"\341\001\204,\270\023j\016\267\007Cc\305\252\310\020"
 505      B8136A0E 
 505      B7074363 
 505      C5AAC810 
 506 1982 13A5212D 		.ascii	"\023\245!-/B\033l\365\201Kx\260\315N\310\341\026\021"
 506      2F421B6C 
 506      F5814B78 
 506      B0CD4EC8 
 506      E11611
 507 1995 6714861F 		.ascii	"g\024\206\037j\376l\325J\346h\362;\272\350\340HK\010"
 507      6AFE6CD5 
 507      4AE668F2 
 507      3BBAE8E0 
 507      484B08
 508 19a8 F12B1CFA 		.ascii	"\361+\034\372\331J}D0,/jl\275\315\376yp\270ee\244\020"
 508      D94A7D44 
 508      302C2F6A 
 508      6CBDCDFE 
 508      7970B865 
 509 19bf 2997BF2D 		.ascii	")\227\277-FJ\3224ZB\303\315\202\313\202\253r!a\304\216"
 509      464AD234 
 509      5A42C3CD 
 509      82CB82AB 
 509      722161C4 
 510 19d4 9650B089 		.ascii	"\226P\260\211e\205\005\006\001\330?\315\326(r\265Y\376"
ARM GAS  /tmp/ccI2sgH0.s 			page 41


 510      65850506 
 510      01D83FCD 
 510      D62872B5 
 510      59FE
 511 19e6 69A63CDE 		.ascii	"i\246<\336Z.\362\240M2r0\213%*\2224\243\355VBI\246\214"
 511      5A2EF2A0 
 511      4D327230 
 511      8B252A92 
 511      34A3ED56 
 512 19fe E84FDABE 		.ascii	"\350O\332\276\322\262\240OV\230\242V\254\240\023\243"
 512      D2B2A04F 
 512      5698A256 
 512      ACA013A3 
 513 1a0e 17DA303B 		.ascii	"\027\3320;\006\241I\247\310\211\320yrv \221\310Oh\303"
 513      06A149A7 
 513      C889D079 
 513      72762091 
 513      C84F68C3 
 514 1a22 B0C22D11 		.ascii	"\260\302-\021\026\273A\304!\0069\021\032\200\234\275"
 514      16BB41C4 
 514      21063911 
 514      1A809CBD 
 515 1a32 48F4318A 		.ascii	"H\3641\212\"\315\260\364\355\316GD\277\205\226\206\350"
 515      22CDB0F4 
 515      EDCE4744 
 515      BF859686 
 515      E8
 516 1a43 C461240D 		.ascii	"\304a$\015\011\246'\201\2036_Xf\215\012\015\266\007"
 516      09A62781 
 516      83365F58 
 516      668D0A0D 
 516      B607
 517 1a55 2F73DE00 		.ascii	"/s\336\000\232\217\327\332\376\034\025\362\371\202\013"
 517      9A8FD7DA 
 517      FE1C15F2 
 517      F9820B
 518 1a64 692D596A 		.ascii	"i-Yj:\032\375\303\201\326\327d\012\265\330\202?\203"
 518      3A1AFDC3 
 518      81D6D764 
 518      0AB5D882 
 518      3F83
 519 1a76 79B058FF 		.ascii	"y\260X\377\341\033\034\276:x\255\015\302c8d\251e\256"
 519      E11B1CBE 
 519      3A78AD0D 
 519      C2633864 
 519      A965AE
 520 1a89 7CC09B82 		.ascii	"|\300\233\202\336\377\340\343?~,\261#\221<$\342\367"
 520      DEFFE0E3 
 520      3F7E2CB1 
 520      23913C24 
 520      E2F7
 521 1a9b E03B6C99 		.ascii	"\340;l\231\200\002\237F\022\266,\275\254\242m\203\311"
 521      80029F46 
 521      12B62CBD 
 521      ACA26D83 
 521      C9
 522 1aac 648E744A 		.ascii	"d\216tJ\3606QW3\231|\235\215e\357\374\354\255\267\377"
ARM GAS  /tmp/ccI2sgH0.s 			page 42


 522      F0365157 
 522      33997C9D 
 522      8D65EFFC 
 522      ECADB7FF 
 523 1ac0 0F5AB4A2 		.ascii	"\017Z\264\242b"
 523      62
 524              		.text
 525              		.section	.gnu.lto_.symtab.56389572b2173f9,"",%progbits
 526 0000 63685265 		.ascii	"chRegFirstThread\000\000\000\000\000\000\000\000\000"
 526      67466972 
 526      73745468 
 526      72656164 
 526      00000000 
 527 0019 00000074 		.ascii	"\000\000\000t\001\000\000chRegNextThread\000\000\000"
 527      01000063 
 527      68526567 
 527      4E657874 
 527      54687265 
 528 0032 00000000 		.ascii	"\000\000\000\000\000\000\000\000\000x\001\000\000ch"
 528      00000000 
 528      00780100 
 528      006368
 529 0041 5F646562 		.ascii	"_debug\000\000\000\000\000\000\000\000\000\000\000\000"
 529      75670000 
 529      00000000 
 529      00000000 
 529      0000
 530 0053 37020000 		.ascii	"7\002\000\000ch\000\000\002\000\000\000\000\000\000"
 530      63680000 
 530      02000000 
 530      000000
 531 0062 000000E5 		.ascii	"\000\000\000\345\001\000\000chThdRelease\000\000\002"
 531      01000063 
 531      68546864 
 531      52656C65 
 531      61736500 
 532 0078 00000000 		.ascii	"\000\000\000\000\000\000\000\000\000|\001\000\000"
 532      00000000 
 532      007C0100 
 532      00
 533              		.text
 534              		.section	.gnu.lto_.opts,"",%progbits
 535 0000 272D666E 		.ascii	"'-fno-trapv' '-mcpu=cortex-m0' '-mno-thumb-interwor"
 535      6F2D7472 
 535      61707627 
 535      20272D6D 
 535      6370753D 
 536 0033 6B272027 		.ascii	"k' '-mthumb' '-ggdb' '-O2' '-fomit-frame-pointer' '"
 536      2D6D7468 
 536      756D6227 
 536      20272D67 
 536      67646227 
 537 0066 2D66616C 		.ascii	"-falign-functions=16' '-ffunction-sections' '-fdata"
 537      69676E2D 
 537      66756E63 
 537      74696F6E 
 537      733D3136 
ARM GAS  /tmp/ccI2sgH0.s 			page 43


 538 0099 2D736563 		.ascii	"-sections' '-fno-common' '-flto'\000"
 538      74696F6E 
 538      73272027 
 538      2D666E6F 
 538      2D636F6D 
 539              		.text
 540              		.comm	__gnu_lto_v1,1,1
 541              		.comm	__gnu_lto_slim,1,1
 542              		.ident	"GCC: (GNU Tools for ARM Embedded Processors) 4.9.3 20150529 (release) [ARM/embedded-4_9-br
ARM GAS  /tmp/ccI2sgH0.s 			page 44


DEFINED SYMBOLS
                            *ABS*:0000000000000000 chregistry.c
                            *COM*:0000000000000001 __gnu_lto_v1
                            *COM*:0000000000000001 __gnu_lto_slim

NO UNDEFINED SYMBOLS
