ARM GAS  /tmp/cc8dLvk3.s 			page 1


   1              		.cpu cortex-m0
   2              		.fpu softvfp
   3              		.eabi_attribute 20, 1
   4              		.eabi_attribute 21, 1
   5              		.eabi_attribute 23, 3
   6              		.eabi_attribute 24, 1
   7              		.eabi_attribute 25, 1
   8              		.eabi_attribute 26, 1
   9              		.eabi_attribute 30, 2
  10              		.eabi_attribute 34, 0
  11              		.eabi_attribute 18, 4
  12              		.code	16
  13              		.file	"crt1.c"
  14              		.text
  15              	.Ltext0:
  16              		.section	.gnu.lto_.profile.a025e751a57faae7,"",%progbits
  17 0000 789C6366 		.ascii	"x\234cf```a\200\000F\006IQ\000\000\273\0007"
  17      60606061 
  17      80004606 
  17      49510000 
  17      BB0037
  18              		.text
  19              		.section	.gnu.lto_.jmpfuncs.a025e751a57faae7,"",%progbits
  20 0000 789C6366 		.ascii	"x\234cf\300\016\004\2414+\020320010030\260\0009\000"
  20      C00E04A1 
  20      342B1033 
  20      32303031 
  20      30303330 
  21 0018 03080024 		.ascii	"\003\010\000$"
  22              		.text
  23              		.section	.gnu.lto_.inline.a025e751a57faae7,"",%progbits
  24 0000 789C6366 		.ascii	"x\234cf\300\016\342\2414+\003\0033\023#\003\023\220"
  24      C00EE2A1 
  24      342B0303 
  24      33132303 
  24      1390
  25 0012 C9B6401E 		.ascii	"\311\266@\036D10b\2100a\2100\003y\020\021\0260\011\244"
  25      44313062 
  25      88306188 
  25      30037910 
  25      11163009 
  26 0027 445E7102 		.ascii	"D^q\002E\224\332\026\315d\204+c\000\000\376\271\006"
  26      4594DA16 
  26      CD64842B 
  26      630000FE 
  26      B906
  27 0039 9F       		.ascii	"\237"
  28              		.text
  29              		.section	.gnu.lto_.pureconst.a025e751a57faae7,"",%progbits
  30 0000 789C6366 		.ascii	"x\234cf``\340f\200\000V\006\011F\011&\011f\023\026)"
  30      6060E066 
  30      80005606 
  30      09460926 
  30      09661316 
  31 0015 00043A00 		.ascii	"\000\004:\000\264"
  31      B4
  32              		.text
ARM GAS  /tmp/cc8dLvk3.s 			page 2


  33              		.section	.gnu.lto___core_init.a025e751a57faae7,"",%progbits
  34 0000 789C6366 		.ascii	"x\234cf\300\004R@\\\002\304\226@\314\310\314\300\310"
  34      C0045240 
  34      5C02C496 
  34      40CCC8CC 
  34      C0C8
  35 0012 34E11C03 		.ascii	"4\341\034\003C#\007\023##\210\301\300\310P\317\304X"
  35      43230713 
  35      232388C1 
  35      C0C850CF 
  35      C458
  36 0024 CFF892E9 		.ascii	"\317\370\222\351#\023\343\204\003\253gp\253/mhh\370"
  36      2313E384 
  36      03AB6770 
  36      AB2F6D68 
  36      68F8
  37 0036 D07459A2 		.ascii	"\320tY\242U\342'\023\003\303g&\2101\214\313\031\325"
  37      55E22713 
  37      03C36726 
  37      88318CCB 
  37      19D5
  38 0048 19806A3E 		.ascii	"\031\200j>\266\374\275\316\315\326\002T#\000\221c\\"
  38      B6FCBDCE 
  38      CDD60254 
  38      23009163 
  38      5C
  39 0059 C1C8C608 		.ascii	"\301\310\306\010\244\327\013\035h\370\377\177\361\234"
  39      A4D70B1D 
  39      68F8FF7F 
  39      F19C
  40 0067 37975980 		.ascii	"7\227Y\200\302O\200\030d\376S&&\020\315|\217\221\021"
  40      C24F8018 
  40      64FE5326 
  40      2610CD7C 
  40      8F9111
  41 007a A41064D2 		.ascii	"\244\020d\322\023&F\220\020P\201\271\236\236\276sFf"
  41      13264690 
  41      105081B9 
  41      9E9EBE73 
  41      4666
  42 008c 52A67FB0 		.ascii	"R\246\177\260~~\261~r~nn~\236~A~QI\261\276c\220\257"
  42      7E7EB17E 
  42      727E6E6E 
  42      7E9E7E41 
  42      7E5149B1 
  43 00a4 B36F0548 		.ascii	"\263o\005H\254 3'\265\250X\337\335\331Y?\271\250\304"
  43      AC203327 
  43      B5A858DF 
  43      DDD9593F 
  43      B9A8C4
  44 00b7 502F9901 		.ascii	"P/\231\001\000\001\211;\316"
  44      0001893B 
  44      CE
  45              		.text
  46              		.section	.gnu.lto___early_init.a025e751a57faae7,"",%progbits
  47 0000 789C6366 		.ascii	"x\234cf\300\004R@\\\004\304\226@\314\310\314\300\310"
  47      C0045240 
ARM GAS  /tmp/cc8dLvk3.s 			page 3


  47      5C04C496 
  47      40CCC8CC 
  47      C0C8
  48 0012 34E11C03 		.ascii	"4\341\034\003C#\007\023##\210\301\300\310P\317\304X"
  48      43230713 
  48      232388C1 
  48      C0C850CF 
  48      C458
  49 0024 CFF892E9 		.ascii	"\317\370\222\351#\023\343\204\003\253gp\253/mhh\370"
  49      2313E384 
  49      03AB6770 
  49      AB2F6D68 
  49      68F8
  50 0036 B0E9BA44 		.ascii	"\260\351\272D\253\304O&\006\206\317L\020c\030\2273\252"
  50      ABC44F26 
  50      0686CF4C 
  50      10631897 
  50      33AA
  51 0048 3300D57C 		.ascii	"3\000\325|l\371{\235\233\255\005\250F\000\"\307\270"
  51      6CF97B9D 
  51      9BAD05A8 
  51      460022C7 
  51      B8
  52 0059 82918D11 		.ascii	"\202\221\215\021H\257\027:\320\360\377\377\3439\022"
  52      48AF173A 
  52      D0F0FFFF 
  52      E33912
  53 0068 40C12740 		.ascii	"@\301'@\0142\375)\023\023\210f\276\307\310\010R\006"
  53      0C32FD29 
  53      13138866 
  53      BEC7C808 
  53      5206
  54 007a 32E70913 		.ascii	"2\347\011\023#H\010\250\300\\OO\3379#3)\323?X?\277X"
  54      234808A8 
  54      C05C4F4F 
  54      DF392333 
  54      29D33F58 
  55 0091 3F393F37 		.ascii	"?9?77?O\277 \277\250\244X\3371\310\327\331\267\002$"
  55      373F4FBF 
  55      20BFA8A4 
  55      58DF31C8 
  55      D7D9B702 
  56 00a6 56909993 		.ascii	"V\220\231\223ZT\254\357\356\354\254\237\\Tb\250\227"
  56      5A54ACEF 
  56      EEECAC9F 
  56      5C5462A8 
  56      97
  57 00b7 CC000055 		.ascii	"\314\000\000U\324:\225"
  57      D43A95
  58              		.text
  59              		.section	.gnu.lto___late_init.a025e751a57faae7,"",%progbits
  60 0000 789C6366 		.ascii	"x\234cf\300\004R@\\\004\304\226@\314\310\314\300\310"
  60      C0045240 
  60      5C04C496 
  60      40CCC8CC 
  60      C0C8
  61 0012 34E11C03 		.ascii	"4\341\034\003C#\007\023##\210\301\300\310P\317\304X"
ARM GAS  /tmp/cc8dLvk3.s 			page 4


  61      43230713 
  61      232388C1 
  61      C0C850CF 
  61      C458
  62 0024 CFF892E9 		.ascii	"\317\370\222\351#\023\343\204\003\253gp\253/mhh\370"
  62      2313E384 
  62      03AB6770 
  62      AB2F6D68 
  62      68F8
  63 0036 30E9B644 		.ascii	"0\351\266D\253\304O&\006\206\317L\020c\030\2273\252"
  63      ABC44F26 
  63      0686CF4C 
  63      10631897 
  63      33AA
  64 0048 3300D57C 		.ascii	"3\000\325|l\371{\235\233\255\005\250F\000\"\307\270"
  64      6CF97B9D 
  64      9BAD05A8 
  64      460022C7 
  64      B8
  65 0059 82918D11 		.ascii	"\202\221\215\021H\257\027:\320\360\377\377\3429\022"
  65      48AF173A 
  65      D0F0FFFF 
  65      E23912
  66 0068 40C12740 		.ascii	"@\301'@\0142\375)\023\023\210f\276\307\310\010R\006"
  66      0C32FD29 
  66      13138866 
  66      BEC7C808 
  66      5206
  67 007a 32E70913 		.ascii	"2\347\011\023#H\010\250\300\\OO\3379#3)\323?X?\277X"
  67      234808A8 
  67      C05C4F4F 
  67      DF392333 
  67      29D33F58 
  68 0091 3F393F37 		.ascii	"?9?77?O\277 \277\250\244X\3371\310\327\331\267\002$"
  68      373F4FBF 
  68      20BFA8A4 
  68      58DF31C8 
  68      D7D9B702 
  69 00a6 56909993 		.ascii	"V\220\231\223ZT\254\357\356\354\254\237\\Tb\250\227"
  69      5A54ACEF 
  69      EEECAC9F 
  69      5C5462A8 
  69      97
  70 00b7 CC00002C 		.ascii	"\314\000\000,\034:9"
  70      1C3A39
  71              		.text
  72              		.section	.gnu.lto___default_exit.a025e751a57faae7,"",%progbits
  73 0000 789C6366 		.ascii	"x\234cf\300\004&@\\\014\304\226@\314\310\312\300\310"
  73      C0042640 
  73      5C0CC496 
  73      40CCC8CA 
  73      C0C8
  74 0012 34E11C03 		.ascii	"4\341\034\003C#\007\023#3\210\301\310\314\310\002\021"
  74      43230713 
  74      233388C1 
  74      C8CCC802 
  74      11
ARM GAS  /tmp/cc8dLvk3.s 			page 5


  75 0023 60810838 		.ascii	"`\201\010822\32431\2630\002\011\210\376\227L\037\231"
  75      3232D433 
  75      31B33002 
  75      0988FE97 
  75      4C1F99
  76 0036 18271C58 		.ascii	"\030'\034X=\203[}iCC\303\207Gw%Z%~210|f\202(`\\\316"
  76      3D835B7D 
  76      694343C3 
  76      87477725 
  76      5A257E32 
  77 0053 A8CE0054 		.ascii	"\250\316\000T\363\261\345\357un\266\026\240\032\001"
  77      F3B1E5EF 
  77      756EB616 
  77      A01A01
  78 0062 881CE30A 		.ascii	"\210\034\343\012F6F \275^\350@\303\377\377\217\347\356"
  78      46364620 
  78      BD5EE840 
  78      C3FFFF8F 
  78      E7EE
  79 0074 B9CF02E4 		.ascii	"\271\317\002\344>\001J1\002I&\240\335O\200\226\000-"
  79      3E014A31 
  79      024926A0 
  79      DD4F8096 
  79      002D
  80 0086 657CC2C4 		.ascii	"e|\302\304\002\245\031\301F\232\353\351\351;gd&e\372"
  80      02A519C1 
  80      469AEBE9 
  80      E93B6764 
  80      2665FA
  81 0099 07EBE717 		.ascii	"\007\353\347\027\353'\347\347\346\346\347\351\027\344"
  81      EB27E7E7 
  81      E6E6E7E9 
  81      17E4
  82 00a7 179514EB 		.ascii	"\027\225\024\353;\006\371:\373V\200\304\0122sR\213\212"
  82      3B06F93A 
  82      FB5680C4 
  82      0A327352 
  82      8B8A
  83 00b9 F5DD9D9D 		.ascii	"\365\335\235\235\365\223\213J\014\365\222\031\000\037"
  83      F5938B4A 
  83      0CF59219 
  83      001F
  84 00c7 B43EF9   		.ascii	"\264>\371"
  85              		.text
  86              		.section	.gnu.lto___init_ram_areas.a025e751a57faae7,"",%progbits
  87 0000 789C8D54 		.ascii	"x\234\215T\377oSU\024\277\347\336\327\367^\373Z\333"
  87      FF6F5355 
  87      14BFE7DE 
  87      D7F75EFB 
  87      5ADB
  88 0012 B1991012 		.ascii	"\261\231\020\022\243\311~\300_\330C\177\221\354\007"
  88      A3C97EC0 
  88      5FD8437F 
  88      91EC07
  89 0021 CDDC0FFA 		.ascii	"\315\334\017\372\013\232\350?\240N\023\227\010k\266"
  89      0B9AE83F 
  89      A04E1397 
ARM GAS  /tmp/cc8dLvk3.s 			page 6


  89      086BB6
  90 0030 FD60A2CB 		.ascii	"\375`\242\313\336\266\"a\2211\211\220&\006\220\370\205"
  90      DEB62261 
  90      91318990 
  90      260690F8 
  90      85
  91 0041 CD6D0C9C 		.ascii	"\315m\014\234@\273\201t\014\351\2209C,3Q\203\013\031"
  91      40BB8174 
  91      0CE99039 
  91      432C3351 
  91      830B19
  92 0054 131235AB 		.ascii	"\023\0225\253U\272\252K=\347\334.v\205\031\233\364\335"
  92      55BAAA4B 
  92      3DE7DC2E 
  92      7685199B 
  92      F4DD
  93 0066 7BCE3DF7 		.ascii	"{\316=\367s>\347s\336;J\334\375;\214\3777L!\236\304"
  93      733EE773 
  93      DE3B4ADC 
  93      FD3B8CFF 
  93      374C219E 
  94 007b 15820264 		.ascii	"\025\202\002d\377\254\020]\266\004\2457\012|zc\350\315"
  94      FFAC105D 
  94      B604A537 
  94      0A7C7A63 
  94      E8CD
  95 008d A4ED93C6 		.ascii	"\244\355\223\306\333i!\274\200\031\263\204\0274\301"
  95      DB6921BC 
  95      8019B384 
  95      1734C1
  96 009c 263F587A 		.ascii	"&?Xz\235\264mi\351s?\237\373\245\243\315\000\233\216"
  96      9DB46D69 
  96      E9733F9F 
  96      FBA5A3CD 
  96      009B8E
  97 00af 066E0800 		.ascii	"\006n\010\000\320*@tJe\370L\313\366;\001\3504\224\200"
  97      D02A4074 
  97      4A65F84C 
  97      CBF63B01 
  97      E8349480 
  98 00c3 62B1D8C9 		.ascii	"b\261\330\311\334|\232\242\255\227\3332+\241?5\024w"
  98      DC7C9AA2 
  98      AD97DB32 
  98      2BA13F35 
  98      1477
  99 00d5 367FE479 		.ascii	"6\177\344y\336Rwv\343\256\215\005)DN\352\0008\006\233"
  99      DE527776 
  99      E3AE8D05 
  99      29444EEA 
  99      0038069B 
 100 00e9 05C68C0E 		.ascii	"\005\306\214\016e\016\203\252\007\332'\217\377\376\225"
 100      650E83AA 
 100      07DA278F 
 100      FFFE95
 101 00f8 734B1624 		.ascii	"sK\026$<D\346\370\376\351\270I\2464\310\374\376\343"
 101      3C44E6F8 
 101      FEE9B849 
ARM GAS  /tmp/cc8dLvk3.s 			page 7


 101      A634C8FC 
 101      FEE3
 102 010a 953DB2F6 		.ascii	"\225=\262\366\250\347u\317\367\246g\203\336\264\027"
 102      A8E775CF 
 102      F7A66783 
 102      DEB417
 103 0119 9B2F161F 		.ascii	"\233/\026\037,H\005\003\240\020\027\006a\023|\002\233"
 103      2C480503 
 103      A0101706 
 103      61137C02 
 103      9B
 104 012a 4A62E195 		.ascii	"Jb\341\225ll\345[\307\214!\201\010\014A\255N\016\303"
 104      6C6CE55B 
 104      C78C2181 
 104      080C41AD 
 104      4E0EC3
 105 013d 6082108A 		.ascii	"`\202\020\212<\030\323\225\332\233\011\251\307\231@"
 105      3C18D395 
 105      DA9B09A9 
 105      C79940
 106 014c 4FA2EB7C 		.ascii	"O\242\353|P\247\330\373S\272,\205\001#\367J\001\307"
 106      50A7D8FB 
 106      53BA2C85 
 106      0123F74A 
 106      01C7
 107 015e 19627960 		.ascii	"\031by`\3179\251\032\030\"\375\367\235k\3671\304\373"
 107      CF39A91A 
 107      1822FDF7 
 107      9D6BF731 
 107      C4FB
 108 0170 7DC7CC32 		.ascii	"}\307\3142\200\321{\002\234\200\332\321\015)\257X\034"
 108      80D17B02 
 108      9C80DAD1 
 108      0D29AF58 
 108      1C
 109 0181 BBF8CDEE 		.ascii	"\273\370\315\356\332\011y?\010\342%\031Z\361\271\301"
 109      DA09793F 
 109      08E22519 
 109      5AF1B9C1 
 110 0191 4F9B9F01 		.ascii	"O\233\237\001\366;\274\017\012\204\015\341\303\027f"
 110      F63BBC0F 
 110      0A840DE1 
 110      C31766
 111 01a0 3BC26755 		.ascii	";\302gU\344\255fG\015C\011\261\200U_\025\342\246\224"
 111      E4AD6647 
 111      0D4309B1 
 111      80555F15 
 111      E2A694
 112 01b3 B8A839E8 		.ascii	"\270\2509\350N\035\350{\200U\320\012\034\334\227I\250"
 112      4E1DE87B 
 112      8055D00A 
 112      1CDC9749 
 112      A8
 113 01c4 8EBFBCB8 		.ascii	"\216\277\274\270g\027\244\271\"\265v?.|}\325&\365M6"
 113      6717A4B9 
 113      22B5763F 
 113      2E7C7DD5 
ARM GAS  /tmp/cc8dLvk3.s 			page 8


 113      26F54D36 
 114 01d8 07F7BD9B 		.ascii	"\007\367\275\233\200C\360^W?EYp\022:\340S\252\003\317"
 114      8043F05E 
 114      573F4559 
 114      70123AE0 
 114      53AA03CF 
 115 01ec 8E2C0CC4 		.ascii	"\216,\014\304\035\006H=\215\3610\206\201X\333g\320!"
 115      1D06483D 
 115      8DF13086 
 115      8158DB67 
 115      D021
 116 01fe 28AD1231 		.ascii	"(\255\0221\213\322F\230O^\202\370\016\272Og/\345TE\213"
 116      8BD24698 
 116      4F5E82F8 
 116      0EBA4F67 
 116      2FE55445 
 117 0213 903EF1E6 		.ascii	"\220>\361\346\016\341\375S`\346e\240\234\212\342t\247"
 117      0EE1FD53 
 117      60E665A0 
 117      9C8AE274 
 117      A7
 118 0224 968FFC12 		.ascii	"\226\217\374\022\"*\236\227r\013\322FD8]\242\362\353"
 118      222A9E97 
 118      720BD246 
 118      44385DA2 
 118      F2EB
 119 0236 85BE3FC3 		.ascii	"\205\276?\303[\206\274HA\372\341\014\362\370\215\337"
 119      5B86BC48 
 119      41FAE10C 
 119      F2F88DDF 
 120 0246 3748C016 		.ascii	"7H\300\026\201\024\274'\010\225\022!2\323x'\255t\"\247"
 120      8114BC27 
 120      08951221 
 120      32D37827 
 120      AD7422A7 
 121 025a 02B9EEBF 		.ascii	"\002\271\356\277\220\223\214\014\204<\276\006\371\004"
 121      90938C0C 
 121      843CBE06 
 121      F904
 122 0268 213B422C 		.ascii	"!;B,\002\254Qv\276w\367\206Uqa\002:\344\200\225\227"
 122      02AC5176 
 122      BE77F786 
 122      55716102 
 122      3AE48095 
 123 027d 35CECC1F 		.ascii	"5\316\314\037/\240@\206\300\217N!\233;\275s\311m\232"
 123      2FA04086 
 123      C08F4E21 
 123      9B3BBD73 
 123      C96D9A
 124 0290 4EA8BC6E 		.ascii	"N\250\274ncM\335P\220\201\274\224p\226\230\3019\022"
 124      634DDD50 
 124      9081BC94 
 124      709698C1 
 124      3912
 125 02a2 1BEFEE3F 		.ascii	"\033\357\356?\032\242\233\025UX\034\253J\261\237c,B"
 125      1AA29B15 
 125      55581CAB 
ARM GAS  /tmp/cc8dLvk3.s 			page 9


 125      4AB19F63 
 125      2C42
 126 02b4 63784FFC 		.ascii	"cxO\374\255\353\311\255:U\230\002\350\235\234\003\371"
 126      ADEBC9AD 
 126      3A559802 
 126      E89D9C03 
 126      F9
 127 02c5 6F11611D 		.ascii	"o\021a\035\265\230|TGE(ey\024\213\030\341\016\373\004"
 127      B5987C54 
 127      47452865 
 127      79148B18 
 127      E10EFB04 
 128 02d9 8E87528B 		.ascii	"\216\207R\213\371\262\022\332\340\030\251\373=3\346"
 128      F9B212DA 
 128      E018A9FB 
 128      3D33E6
 129 02e8 D348C1B5 		.ascii	"\323H\301\265\265\254\257\362yV\231%K\241\312\327 6"
 129      B5ACAFF2 
 129      79569925 
 129      4BA1CAD7 
 129      2036
 130 02fa DBB3B384 		.ascii	"\333\263\263\204A9\004\351,\261\223\352\207\354\233"
 130      413904E9 
 130      2CB193EA 
 130      87EC9B
 131 0309 C8C598C9 		.ascii	"\310\305\230\311\275\274\010\012\033\240~&G\3308\233"
 131      BDBC080A 
 131      1BA07E26 
 131      47D8389B 
 132 0319 237D4D7A 		.ascii	"#}Mz\0011\0243)\037\240\303Z\025|i)\363\201ZW6\243$"
 132      01311433 
 132      291FA0C3 
 132      5A157C69 
 132      29F3815A 
 133 0331 DB24F228 		.ascii	"\333$\362(oG\000}\027\360\204\005\232\033/\311XM\027"
 133      6F47007D 
 133      17F08405 
 133      9A1B2FC9 
 133      584D17
 134 0344 EE92B19A 		.ascii	"\356\222\261\232\005\262I (\023\310`MNfV5\251\372\277"
 134      05B24920 
 134      2813C860 
 134      4D4E6656 
 134      35A9FABF 
 135 0358 9A4CB126 		.ascii	"\232L\261&T;\\\254\320\244\212`Y\023#/m\023;]m\015\363"
 135      543B5CAC 
 135      D0A48A60 
 135      5913232F 
 135      6D133B5D 
 136 036f 0BE62701 		.ascii	"\013\346'\001\230\355\215z\035[\203\011\020\372\312"
 136      98ED8D7A 
 136      1D5B8309 
 136      10FACA
 137 037e 8DE55C90 		.ascii	"\215\345\\\220G,\022\373\242\214;\177\2505\004?\323"
 137      472C12FB 
 137      A28C3B7F 
 137      A835043F 
ARM GAS  /tmp/cc8dLvk3.s 			page 10


 137      D3
 138 038f 337148D1 		.ascii	"3qH\321\027\211\366\272\303\242r:\\*\233\016\037\036"
 138      1789F6BA 
 138      C3A2723A 
 138      5C2A9B0E 
 138      1F1E
 139 03a1 3838ECA3 		.ascii	"88\354\243\034\216M\346\345\251\3013aw\304\353\367R"
 139      1C8E4DE6 
 139      E5A9C133 
 139      6177C4EB 
 139      F752
 140 03b3 F55828A4 		.ascii	"\365X(\244\361\036L\353\211HS~*1\342\327\263\344a\032"
 140      F11E4CEB 
 140      8948537E 
 140      2A31E2D7 
 140      B3E4611A 
 141 03c7 ED97C1C5 		.ascii	"\355\227\301\305R\277\344QB\243\314\021c&\334\304\026"
 141      52BFE451 
 141      42A3CC11 
 141      6326DCC4 
 141      16
 142 03d8 E028BB8E 		.ascii	"\340(\273\216\303;\373\214\236\026t\006\350DB\217\325"
 142      C33BFB8C 
 142      9E167406 
 142      E844428F 
 142      D5
 143 03e9 D5B98DAF 		.ascii	"\325\271\215\2576\277\324\374\354\363nK\233\333\324"
 143      36BFD4FC 
 143      ECF36E4B 
 143      9BDBD4
 144 03f8 B26347CB 		.ascii	"\262cG\313N7\332\322\332\336\3466<\267\275q\373\353"
 144      4E37DAD2 
 144      DADEE636 
 144      3CB7BD71 
 144      FBEB
 145 040a E48B36BF 		.ascii	"\344\2136\277\366Jk\233\373Tc\243\333\324\332\376H]"
 145      F64A6B9B 
 145      FB5463A3 
 145      DBD4DAFE 
 145      485D
 146 041c 9350AD2F 		.ascii	"\223P\255/Fe{\024\242\377\000\360\034S\344"
 146      46657B14 
 146      A2FF00F0 
 146      1C53E4
 147              		.text
 148              		.section	.gnu.lto_.symbol_nodes.a025e751a57faae7,"",%progbits
 149 0000 789C55C9 		.ascii	"x\234U\311\305\021\002a\020\204\321\336\177wqwwww\011"
 149      C5110261 
 149      1084D1DE 
 149      7F777177 
 149      77777709 
 150 0014 6D522002 		.ascii	"mR \002\212Ppn\304\004]\034\2009\274\257\272F\007\220"
 150      8A50706E 
 150      C4045D1C 
 150      8039BCAF 
 150      BA460790 
 151 0028 D7F03955 		.ascii	"\327\3609U\024`\367\004D\260?\330\240J\242\375\355\262"
ARM GAS  /tmp/cc8dLvk3.s 			page 11


 151      1460F704 
 151      44B03FD8 
 151      A04AA2FD 
 151      EDB2
 152 003a A8BF5D11 		.ascii	"\250\277]\021\375\273\015\250\252\030\277\177\263\200"
 152      FDBB0DA8 
 152      AA18BF7F 
 152      B380
 153 0048 8312DDAC 		.ascii	"\203\022\335\254i>\201YW\264\241\323\246A[&m[h\307J"
 153      693E8159 
 153      57B4A1D3 
 153      A6415B26 
 153      6D5B68C7 
 154 005d BB36DAB3 		.ascii	"\2736\332\263\323\276\203\016\234t\350\242#7\035{\350"
 154      D3BE830E 
 154      9C74E8A2 
 154      23371D7B 
 154      E8
 155 006e C44BA73E 		.ascii	"\304K\247>:\363\323y\200.\202t\031\242\2530]G\350&J"
 155      3AF3D379 
 155      802E8274 
 155      19A2AB30 
 155      5D47E826 
 156 0083 B7317A44 		.ascii	"\2671zD\2349!\301\234\221d.H1W\244\231\0332\314\035"
 156      9C3921C1 
 156      9C91642E 
 156      483157A4 
 156      991B32CC 
 157 0098 59E681DC 		.ascii	"Y\346\201\334;x\001\037\3336_"
 157      3B78011F 
 157      DB365F
 158              		.text
 159              		.section	.gnu.lto_.refs.a025e751a57faae7,"",%progbits
 160 0000 789C25C1 		.ascii	"x\234%\301[\032\201P\030\000\300\377\233:\024\241(\227"
 160      5B1A8150 
 160      1800C0FF 
 160      9B3A14A1 
 160      2897
 161 0012 90E3B61A 		.ascii	"\220\343\266\032\373\337\217\207f\212\210\370\305L)"
 161      FBDF8F87 
 161      668A88F8 
 161      C54C29
 162 0021 91A69C2C 		.ascii	"\221\246\234,,Uj+k\215\215\255\235Vg\357\24078:9\273"
 162      2C556A2B 
 162      6B8D8DAD 
 162      9D5667EF 
 162      A037383A 
 163 0037 185DDDDC 		.ascii	"\030]\335\334M\036\262\247\227\267\217o\374\001}Z\003"
 163      4D1EB2A7 
 163      97B78F6F 
 163      FC017D5A 
 163      03
 164 0048 98       		.ascii	"\230"
 165              		.text
 166              		.section	.gnu.lto_.decls.a025e751a57faae7,"",%progbits
 167 0000 789C8598 		.ascii	"x\234\205\230{LTW\036\307\347\33433\3008\014F\323G\334"
 167      7B4C5457 
ARM GAS  /tmp/cc8dLvk3.s 			page 12


 167      1EC7E7DC 
 167      3333C038 
 167      0C46D347 
 168 0015 A46B3531 		.ascii	"\244k51\333\335V\326\027&\233\354\266\273f\323f\267"
 168      DBDD56D6 
 168      17269BEC 
 168      B6BB66D3 
 168      66B7
 169 0027 AD6D37FB 		.ascii	"\255m7\373\327\3761\241\310\246\244\012\015\214\331"
 169      D7FE31A1 
 169      C8A6A40A 
 169      0D8CD9
 170 0036 76932623 		.ascii	"v\223&#(\"*\342\210\010\2428<\246Ry?\345\375~\214\002"
 170      28222AE2 
 170      8808A238 
 170      3CA65279 
 170      3FE5FD7E 
 171 004c 3E00150A 		.ascii	">\000\025\012\016\217\212Hy\352`\301'\373\273\347\374"
 171      0E8F8A48 
 171      79EA60C1 
 171      27FBBBE7 
 171      FC
 172 005d EEC5B917 		.ascii	"\356\305\271\027\273\223\3748\367\334\371\375>\277\357"
 172      BB93FC38 
 172      F7DCF9FD 
 172      3EBFEF
 173 006c 3DDF73EF 		.ascii	"=\337s\357\314@5\032M3\321h\026\341\365\307W4\232O\251"
 173      CC40351A 
 173      4D33D168 
 173      16E1F5C7 
 173      57349A4F 
 174 0081 46A38773 		.ascii	"F\243\207s\237h\226^:\210<\210B\210\022\210\012\210"
 174      9F68965E 
 174      3A883C88 
 174      42881288 
 174      0A88
 175 0093 2A883721 		.ascii	"*\2107!>\204Z\027\214\303\020w \306 & \246!\356C\314"
 175      3E845A17 
 175      8CC31077 
 175      20C62026 
 175      20A621EE 
 176 00a9 413C8278 		.ascii	"A<\202x\012\261\010!@\276\027\204\001\302\027b%\304"
 176      0AB10821 
 176      40BE1784 
 176      01C21762 
 176      25C4
 177 00bb 2B10AF43 		.ascii	"+\020\257C\374\012\342\015\210\365\020\033 \336\202"
 177      FC0AE20D 
 177      88F5101B 
 177      20DE82
 178 00ca 781B6213 		.ascii	"x\033b\023\304V\210\355\020\177\200x\027\342/\020\177"
 178      C45688ED 
 178      107F8078 
 178      17E22F10 
 178      7F
 179 00db 85F88068 		.ascii	"\205\370\200h<^\242N\362\202~\202\347\224\257\302e\362"
 179      3C5EA24E 
ARM GAS  /tmp/cc8dLvk3.s 			page 13


 179      F2827E82 
 179      E794AFC2 
 179      65F2
 180 00ed 0A97C92B 		.ascii	"\012\227\311+Y&\257d\231\274\212e\362*\226\311\023\327"
 180      5926AF64 
 180      99BC8A65 
 180      F22A96C9 
 180      13D7
 181 00ff CD887926 		.ascii	"\315\210y&<\376\010\222[5|=?\206\343~\030o@\354\204"
 181      3CFE0892 
 181      5B357C3D 
 181      3F86E37E 
 181      186F40EC 
 182 0114 E36618FF 		.ascii	"\343f\030\377\006\241\205\270\002\321\001q\015\242\023"
 182      06A185B8 
 182      02D10171 
 182      0DA213
 183 0123 7B54E1F8 		.ascii	"{T\341\370\241b\035\356\013\244\"o\256s\305=\201\230"
 183      A1621DEE 
 183      0BA4226F 
 183      AE73C53D 
 183      8198
 184 0135 0C6BC569 		.ascii	"\014k\305i\245\315\231\244\207\251\321\240\025\247U"
 184      A5CD99A4 
 184      87A9D1A0 
 184      15A755
 185 0144 4F467AB4 		.ascii	"OFz\264\257\235\264\302+>\312\272RK>y\225\234'kH\026"
 185      AF9DB4C2 
 185      2B3ECABA 
 185      524B3E79 
 185      959C276B 
 186 015a 5903C4EF 		.ascii	"Y\003\304\357\311k\360\367_ZN\372!\265\273\325\233\202"
 186      C96BF0F7 
 186      5F5A4EFA 
 186      21B5BBD5 
 186      9B82
 187 016c 75709C91 		.ascii	"up\234\2214\334cx\373\002\224\305X\353g\311R\273\037"
 187      34DC6378 
 187      FB0294C5 
 187      58EB67C9 
 187      52BB1F
 188 017f A2621EF8 		.ascii	"\242b\036\370\321WX\322\201+\023\017\250V\320\220\034"
 188      D15758D2 
 188      812B130F 
 188      A856D090 
 188      1C
 189 0190 42F9BBC7 		.ascii	"B\371\273\307bkk\374\326\246Z\355\366\331\312\202X\232"
 189      626B6BFC 
 189      D6A65AED 
 189      F6D9CA82 
 189      589A
 190 01a2 6CB5375A 		.ascii	"l\2657Z\237/.\022\326\212\\ \224d\223\267\241e.\321"
 190      9F2F2E12 
 190      D68A5C20 
 190      946493B7 
 190      A1652ED1 
 191 01b6 6AC4295F 		.ascii	"j\304)_\304<\262\026j\033\217?\230\"\364\263\227\220"
ARM GAS  /tmp/cc8dLvk3.s 			page 14


 191      C43CB216 
 191      6A1B8F3F 
 191      9822F4B3 
 191      9790
 192 01c8 F7B9DA52 		.ascii	"\367\271\332RM\214l\257r\350\235\361\365\213\213\357"
 192      4D8C6CAF 
 192      72E89DF1 
 192      F58B8BEF 
 193 01d8 3268BE0C 		.ascii	"2h\276\014-\020\241\371\022\264\220A\023o\236\035\363"
 193      2D10A1F9 
 193      12B49041 
 193      136F9E1D 
 193      F3
 194 01e9 A1E69740 		.ascii	"\241\346\227@+\006\356\331\011\207\366y@\213dh\261\010"
 194      2B06EED9 
 194      0987F679 
 194      408B6468 
 194      B108
 195 01fb 2D92A025 		.ascii	"-\222\240%\014Z\340\212{\340E\277d\320\276\341\361\036"
 195      0C5AE08A 
 195      7BE045BF 
 195      64D0BEE1 
 195      F11E
 196 020d 2FFA5F76 		.ascii	"/\372_v|.)\365\226QlP&5p\365%T\372H-\311E\302<i:n\033"
 196      7C2E29F5 
 196      96516C50 
 196      263570F5 
 196      2554FA48 
 197 022a 16C4AE69 		.ascii	"\026\304\256i\366i\217\256\245r\327r\261k\251\324\265"
 197      F6698FAE 
 197      A572D772 
 197      B16BA9D4 
 197      B5
 198 023b 82752D49 		.ascii	"\202u-I\277{\333\213F\021\326j,\272\371S\021Q`\2179"
 198      BF7BDB8B 
 198      4611D66A 
 198      2CBAF953 
 198      1151608F 
 199 0250 AF775A65 		.ascii	"\257wZeD\245\204\200\262J\251\276\212\325\237\254>c"
 199      44A58480 
 199      B24AA9BE 
 199      8AD59FAC 
 199      3E63
 200 0262 F3611BC5 		.ascii	"\363a\033\305\312\020\355#\013n#\333)+\305i]\355B\253"
 200      CA10ED23 
 200      0B6E23DB 
 200      292BC569 
 200      5DED42AB 
 201 0276 812670FC 		.ascii	"\201&p\374\221\230\241K\006z\226O\366}Wu\304\013\022"
 201      9198A14B 
 201      067A964F 
 201      F67D5775 
 201      C40B12
 202 0289 DF34B06B 		.ascii	"\3374\260k\032Ly\224\351\303\246\342\323\304\017N\011"
 202      1A4C7994 
 202      E9C3A6E2 
 202      D3C40F4E 
ARM GAS  /tmp/cc8dLvk3.s 			page 15


 202      09
 203 029a CEBBD60C 		.ascii	"\316\273\326\014\023\331`\310\204\3752\333\353\030\371"
 203      13D960C8 
 203      84FD32DB 
 203      EB18F9
 204 02a9 20CAFA1E 		.ascii	" \312\372\036i\"\006R'\313a\325\342+\306j\215\024\367"
 204      69220652 
 204      27CB61D5 
 204      E22BC66A 
 204      8D14F7
 205 02bc A28FD3A4 		.ascii	"\242\217\323\244\221\267\"i$\033 \203\345\222z8\331"
 205      91B72269 
 205      241B2083 
 205      E5927A38 
 205      D9
 206 02cd 002701DC 		.ascii	"\000'\001\334\362\264v\277\216\0306,_\324\262L\021\223"
 206      F2B476BF 
 206      8E18362C 
 206      5FD4B24C 
 206      1193
 207 02df 5073D0F6 		.ascii	"Ps\320\366\252\325\252%\315 \241vI\002(\222\367\361"
 207      AAD5AA25 
 207      CD20A176 
 207      49022892 
 207      F7F1
 208 02f1 CC6074B6 		.ascii	"\314`t\266\316\030\273\304e\311K\267F+1b\346\241\226"
 208      CE18BBC4 
 208      65C94BB7 
 208      462B3162 
 208      E6A196
 209 0304 FBF95A7A 		.ascii	"\373\371Zz\220\337\027GJ\033\356\232h\"\237\224\215"
 209      90DF1747 
 209      4A1BEE9A 
 209      68229F94 
 209      8D
 210 0315 2627E9A8 		.ascii	"&'\351\250\235O2O&\346\350\330rz\213S\273#wFO\263\331"
 210      9D4F324F 
 210      26E6E8D8 
 210      727A8B53 
 210      BB237746 
 211 032c 7BFAB2B8 		.ascii	"{\372\262\270\347\247\375\310\272u\353V\257\333`\207"
 211      E7A7FDC8 
 211      BA75EB56 
 211      AFDB6087 
 212 033c 96B39503 		.ascii	"\226\263\225\003\343D\2749\210\330\2078A\342U\262z\351"
 212      E344BC39 
 212      88D88738 
 212      41E255B2 
 212      7AE9
 213 034e C27E232A 		.ascii	"\302~#*8/\352\320\210\351\366\205\"\353{\373)\313mW"
 213      382FEAD0 
 213      88E9F685 
 213      22EB7BFB 
 213      29CB6D57 
 214 0362 E65E268A 		.ascii	"\346^&\212\344\251\245\344\266e\301\277\025S\217\263"
 214      E4A9A5E4 
 214      B665C1BF 
ARM GAS  /tmp/cc8dLvk3.s 			page 16


 214      15538FB3 
 215 0372 4782D5FA 		.ascii	"G\202\325\372\236EC\252\341\355\032\206\021\223a\261"
 215      9E4543AA 
 215      E1ED1A86 
 215      119361B1 
 216 0382 C87558D9 		.ascii	"\310uX\331+d\035\351\200\270\006\321I\326\261\205c\015"
 216      2B641DE9 
 216      80B806D1 
 216      49D6B185 
 216      630D
 217 0394 66961A5C 		.ascii	"f\226\032\\Z^\015\353 :14\271\331[L\320H\233R^\377Y"
 217      5A5E0DEB 
 217      203A3134 
 217      B9D95B4C 
 217      D0489B52 
 218 03ab 77C9B037 		.ascii	"w\311\2607-g\353#t\306\217\237\360\"\2537,'\212\364"
 218      2D67EB23 
 218      74C68F9F 
 218      F022AB37 
 218      2C278AF4 
 219 03bf 8096FFA7 		.ascii	"\200\226\377\247\213\365z\244'\244\033\022\273\226\034"
 219      8BF57AA4 
 219      27A41B12 
 219      BB961C
 220 03ce 175B4B1D 		.ascii	"\027[K\035\023K/\247\255X\215-\354/k\241Y\226/\336."
 220      134B2FA7 
 220      AD588D2D 
 220      EC2F6BA1 
 220      59962FDE 
 221 03e3 ED39AFF3 		.ascii	"\3559\257\363\273\207\371+\335MF\274\233\3463\206&\010"
 221      BB87F92B 
 221      DD4D46BC 
 221      9BE63386 
 221      2608
 222 03f5 9B7B89D3 		.ascii	"\233{\211\323\241\347\361V?C\014>w\305\355e|qw\365\211"
 222      A1E7F156 
 222      3F430C3E 
 222      77C5ED65 
 222      7C7177F5 
 223 040a 3B11DC20 		.ascii	";\021\334 \275l\237\223s\266\314\373>\253\342\361\362"
 223      BD6C9F93 
 223      73B6CCFB 
 223      3EABE2F1 
 223      F2
 224 041b D75AD875 		.ascii	"\327Z\330u\334\204\364[,\375\007\262J*\022\263\2577"
 224      DC84F45B 
 224      2CFD07B2 
 224      4A2A12B3 
 224      AF37
 225 042d DDC8D5BD 		.ascii	"\335\310\325\275\230}\343\227\262\243\012z\034\276\324"
 225      987DE397 
 225      B2A30A7A 
 225      1CBED4
 226 043c C97769E2 		.ascii	"\311wi\342DB\224\201v\361Ii~n2Y\237f\035\212\034\212"
 226      44429481 
 226      76F14969 
 226      7E6E3259 
ARM GAS  /tmp/cc8dLvk3.s 			page 17


 226      9F661D8A 
 227 0452 C9B86CB4 		.ascii	"\311\270l\264;a\021\027\027\177\315\356\204\333|\021"
 227      3B611117 
 227      177FCDEE 
 227      84DB7C11 
 228 0462 5FD07C9B 		.ascii	"_\320|\233?N\240\2560)\261\317\357\333'\360\3210T\023"
 228      3F4EA0AE 
 228      3029B1CF 
 228      EFDB27F0 
 228      D1305413 
 229 0476 C5B7B08B 		.ascii	"\305\267\260\213\254go\305\272n\037\360\245\243\234"
 229      AC676FC5 
 229      BA6E1FF0 
 229      A5A39C
 230 0485 5F73BAE7 		.ascii	"_s\272\347O\022\276\333\023?\244\302\017\311\370\371"
 230      4F12BEDB 
 230      133FA4C2 
 230      0FC9F8F9 
 231 0495 96C7A708 		.ascii	"\226\307\247\010\342\341\261\"\342\207\021_q\361\354"
 231      E2E1B122 
 231      E287115F 
 231      71F1EC
 232 04a4 9C177573 		.ascii	"\234\027us\374\315\351\234QI~T\277'\377G\025\377G\231"
 232      FCCDE99C 
 232      51497E54 
 232      BF27FF47 
 232      15FF4799 
 233 04b8 9FD01F3B 		.ascii	"\237\320\037;\351%\361_e\374;\310\217.\310\2307\320"
 233      E925F15F 
 233      65FC3BC8 
 233      8F2EC898 
 233      37D0
 234 04ca 48CAF849 		.ascii	"H\312\370I\217\307\007\251\304\017J\266\246EZ\255\342"
 234      8FC707A9 
 234      C40F4AB6 
 234      A6455AAD 
 234      E2
 235 04db 739635B8 		.ascii	"s\2265\270\253jpWnpc6k\214b\203\2467X\2031l\220=\037"
 235      AB6A7057 
 235      6E706336 
 235      6B8C6283 
 235      A6375883 
 236 04f4 75C827A0 		.ascii	"u\310'\240\304\032c_\313\\\0237\333 \371\226m\270\021"
 236      C41A635F 
 236      CB5C1337 
 236      DB20F996 
 236      6DB811
 237 0507 18C54D37 		.ascii	"\030\305M7\012#l<r\217|+\2268\3332\036\372Q\033\327"
 237      0A236C3C 
 237      728F7C2B 
 237      9638DB32 
 237      1EFA511B 
 238 051c 34B57F32 		.ascii	"4\265\1772\313\3105\035VZ\366\223J\322O\262\244\353"
 238      CBC8351D 
 238      565AF693 
 238      4AD24FB2 
 238      A4EB
ARM GAS  /tmp/cc8dLvk3.s 			page 18


 239 052e 53A3BBB8 		.ascii	"S\243\273\270\242:tl\002\025\265v\367\216yS\007\307"
 239      A23A746C 
 239      0215B576 
 239      F78E7953 
 239      07C7
 240 0540 0F0E3636 		.ascii	"\017\01666Q\011\257\260lJ\205\237\222\361\265\256;="
 240      5109AFB0 
 240      6C4A859F 
 240      92F1B5AE 
 240      3B3D
 241 0552 78C57568 		.ascii	"x\305uh\3314\362\373\235Q\017}h1\347\367\364G9t\310"
 241      D934F2FB 
 241      9D510F7D 
 241      6831E7F7 
 241      F4473974 
 242 0567 575A36AB 		.ascii	"WZ6\253\342\317\312\374\271\203\213\003D\342s\313\356"
 242      E2CFCAFC 
 242      B9838B03 
 242      44E273CB 
 242      EE
 243 0578 233FDDB5 		.ascii	"#?\335\265\230\341G\0339?\341\350\203\013z\211\257\264"
 243      98E1471B 
 243      393FE1E8 
 243      830B7A89 
 243      AFB4
 244 058a CCAD6AE0 		.ascii	"\314\255j\340\226\033T\026$_4a\003\264l\016\033\314"
 244      961B5416 
 244      245F3461 
 244      03B46C0E 
 244      1BCC
 245 059c 0DB74D79 		.ascii	"\015\267My+,\233D\313f\320\262\007h\331Cn\331\351[\243"
 245      2B2C9B44 
 245      CB66D0B2 
 245      0768D943 
 245      6ED9E95B 
 246 05b1 73943D2C 		.ascii	"s\224=,\004v\237u\246?\322\322..\361\350\323\306\"\003"
 246      04769F75 
 246      A63FD2D2 
 246      2E2EF1E8 
 246      D3C62203 
 247 05c5 9718A774 		.ascii	"\227\030\247tpA\245pAV\030_\033Wd\344\012/\243\205\217"
 247      7041A570 
 247      4156185F 
 247      1B5764E4 
 247      0A2FA385 
 248 05da 5061A563 		.ascii	"Pa\245c\252OGG9\277\364\370B\251N\342+,|\242\342?\221"
 248      AA4F4747 
 248      39BFF4F8 
 248      42A94EE2 
 248      2B2C7CA2 
 249 05f1 F9EE3B49 		.ascii	"\371\356;I\267\004\344\243\205O\221\177\264\261\272"
 249      B704E4A3 
 249      854F917F 
 249      B4B1BA
 250 0600 D887BA39 		.ascii	"\330\207\2729\277%\273\343\036.q\234\322\302\347*\376"
 250      BF25BBE3 
 250      1E2E719C 
ARM GAS  /tmp/cc8dLvk3.s 			page 19


 250      D2C2E72A 
 250      FE
 251 0611 73993F60 		.ascii	"s\231?`\213]\224\364\243\205\213\310\317\311\251\317"
 251      8B5D94F4 
 251      A3858BC8 
 251      CFC9A9CF 
 252 0621 1068A496 		.ascii	"\020h\244\226\361\247\223*\252\250\304WZ\270OP6\200"
 252      F1A7932A 
 252      AAA8C457 
 252      5AB84F50 
 252      3680
 253 0633 33D8C075 		.ascii	"3\330\300u&\353\030Zx\031-\214\024x\203\253\013\217"
 253      26EB185A 
 253      78192D8C 
 253      147883AB 
 253      0B8F
 254 0645 67B50A0B 		.ascii	"g\265\012\013\037\243\205\317\320B\253\300-\214\022"
 254      1FA385CF 
 254      D042ABC0 
 254      2D8C12
 255 0654 98857179 		.ascii	"\230\205qy\231n?f!\025\247\267o\215_\367\2426.\361\316"
 255      996E3F66 
 255      2115A7B7 
 255      6F8D5FF7 
 255      A2362EF1 
 256 0669 C387B802 		.ascii	"\303\207\270\002\311J\007\243U\002\243e\201\321]\251"
 256      C94A07A3 
 256      5502A365 
 256      81D15DA9 
 257 0679 55B8893B 		.ascii	"U\270\211;\321\301\203(\360vN\\\251@\035\034\237W1X"
 257      D1C18328 
 257      F0764E5C 
 257      A9401D1C 
 257      9F573158 
 258 068d AE93F80A 		.ascii	"\256\223\370\012\007\017\251\370\207d\376\325\303\321"
 258      070FA9F8 
 258      8764FED5 
 258      C3D1
 259 069b 29F85CEB 		.ascii	")\370\\\353D\007c\221\237?\224\223\342K\2139\337V\265"
 259      44076391 
 259      9F3F9493 
 259      E24B8B39 
 259      DF56B5
 260 06ae 7F3DE295 		.ascii	"\177=\342\225\006\036Q\341\217\310\370\326\214c\335"
 260      061E51E1 
 260      8FC8F8D6 
 260      8C63DD
 261 06bd 329E1B78 		.ascii	"2\236\033x\024\361\373\237\016\335\246\264\221\343\307"
 261      14F1FB9F 
 261      0EDDA6B4 
 261      91E3C7
 262 06cc 2BAF8F08 		.ascii	"+\257\217\010\022_i\3401U\203cr\203\371\361g\337{c\003"
 262      125F69E0 
 262      31558363 
 262      7283F9F1 
 262      67DF7B63 
 263 06e1 34301E1B 		.ascii	"40\036\033\244\36545+\015\214\021\270\201\207\005n`"
ARM GAS  /tmp/cc8dLvk3.s 			page 20


 263      A4F53435 
 263      2B0D8C11 
 263      B8818705 
 263      6E60
 264 06f3 1C1A789C 		.ascii	"\034\032x\234\033(\375\0202\361\037B\2555\017[\005\332"
 264      1B28FD10 
 264      32F11F42 
 264      AD350F5B 
 264      05DA
 265 0705 C5255E72 		.ascii	"\305%^r\366\245\256\340\022\317(\035LP)L\220\025\346"
 265      F6A5AEE0 
 265      12CF281D 
 265      4C50294C 
 265      9015E6
 266 0718 B74C0EE9 		.ascii	"\267L\016\351\270\302^t\360$*t\024\264\326\013t\224"
 266      B8C25E74 
 266      F0242A74 
 266      14B4D60B 
 266      7494
 267 072a F3EB129F 		.ascii	"\363\353\022\237]\362\225\370\012\007O\251\370\247d"
 267      5DF295F8 
 267      0A074FA9 
 267      F8A764
 268 0739 7E7B754F 		.ascii	"~{uO\242\036\371\350`\022\362\263\206c\253\265\324\315"
 268      A21EF9E8 
 268      6012F2B3 
 268      8663ABB5 
 268      D4CD
 269 074b F933FB1E 		.ascii	"\3713\373\036\\\304g\310\031\245\205\247U\374\3232\277"
 269      5CC467C8 
 269      19A585A7 
 269      55FCD332 
 269      BF
 270 075c 36B55B5A 		.ascii	"6\265[Z\341^\2640\005\371\347m\347rW\320H\035\343\247"
 270      E15EB430 
 270      05F9E76D 
 270      E77257D0 
 270      481DE3A7 
 271 0770 67579E20 		.ascii	"gW\236 \022_i\341YU\203\263r\203\221Ge\327|\261\001"
 271      125F69E1 
 271      595583B3 
 271      72839147 
 271      65D77CB1 
 272 0785 5A988A0D 		.ascii	"Z\230\212\0152\216\016\235\026\024\026&\242\205\311"
 272      328E0E9D 
 272      16141626 
 272      A285C9
 273 0794 68E119B4 		.ascii	"h\341\031\264\360\034\267p\262;\245\322\310,\324\211"
 273      F01CB770 
 273      B23BA5D2 
 273      C82CD489 
 274 07a4 D3C34913 		.ascii	"\323\303I\023\275+\250\215K\234\314m\352\363\342\022"
 274      BD2BA88D 
 274      4B9CCC6D 
 274      EAF3E212 
 275 07b4 CF292D4C 		.ascii	"\317)-LW)L\227\0256\330\362\234\370\335\245\037-\314"
 275      57294C97 
ARM GAS  /tmp/cc8dLvk3.s 			page 21


 275      1536D8F2 
 275      9CF8DDA5 
 275      1F2DCC
 276 07c7 4085EE81 		.ascii	"@\205\356\201\242\011\035up"
 276      A2091D75 
 276      70
 277 07d0 7E517AF2 		.ascii	"~Qz\362\014\225\370\012\013\035*\276ci\023_>\341@\013"
 277      0C95F80A 
 277      0B1D2ABE 
 277      6369135F 
 277      3EE1400B 
 278 07e4 FBD1C2EF 		.ascii	"\373\321\302\357\220\377\363S\327!\370$D\375\027\332"
 278      90FFF353 
 278      D721F824 
 278      44FD17DA 
 279 07f4 67D1C273 		.ascii	"g\321\302sJ\013\263T\374,\231_4\222\362\310$\361\271"
 279      4A0BB354 
 279      FC2C995F 
 279      3492F2C8 
 279      24F1B9
 280 0807 85DF237F 		.ascii	"\205\337#\177\262\375\307\343>\264\221\363\355\363\251"
 280      B2FDC7E3 
 280      3EB491F3 
 280      EDF3A9
 281 0816 270489AF 		.ascii	"'\004\211\257\2640[\325 [npi\360\320M\374(\357G\013"
 281      B4305BD5 
 281      205B6E70 
 281      69F0D04D 
 281      FC28EF47 
 282 082b 73B04155 		.ascii	"s\260AUM\333\274Naa&Zx\036-\274\200\026\346r\013m\007"
 282      4DDBBC4E 
 282      6161265A 
 282      781E2DBC 
 282      8016E672 
 283 0842 CACB4DCC 		.ascii	"\312\313M\314B\2758\3558\335\355\366\245]\\\342\261"
 283      42BD38ED 
 283      38DDEDF6 
 283      A55D5CE2 
 283      B1
 284 0853 9331366F 		.ascii	"\22316o.\361\202\322\302\002\225\302\002Ya]\207\263"
 284      2EF182D2 
 284      C20295C2 
 284      0259615D 
 284      87B3
 285 0865 0215BAD0 		.ascii	"\002\025\272\320\302BT\030\331[\027\005\237\204\234"
 285      C2425418 
 285      D95B1705 
 285      9F849C
 286 0874 9F965773 		.ascii	"\237\226Ws\300W\342+,,V\361\213e\376\354\271\216\004"
 286      C057E22B 
 286      2C2C56F1 
 286      8B65FEEC 
 286      B98E04
 287 0887 7C4EBBD0 		.ascii	"|N\273\320\302\022\344g\026\247\\\322S7\347\217Ud\377"
 287      C212E467 
 287      16A75CD2 
 287      5337E78F 
ARM GAS  /tmp/cc8dLvk3.s 			page 22


 287      5564FF
 288 089a 1DF14A07 		.ascii	"\035\361J\007\313T\3702\031_\336\321\320*\343\271\203"
 288      CB54F832 
 288      195FDED1 
 288      D02AE3B9 
 288      83
 289 08ab 17113FD3 		.ascii	"\027\021?\323y\355\231\027\215\324\363O\231\350\322"
 289      79ED9917 
 289      8DD4F34F 
 289      99E8D2
 290 08ba 7641E22B 		.ascii	"vA\342+\035\254P5\250\220\033tN?\215\307-\356B\007+"
 290      1DAC5035 
 290      A8901B74 
 290      4E3F8DC7 
 290      2DEE4207 
 291 08cf B14192BB 		.ascii	"\261A\222\273\353\271I\341`\021:X\212\016\226\243\203"
 291      EBB949E1 
 291      60113A58 
 291      8A0E96A3 
 291      83
 292 08e0 55DC41E9 		.ascii	"U\334A\351\207\215\211\377\260\311J\272\225'P\033\227"
 292      878D89FF 
 292      B0C94ABA 
 292      9527501B 
 292      97
 293 08f1 98DD75BD 		.ascii	"\230\335u\275\022\277\215\346*\035\254U)\254\225\025"
 293      12BF8DE6 
 293      2A1DAC55 
 293      29AC9515 
 294 0901 4E563B26 		.ascii	"NV;&Q\3418:X\207\012c\257\266W\301\327Q\316\357\215"
 294      51E1383A 
 294      58870A63 
 294      AFB657C1 
 294      D751CEEF 
 295 0916 775F3449 		.ascii	"w_4I|\205\203\015*~\203\314\237\233\316.\303\0352\216"
 295      7C85830D 
 295      2A7E83CC 
 295      9F9BCE2E 
 295      C31D328E 
 296 092a 0E364A37 		.ascii	"\0166J7y\316\344AJ\2139\277\244\246\241^\213|\245\205"
 296      79CEE441 
 296      4A8B39BF 
 296      A4A6A15E 
 296      8B7CA585 
 297 093e CD2A7EB3 		.ascii	"\315*~\263\314\277y\265\350\246^\342s\013[\220o\257"
 297      CCBF79B5 
 297      E8A65EE2 
 297      730B5B90 
 297      6FAF
 298 0950 AB6932D2 		.ascii	"\253i2\322F\316\237h\232\210\327K|\245\205m\252\006"
 298      46CE9F68 
 298      9A88D74B 
 298      7CA5856D 
 298      AA06
 299 0962 6D728367 		.ascii	"mr\203g\013\003u\322\005\240\205Nlp?\351\324\270\227"
 299      0B0375D2 
 299      05A0854E 
ARM GAS  /tmp/cc8dLvk3.s 			page 23


 299      6C703FE9 
 299      D4B897
 300 0975 C2C27AB4 		.ascii	"\302\302z\264\260\011-lE\013/q\013\235\371\205\255\334"
 300      B0092D6C 
 300      450B2F71 
 300      0B9DF985 
 300      ADDC
 301 0987 F57A42FA 		.ascii	"\365zB\372\311*\370}N\306I\000\371\335\032\3623\014"
 301      C92AF87D 
 301      4EC64900 
 301      F9DD1AF2 
 301      330C
 302 0999 F32060BF 		.ascii	"\363 `\277\020@\016\010k\210\015\306\0230\332aL\203"
 302      10400E08 
 302      6B880DC6 
 302      1330DA61 
 302      4C83
 303 09ab 310FC67C 		.ascii	"1\017\306|\030\253a\254\201\361\262\020 \022c\222c\242"
 303      18AB61AC 
 303      81F1B210 
 303      20126392 
 303      63A2
 304 09bd C5BD79CD 		.ascii	"\305\275y\315>T\335\264\323*\255\233\310\036\300\357"
 304      3E54DDB4 
 304      D32AAD9B 
 304      C81EC0EF 
 305 09cd 804BBF47 		.ascii	"\200K\277G\007\304\357\200\244\035*I\207\260\036\252"
 305      07C4EF80 
 305      A41D2A49 
 305      87B01EAA 
 306 09dd 8BDB1B9A 		.ascii	"\213\333\033\232\364\036\377{\271\361\302\377\0204\244"
 306      F41EFF7B 
 306      B9F1C2FF 
 306      1034A4
 307 09ec 5360FF7B 		.ascii	"S`\377{\021G\361\303h\352^\203\326#[l\263\224}\005\263"
 307      1147F1C3 
 307      68EA5E83 
 307      D6235B6C 
 307      B3947D05 
 308 0a01 AFB0EC61 		.ascii	"\257\260\354aWd\212 e\307\274\364\377:\344*T\2550\233"
 308      57648A20 
 308      65C7BCF4 
 308      FF3AE42A 
 308      54AD309B 
 309 0a15 83C2C283 		.ascii	"\203\302\302\203\315!\241!\026\375\373\037\377s\355"
 309      CD21A121 
 309      16FDFB1F 
 309      FF73ED
 310 0a24 0E8DF63F 		.ascii	"\016\215\366?\301\201_n\337\270\321\177\307\027!\237"
 310      C1815F6E 
 310      DFB8D17F 
 310      C717219F 
 311 0a34 87ECFC87 		.ascii	"\207\354\374\207\177X\204\177P\330\236=a\241\376_\205"
 311      7F58847F 
 311      50D89E3D 
 311      61A1FE5F 
 311      85
ARM GAS  /tmp/cc8dLvk3.s 			page 24


 312 0a45 855B22FC 		.ascii	"\205[\"\374\377\374\331G;>\372Z<\367U\310\356\340\360"
 312      FFFCD947 
 312      3B3EFA5A 
 312      3CF755C8 
 312      EEE0F0
 313 0a58 08FFF777 		.ascii	"\010\377\367w\354\360\017\012\267l\332\030\2441\232"
 313      ECF00F0A 
 313      B76CDA18 
 313      A4319A
 314 0a67 CDC181E1 		.ascii	"\315\301\201\341\273\277a@\200\357\016\264p\270\311"
 314      BBBF6140 
 314      80EF0EB4 
 314      70B8C9
 315 0a76 6CDE15FC 		.ascii	"l\336\025\374\357\300\275\273-\346\340\257C,\336\241"
 315      EFC0BDBB 
 315      2DE6E0AF 
 315      432CDEA1 
 316 0a86 D0D5B237 		.ascii	"\320\325\2627<t\245\231\275m\016\017\334c\016\014\017"
 316      3C74A599 
 316      BD6D0E0F 
 316      DC630E0C 
 316      0F
 317 0a97 0E8CF0DE 		.ascii	"\016\214\360\336\033\022j\331\262\331l1\230\315\322"
 317      1B126AD9 
 317      B2D96C31 
 317      98CDD2
 318 0aa6 E156FFBD 		.ascii	"\341V\377\275\021\341\376\201\341{\336\011\015\013\015"
 318      11E1FE81 
 318      E17BDE09 
 318      0D0B0D
 319 0ab5 7E2738F0 		.ascii	"~'8\360\363\020\377\220\320\240\335{w\005\373\357\011"
 319      F310FF90 
 319      D0A0DD7B 
 319      7705FBEF 
 319      09
 320 0ac6 0CFA2224 		.ascii	"\014\372\"$4\330_\306[\276\371*8b\343\027\232\267~\241"
 320      34D85FC6 
 320      5BBEF92A 
 320      3862E317 
 320      9AB77EA1 
 321 0ada 28E29B08 		.ascii	"(\342\233\010\177s\204e\027\360!\323\304\024X\202\277"
 321      7F738465 
 321      17F021D3 
 321      C4145882 
 321      BF
 322 0aeb B630093E 		.ascii	"\2660\011>l*\036\031\202v\303\325\260Cch\230Y>\357'"
 322      6C2A1E19 
 322      8276C3D5 
 322      B0436368 
 322      98593EEF 
 323 0b00 AA956766 		.ascii	"\252\225gf\213\217\254~\225Y\274\222\337\233\227\210"
 323      8B8FAC7E 
 323      9559BC92 
 323      DF9B9788 
 324 0b10 66DF174F 		.ascii	"f\337\027O\231M8\343d\263\037NC\303\370\333\274~\223"
 324      994D38E3 
 324      64B31F4E 
ARM GAS  /tmp/cc8dLvk3.s 			page 25


 324      43C3F8DB 
 324      BC7E93
 325 0b23 BA7E9347 		.ascii	"\272~\223G\375&\317\372M\212\372\315\352\372\315\036"
 325      FD26CFFA 
 325      4D8AFACD 
 325      EAFACD1E 
 326 0b33 F59B3DEB 		.ascii	"\365\233=\3537+\352\267\250\353\267x\324o\361\254\337"
 326      372BEAB7 
 326      A8EBB778 
 326      D46FF1AC 
 326      DF
 327 0b44 A2A8DFAA 		.ascii	"\242\250\337\252\256\337\352Q\277\325\263~\253\242~"
 327      AEDFEA51 
 327      BFD5B37E 
 327      ABA27E
 328 0b53 9BBA7E9B 		.ascii	"\233\272~\233G\3756\317\372m\212\372\000u}\200G}\200"
 328      47FD36CF 
 328      FA6D8AFA 
 328      00757D80 
 328      477D80
 329 0b66 677D80A2 		.ascii	"g}\200\242~\273\272~\273G\375v\317\372\355r\375\377"
 329      7EBBBA7E 
 329      BB47FD76 
 329      CFFAED72 
 329      FDFF
 330 0b78 00DCF48E 		.ascii	"\000\334\364\216B"
 330      42
 331              		.text
 332              		.section	.gnu.lto_.symtab.a025e751a57faae7,"",%progbits
 333 0000 5F5F636F 		.ascii	"__core_init\000\000\001\000\000\000\000\000\000\000"
 333      72655F69 
 333      6E697400 
 333      00010000 
 333      00000000 
 334 0015 0000AE00 		.ascii	"\000\000\256\000\000\000__early_init\000\000\001\000"
 334      00005F5F 
 334      6561726C 
 334      795F696E 
 334      69740000 
 335 002b 00000000 		.ascii	"\000\000\000\000\000\000\000\000\261\000\000\000__l"
 335      00000000 
 335      B1000000 
 335      5F5F6C
 336 003a 6174655F 		.ascii	"ate_init\000\000\001\000\000\000\000\000\000\000\000"
 336      696E6974 
 336      00000100 
 336      00000000 
 336      000000
 337 004d 00B40000 		.ascii	"\000\264\000\000\000__default_exit\000\000\001\000\000"
 337      005F5F64 
 337      65666175 
 337      6C745F65 
 337      78697400 
 338 0065 00000000 		.ascii	"\000\000\000\000\000\000\000\271\000\000\000__init_"
 338      000000B9 
 338      0000005F 
 338      5F696E69 
ARM GAS  /tmp/cc8dLvk3.s 			page 26


 338      745F
 339 0077 72616D5F 		.ascii	"ram_areas\000\000\000\000\000\000\000\000\000\000\000"
 339      61726561 
 339      73000000 
 339      00000000 
 339      00000000 
 340 008b 00BB0000 		.ascii	"\000\273\000\000\000__ram0_init_text__\000\000\002\000"
 340      005F5F72 
 340      616D305F 
 340      696E6974 
 340      5F746578 
 341 00a6 00000000 		.ascii	"\000\000\000\000\000\000\000\000\336\000\000\000__r"
 341      00000000 
 341      DE000000 
 341      5F5F72
 342 00b5 616D305F 		.ascii	"am0_init__\000\000\002\000\000\000\000\000\000\000\000"
 342      696E6974 
 342      5F5F0000 
 342      02000000 
 342      00000000 
 343 00ca 00E10000 		.ascii	"\000\341\000\000\000__ram0_clear__\000\000\002\000\000"
 343      005F5F72 
 343      616D305F 
 343      636C6561 
 343      725F5F00 
 344 00e2 00000000 		.ascii	"\000\000\000\000\000\000\000\344\000\000\000__ram0_"
 344      000000E4 
 344      0000005F 
 344      5F72616D 
 344      305F
 345 00f4 6E6F696E 		.ascii	"noinit__\000\000\002\000\000\000\000\000\000\000\000"
 345      69745F5F 
 345      00000200 
 345      00000000 
 345      000000
 346 0107 00E70000 		.ascii	"\000\347\000\000\000__ram1_init_text__\000\000\002\000"
 346      005F5F72 
 346      616D315F 
 346      696E6974 
 346      5F746578 
 347 0122 00000000 		.ascii	"\000\000\000\000\000\000\000\000\353\000\000\000__r"
 347      00000000 
 347      EB000000 
 347      5F5F72
 348 0131 616D315F 		.ascii	"am1_init__\000\000\002\000\000\000\000\000\000\000\000"
 348      696E6974 
 348      5F5F0000 
 348      02000000 
 348      00000000 
 349 0146 00EE0000 		.ascii	"\000\356\000\000\000__ram1_clear__\000\000\002\000\000"
 349      005F5F72 
 349      616D315F 
 349      636C6561 
 349      725F5F00 
 350 015e 00000000 		.ascii	"\000\000\000\000\000\000\000\361\000\000\000__ram1_"
 350      000000F1 
 350      0000005F 
ARM GAS  /tmp/cc8dLvk3.s 			page 27


 350      5F72616D 
 350      315F
 351 0170 6E6F696E 		.ascii	"noinit__\000\000\002\000\000\000\000\000\000\000\000"
 351      69745F5F 
 351      00000200 
 351      00000000 
 351      000000
 352 0183 00F40000 		.ascii	"\000\364\000\000\000__ram2_init_text__\000\000\002\000"
 352      005F5F72 
 352      616D325F 
 352      696E6974 
 352      5F746578 
 353 019e 00000000 		.ascii	"\000\000\000\000\000\000\000\000\371\000\000\000__r"
 353      00000000 
 353      F9000000 
 353      5F5F72
 354 01ad 616D325F 		.ascii	"am2_init__\000\000\002\000\000\000\000\000\000\000\000"
 354      696E6974 
 354      5F5F0000 
 354      02000000 
 354      00000000 
 355 01c2 00FC0000 		.ascii	"\000\374\000\000\000__ram2_clear__\000\000\002\000\000"
 355      005F5F72 
 355      616D325F 
 355      636C6561 
 355      725F5F00 
 356 01da 00000000 		.ascii	"\000\000\000\000\000\000\000\377\000\000\000__ram2_"
 356      000000FF 
 356      0000005F 
 356      5F72616D 
 356      325F
 357 01ec 6E6F696E 		.ascii	"noinit__\000\000\002\000\000\000\000\000\000\000\000"
 357      69745F5F 
 357      00000200 
 357      00000000 
 357      000000
 358 01ff 00020100 		.ascii	"\000\002\001\000\000__ram3_init_text__\000\000\002\000"
 358      005F5F72 
 358      616D335F 
 358      696E6974 
 358      5F746578 
 359 021a 00000000 		.ascii	"\000\000\000\000\000\000\000\000\007\001\000\000__r"
 359      00000000 
 359      07010000 
 359      5F5F72
 360 0229 616D335F 		.ascii	"am3_init__\000\000\002\000\000\000\000\000\000\000\000"
 360      696E6974 
 360      5F5F0000 
 360      02000000 
 360      00000000 
 361 023e 000A0100 		.ascii	"\000\012\001\000\000__ram3_clear__\000\000\002\000\000"
 361      005F5F72 
 361      616D335F 
 361      636C6561 
 361      725F5F00 
 362 0256 00000000 		.ascii	"\000\000\000\000\000\000\000\015\001\000\000__ram3_"
 362      0000000D 
ARM GAS  /tmp/cc8dLvk3.s 			page 28


 362      0100005F 
 362      5F72616D 
 362      335F
 363 0268 6E6F696E 		.ascii	"noinit__\000\000\002\000\000\000\000\000\000\000\000"
 363      69745F5F 
 363      00000200 
 363      00000000 
 363      000000
 364 027b 00100100 		.ascii	"\000\020\001\000\000__ram4_init_text__\000\000\002\000"
 364      005F5F72 
 364      616D345F 
 364      696E6974 
 364      5F746578 
 365 0296 00000000 		.ascii	"\000\000\000\000\000\000\000\000\025\001\000\000__r"
 365      00000000 
 365      15010000 
 365      5F5F72
 366 02a5 616D345F 		.ascii	"am4_init__\000\000\002\000\000\000\000\000\000\000\000"
 366      696E6974 
 366      5F5F0000 
 366      02000000 
 366      00000000 
 367 02ba 00180100 		.ascii	"\000\030\001\000\000__ram4_clear__\000\000\002\000\000"
 367      005F5F72 
 367      616D345F 
 367      636C6561 
 367      725F5F00 
 368 02d2 00000000 		.ascii	"\000\000\000\000\000\000\000\033\001\000\000__ram4_"
 368      0000001B 
 368      0100005F 
 368      5F72616D 
 368      345F
 369 02e4 6E6F696E 		.ascii	"noinit__\000\000\002\000\000\000\000\000\000\000\000"
 369      69745F5F 
 369      00000200 
 369      00000000 
 369      000000
 370 02f7 001E0100 		.ascii	"\000\036\001\000\000__ram5_init_text__\000\000\002\000"
 370      005F5F72 
 370      616D355F 
 370      696E6974 
 370      5F746578 
 371 0312 00000000 		.ascii	"\000\000\000\000\000\000\000\000#\001\000\000__ram5"
 371      00000000 
 371      23010000 
 371      5F5F7261 
 371      6D35
 372 0324 5F696E69 		.ascii	"_init__\000\000\002\000\000\000\000\000\000\000\000"
 372      745F5F00 
 372      00020000 
 372      00000000 
 372      0000
 373 0336 00260100 		.ascii	"\000&\001\000\000__ram5_clear__\000\000\002\000\000"
 373      005F5F72 
 373      616D355F 
 373      636C6561 
 373      725F5F00 
ARM GAS  /tmp/cc8dLvk3.s 			page 29


 374 034e 00000000 		.ascii	"\000\000\000\000\000\000\000)\001\000\000__ram5_noi"
 374      00000029 
 374      0100005F 
 374      5F72616D 
 374      355F6E6F 
 375 0363 6E69745F 		.ascii	"nit__\000\000\002\000\000\000\000\000\000\000\000\000"
 375      5F000002 
 375      00000000 
 375      00000000 
 375      00
 376 0374 2C010000 		.ascii	",\001\000\000__ram6_init_text__\000\000\002\000\000"
 376      5F5F7261 
 376      6D365F69 
 376      6E69745F 
 376      74657874 
 377 038f 00000000 		.ascii	"\000\000\000\000\000\000\0001\001\000\000__ram6_ini"
 377      00000031 
 377      0100005F 
 377      5F72616D 
 377      365F696E 
 378 03a4 745F5F00 		.ascii	"t__\000\000\002\000\000\000\000\000\000\000\000\000"
 378      00020000 
 378      00000000 
 378      000000
 379 03b3 34010000 		.ascii	"4\001\000\000__ram6_clear__\000\000\002\000\000\000"
 379      5F5F7261 
 379      6D365F63 
 379      6C656172 
 379      5F5F0000 
 380 03cb 00000000 		.ascii	"\000\000\000\000\000\0007\001\000\000__ram6_noinit_"
 380      00003701 
 380      00005F5F 
 380      72616D36 
 380      5F6E6F69 
 381 03e3 5F000002 		.ascii	"_\000\000\002\000\000\000\000\000\000\000\000\000:\001"
 381      00000000 
 381      00000000 
 381      003A01
 382 03f2 00005F5F 		.ascii	"\000\000__ra"
 382      7261
 383 03f8 6D375F69 		.ascii	"m7_init_text__\000\000\002\000\000\000\000\000\000\000"
 383      6E69745F 
 383      74657874 
 383      5F5F0000 
 383      02000000 
 384 0410 00003F01 		.ascii	"\000\000?\001\000\000__ram7_init__\000\000\002\000\000"
 384      00005F5F 
 384      72616D37 
 384      5F696E69 
 384      745F5F00 
 385 0428 00000000 		.ascii	"\000\000\000\000\000\000\000B\001\000\000__ram7_cle"
 385      00000042 
 385      0100005F 
 385      5F72616D 
 385      375F636C 
 386 043d 61725F5F 		.ascii	"ar__\000\000\002\000\000\000\000\000\000\000\000\000"
 386      00000200 
ARM GAS  /tmp/cc8dLvk3.s 			page 30


 386      00000000 
 386      00000000 
 387 044d 45010000 		.ascii	"E\001\000\000__ram7_noinit__\000\000\002\000\000\000"
 387      5F5F7261 
 387      6D375F6E 
 387      6F696E69 
 387      745F5F00 
 388 0466 00000000 		.ascii	"\000\000\000\000\000\000H\001\000\000"
 388      00004801 
 388      0000
 389              		.text
 390              		.section	.gnu.lto_.opts,"",%progbits
 391 0000 272D666E 		.ascii	"'-fno-trapv' '-mcpu=cortex-m0' '-mno-thumb-interwor"
 391      6F2D7472 
 391      61707627 
 391      20272D6D 
 391      6370753D 
 392 0033 6B272027 		.ascii	"k' '-mthumb' '-ggdb' '-O2' '-fomit-frame-pointer' '"
 392      2D6D7468 
 392      756D6227 
 392      20272D67 
 392      67646227 
 393 0066 2D66616C 		.ascii	"-falign-functions=16' '-ffunction-sections' '-fdata"
 393      69676E2D 
 393      66756E63 
 393      74696F6E 
 393      733D3136 
 394 0099 2D736563 		.ascii	"-sections' '-fno-common' '-flto'\000"
 394      74696F6E 
 394      73272027 
 394      2D666E6F 
 394      2D636F6D 
 395              		.text
 396              		.comm	__gnu_lto_v1,1,1
 397              		.comm	__gnu_lto_slim,1,1
 398              		.ident	"GCC: (GNU Tools for ARM Embedded Processors) 4.9.3 20150529 (release) [ARM/embedded-4_9-br
ARM GAS  /tmp/cc8dLvk3.s 			page 31


DEFINED SYMBOLS
                            *ABS*:0000000000000000 crt1.c
                            *COM*:0000000000000001 __gnu_lto_v1
                            *COM*:0000000000000001 __gnu_lto_slim

NO UNDEFINED SYMBOLS
