ARM GAS  /tmp/ccPpEtOn.s 			page 1


   1              		.cpu cortex-m0
   2              		.fpu softvfp
   3              		.eabi_attribute 20, 1
   4              		.eabi_attribute 21, 1
   5              		.eabi_attribute 23, 3
   6              		.eabi_attribute 24, 1
   7              		.eabi_attribute 25, 1
   8              		.eabi_attribute 26, 1
   9              		.eabi_attribute 30, 2
  10              		.eabi_attribute 34, 0
  11              		.eabi_attribute 18, 4
  12              		.code	16
  13              		.file	"hal.c"
  14              		.text
  15              	.Ltext0:
  16              		.section	.gnu.lto_.profile.5d50b4d15d4626f4,"",%progbits
  17 0000 789C6366 		.ascii	"x\234cf```a\200\000F\006Sv\000\000\345\000E"
  17      60606061 
  17      80004606 
  17      53760000 
  17      E50045
  18              		.text
  19              		.section	.gnu.lto_.jmpfuncs.5d50b4d15d4626f4,"",%progbits
  20 0000 789C6366 		.ascii	"x\234cf\300\016\324\2404#\224b\372\310\3048\255\377"
  20      C00ED4A0 
  20      34239462 
  20      FAC8C438 
  20      ADFF
  21 0012 CA0EE6DA 		.ascii	"\312\016\346\332\337\0153\0328~21\374e\002\211/g\254"
  21      DF0D331A 
  21      387E3231 
  21      FC650289 
  21      2F67AC
  22 0025 055200C1 		.ascii	"\005R\000\301\206\012\016"
  22      860A0E
  23              		.text
  24              		.section	.gnu.lto_.inline.5d50b4d15d4626f4,"",%progbits
  25 0000 789C6366 		.ascii	"x\234cf\300\016\364\2404#\003\003\247)#\003\023\220"
  25      C00EF4A0 
  25      34230303 
  25      A7292303 
  25      1390
  26 0012 C9B6409E 		.ascii	"\311\266@\236\011,\304\205B0q\203T\201\231\014\0003"
  26      092CC485 
  26      42307183 
  26      5481990C 
  26      0033
  27 0024 A00175   		.ascii	"\240\001u"
  28              		.text
  29              		.section	.gnu.lto_.pureconst.5d50b4d15d4626f4,"",%progbits
  30 0000 789C6366 		.ascii	"x\234cf```f\200\000F\006\011\000\000x\000 "
  30      60606066 
  30      80004606 
  30      09000078 
  30      0020
  31              		.text
  32              		.section	.gnu.lto_halInit.5d50b4d15d4626f4,"",%progbits
ARM GAS  /tmp/ccPpEtOn.s 			page 2


  33 0000 789C7590 		.ascii	"x\234u\220AK\002Q\020\307\347?\253\253$At\012\211\256"
  33      414B0251 
  33      10C7E73F 
  33      ABAB2441 
  33      740A89AE 
  34 0014 DE763F44 		.ascii	"\336v?D\267.\005}\202\362\242\020\004y^\334M\017\235"
  34      B72E057D 
  34      82F2A210 
  34      04795EDC 
  34      4D0F9D
  35 0027 5242448A 		.ascii	"RBD\212\352\020\221fj\335\274\004\357\023$a\320E\352"
  35      EA109166 
  35      6ADDBC04 
  35      EF132461 
  35      D045EA
  36 003a 6250D021 		.ascii	"bP\320!\361\264\204\330\2745\"(\037<\346\275\371\377"
  36      F1B484D8 
  36      BC352228 
  36      1F3CE6BD 
  36      F9FF
  37 004c DECCFF8D 		.ascii	"\336\314\377\215A\177W\\v\025DK\022a\020\270xG\344E"
  37      417F575C 
  37      7615444B 
  37      126110B8 
  37      7847E445 
  38 0060 19D00702 		.ascii	"\031\320\007\002e\031Y\274\361\200QT\365J,q\356\272"
  38      651959BC 
  38      F1805154 
  38      F54A2C71 
  38      EEBA
  39 0072 EEC76EC7 		.ascii	"\356\307n\307[S\360\231h\310\223:\270@\202\004\032\344"
  39      5B53F099 
  39      68C8933A 
  39      B8408204 
  39      1AE4
  40 0084 478F3133 		.ascii	"G\21713/\320\334DC\025\246\324\247\326\274r\307\343"
  40      2FD0DC44 
  40      4315A6D4 
  40      A7D6BC72 
  40      C7E3
  41 0096 B3F27B37 		.ascii	"\263\362{7\024!\352\213\244\033\2740\353h\364\220S\243"
  41      1421EA8B 
  41      A41BBC30 
  41      EB68F490 
  41      53A3
  42 00a8 59CDEA22 		.ascii	"Y\315\352\"'\335\375&;\237\356\236\033\365\031C\226"
  42      27DDFD26 
  42      3B9FEE9E 
  42      1BF51943 
  42      96
  43 00b9 F7A8C121 		.ascii	"\367\250\301!_\350\036\362\352\300\374\2274\206\242"
  43      5FE81EF2 
  43      EAC0FC97 
  43      3486A2
  44 00c8 132E8514 		.ascii	"\023.\205\024\251\\xh\033\"U\264\024\032i/\222}\356"
  44      A95C7868 
  44      1B2255B4 
ARM GAS  /tmp/ccPpEtOn.s 			page 3


  44      141A692F 
  44      927DEE
  45 00db 77EEA3AF 		.ascii	"w\356\243\257,\231\340Z+\224\3328\306\221W\324T\030"
  45      2C99E05A 
  45      2B94DA38 
  45      C69157D4 
  45      5418
  46 00ed 7538B842 		.ascii	"u8\270B<\320N\373\325JL\012,\010\214\206PAS4\341\370"
  46      3CD04EFB 
  46      D54A4C0A 
  46      2C088C86 
  46      50415334 
  47 0103 6C92765C 		.ascii	"l\222v\\\212Lsl\210\217\326\217\343\234:\234\231F\212"
  47      8A4C736C 
  47      888FD68F 
  47      E39C3A9C 
  47      99468A
  48 0116 0F5CFF22 		.ascii	"\017\\\377\"\333S\311\260\2207\337\344\023<u\273\022"
  48      DB53C9B0 
  48      9037DFE4 
  48      133C75BB 
  48      12
  49 0127 90A4A709 		.ascii	"\220\244\247\011=E\371\342\242e\331\313\251\364fzu\335"
  49      3D45F9E2 
  49      A265D9CB 
  49      A9F4667A 
  49      75DD
  50 0139 DECED8A9 		.ascii	"\336\316\330\251\215-;\263\223\324\321J\322\027\251"
  50      8D2D3BB3 
  50      93D4D14A 
  50      D217A9
  51 0148 839F35   		.ascii	"\203\2375"
  52              		.text
  53              		.section	.gnu.lto_.symbol_nodes.5d50b4d15d4626f4,"",%progbits
  54 0000 789C4DC8 		.ascii	"x\234M\310\273\015\203@\024D\321;\373X\213\320\035\017"
  54      BB0D8340 
  54      1444D13B 
  54      FB588BD0 
  54      1D0F
  55 0012 01052017 		.ascii	"\001\005 \027`\021\320\002\376\246\216\251\001K\256"
  55      6011D002 
  55      FEA68EA9 
  55      014BAE
  56 0021 C3321F07 		.ascii	"\3032\037\007;\311\321\235\000N\374\227F\031\272\011"
  56      3BC9D19D 
  56      004EFC97 
  56      4619BA09 
  57 0031 6CCE7D4D 		.ascii	"l\316}M\276\211\243\321S\326\376\32345z\310\251\354"
  57      BE89A3D1 
  57      53D6FED3 
  57      34357AC8 
  57      A9EC
  58 0043 BB1C655F 		.ascii	"\273\034e_\345\252\354\213\234\213\016\016\014\363W"
  58      E5AAEC8B 
  58      9C8B0E0E 
  58      0CF357
  59 0052 41E6B559 		.ascii	"A\346\265Y\361\331\014\332\367jbX\344\0077\007(X"
ARM GAS  /tmp/ccPpEtOn.s 			page 4


  59      F1D90CDA 
  59      F76A6258 
  59      E4073707 
  59      2858
  60              		.text
  61              		.section	.gnu.lto_.refs.5d50b4d15d4626f4,"",%progbits
  62 0000 789C6366 		.ascii	"x\234cf```c\200\000F\006&F&\006\000\000\261\000\020"
  62      60606063 
  62      80004606 
  62      26462606 
  62      0000B100 
  63              		.text
  64              		.section	.gnu.lto_.decls.5d50b4d15d4626f4,"",%progbits
  65 0000 789C9555 		.ascii	"x\234\225UmLSW\030\276\247\247\264\264V0\222\2501d2"
  65      6D4C5357 
  65      18BEA7A7 
  65      B4B45630 
  65      92A83164 
  66 0015 CCC85C94 		.ascii	"\314\310\\\224kp?\366o:\214\306\304)\211[\366c?\272"
  66      6B703FF6 
  66      6F3A8CC6 
  66      C429895B 
  66      F6633FBA 
  67 0029 4AAB6D02 		.ascii	"J\253m\002\264i\313\242\377\216\226\037\250l|(F\246"
  67      B469CBA2 
  67      FF8E961F 
  67      A86C7C28 
  67      46A6
  68 003b 9332EA0A 		.ascii	"\2232\352\012\210\350\320\211|\210\210\023\361\203\351"
  68      88E8D089 
  68      7C888813 
  68      F183E9
  69 004a 86DF2214 		.ascii	"\206\337\"\024\344K\001E\321\011*t\3579\247\037\227"
  69      E44B0145 
  69      D1092A74 
  69      EF39A71F 
  69      97
  70 005b 5A5D7693 		.ascii	"Z]v\223\367\236\373\336\363\274\317\373\274\357yo\213"
  70      F79EFBDE 
  70      F3BCCFFB 
  70      BCEF796F 
  70      8B
  71 006c 05413800 		.ascii	"\005A8\000\346\205k2R\020\246\220 \310\300O\001\203"
  71      E6856B32 
  71      5210A690 
  71      20C8C04F 
  71      0183
  72 007e 47A143E0 		.ascii	"G\241C\340\227\002\254\013\254\033\354\001X\037\330"
  72      9702AC0B 
  72      AC1BEC01 
  72      581FD8
  73 008d 43B0211F 		.ascii	"C\260!\037nD\230~Q\254\322\307\363\030\354>\330\023"
  73      6E44987E 
  73      51ACD2C7 
  73      F318EC3E 
  73      D813
  74 009f 1FDF3DB0 		.ascii	"\037\337=\260\201\020\336!\037_\237\217\277\373\035"
ARM GAS  /tmp/ccPpEtOn.s 			page 5


  74      8110DE21 
  74      1F5F9F8F 
  74      BFFB1D
  75 00ae BC4F65E8 		.ascii	"\274Oe\350\252\353L\276zP\206\242\324DI\375\342\037"
  75      AAEB4CBE 
  75      7A5086A2 
  75      D44449FD 
  75      E21F
  76 00c0 AB2714E0 		.ascii	"\253'\024\340k\324\026\352\226\356\353\276\256^\\A\010"
  76      6BD416EA 
  76      96EEEBBE 
  76      AE5E5C41 
  76      08
  77 00d1 C9264DB3 		.ascii	"\311&M\263\202a\365\343'\335Q,\314\203\250_\3350\370"
  77      8261F5E3 
  77      27DD512C 
  77      CC83A85F 
  77      DD30F8
  78 00e4 229A85C5 		.ascii	"\"\232\205\305R\267\253\261\276_\201Ul\253\266\352y"
  78      52B7ABB1 
  78      BE5F8155 
  78      6CABB6EA 
  78      79
  79 00f5 DB0C068D 		.ascii	"\333\014\006\215\243n]A\353>\236@N\3353\215\343-j\034"
  79      A36E5D41 
  79      EB3E9E40 
  79      4EDD338D 
  79      E32D6A1C 
  80 0109 CB9039D9 		.ascii	"\313\2209\331\236\213j\374\021{\336\366k}\216\022`\037"
  80      9E8B6AFC 
  80      117BDEF6 
  80      6B7D8E12 
  80      601F
  81 011b AA59BEAE 		.ascii	"\252Y\276\256\375\023.\025sio\243\341\225\254\265\237"
  81      FD132E15 
  81      73696FA3 
  81      E195ACB5 
  81      9F
  82 012c 9446A104 		.ascii	"\224F\241\004\265\013\304\215\016\026\264\304\022\""
  82      B50BC48D 
  82      0E16B4C4 
  82      1222
  83 013a 4727901A 		.ascii	"G'\220\032\035C\030\225\243\305\264f\032M\257lB\266"
  83      1D431895 
  83      A3C5B466 
  83      1A4DAF6C 
  83      42B6
  84 014c 933C0751 		.ascii	"\223<\007Q\265F\011\350\010\232\217\252\320|\001\035"
  84      B54609E8 
  84      089A8FAA 
  84      D07C011D 
  85 015c 47098060 		.ascii	"G\011\200`X\364\033\274\254\206\227@|\376McV\004R'\204"
  85      58F41BBC 
  85      AC869740 
  85      7CFE4D63 
  85      56045227 
  86 0171 0F3A1926 		.ascii	"\017:\031&\210Ihs\024\314\241\022~\007\011G\203\022"
ARM GAS  /tmp/ccPpEtOn.s 			page 6


  86      88496873 
  86      14CCA112 
  86      7E070947 
  86      8312
  87 0183 4051A06B 		.ascii	"@Q\240ko.\375T\253\301\271\210UX\234w\340E\004.\344"
  87      6F2EFD54 
  87      ABC1B988 
  87      55589C77 
  87      E045042E 
  88 0198 4EE9F36B 		.ascii	"N\351\363kO#\361\001\356\270\012\367VF\260\026ER\367"
  88      4F23F101 
  88      EEB80AF7 
  88      5646B016 
  88      4552F7
  89 01ab 97A3B5DF 		.ascii	"\227\243\265\337`\027\337:\341\254\274\200q\005w.\367"
  89      6017DF3A 
  89      E1ACBC80 
  89      7105772E 
  89      F7
  90 01bc 8C8F6918 		.ascii	"\214\217i\030n\026u\233G\016\357\212\302U|\257\354\320"
  90      6E16759B 
  90      470EEF8A 
  90      C2557CAF 
  90      ECD0
  91 01ce 0F03181F 		.ascii	"\017\003\030\037\347N\321\313+-\374t\346\201\253\332"
  91      E74ED1CB 
  91      2B2DFC74 
  91      E681ABDA 
  92 01de 7136AB5F 		.ascii	"q6\253_\203\342\371\025\223\340\204:G\307\017M\255\331"
  92      83E2F915 
  92      93E0843A 
  92      47C70F4D 
  92      ADD9
  93 01f0 ED20AE79 		.ascii	"\355 \256yL\377)\320\337\212b\202U\177<_`=\200:(\334"
  93      4CFF29D0 
  93      DF8A6282 
  93      557F3C5F 
  93      603D803A 
  94 0206 E9752B5A 		.ascii	"\351u+Z\2272hC(\3644E\241O\002\320'\001hMX\326 r2\200"
  94      97326843 
  94      28F43445 
  94      A14F02D0 
  94      2701684D 
  95 0220 AC0F45D6 		.ascii	"\254\017E\326\241\020\001;\312\375\330\306\360\002$"
  95      A110013B 
  95      CAFDD8C6 
  95      F00224
  96 022f D8D701DE 		.ascii	"\330\327\001\336\332\360\274A\011\273\002\264gB\241"
  96      DAF0BC41 
  96      09BB02B4 
  96      6742A1
  97 023e 4D41683E 		.ascii	"MAh>\2347\311#d\271]@\025\260\177\230mQ4\034:\272\010"
  97      9C37C923 
  97      64B95D40 
  97      15B07F98 
  97      6D51341C 
  98 0255 13720EC5 		.ascii	"\023r\016\305\243\263`-`\177\2005\203\235\007\273\200"
ARM GAS  /tmp/ccPpEtOn.s 			page 7


  98      A3B3602D 
  98      607F8035 
  98      839D07BB 
  98      80
  99 0266 E2D930D0 		.ascii	"\342\3310\320\211\361\214\270\025\004\3210\3017,\201"
  99      89F18CB8 
  99      1504D130 
  99      C1372C81 
 100 0276 EF4B96D3 		.ascii	"\357K\226\323\2667g&\212I\010\227\011]\206\004\377;"
 100      B6376726 
 100      8A490897 
 100      095D8604 
 100      FF3B
 101 0288 598E2912 		.ascii	"Y\216)\022]\202\240\312\340h\322\314\376\321\2741\331"
 101      5D82A0CA 
 101      E068D2CC 
 101      FED1BC31 
 101      D9
 102 0299 F6011EE6 		.ascii	"\366\001\036\346\343\342\231\314;\021\201\307\270\263"
 102      E3E299CC 
 102      3B1181C7 
 102      B8B3
 103 02a7 E752FE77 		.ascii	"\347R\376w\370\025\177\336\326t\244]\311\346\3503\352"
 103      F8157FDE 
 103      D674A45D 
 103      C9E6E833 
 103      EA
 104 02b8 8E34FF93 		.ascii	"\2164\377\223\255\304\333dlo\240q\230\310\330^\012\270"
 104      ADC4DB64 
 104      6C6FA071 
 104      98C8D85E 
 104      0AB8
 105 02ca 8AFECEDB 		.ascii	"\212\376\316\333E\321(>\006&\214\016\030\361\\)_G\240"
 105      45D1283E 
 105      06268C0E 
 105      18F15C29 
 105      5F47A0
 106 02dd B554C235 		.ascii	"\265T\3025\220\320\016k\240\240\277$'&\255\330\015\200"
 106      90D00E6B 
 106      A0A0BF24 
 106      2726ADD8 
 106      0D80
 107 02ef 32B6D7EE 		.ascii	"2\266\327\356+\367\026\224{\035J\273\011v\003\354o_"
 107      2BF71694 
 107      7B1D4ABB 
 107      097603EC 
 107      6F5F
 108 0301 893485B3 		.ascii	"\2114\205\263l\221/\301\225\320\004\323\006\2158O\371"
 108      6C912FC1 
 108      95D004D3 
 108      068D384F 
 108      F9
 109 0312 817F8602 		.ascii	"\201\177\206\002\257\242\351\310J?\262-\024\331$\321"
 109      AFA2E9C8 
 109      4A3FB22D 
 109      14D924D1 
 110 0322 CC1AFC73 		.ascii	"\314\032\374s9=\315\3660\247\211J\236W\326(q6k\224\314"
ARM GAS  /tmp/ccPpEtOn.s 			page 8


 110      393DCDF6 
 110      30A7894A 
 110      9E57D628 
 110      71366B94 
 111 0337 BD734FB5 		.ascii	"\275sO\265<\344h\375\205\242\273P\337\177\325\312\262"
 111      3CE468FD 
 111      85A2BB50 
 111      DF7FD5CA 
 111      B2
 112 0348 BD82E3BC 		.ascii	"\275\202\343\274\003\300\333\301\343l\227\034g\323\353"
 112      03C0DBC1 
 112      E36C971C 
 112      67D3EB
 113 0357 22973AC6 		.ascii	"\"\227:\306\227\302\371\256\024BX~\010\357pT\326\251"
 113      97C2F9AE 
 113      1442587E 
 113      08EF7054 
 113      D6A9
 114 0369 343B833F 		.ascii	"4;\203?\200\350\236\344S\020P\007\322P$]\351\237\301"
 114      80E89EE4 
 114      53105007 
 114      D250245D 
 114      E99FC1
 115 037c EB9EEBF2 		.ascii	"\353\236\353\362\271\205,\231\203\314\222\243\2249\022"
 115      B9852C99 
 115      83CC92A3 
 115      943912
 116 038b EC7D3417 		.ascii	"\354}4\027\356\337\3129sO\223{ \032\027\360\231\251"
 116      EEDFCA39 
 116      734F937B 
 116      201A17F0 
 116      99A9
 117 039d CA2F722B 		.ascii	"\312/r+\343\016\022\347\261\321\272\035\007q\021qn'"
 117      E30E12E7 
 117      B1D1BA1D 
 117      07711171 
 117      6E27
 118 03af 535E2F62 		.ascii	"S^/bA\2503P\232@\237\2316\324\205\342 \320Y\223\365"
 118      41A83350 
 118      9A409F99 
 118      36D485E2 
 118      20D05993 
 119 03c4 4C8E6B38 		.ascii	"L\216k8\213\247\277a\034\003\213\207\214N]\034Z\236"
 119      8BA7BF61 
 119      1C038B87 
 119      8C4E5D1C 
 119      5A9E
 120 03d6 EFC87311 		.ascii	"\357\310s\021\217\327\273\200\263x$,\036?K7c\251(\316"
 120      8FD7BB80 
 120      B378242C 
 120      1E3F4B37 
 120      63A928CE 
 121 03ea BDA1C49D 		.ascii	"\275\241\304\235\234\245bw\337\330\014\306r\354\366"
 121      9CA56277 
 121      DFD80CC6 
 121      72ECF6
 122 03f9 50695411 		.ascii	"PiT\021)\221j\351\221\260\364\370Y\0360\226\206\233"
ARM GAS  /tmp/ccPpEtOn.s 			page 9


 122      29916AE9 
 122      91B0F4F8 
 122      591E3096 
 122      869B
 123 040b D91E251E 		.ascii	"\331\036%\036\343,c\205w&T\234\345\325e\267,\204\245"
 123      E32C6385 
 123      7726549C 
 123      E5D565B7 
 123      2C84A5
 124 041e 57C2D2EB 		.ascii	"W\302\322\353g\351c,\371w'\366c\271\214\367\224v\213"
 124      67E9632C 
 124      F97727F6 
 124      63B98CF7 
 124      94768B
 125 0431 92ED77F4 		.ascii	"\222\355w\364i\336\331\327\001\326\327~\344ol\331\255"
 125      69DED9D7 
 125      01D6D77E 
 125      E46F6CD9 
 125      AD
 126 0442 7A253E88 		.ascii	"z%>\210\231\214s\325\345]\012.c\274\257Z#\221\001Qh"
 126      998C73D5 
 126      E55D0A2E 
 126      63BCAF5A 
 126      23910151 
 127 0457 502263D0 		.ascii	"P\"c\320/\343!\223\221\2337\002\277\322\225\234\245"
 127      2FE32193 
 127      919B3702 
 127      BFD2959C 
 127      A5
 128 0468 E374F7B3 		.ascii	"\343t\367\263h\3162\321V\037\035R\314#\011\313#?\313"
 128      68CE32D1 
 128      561F1D52 
 128      CC2309CB 
 128      233FCB
 129 047b 1063B935 		.ascii	"\020c\2715\320[\214\3610g\351\255yyM\263\260\204\214"
 129      D05B8CF1 
 129      3067E9AD 
 129      79794DB3 
 129      B0848C
 130 048e 92D1F1F3 		.ascii	"\222\321\361\363G5\247\266\223\346,B\246>\367b6T\303"
 130      4735A7B6 
 130      93E62C42 
 130      A63EF762 
 130      3654C3
 131 04a1 9C46F2AD 		.ascii	"\234F\362\255\017s24\202\026Bx\347\276\246\235\362i"
 131      0F733234 
 131      82164278 
 131      E7BEA69D 
 131      F269
 132 04b3 A3489307 		.ascii	"\243H\223\007\333\360\3307\212\217\331(\026\2254\346"
 132      DBF0D837 
 132      8A8FD928 
 132      169534E6 
 133 04c3 464D430F 		.ascii	"FMC\017LC?\361\241\351\252X\275\356\353\270da\266\315"
 133      4C433FF1 
 133      A1E9AA58 
 133      BDEEEBB8 
ARM GAS  /tmp/ccPpEtOn.s 			page 10


 133      6461B6CD 
 134 04d7 9EBE2C49 		.ascii	"\236\276,I\273\331b2km\006{\246Ek\217\3144e\330\341"
 134      BBD96232 
 134      6B6D067B 
 134      A6456B8F 
 134      CC3465D8 
 135 04ec 9D5DADD5 		.ascii	"\235]\255\325\372\037?\0253mVQgM_\222a\3160,1\3506\232"
 135      FA1F3F15 
 135      336D5651 
 135      674D5F92 
 135      61CE302C 
 136 0504 4453466A 		.ascii	"DSFjZ\246\336 \246\353R\215\246\014\203\250\325\033"
 136      5AA6DE20 
 136      A6EB528D 
 136      A60C83A8 
 136      D51B
 137 0516 36E932D3 		.ascii	"6\3512\323\354Z\373V\213\301\226h\024\026\275'\310\266"
 137      EC5AFB56 
 137      8BC19668 
 137      1416BD27 
 137      C8B6
 138 0528 D5266A6D 		.ascii	"\325&jmv=\360\0032\"\335\2547X\025f\032iU\232m\026\203"
 138      763DF003 
 138      3222DDAC 
 138      37581566 
 138      1A69559A 
 139 053f 416F8DB0 		.ascii	"Ao\215\260dZ\364Vl\326[\345\272M\3264z3.KL\024\223\215"
 139      645AF456 
 139      6CD65BE5 
 139      BA4DD634 
 139      7A332E4B 
 140 0557 A68DA6F5 		.ascii	"\246\215\246\365\033D\263M4\352\322D\213\331j\267\211"
 140      1B44B34D 
 140      34EAD244 
 140      8BD96AB7 
 140      89
 141 0568 1BBEFA72 		.ascii	"\033\276\372rY\222\270v\355Jqu\312\232\365\337'\211"
 141      5992B876 
 141      ED4A7175 
 141      CA9AF5DF 
 141      2789
 142 057a 165D9A36 		.ascii	"\026]\2326-M\017\344\212\224\025+uv\235\"\345\013\276"
 142      2D4D0FE4 
 142      8A94152B 
 142      75769D22 
 142      E50BBE
 143 058d 24F36515 		.ascii	"$\363e\025]T)+\326&\23336\2316+\201kM\206\311\036\373"
 143      5D54292B 
 143      D6269B33 
 143      3699362B 
 143      816B4D86 
 144 05a4 76069B35 		.ascii	"v\006\2335\225\256\211\251\202\302f\247\230\005oc\002"
 144      95AE89A9 
 144      82C266A7 
 144      98056F63 
 144      02
 145 05b5 75D17254 		.ascii	"u\321rT\033\315:\253\236\"\325\211\"{\2462l\354\315"
ARM GAS  /tmp/ccPpEtOn.s 			page 11


 145      1BCD3AAB 
 145      9E22D589 
 145      227BA632 
 145      6CECCD
 146 05c8 C2F7C41A 		.ascii	"\302\367\304\032\254&Hc\024fj}\352\265&\210\320\030"
 146      AC264863 
 146      14666A7D 
 146      EAB52688 
 146      D018
 147 05da 254ED2FB 		.ascii	"%N\322\373\033\300\356\253\226n\331\"\032\003\365\317"
 147      1BC0EEAB 
 147      966ED922 
 147      1A03F5CF 
 148 05ea A664FEB3 		.ascii	"\246d\376\263Ie\305\376\013\002\306m\330"
 148      4965C5FE 
 148      0B02C66D 
 148      D8
 149              		.text
 150              		.section	.gnu.lto_.symtab.5d50b4d15d4626f4,"",%progbits
 151 0000 68616C49 		.ascii	"halInit\000\000\000\000\000\000\000\000\000\000\000"
 151      6E697400 
 151      00000000 
 151      00000000 
 151      0000
 152 0012 00DF0000 		.ascii	"\000\337\000\000\000pal_default_config\000\000\002\000"
 152      0070616C 
 152      5F646566 
 152      61756C74 
 152      5F636F6E 
 153 002d 00000000 		.ascii	"\000\000\000\000\000\000\000\000\355\000\000\000stI"
 153      00000000 
 153      ED000000 
 153      737449
 154 003c 6E697400 		.ascii	"nit\000\000\002\000\000\000\000\000\000\000\000\000"
 154      00020000 
 154      00000000 
 154      000000
 155 004b E1000000 		.ascii	"\341\000\000\000boardInit\000\000\002\000\000\000\000"
 155      626F6172 
 155      64496E69 
 155      74000002 
 155      00000000 
 156 005f 00000000 		.ascii	"\000\000\000\000\000\343\000\000\000sdInit\000\000\002"
 156      00E30000 
 156      00736449 
 156      6E697400 
 156      0002
 157 0071 00000000 		.ascii	"\000\000\000\000\000\000\000\000\000\345\000\000\000"
 157      00000000 
 157      00E50000 
 157      00
 158 007e 5F70616C 		.ascii	"_pal_lld_init\000\000\002\000\000\000\000\000\000\000"
 158      5F6C6C64 
 158      5F696E69 
 158      74000002 
 158      00000000 
 159 0095 0000E900 		.ascii	"\000\000\351\000\000\000hal_lld_init\000\000\002\000"
ARM GAS  /tmp/ccPpEtOn.s 			page 12


 159      00006861 
 159      6C5F6C6C 
 159      645F696E 
 159      69740000 
 160 00ab 00000000 		.ascii	"\000\000\000\000\000\000\000\000\353\000\000\000"
 160      00000000 
 160      EB000000 
 161              		.text
 162              		.section	.gnu.lto_.opts,"",%progbits
 163 0000 272D666E 		.ascii	"'-fno-trapv' '-mcpu=cortex-m0' '-mno-thumb-interwor"
 163      6F2D7472 
 163      61707627 
 163      20272D6D 
 163      6370753D 
 164 0033 6B272027 		.ascii	"k' '-mthumb' '-ggdb' '-O2' '-fomit-frame-pointer' '"
 164      2D6D7468 
 164      756D6227 
 164      20272D67 
 164      67646227 
 165 0066 2D66616C 		.ascii	"-falign-functions=16' '-ffunction-sections' '-fdata"
 165      69676E2D 
 165      66756E63 
 165      74696F6E 
 165      733D3136 
 166 0099 2D736563 		.ascii	"-sections' '-fno-common' '-flto'\000"
 166      74696F6E 
 166      73272027 
 166      2D666E6F 
 166      2D636F6D 
 167              		.text
 168              		.comm	__gnu_lto_v1,1,1
 169              		.comm	__gnu_lto_slim,1,1
 170              		.ident	"GCC: (GNU Tools for ARM Embedded Processors) 4.9.3 20150529 (release) [ARM/embedded-4_9-br
ARM GAS  /tmp/ccPpEtOn.s 			page 13


DEFINED SYMBOLS
                            *ABS*:0000000000000000 hal.c
                            *COM*:0000000000000001 __gnu_lto_v1
                            *COM*:0000000000000001 __gnu_lto_slim

NO UNDEFINED SYMBOLS
