ARM GAS  /tmp/cc8qWsPw.s 			page 1


   1              		.cpu cortex-m0
   2              		.fpu softvfp
   3              		.eabi_attribute 20, 1
   4              		.eabi_attribute 21, 1
   5              		.eabi_attribute 23, 3
   6              		.eabi_attribute 24, 1
   7              		.eabi_attribute 25, 1
   8              		.eabi_attribute 26, 1
   9              		.eabi_attribute 30, 2
  10              		.eabi_attribute 34, 0
  11              		.eabi_attribute 18, 4
  12              		.code	16
  13              		.file	"hal_lld.c"
  14              		.text
  15              	.Ltext0:
  16              		.section	.gnu.lto_.profile.cd091a889e2664b8,"",%progbits
  17 0000 789C6366 		.ascii	"x\234cf```a\200\000F\206\274$\000\001\262\000\331"
  17      60606061 
  17      80004686 
  17      BC240001 
  17      B200D9
  18              		.text
  19              		.section	.gnu.lto_.jmpfuncs.cd091a889e2664b8,"",%progbits
  20 0000 789C6366 		.ascii	"x\234cf\300\016x\24043\0203\0021\023\020\003\000\001"
  20      C00E78A0 
  20      34331033 
  20      02311310 
  20      030001
  21 0013 D40016   		.ascii	"\324\000\026"
  22              		.text
  23              		.section	.gnu.lto_.inline.cd091a889e2664b8,"",%progbits
  24 0000 789C6366 		.ascii	"x\234cf\300\016\\\24143\003\203\230\020#\003\223\332"
  24      C00E5CA1 
  24      34330383 
  24      98102303 
  24      93DA
  25 0012 89DF8C0C 		.ascii	"\211\337\214\014l\013\344\231@\202\214\014\202\222@"
  25      6C0BE499 
  25      40828C0C 
  25      829240
  26 0021 31A909A7 		.ascii	"1\251\011\247\221\304\270\200\004\023\303A\206\333L"
  26      91C4B880 
  26      0413C341 
  26      86DB4C
  27 0030 40A99A15 		.ascii	"@\251\232\025\023\264\340R\014\000[\204\011\346"
  27      13B4E052 
  27      0C005B84 
  27      09E6
  28              		.text
  29              		.section	.gnu.lto_.pureconst.cd091a889e2664b8,"",%progbits
  30 0000 789C6366 		.ascii	"x\234cf```g\200\000f\006)F)&)\000\001\274\000_"
  30      60606067 
  30      80006606 
  30      29462926 
  30      290001BC 
  31              		.text
  32              		.section	.gnu.lto_hal_lld_backup_domain_init.cd091a889e2664b8,"",%progbits
ARM GAS  /tmp/cc8qWsPw.s 			page 2


  33 0000 789C9D53 		.ascii	"x\234\235SMHTQ\024>\347\276\237\031\235Q\306\"\020\203"
  33      4D485451 
  33      143EE7BE 
  33      9F199D51 
  33      C6221083 
  34 0014 5ABA1A5F 		.ascii	"Z\272\032_X\013Wm\012WE\013\333G?\013\005\301\310\026"
  34      580B576D 
  34      0A57450B 
  34      DB473F0B 
  34      05C1C816 
  35 0028 EEBC9353 		.ascii	"\356\274\223S\024\224YPD!\030\241ij\243V\232?\351de"
  35      14945950 
  35      442118A1 
  35      696AA356 
  35      9A3FE964 
  36 003d 1151987F 		.ascii	"\021Q\230\177\345\242?G\310\335\233Jj\002\261s\356\035"
  36      E5A23F47 
  36      C8DD9B4A 
  36      6A02B173 
  36      EE1D
  37 004f 7D6910EA 		.ascii	"}i\020\352\300\234\373\346\3343\337\367\235\357\234"
  37      C09CFBE6 
  37      DC33DFF7 
  37      9DEF9C
  38 005e 67C0BF9F 		.ascii	"g\300\277\237}\364\2351\001v\321\211>@Q\367\032 \342"
  38      7DF49D31 
  38      0176D189 
  38      3E4051F7 
  38      1A20E2
  39 0071 17C26828 		.ascii	"\027\302h(\002\231i\272[@\006\0154u\332\024\326\270"
  39      029969BA 
  39      5B40060D 
  39      3475DA14 
  39      D6B8
  40 0083 43697B60 		.ascii	"Ci{`\033\245-\264u\332F\344\007@\250\026\206i\331X\215"
  40      1BA52DB4 
  40      75DA46E4 
  40      0740A816 
  40      8669D958 
  41 0098 732229B0 		.ascii	"s\")\260.\336z-\220\337(\245t\277\264\373N\347\246\004"
  41      2EDE7A2D 
  41      90DF28A5 
  41      74BFB4FB 
  41      4EE7A604 
  42 00ac C077A189 		.ascii	"\300w\241\211\3616\346\003\325$\243\013S\001;J5!}\207"
  42      F136E603 
  42      D524A30B 
  42      53013B4A 
  42      35217D87 
  43 00c0 CD68239D 		.ascii	"\315h#\235\261Mq\271\270x+\326\326cn6!%\320\342\340"
  43      B14D71B9 
  43      B8782BD6 
  43      D6636E36 
  43      2125D0E2 
  44 00d5 E3E0E710 		.ascii	"\343\340\347\020\340\020\344\220\305!\233C\210C\016"
  44      E010E490 
  44      C5219B43 
ARM GAS  /tmp/cc8qWsPw.s 			page 3


  44      88430E
  45 00e4 07800481 		.ascii	"\007\200\004\201\261\252Y!\3704\246q\270;9\260\225\341"
  45      B1AA5921 
  45      F834A671 
  45      B83B39B0 
  45      95E1
  46 00f6 7F0A9398 		.ascii	"\177\012\223\230k\336\216\355\375*RB\310O\021i\262\226"
  46      6BDE8EED 
  46      FD2A5242 
  46      C84F1169 
  46      B296
  47 0108 8F8937A3 		.ascii	"\217\2117\243~\225\002\3769\325w\356\263]\21770%\014"
  47      7E9502FE 
  47      39D577EE 
  47      B35D8F37 
  47      30250C
  48 011b 6CC13CBC 		.ascii	"l\301<\274\203y\352\242\353Jb\"3\334*\243\021\177J\230"
  48      8379EAA2 
  48      EB4A6222 
  48      33DC2AA3 
  48      117F4A98 
  49 012f D88AF5F8 		.ascii	"\330\212\365\370M\265\205m\030\206i\254\371ak\032K3"
  49      4DB5856D 
  49      188669AC 
  49      F9616B1A 
  49      4B33
  50 0141 F5BF6A89 		.ascii	"\365\277j\211\011\306E)\000\333\011\205\304\\F\256Y"
  50      09C64529 
  50      00DB0985 
  50      C45C46AE 
  50      59
  51 0152 07CD5D8F 		.ascii	"\007\315]\217&\206a\002g\224\356K\2735\225\217\376\360"
  51      26866102 
  51      6794EE4B 
  51      BB35958F 
  51      FEF0
  52 0164 F245636F 		.ascii	"\362Eco\006\363X\262\341\354\252\226,\005y\252\351f"
  52      06F358B2 
  52      E1ECAA96 
  52      2C0579AA 
  52      E966
  53 0176 9F5F73D9 		.ascii	"\237_s\331\330A\\\235i\256\231\337\327g\003\314\205"
  53      D8415C9D 
  53      69AE99DF 
  53      D76703CC 
  53      85
  54 0187 4CD5A5A8 		.ascii	"L\325\245\250x\012xOw\364\353\314\270\320D~\315527X"
  54      780A784F 
  54      77F4EBCC 
  54      B8D0447E 
  54      CD353237 
  55 019c 1BD43DD9 		.ascii	"\033\324=\331\200\367\011f\002\243\357k\362\322ETq\321"
  55      80F70966 
  55      02A3EF6B 
  55      F2D24554 
  55      71D1
  56 01ae 1DBD90A1 		.ascii	"\035\275\220\241+L\300\007L\004<\016\003\032\212x\032"
ARM GAS  /tmp/cc8qWsPw.s 			page 4


  56      2B4CC007 
  56      4C043C0E 
  56      031A8A78 
  56      1A
  57 01bf 6EC7D0F6 		.ascii	"n\307\320\366\264\005K\262\"R\306s\377/\255\333\223"
  57      B4054BB2 
  57      2252C673 
  57      FF2FADDB 
  57      93
  58 01d0 D68361BA 		.ascii	"\326\203a\272\276:\337\334bk\032\346y\250\335u\335\215"
  58      BE3ADFDC 
  58      626B1AE6 
  58      79A8DD75 
  58      DD8D
  59 01e2 80F77AE0 		.ascii	"\200\367z\340}\012|\331>zE\260_\2650K\317K\373\3249"
  59      7D0A7CD9 
  59      3E7A45B0 
  59      5FB5304B 
  59      CF4BFBD4 
  60 01f7 D169E886 		.ascii	"\321i\350\206\003k7w\300#y\264\332\334\240FZ\030\253"
  60      036B3777 
  60      C02379B4 
  60      DADCA046 
  60      5A18AB
  61 020a 7503E99E 		.ascii	"u\003\351\236hc\006\265\273\357\226\334\015RI\244\251"
  61      686306B5 
  61      BBEF96DC 
  61      0D5249A4 
  61      A9
  62 021b FFBC4F95 		.ascii	"\377\274O\225\020\316\320\262\271\026\214;Z\332d2--"
  62      10CED0B2 
  62      B9168C3B 
  62      5ADA6432 
  62      2D2D
  63 022d 6B4DD2F4 		.ascii	"kM\322\364\216\305=m\217W\256r6\001\251!\376\275\272"
  63      8EC53D6D 
  63      8F57AE72 
  63      3601A921 
  63      FEBDBA
  64 0240 6B851DF6 		.ascii	"k\205\035\366`\237\360\352f\253\325\035\235B\215\035"
  64      609FF0EA 
  64      66ABD51D 
  64      9D428D1D 
  65 0250 5A07D453 		.ascii	"Z\007\324S\017\352\331J\2059\004\244\254\332\210\302"
  65      0FEAD94A 
  65      853904A4 
  65      ACDA88C2 
  66 0260 110FF639 		.ascii	"\021\017\3669+\314Qn\332j\322\0370\022\237/f@\3668A"
  66      2BCC516E 
  66      DA6AD21F 
  66      30129F2F 
  66      6640F638 
  67 0275 5594A517 		.ascii	"U\224\245\027\261\260\240\300\331SZv\244\354@\211SQ"
  67      B1B0A0C0 
  67      D9535A76 
  67      A4EC4089 
  67      5351
ARM GAS  /tmp/cc8qWsPw.s 			page 5


  68 0287 E9941E2E 		.ascii	"\351\224\036.w\216W\2348Y\351\224\034\334\277\263P\307"
  68      778E579C 
  68      3859E994 
  68      1CDCBFB3 
  68      50C7
  69 0299 E21D5555 		.ascii	"\342\035UU|s\250\274\374X\301Q\370\003\035\011\272,"
  69      7C73A8BC 
  69      FC58C151 
  69      F8031D09 
  69      BA2C
  70              		.text
  71              		.section	.gnu.lto_hal_lld_init.cd091a889e2664b8,"",%progbits
  72 0000 789C9D93 		.ascii	"x\234\235\223\317O\023A\024\307\337w\266m\266\224\006"
  72      CF4F1341 
  72      14C7DF77 
  72      B66DB694 
  72      06
  73 0011 E289F41F 		.ascii	"\342\211\364\037\340\264]\003\376\007$\336\010\007<"
  73      E0B45D03 
  73      FE0724DE 
  73      08073C
  74 0020 7833FE38 		.ascii	"x3\3768@\322\004\002\036\270\020\246\245&\234\010x2"
  74      40D20402 
  74      1EB810A6 
  74      A5269C08 
  74      7832
  75 0032 024613F1 		.ascii	"\002F\023\361W\025\374E\025\360\307\212\232\250\007"
  75      5715FC45 
  75      15F0C78A 
  75      9AA807
  76 0041 0DD1C404 		.ascii	"\015\321\304\004\010\036J\211F\017VL\314j\232:o\306"
  76      081E4A89 
  76      460F564C 
  76      CC6A9A3A 
  76      6FC6
  77 0053 66359EB6 		.ascii	"f5\236\266\223\354\233\335\2357\237\367\276\363\346"
  77      93EC9BDD 
  77      9D379FF7 
  77      BEF3E6
  78 0062 59F4FF48 		.ascii	"Y\364\377H\251\347p\204\350\200\232a\021\304\324k\242"
  78      A9E77084 
  78      E8809A61 
  78      11C4D46B 
  78      A2
  79 0073 AC2D007E 		.ascii	"\254-\000~!\320\230\300\030>\211\212\300\224W8\223h"
  79      21D098C0 
  79      183E898A 
  79      C0945738 
  79      9368
  80 0085 9F97527E 		.ascii	"\237\227R~\315\371m\247\332|A\264'\014\006\227\321N"
  80      CDF96DA7 
  80      DA7C41B4 
  80      270C0697 
  80      D14E
  81 0097 CAA792AF 		.ascii	"\312\247\222\257\276O\304\362\312\247\325\254\341\012"
  81      BE4FC4F2 
  81      CAA7D5AC 
ARM GAS  /tmp/cc8qWsPw.s 			page 6


  81      E10A
  82 00a5 6250F3E2 		.ascii	"bP\363\342>O\326j\245\331\255j\244U\220/\020ec\263\211"
  82      3E4FD66A 
  82      A5D9AD6A 
  82      A455902F 
  82      106563B3 
  83 00ba B3696693 		.ascii	"\263if\223dC\264\2436r\364\262\020<[\033X+V\312\235"
  83      6443B4A3 
  83      3672F4B2 
  83      103C5B1B 
  83      582B56CA 
  84 00cf 8CFA2138 		.ascii	"\214\372!8\223W/\346\227\343\037\205/\204<?!#\034\370"
  84      93572FE6 
  84      97E31F85 
  84      2F843C3F 
  84      21231CF8 
  85 00e3 C3CE9B75 		.ascii	"\303\316\233u[\377\"\376\314]\272\260b\317a\006\276"
  85      5BFF22FE 
  85      CC5DBAB0 
  85      62CF6106 
  85      BE
  86 00f4 B0701529 		.ascii	"\260p\025)\\CJ/\224~\236-'\234\202\314gm_DP\300\034"
  86      5C434A2F 
  86      947E9E2D 
  86      279C82CC 
  86      676D5F44 
  87 010b BE690DB8 		.ascii	"\276i\015\270\016\207T\244A\016\023\202p# ,\300\341"
  87      0E8754A4 
  87      410E1382 
  87      7023202C 
  87      C0E1
  88 011d 4C66FC8B 		.ascii	"Lf\374\213:9\324\324h!,\252\215\241\300`\356\315\200"
  88      3A39D4D4 
  88      68212CAA 
  88      8DA1C060 
  88      EECD80
  89 0130 7BCB70EB 		.ascii	"{\313p\353\012U\265p\3330\213\323\273\2269\226h\210"
  89      0A55B570 
  89      DB308BD3 
  89      BB963996 
  89      6888
  90 0142 94EF6834 		.ascii	"\224\357h4W\005w\033\023\275\024\020\212p\032Tx/\200"
  90      5705771B 
  90      13BD1410 
  90      8A701A54 
  90      782F80
  91 0155 DC5790BA 		.ascii	"\334W\220\272\244\365\272$;DB\313\232\245/\334\212\226"
  91      A4F5BA24 
  91      3B4442CB 
  91      9AA52FDC 
  91      8A96
  92 0167 34FE3D66 		.ascii	"4\376=f(q\003z\267\375\271\326T\257JUUe\325\204;\215"
  92      2871037A 
  92      B7FDB9D6 
  92      54AF4A55 
  92      5565D584 
  93 017d 90D21F04 		.ascii	"\220\322\037\004\221\036\302Q\374\006\224?\012\030\217"
ARM GAS  /tmp/cc8qWsPw.s 			page 7


  93      911EC251 
  93      FC06943F 
  93      0A188F
  94 018c FF523EFD 		.ascii	"\377R>\375\345\217\362\346\020\371x\232e1\353\311\277"
  94      E58FF2E6 
  94      10F9789A 
  94      6531EBC9 
  94      BF
  95 019d CA9306F4 		.ascii	"\312\223\006\3642W*'\264r\325\225\022\204\265\006\225"
  95      32572A27 
  95      B472D595 
  95      1284B506 
  95      95
  96 01ae 3F0D223D 		.ascii	"?\015\"=c\345I\332\302\270Wla\014\273\237{;\271 F\177"
  96      63E549DA 
  96      C2B8576C 
  96      610CBB9F 
  96      7B3BB920 
  97 01c4 C909A9DC 		.ascii	"\311\011\251\334\243{\\Y<\307\250\352\351\030m#\353"
  97      A37B5C59 
  97      3CC7A8EA 
  97      E9186D23 
  97      EB
  98 01d5 6DF6684F 		.ascii	"m\366hO\342\006\0077\266:\200\216t\332\355\352\353?"
  98      E2060737 
  98      B63A808E 
  98      74DAEDEA 
  98      EB3F
  99 01e7 D6DFD3EB 		.ascii	"\326\337\323\353\016\014\273}G3\356\340\300\320\311"
  99      0E0CBB7D 
  99      4733EEE0 
  99      C0D0C9
 100 01f6 61B7F750 		.ascii	"a\267\367Pwg\207\261\007\367\217\214\360\312\221L\346"
 100      776787B1 
 100      07F78F8C 
 100      F0CA914C 
 100      E6
 101 0207 44FA38FD 		.ascii	"D\3728\375\006l\245\204\200"
 101      066CA584 
 101      80
 102              		.text
 103              		.section	.gnu.lto_stm32_clock_init.cd091a889e2664b8,"",%progbits
 104 0000 789C9D57 		.ascii	"x\234\235W]L\233U\030>\357i\373\365\243\277\320B!02"
 104      5D4C9B55 
 104      183EEF69 
 104      FBF5A3BF 
 104      D0422130 
 105 0015 2E462023 		.ascii	".F #m\011\352\275\215\211w\306\213\031o\215?1[B2\343"
 105      6D09EABD 
 105      8D8977C6 
 105      8B196F8D 
 105      3F315B42 
 106 002b BCD8DD3E 		.ascii	"\274\330\335>~F$\341b\231q13,3qs\223\315\001n(\303\037"
 106      7E4624E1 
 106      62997131 
 106      332C3371 
 106      7393CD01 
ARM GAS  /tmp/cc8qWsPw.s 			page 8


 107 0043 9CFC6C53 		.ascii	"\234\374lS@&\310`s\323\321O\3011WX\021\272\014\353y"
 107      4026C860 
 107      73D3D14F 
 107      C1315758 
 107      11BA0CEB 
 108 0058 CFF9BE9E 		.ascii	"\317\371\276\236\266$\246-\027\317)\347=}\316{\236\367"
 108      B624A62D 
 108      17CF29E7 
 108      3D7DCE7B 
 108      9EF7
 109 006a 39EFF7D5 		.ascii	"9\357\367\325B\266\377=\013\204\350nB\236f\237\241\202"
 109      42B6FF3D 
 109      0B84E86E 
 109      429E669F 
 109      A182
 110 007c 003D3249 		.ascii	"\000=2IH\213J\301\">Xhy\3278!\232\303\332n'\232\253"
 110      488B4AC1 
 110      223E5868 
 110      79D73821 
 110      9AC3DA6E 
 111 0093 5CCC47AC 		.ascii	"\\\314G\254`\023q\033\015\210\270\302\343\0011\037Q"
 111      6013711B 
 111      0D88B8C2 
 111      E301311F 
 111      51
 112 00a4 C02EE276 		.ascii	"\300.\342vZ&\342*\217\227\211\371\210\012E\"^DKE\334"
 112      5A26E22A 
 112      8F9789F9 
 112      880A4522 
 112      5E444B45 
 113 00b9 C1E3A562 		.ascii	"\301\343\245b>\342\000\247\210;\251_\304]<\356\027\363"
 113      3EE200A7 
 113      883BA95F 
 113      C45D3CEE 
 113      17F3
 114 00cb 1117B845 		.ascii	"\021\027\270E\334M}\"\356\341q\237\230\217x\300+\342"
 114      DC4D7D22 
 114      EEE1719F 
 114      988F78C0 
 114      2BE2
 115 00dd 5E5A22E2 		.ascii	"^Z\"\342\305<^\"\346#\305\0008\022 \207\250\245\334"
 115      C53C5E22 
 115      E623C500 
 115      38122087 
 115      A8A5DC
 116 00f0 6A0B28F6 		.ascii	"j\013(\3662\265\250\324\341\364\273\334>\217\267\244"
 116      32B5A8D4 
 116      E1F4BBDC 
 116      3E8FB7A4 
 117 0100 180EA916 		.ascii	"\030\016\251\026\241\220M\014v1\024\211\301)\006\267"
 117      A1904D0C 
 117      76311489 
 117      C12906B7 
 118 0110 18BC6258 		.ascii	"\030\274bX\246\253\024\216\014\367|\340\254;\245iZ\354"
 118      A6AB148E 
 118      0CF77CE0 
 118      AC3BA569 
ARM GAS  /tmp/cc8qWsPw.s 			page 9


 118      5AEC
 119 0122 5EB2E270 		.ascii	"^\262\342pE\202\022\362\210\212\005\360\011\324\021"
 119      458212F2 
 119      888A05F0 
 119      09D411
 120 0131 B666B57D 		.ascii	"\266f\265}k\316\251\264\2635\305\"\006g@a\205 \027|"
 120      6BCEA9B4 
 120      B335C522 
 120      06674061 
 120      8520177C 
 121 0145 C35A32B9 		.ascii	"\303Z2\271x\342\366%[\023%\011V\005\004\033\202\202"
 121      78E2F625 
 121      5B132509 
 121      5605041B 
 121      8282
 122 0157 60475011 		.ascii	"`GP\021\034\010.\0047\202\007\301\213\340C\360#\224"
 122      1C082E04 
 122      378207C1 
 122      8BE043F0 
 122      2394
 123 0169 210410CA 		.ascii	"!\004\020\312\021*\020*\021\252\020v T#\354D\250A\330"
 123      112A102A 
 123      11AA1076 
 123      205423EC 
 123      44A841D8 
 124 017d 85508B50 		.ascii	"\205P\213P\207P\217\260\033\241\001!\210\020B\010#4"
 124      87508FB0 
 124      1BA10121 
 124      88104208 
 124      2334
 125 018f 22101265 		.ascii	"\"\020\022e\3713iuJ\331`Y\200+\003\253\243\027-x\240"
 125      F9336975 
 125      4AD96059 
 125      802B03AB 
 125      A3172D78 
 126 01a4 0D8A7A5C 		.ascii	"\015\212z\\\277zj\260h\211&(\325N\276\253Y\361\370w"
 126      BF7A6AB0 
 126      68892628 
 126      D54EBEAB 
 126      59F1F877 
 127 01b8 A353D32A 		.ascii	"\243S\323*\237\"\370o\353\351\217.\253\335\360!$\250"
 127      9F22F86F 
 127      EBE98F2E 
 127      ABDDF021 
 127      24A8
 128 01ca 05CE4225 		.ascii	"\005\316B%|\312\322\304\300\342\343\343\2723\330\243"
 128      7CCAD2C4 
 128      C0E2E3E3 
 128      BA33D8A3 
 129 01da B5B7A809 		.ascii	"\265\267\250\011j\205\036\350\2065\256$\234c\311,@["
 129      6A851EE8 
 129      8635AE24 
 129      9C63C92C 
 129      405B
 130 01ec 5C11FB58 		.ascii	"\\\021\373X\304V\343\335K\375V\344\005 p\236\221\260"
 130      C456E3DD 
 130      4BFD56E4 
ARM GAS  /tmp/cc8qWsPw.s 			page 10


 130      0520709E 
 130      91B0
 131 01fe 6C8E022E 		.ascii	"l\216\002.\311c\227\317\344.\027 \310\270\331'\235!"
 131      C96397CF 
 131      E42E1720 
 131      C8B8D927 
 131      9D21
 132 0210 B30B3F5D 		.ascii	"\263\013?]\337X\3348\235-'V@\322^I\332'R\337\354\210"
 132      DF58DC38 
 132      9D2D2756 
 132      40D25E49 
 132      DA2752DF 
 133 0226 52416330 		.ascii	"RAc0\035\237\323\343\026\236<%\320\317Xf\241\375f\333"
 133      1D9FD3E3 
 133      169E3C25 
 133      D0CF5866 
 133      A1FD66DB 
 134 023a 9BC61AB6 		.ascii	"\233\306\032\266\240\345\364P\227\235/`,\237\3436\004"
 134      A0E5F450 
 134      979D2F60 
 134      2C9FE336 
 134      04
 135 024b D52F27CC 		.ascii	"\325/'\314\337\240S\253)\177\337\304\214\221\240=\217"
 135      DFA053AB 
 135      297FDFC4 
 135      8C91A03D 
 135      8F
 136 025c 635FE419 		.ascii	"c_\344\031\242\007\341\222\221\241!\256*\210\364\311"
 136      A207E192 
 136      91A121AE 
 136      2A88F4C9 
 137 026c D64E37DF 		.ascii	"\326N7\337\376I2\231\364\022\030(P\340/\344N_\242\300"
 137      FE493299 
 137      F4121828 
 137      50E02FE4 
 137      4E5FA2C0 
 138 0280 2AB20C4C 		.ascii	"*\262\014LOX\305v\216<\250\006%\325e\236t\376\331\014"
 138      4F58C576 
 138      8E3CA806 
 138      25D5659E 
 138      74FED90C 
 139 0294 498AAF30 		.ascii	"I\212\2570\033\007/\267M\226{2j\250\351\312\275\334"
 139      1B072FB7 
 139      4D967B32 
 139      6AA8E9CA 
 139      BDDC
 140 02a6 5F4BD26F 		.ascii	"_K\322o\314r\257\030\345v\013\246\215\303\261N\007\227"
 140      CC72AF18 
 140      E5760BA6 
 140      8DC3B14E 
 140      0797
 141 02b8 D345E05B 		.ascii	"\323E\340[Q\356y\263\334\356\264\372\006\214\372*\251"
 141      51EE79B3 
 141      DCEEB4FA 
 141      068CFA2A 
 141      A9
 142 02c9 FACE98D7 		.ascii	"\372\316\230\327\313\223\3079\207\245\003\277\313\254"
ARM GAS  /tmp/cc8qWsPw.s 			page 11


 142      CB93C739 
 142      87A503BF 
 142      CBAC
 143 02d7 AF5710F5 		.ascii	"\257W\020\365o\365\276\347\344\011%\330\355\271R`q\277"
 143      6FF5BEE7 
 143      E40925D8 
 143      EDB95260 
 143      71BF
 144 02e9 97DB8CA0 		.ascii	"\227\333\214\240\234^d\211\305f\204%\323\210Z4mX\371"
 144      9C5E6489 
 144      C5668425 
 144      D3885A34 
 144      6D58F9
 145 02fc 7F1547A5 		.ascii	"\177\025G\245\212c\020L\357\033V65.2\034\350\323G\014"
 145      8A63104C 
 145      EF1B5636 
 145      352E321C 
 145      E8D3470C 
 146 0310 397C79E4 		.ascii	"9|y\344y\225s\363\326{-\263\227\370\031Q\301\315\343"
 146      799573F3 
 146      D67B2DB3 
 146      97F81951 
 146      C1CDE3
 147 0323 BAA4FD01 		.ascii	"\272\244\375\001\217\357\347n\262\247\334\264\252\233"
 147      8FEFE76E 
 147      B2A7DCB4 
 147      AA9B
 148 0331 CDA32C77 		.ascii	"\315\243,w7\375(I'\262\335\024`L\333\272E \315>e\206"
 148      37FD2849 
 148      27B2DD14 
 148      604CDBBA 
 148      4520CD3E 
 149 0347 7DD45477 		.ascii	"}\324Tw^1\365*\317\343`\2232\207\251L\275*\004\321\261"
 149      5E31F52A 
 149      CFE36093 
 149      3287A94C 
 149      BD2A04D1 
 150 035c F5336715 		.ascii	"\3653g\025n\037\2155y\370\251@\001\247\345>7P\300\012"
 150      6E1F8D35 
 150      79F8A940 
 150      01A7E53E 
 150      3750C00A 
 151 0370 2E6091BC 		.ascii	".`\221\274\216\017L\001+s\027\360gI:\223-`\225`:\261"
 151      8E0F4C01 
 151      2B7317F0 
 151      67493A93 
 151      2D609560 
 152 0386 79BED56A 		.ascii	"y\276\325j\244\257\022\230\315R\264*M\321RCQG\352B\306"
 152      A4AF1298 
 152      CD52B42A 
 152      4DD15243 
 152      5147EA42 
 153 039b 4D4577E4 		.ascii	"MEw\344q\322_xR\370t\201\271LE\253\031Q\301\016\274"
 153      71D25F78 
 153      52F87481 
 153      B94C45AB 
 153      1951C10E 
ARM GAS  /tmp/cc8qWsPw.s 			page 12


 154 03b0 2969E751 		.ascii	")i\347Q\300j.\240S:0n\366\263\235\271\013\270 Ioe?\276"
 154      C06A2EA0 
 154      533A306E 
 154      F6B39DB9 
 154      0BB82049 
 155 03c8 6A18D336 		.ascii	"j\030\3236\007\326\244\351\3457\364r\031z\305z7\242"
 155      07D6A4E9 
 155      E537F472 
 155      197AC57A 
 155      37A2
 156 03da 057483DB 		.ascii	"\005t\203\333\262\033\374\312\273\301\350\314\350\220"
 156      B21BFCCA 
 156      BBC1E8CC 
 156      E890
 157 03e8 8D77034D 		.ascii	"\215w\003M;\311Z\326\035\241X\254\367I!\364w9\275\025"
 157      3BC95AD6 
 157      1DA158AC 
 157      F74921F4 
 157      7739BD15 
 158 03fc E97F83A0 		.ascii	"\351\177\203\240\331]b\275\377\026B\366;'\303\027G\270"
 158      D95D62BD 
 158      FF1642F6 
 158      3B27C317 
 158      47B8
 159 040e 27C90656 		.ascii	"'\311\006VGf\015\355w\345Q\321E\331R\243\231F\251\025"
 159      47660DED 
 159      77E551D1 
 159      45D952A3 
 159      9946A915 
 160 0422 444707E7 		.ascii	"DG\007\347\273\034\206w\321\274z\201\326\371Cn\364'"
 160      BB1C8677 
 160      D1BC7A81 
 160      D6F9436E 
 160      F427
 161 0434 5AA7965B 		.ascii	"Z\247\226[\307-\357\336\350\272\221~]\356\326Y\222\244"
 161      C72DEFDE 
 161      E8BA917E 
 161      5DEED659 
 161      92A4
 162 0446 CBD9D6A9 		.ascii	"\313\331\326\251\027L\035SK\313\0263\377b\002\177e\231"
 162      174C1D53 
 162      4BCB1633 
 162      FF62027F 
 162      6599
 163 0458 A93ECD4C 		.ascii	"\251>\315L>\303L\036\323L\261q\335,\320V\347X\007\277"
 163      3EC34C1E 
 163      D34CB171 
 163      DD2CD056 
 163      E75807BF 
 164 046c C3366D38 		.ascii	"\3036m8\373M\323\306S\033\277q\277\317c\224\220\275"
 164      FB4DD3C6 
 164      531BBF71 
 164      BFCF6394 
 164      90BD
 165 047e 982B709F 		.ascii	"\230+p\237\345\275b\344\275\326\326\277\005\251\274"
 165      E5BD62E4 
 165      BDD6D6BF 
ARM GAS  /tmp/cc8qWsPw.s 			page 13


 165      05A9BC
 166 048d 1FF0BC15 		.ascii	"\037\360\274\025\314\373on\267\207\332\362\204\227\333"
 166      CCFB6F6E 
 166      B787DAF2 
 166      8497DB
 167 049c AD84C043 		.ascii	"\255\204\300C\363\3413iVtw\036B\307\244\225W3+\332\300"
 167      F3E13369 
 167      5674771E 
 167      42C7A495 
 167      57332BDA 
 168 04b1 88F8652A 		.ascii	"\210\370e*\244~k\222\366\021\326\257\201\327\317+\257"
 168      A47E6B92 
 168      F611D6AF 
 168      81D7CF2B 
 168      AF
 169 04c2 FEA46E24 		.ascii	"\376\244n$\033\314\275~qI\272\236\335;C\214i\333\273"
 169      1BCCBD7E 
 169      7149BA9E 
 169      DD3B438C 
 169      69DBBB
 170 04d5 4B88517C 		.ascii	"K\210Q|\374\376\261s\374j\262\337*\360O\252x%F\361\212"
 170      FCFEB173 
 170      FC6AB2DF 
 170      2AF04FAA 
 170      782546F1 
 171 04ea 53CFA2D9 		.ascii	"S\317\242\331g\304\227\302y\034s\203g\204?\307`3S\275"
 171      67C497C2 
 171      791C7383 
 171      67843FC7 
 171      603353BD 
 172 04fe 46465470 		.ascii	"FFTp\343LH\332\307\250^#\271\003-\303\267^F\032\221"
 172      E34C48DA 
 172      C7A85E23 
 172      B9032DC3 
 172      B75E461A 
 173 0513 3EB0B499 		.ascii	">\260\264\231\223\233B\241\360s{\367\275\266\357\305"
 173      939B42A1 
 173      F0737BF7 
 173      BDB6EFC5 
 174 0523 3DE1FD07 		.ascii	"=\341\375\007\302{_m\016\277\265\377\355w\016\204\367"
 174      C27B5F6D 
 174      0EBFB5FF 
 174      ED770E84 
 174      F7
 175 0534 BCF4C253 		.ascii	"\274\364\302SM\002\237o<x\020#\25747\277\021z\235\374"
 175      4D029F6F 
 175      3C781023 
 175      AF3437BF 
 175      117A9DFC 
 176 0548 070E17D1 		.ascii	"\007\016\027\321\333"
 176      DB
 177              		.text
 178              		.section	.gnu.lto_.symbol_nodes.cd091a889e2664b8,"",%progbits
 179 0000 789C6366 		.ascii	"x\234cf``pc\200\002\246m\214\365\014\014\023\31610\324"
 179      60607063 
 179      8002A66D 
 179      8CF50C0C 
ARM GAS  /tmp/cc8qWsPw.s 			page 14


 179      13CE3130 
 180 0015 D733CC5D 		.ascii	"\3273\314]\320\301\303\300\264\235\261\236\021&2o\001"
 180      D0C1C3C0 
 180      B49DB19E 
 180      1126326F 
 180      01
 181 0026 0703D30E 		.ascii	"\007\003\323\016\306z&d\001\326\255\214\014\013\231"
 181      C67A2664 
 181      01D6AD8C 
 181      0C0B99
 182 0035 EA199819 		.ascii	"\352\031\230\031\031\030\016\265\277\221g\000\000\315"
 182      19180EB5 
 182      BF916700 
 182      00CD
 183 0043 DA139E   		.ascii	"\332\023\236"
 184              		.text
 185              		.section	.gnu.lto_.refs.cd091a889e2664b8,"",%progbits
 186 0000 789C6366 		.ascii	"x\234cf```d\200\002\000\000=\000\005"
 186      60606064 
 186      80020000 
 186      3D0005
 187              		.text
 188              		.section	.gnu.lto_.decls.cd091a889e2664b8,"",%progbits
 189 0000 789CAD56 		.ascii	"x\234\255VmPTU\030\276\347\236eY\226U\234a\262\306?"
 189      6D505455 
 189      18BEE79E 
 189      65599655 
 189      9C61B2C6 
 190 0015 29353BD5 		.ascii	")5;\325\024K\3304\375KXQ\034S\231\273\226\323\364cg"
 190      144BD834 
 190      FD4B5851 
 190      1C5399BB 
 190      96D3F463 
 191 002a 8575DC89 		.ascii	"\205u\334\211\017\307]f\360OseQ\301\034QLCK\335\022"
 191      0FC75D66 
 191      F04F7365 
 191      51C11C51 
 191      4C434BDD 
 192 003f 4494AF2C 		.ascii	"D\224\257,+\303p\303\204\345C,\324P+AP@\004\004?Y\335"
 192      2BC370C3 
 192      84E5432C 
 192      D4502B41 
 192      50400404 
 193 0056 D8DE73EE 		.ascii	"\330\336s\356\336{\331\353\215i\232\356\314\263\347"
 193      DE7BD9EB 
 193      8D699AEE 
 193      CCB3E7
 194 0065 BEF73CEF 		.ascii	"\276\367<\357s\336s\316\373\276\200\031\206I@\014\023"
 194      73DE73CE 
 194      FBBE8019 
 194      8649400C 
 194      13
 195 0076 8427D3C0 		.ascii	"\204'\323\3000\375\360\256\201oi\214\374`@\025\240\006"
 195      30FDF0AE 
 195      816F698C 
 195      FC604015 
 195      A006
ARM GAS  /tmp/cc8qWsPw.s 			page 15


 196 0088 5007000A 		.ascii	"P\007\000\012s\212\011\177\310|d\310o\036\240\005\320"
 196      738A097F 
 196      C87C64C8 
 196      6F1EA005 
 196      D0
 197 0099 0CF002C6 		.ascii	"\014\360\002\306\000w\000,\340\014\240?\244Q\305<\375"
 197      0077002C 
 197      E00CA03F 
 197      A451C53C 
 197      FD
 198 00aa D4287444 		.ascii	"\324(tD_\2423\016\250d\204\370\006\0017\001}\200[!\355"
 198      5FA2330E 
 198      A86484F8 
 198      06013701 
 198      7D805B21 
 199 00bf 9A7FD0AC 		.ascii	"\232\177\320\254\233FS\017\201\350\010\340\375\032\240"
 199      9B46530F 
 199      81E808E0 
 199      FD1AA0
 200 00ce 1B7003D0 		.ascii	"\033p\003\320\013\350\001\334&\3320?\022\212\271NE\177"
 200      0BE801DC 
 200      26DA303F 
 200      128AB94E 
 200      457F
 201 00e0 9C45276B 		.ascii	"\234E'k\356\237\213\036d\321L\375\\b\376P\342+\325\202"
 201      EE9F8B1E 
 201      64D14CFD 
 201      5C62FE50 
 201      E22BD582 
 202 00f4 69D06B88 		.ascii	"i\320k\210Y\377\244\367\242\346\331\335<<;\334\374,"
 202      59FFA4F7 
 202      A2E6D9DD 
 202      3C3C3BDC 
 202      FC2C
 203 0106 0D4A9B8D 		.ascii	"\015J\233\215*\320\034t\004\315\001\325J\364,\374~\240"
 203      2AD01C74 
 203      04CD01D5 
 203      4AF42CFC 
 203      7EA0
 204 0118 11940E1E 		.ascii	"\021\224\016\036o\275\255\301\260$\274\037*\275~Q\377"
 204      6FBDADC1 
 204      B024BC1F 
 204      2ABD7E51 
 204      FF
 205 0129 EA51702B 		.ascii	"\352Qp+\344\275\203X^\356\213\316M53\346\036\340\275"
 205      E4BD8358 
 205      5EEE8BCE 
 205      4D3533E6 
 205      1EE0BD
 206 013c 7563ED7F 		.ascii	"uc\355\177\344\356\345=\371\374d0\210\250\026:\2120"
 206      E4EEE53D 
 206      F9FC6430 
 206      88A8163A 
 206      8A30
 207 014e 3A865E25 		.ascii	":\206^%T\362N}P\025\232\013~\305;F\276Cx\025\025\357"
 207      54F24E7D 
 207      50159A0B 
ARM GAS  /tmp/cc8qWsPw.s 			page 16


 207      7EC53B46 
 207      BE437815 
 208 0164 2ADFB6D1 		.ascii	"*\337\266\321\000\032\236\272\036_\263\335[\300\007"
 208      001A9EBA 
 208      1E5FB3DD 
 208      5BC007
 209 0173 82412C28 		.ascii	"\202A,(TOQ\250\026\025j\250BE\305o\325\0218\203*\334"
 209      544F51A8 
 209      16156AA8 
 209      4245C56F 
 209      D5113883 
 210 0189 F5765FC5 		.ascii	"\365v_\305T\3013Y\241\365\361\336`\360m\352_;\305\277"
 210      54C13359 
 210      A1F5F1DE 
 210      60F06DEA 
 210      5F3BC5BF 
 211 019d 56F4AFA3 		.ascii	"V\364\257\243\376\247\033&\232\3648\227\372o+\354i\321"
 211      FEA71B26 
 211      9AF43897 
 211      FA6F2BEC 
 211      69D1
 212 01af E38FE8FB 		.ascii	"\343\217\350\373\306\303\365\333\"\341\304\346\351\351"
 212      C6C3F5DB 
 212      22E1C4E6 
 212      E9E9
 213 01bd 06BB3FF3 		.ascii	"\006\273?\363\227EQ\223$f\014|b}\375\374\241\231\310"
 213      97455193 
 213      24660C7C 
 213      627DFDFC 
 213      A199C8
 214 01d0 A82F83E3 		.ascii	"\250/\203\343\030\333[\336\233\352\346\027\240o\221"
 214      18DB5BDE 
 214      9BEAE617 
 214      A06F91
 215 01df 1E1D9756 		.ascii	"\036\035\227V\243\336\344)\344\371|r\324Q\276\231\214"
 215      A3DEE429 
 215      E4F97C72 
 215      D451BE99 
 215      8C
 216 01f0 74D2E804 		.ascii	"t\322\350\0042\002\203r\321\327\360\361\033\370\010"
 216      32028372 
 216      D1D7F0F1 
 216      1BF808
 217 01ff C267030D 		.ascii	"\302g\003\015\005\021HoTw\372^\305\211\2060\271\251"
 217      0511486F 
 217      5477FA5E 
 217      C5898630 
 217      B9A9
 218 0211 6436CF6B 		.ascii	"d6\317k\320w\020\302Wr\010\020\221tM7\207\217u\352\361"
 218      D07710C2 
 218      57720810 
 218      91744D37 
 218      878F75EA 
 219 0226 20A23B6C 		.ascii	" \242;l\272__\244}~\002\355\347ut20\326V\303\302\026"
 219      BA5F5FA4 
 219      7D7E02ED 
 219      E7757432 
ARM GAS  /tmp/cc8qWsPw.s 			page 17


 219      30D656C3 
 220 023c C19FBF3C 		.ascii	"\301\237\277<>\233\036\350\203#[\364/|\301{\276\034"
 220      3E9B1EE8 
 220      83235BF4 
 220      2F7CC17B 
 220      BE1C
 221 024e 6B3FE0A0 		.ascii	"k?\340\240\327\312\2233\245k\234\024\326\230\2228\344"
 221      D7CA9333 
 221      A56B9C14 
 221      D6989238 
 221      E4
 222 025f CB0FE879 		.ascii	"\313\017\350y\006\325\223@O\241\027@\342\370\241\362"
 222      06D59340 
 222      4FA11740 
 222      E2F8A1F2 
 223 026f 6FA36822 		.ascii	"o\243h\". \212e\273\367TE\320D\324\021s\370\314^?\306"
 223      2E208A65 
 223      BBF75445 
 223      D044D411 
 223      73F8CC5E 
 224 0285 DB85EC1A 		.ascii	"\333\205\354\032i,\313\323\303\246\335\377n\323\340"
 224      692CCBD3 
 224      C3A6DDFF 
 224      6ED3E0
 225 0294 91FFCB70 		.ascii	"\221\377\313p_\014\336'\270\237n\352\3702\012\357\247"
 225      5F0CDE27 
 225      B89F6EEA 
 225      F8320AEF 
 225      A7
 226 02a5 862618D8 		.ascii	"\206&\030\330\330\031\215\342\342b\215\036\276\300="
 226      D8198DE2 
 226      E2628D1E 
 226      BEC03D
 227 02b4 D6527974 		.ascii	"\326Ryti\211\233/{\016y!\362\237 \316\263(V\226\177"
 227      69899B2F 
 227      7B0E7921 
 227      F29F20CE 
 227      B3285696 
 228 02c9 8944FF0A 		.ascii	"\211D\377\012\3740\204\3559Z\255\365%Pf\243*\263\202"
 228      FC3084ED 
 228      395AADF5 
 228      255066A3 
 228      2AB382
 229 02dc EC96D949 		.ascii	"\354\226\331I\313\307\303/p1\350G\230o\240g@\330\344"
 229      CBC7C32F 
 229      7031E847 
 229      986FA067 
 229      40D8E4
 230 02ef 549A20E2 		.ascii	"T\232 \3423(\016\375\214\342\350\351\223+\3529X\255"
 230      33280EFD 
 230      8CE2E8E9 
 230      932BEA39 
 230      58AD
 231 0301 E511A130 		.ascii	"\345\021\2410b:\212W\303\366\357\363o\327\243X\243\232"
 231      623A8A57 
 231      C3F6EFF3 
 231      6FD7A358 
ARM GAS  /tmp/cc8qWsPw.s 			page 18


 231      A39A
 232 0313 2AF281D8 		.ascii	"*\362\201\330\264\302\307\226\351P3\020N\313\367NV\021"
 232      B4C2C796 
 232      E9503310 
 232      4ECBF74E 
 232      5611
 233 0325 EFBDEFA7 		.ascii	"\357\275\357\247\316*\255a\253\234O\224,_\\\0132\320"
 233      CE2AAD61 
 233      AB9C4F94 
 233      2C5F5C0B 
 233      32D0
 234 0337 928011D8 		.ascii	"\222\200\021\330\355{\006S\351\215y1\255\004o\365\205"
 234      ED7B0653 
 234      E98D7931 
 234      AD046FF5 
 234      85
 235 0348 487A656F 		.ascii	"Hzeo\021s_GWQ\004\276$\2349_<P\200\361u\301(*q\017\350"
 235      11735F47 
 235      575104BE 
 235      249C395F 
 235      3C5080F1 
 236 0363 70BF605C 		.ascii	"p\277`\\8\262\243P\207\207\004\303\3371p\002\343{\202"
 236      38B2A350 
 236      878704C3 
 236      DF317002 
 236      E37B82
 237 0376 D1D63B71 		.ascii	"\321\326;q\317@\365f\021\363D\361\300A\015\016\010s"
 237      CF40F566 
 237      11F344F1 
 237      C0410D0E 
 237      0873
 238 0388 67BB36DF 		.ascii	"g\2736\337\322b7\246\306\336G\355M1\224\370\0341\257"
 238      D26237A6 
 238      C6DE47ED 
 238      4D3194F8 
 238      1C31AF
 239 039b 546CD9A5 		.ascii	"Tl\331\245\303\037\013s;\313?\331\314\342]\202!6;\203"
 239      C31F0B73 
 239      3BCB3FD9 
 239      CCE25D82 
 239      21363B83 
 240 03af D0EC1E3C 		.ascii	"\320\354\036<(\316gq\2510w\244\267\243d\006\235{\211"
 240      28CE6771 
 240      A93077A4 
 240      B7A36406 
 240      9D7B89
 241 03c2 982D659F 		.ascii	"\230-e\237\371gb\2170\367p\340\274\027\341\303\202\321"
 241      F967628F 
 241      30F770E0 
 241      BC17E1C3 
 241      82D1
 242 03d4 FDA8BB51 		.ascii	"\375\250\273Q\330f\002\335\246\277\2662\032W\321\271"
 242      D86602DD 
 242      A6BFB632 
 242      1A57D1B9 
 243 03e4 593DCDB5 		.ascii	"Y=\315\265\267\243 \233\344'6\316\030Gr\245\247\276"
 243      B7A3209B 
ARM GAS  /tmp/cc8qWsPw.s 			page 19


 243      E42736CE 
 243      184772A5 
 243      A7BE
 244 03f6 BAD5C087 		.ascii	"\272\325\300\207\262\205\344\325\3204yuJ\312\253s\252"
 244      B285E4D5 
 244      D0347975 
 244      4ACAAB73 
 244      AA
 245 0407 4C21AF28 		.ascii	"L!\257(\265C\242^UR\257 \005\327'q;\225\334_\225\334"
 245      B543A25E 
 245      5552AF20 
 245      05D72771 
 245      3B95DC5F 
 246 041d F6B0D40E 		.ascii	"\366\260\324\016\343v)\271\015\022\367\274\222\333\240"
 246      E37629B9 
 246      0D12F7BC 
 246      92DBA0
 247 042c E45E96B8 		.ascii	"\344^\226\270\177*\271\177(\271\247%\356/\352\361\312"
 247      7F2AB97F 
 247      28B9A725 
 247      EE2FEAF1 
 247      CA
 248 043d 27D62651 		.ascii	"'\326&Q\177S\017W\246\376(Q;\324\243\225\251\347$\352"
 248      7F530F57 
 248      A6FE2851 
 248      3BD4A395 
 248      A9E724EA 
 249 0451 65F5C395 		.ascii	"e\365\303\225\251\255\022\365\222\222z\021){\001O\253"
 249      A9AD12F5 
 249      92927A11 
 249      297B014F 
 249      AB
 250 0462 B615086D 		.ascii	"\266\025\010mtn(T\262\303P\262\327\240d\273\001\003"
 250      746E2854 
 250      B2C350B2 
 250      D7A064BB 
 250      0103
 251 0474 803EC04D 		.ascii	"\200>\300M\300u\300\010\340\026\240\037\320\013\030"
 251      C075C008 
 251      E016A01F 
 251      D00B18
 252 0483 04F4006E 		.ascii	"\004\364\000n\003n\204J\234Fr^\212\344w\365\023\246"
 252      036E844A 
 252      9C46725E 
 252      8AE477F5 
 252      13A6
 253 0495 41D36E70 		.ascii	"A\323np\222\266\231\241\247\332\014M\330\226)\011{A"
 253      92B699A1 
 253      A7DA0C4D 
 253      D8962909 
 253      7B41
 254 04a7 7D4F5409 		.ascii	"}OT\011z\322\316\003\215\365\021\310\030KE\257@\213"
 254      7AD2CE03 
 254      8DF511C8 
 254      184B45AF 
 254      408B
 255 04b9 B903DC76 		.ascii	"\271\003\334v\271\305\014\211-Fm\373h\024v\375\177\235"
ARM GAS  /tmp/cc8qWsPw.s 			page 20


 255      B9C50C89 
 255      2D466DFB 
 255      681476FD 
 255      7F9D
 256 04cb 0014E4EE 		.ascii	"\000\024\344\356Q\367hdX\017\273\023\326\303\306B=l"
 256      51F76864 
 256      580FBB13 
 256      D6C3C642 
 256      3D6C
 257 04dd 8CF6B06B 		.ascii	"\214\366\260k\245\336\255\23206\371?@f\217\207\330\343"
 257      A5DEAD9A 
 257      3036F93F 
 257      40668F87 
 257      D8E3
 258 04ef 94DD74EE 		.ascii	"\224\335t\356\327\033\210\266<\017K\377\235\351km\023"
 258      D71B88B6 
 258      3C0F4BFF 
 258      9DE96B6D 
 258      13
 259 0500 1ACA8BF4 		.ascii	"\032\312\213\364\317\214w\323C\026\327\011}bp{\251{"
 259      CF8C77D3 
 259      4316D709 
 259      7D62707B 
 259      A97B
 260 0512 066E108C 		.ascii	"\006n\020\214F\337\256\332h\334(\030WZ\207*\264\270"
 260      46DFAEDA 
 260      68DC2818 
 260      575A872A 
 260      B4B8
 261 0524 59300E7F 		.ascii	"Y0\016\177\362\250(\006\237\027\214\236\317;l\270Sx"
 261      F2A82806 
 261      9F178C9E 
 261      CF3B6CB8 
 261      5378
 262 0536 1F6D189D 		.ascii	"\037m\030\235\214\302\227\004#P\342\357b\3615\3018\321"
 262      8CC29704 
 262      2350E2EF 
 262      62F135C1 
 262      38D1
 263 0548 7295D7E1 		.ascii	"r\225\327\341^jD\007\312GwG\210-\307\010\015\207^\336"
 263      5E6A4407 
 263      CA477747 
 263      882DC708 
 263      0D875EDE 
 264 055c 48A57C79 		.ascii	"H\245|y\017\341\"\266\260\323\364\020\177\245\2301~"
 264      0FE122B6 
 264      B0D3F410 
 264      7FA59831 
 264      7E
 265 056d 25F5A9BE 		.ascii	"%\365\251\276pG\342N(\271O\325z@\342\006\224\\eQ\216"
 265      7047E24E 
 265      28B94FD5 
 265      7A40E206 
 265      945C6551 
 266 0582 4AD447EA 		.ascii	"J\324G\352\2622uX\242>P\335\230\314|\"1\237(\231Sk\222"
 266      B2327558 
 266      A23E50DD 
ARM GAS  /tmp/cc8qWsPw.s 			page 21


 266      98CC7C22 
 266      319F2899 
 267 0599 66ED5025 		.ascii	"f\355P%)\005\340\250\225\302Dex\357V9\"y\325\307\322"
 267      2905E0A8 
 267      95C24465 
 267      78EF5639 
 267      2279D5C7 
 268 05ae AA8FD557 		.ascii	"\252\217\325W}E\331\010\356\302\374=:E\330\244\014\012"
 268      7D45D908 
 268      EEC2FC3D 
 268      3A45D8A4 
 268      0C0A
 269 05c0 5823CA67 		.ascii	"X#\312g\343\320_\220\332\033a\014\302\270\011\306I\030"
 269      E3D05F90 
 269      DA1B610C 
 269      C2B809C6 
 269      4918
 270 05d2 37C3E806 		.ascii	"7\303\350\006\360\254\230\362\354\247[\213!\011\305"
 270      F0AC98F2 
 270      ECA75B8B 
 270      2109C5
 271 05e1 FF09C245 		.ascii	"\377\011\302EQ\021h\375\027]z,\177-\321\241Bp\276/\027"
 271      511168FD 
 271      175D7A2C 
 271      7F2DD1A1 
 271      4270BE2F 
 272 05f6 333923B1 		.ascii	"39#\261\326F\372:\033\242\303\252\247\220\235Zk[Y\241"
 272      D646FA3A 
 272      1BA2C3AA 
 272      A7909D5A 
 272      6B5B59A1 
 273 060a 7AC83867 		.ascii	"z\3108g\255-\323\232\231\231a]mK\3770w\2355#'\313\346"
 273      AD2DD39A 
 273      9999615D 
 273      6D4BFF30 
 273      779D3523 
 274 0621 C8B63AB2 		.ascii	"\310\266:\262\035.\355\342\345\357\31653\211\361\361"
 274      1D2EEDE2 
 274      E5EFCE35 
 274      3389F1F1 
 275 0631 26F35AC7 		.ascii	"&\363Z\307j\307\012\213)\307i\002\276i]\316z\227\323"
 275      6AC70A8B 
 275      29C76902 
 275      BE695DCE 
 275      7A97D3
 276 0644 6459B96C 		.ascii	"dY\271l~\242\360\273(!/\317\024R\212Og\014\242(\221"
 276      7EA2F0BB 
 276      28212FCF 
 276      14528A4F 
 276      670CA228 
 277 0659 99E57465 		.ascii	"\231\345te\315O\264\246g\346\244\177H?\350r\035\331"
 277      CD4FB4A6 
 277      67E6A47F 
 277      483FE872 
 277      1DD9
 278 066b 2EF8E2D2 		.ascii	".\370\342\322[\255\342\353\033\246\\\347z\223m}\326"
 278      5BADE2EB 
ARM GAS  /tmp/cc8qWsPw.s 			page 22


 278      1BA65CE7 
 278      7A936D7D 
 278      D6
 279 067c 6BD939D9 		.ascii	"k\3319\331\366\327\354\266\325\016\223#;=37\303n\312"
 279      F6D7ECB6 
 279      D50E9323 
 279      3B3D3337 
 279      C36ECA
 280 068f B2A5AF75 		.ascii	"\262\245\257ud\333M\326\014\373\032[n\246\313\352\332"
 280      64DB4DD6 
 280      0CFB1A5B 
 280      6EA6CBEA 
 280      DA
 281 06a0 B0CEEE8C 		.ascii	"\260\316\356\214_\313\274<\215\223s\203\323du\2722@"
 281      5FCBBC3C 
 281      8D937383 
 281      D36475BA 
 281      3240
 282 06b2 1F983196 		.ascii	"\037\2301\226\015N\227=\313\234\263\336n&q<\023\237"
 282      0D4E973D 
 282      CB9CB3DE 
 282      6E26713C 
 282      139F
 283 06c4 6173D9E2 		.ascii	"as\331\342\025_\243\323Vq\326\225 \276\320\276\2065"
 283      155FA3D3 
 283      5671D695 
 283      20BED0BE 
 283      8635
 284 06d6 73D86CE1 		.ascii	"s\330l\341\346\207o\336\236\3472\231\227Y\226X`\333"
 284      E6876FDE 
 284      9EE73299 
 284      97599658 
 284      60DB
 285 06e8 53764E77 		.ascii	"SvNw\270&\341\215\304\2747a\261h\316l\026e4\346E\213"
 285      B826E18D 
 285      C4BC3761 
 285      B168CE6C 
 285      166534E6 
 286 06fe 416809A7 		.ascii	"Ah\011\247KJKN\344,+\351\313\353\344E\233\224\232\234"
 286      4B4A4B4E 
 286      E42C2BE9 
 286      CBEBE445 
 286      9B949A9C 
 287 0712 B29C8B24 		.ascii	"\262\234\213$\023\241\361u\0305\311\013\315`\244&\023"
 287      13A1F175 
 287      1835C90B 
 287      CD60A426 
 287      13
 288 0723 4E04714F 		.ascii	"N\004qO\244\277\363\261\231K\234\261\350\235$K\252("
 288      A4BFF3B1 
 288      994B9CB1 
 288      E89D244B 
 288      AA28
 289 0735 8E93CC9C 		.ascii	"\216\223\314\234fi\312\373\\\344\212\264\225dd-\034"
 289      6669CAFB 
 289      5CE48AB4 
 289      9564642D 
ARM GAS  /tmp/cc8qWsPw.s 			page 23


 289      1C
 290 0746 9BC4E9B8 		.ascii	"\233\304\351\270\024K\012\367^\312B\274\"\231\323\254"
 290      144B0AF7 
 290      5ECA42BC 
 290      2299D3AC 
 291 0756 E2D2B8BF 		.ascii	"\342\322\270\277\001\374\367B8"
 291      01FCF742 
 291      38
 292              		.text
 293              		.section	.gnu.lto_.symtab.cd091a889e2664b8,"",%progbits
 294 0000 68616C5F 		.ascii	"hal_lld_init\000\000\000\000\000\000\000\000\000\000"
 294      6C6C645F 
 294      696E6974 
 294      00000000 
 294      00000000 
 295 0016 0000AE00 		.ascii	"\000\000\256\000\000\000stm32_clock_init\000\000\000"
 295      00007374 
 295      6D33325F 
 295      636C6F63 
 295      6B5F696E 
 296 002f 00000000 		.ascii	"\000\000\000\000\000\000\000\000\000\260\000\000\000"
 296      00000000 
 296      00B00000 
 296      00
 297 003c 53797374 		.ascii	"SystemCoreClock\000\000\000\000\000\000\000\000\000"
 297      656D436F 
 297      7265436C 
 297      6F636B00 
 297      00000000 
 298 0054 000000BC 		.ascii	"\000\000\000\274\000\000\000"
 298      000000
 299              		.text
 300              		.section	.gnu.lto_.opts,"",%progbits
 301 0000 272D666E 		.ascii	"'-fno-trapv' '-mcpu=cortex-m0' '-mno-thumb-interwor"
 301      6F2D7472 
 301      61707627 
 301      20272D6D 
 301      6370753D 
 302 0033 6B272027 		.ascii	"k' '-mthumb' '-ggdb' '-O2' '-fomit-frame-pointer' '"
 302      2D6D7468 
 302      756D6227 
 302      20272D67 
 302      67646227 
 303 0066 2D66616C 		.ascii	"-falign-functions=16' '-ffunction-sections' '-fdata"
 303      69676E2D 
 303      66756E63 
 303      74696F6E 
 303      733D3136 
 304 0099 2D736563 		.ascii	"-sections' '-fno-common' '-flto'\000"
 304      74696F6E 
 304      73272027 
 304      2D666E6F 
 304      2D636F6D 
 305              		.text
 306              		.comm	__gnu_lto_v1,1,1
 307              		.comm	__gnu_lto_slim,1,1
 308              		.ident	"GCC: (GNU Tools for ARM Embedded Processors) 4.9.3 20150529 (release) [ARM/embedded-4_9-br
ARM GAS  /tmp/cc8qWsPw.s 			page 24


ARM GAS  /tmp/cc8qWsPw.s 			page 25


DEFINED SYMBOLS
                            *ABS*:0000000000000000 hal_lld.c
                            *COM*:0000000000000001 __gnu_lto_v1
                            *COM*:0000000000000001 __gnu_lto_slim

NO UNDEFINED SYMBOLS
