ARM GAS  /tmp/ccISTp7X.s 			page 1


   1              		.cpu cortex-m0
   2              		.fpu softvfp
   3              		.eabi_attribute 20, 1
   4              		.eabi_attribute 21, 1
   5              		.eabi_attribute 23, 3
   6              		.eabi_attribute 24, 1
   7              		.eabi_attribute 25, 1
   8              		.eabi_attribute 26, 1
   9              		.eabi_attribute 30, 2
  10              		.eabi_attribute 34, 0
  11              		.eabi_attribute 18, 4
  12              		.code	16
  13              		.file	"main.c"
  14              		.text
  15              	.Ltext0:
  16              		.section	.gnu.lto_.profile.3d4d1b6035236a6d,"",%progbits
  17 0000 789C6366 		.ascii	"x\234cf```a\200\000F\006/\021\000\001\034\000g"
  17      60606061 
  17      80004606 
  17      2F110001 
  17      1C0067
  18              		.text
  19              		.section	.gnu.lto_.jmpfuncs.3d4d1b6035236a6d,"",%progbits
  20 0000 789C6366 		.ascii	"x\234cf\300\016VAi&\006FF\006\006F\246\217L\214/\026"
  20      C00E5641 
  20      69260646 
  20      46060646 
  20      A68F4C8C 
  21 0016 CFFBCEF7 		.ascii	"\317\373\316\367\202\351'\023\303\021a\006\306\345\214"
  21      82E92713 
  21      C3116106 
  21      C6E58C
  22 0025 52406130 		.ascii	"R@a0\305\004U\360\362\350\371\315\234`\005\023\374\030"
  22      C50455F0 
  22      F2E8F9CD 
  22      9C600513 
  22      FC18
  23 0037 18570065 		.ascii	"\030W\000eXA\302\363.\367\255c\252\375\335\320\321\300"
  23      5841C2F3 
  23      2EF7AD63 
  23      AAFDDDD0 
  23      D1C0
  24 0049 F19389F1 		.ascii	"\361\223\211\361/P5\003\343J\306Z\006\220\334\302u7"
  24      2F503503 
  24      E34AC65A 
  24      0690DCC2 
  24      7537
  25 005b A67081B4 		.ascii	"\246p\201\2640\235\000\332\264\012d\030Pt\323\342\245"
  25      309D00DA 
  25      B40A6418 
  25      5074D3E2 
  25      A5
  26 006c DB200639 		.ascii	"\333 \006900\256\206\012\242\030\303\374\031l\314\032"
  26      3030AE86 
  26      0AA218C3 
  26      FC196CCC 
  26      1A
ARM GAS  /tmp/ccISTp7X.s 			page 2


  27 007d 90318CEA 		.ascii	"\2201\214\352R \227\002\000\023\3662\206"
  27      52209702 
  27      0013F632 
  27      86
  28              		.text
  29              		.section	.gnu.lto_.inline.3d4d1b6035236a6d,"",%progbits
  30 0000 789C6366 		.ascii	"x\234cf\300\016\374\2404\023\003\003\317*\021F\006&"
  30      C00EFCA0 
  30      34130303 
  30      CF2A1146 
  30      0626
  31 0012 9E059D86 		.ascii	"\236\005\235\206\014, >P\220\233\221\201\021F2\360\274"
  31      0C2C203E 
  31      50909B91 
  31      81114632 
  31      F0BC
  32 0024 E760048B 		.ascii	"\347`\004\213\243\310\262\36130\260\202\215`\344\202"
  32      A3C8B2F1 
  32      3330B082 
  32      8D60E482 
  33 0034 110C00ED 		.ascii	"\021\014\000\355\341\003\370"
  33      E103F8
  34              		.text
  35              		.section	.gnu.lto_.pureconst.3d4d1b6035236a6d,"",%progbits
  36 0000 789C6366 		.ascii	"x\234cf```e\200\000&\006S&\023\000\001f\000v"
  36      60606065 
  36      80002606 
  36      53261300 
  36      01660076 
  37              		.text
  38              		.section	.gnu.lto_Thread1.3d4d1b6035236a6d,"",%progbits
  39 0000 789C9554 		.ascii	"x\234\225TKO\023Q\024\276\347\316t(-oL4h\002\011\301"
  39      4B4F1351 
  39      14BEE7CE 
  39      74282D6F 
  39      4C346802 
  40 0016 AEDAAEFC 		.ascii	"\256\332\256\374\001\352^\027n\215\011\257@#\324\244"
  40      01EA5E17 
  40      6E8D09AF 
  40      4023D4A4 
  41 0026 E0C20571 		.ascii	"\340\302\005q\250\325\270A\210\010\251\310S$\362\022"
  41      A8D5B841 
  41      8808A9C8 
  41      5324F212 
  42 0036 1001E525 		.ascii	"\020\001\345%\025E\036\3626\221\200\032\211B\202\013"
  42      15451EF2 
  42      3691801A 
  42      8942820B 
  43 0046 6279046C 		.ascii	"by\004l\010\324sfFb15\322d:\367\336\357\234\363}\347"
  43      08D47366 
  43      46623135 
  43      D2643AF7 
  43      DEEF9CF3 
  44 005c BB2723B0 		.ascii	"\273'#\260\277\177\247\3601\351\030;\203o\3201\340E"
  44      BF7FA7F0 
  44      31E9183B 
  44      836FD031 
ARM GAS  /tmp/ccISTp7X.s 			page 3


  44      E045
  45 006e 938CE5EB 		.ascii	"\223\214\345\3539\010\352B\000Q]\210\352\311i`\327\271"
  45      3908EA42 
  45      00515D88 
  45      EAC96960 
  45      D7B9
  46 0080 2002FEA9 		.ascii	" \002\376\251\005\276\3635\016E\236&\267\321T'\313\262"
  46      05BEF335 
  46      0E459E26 
  46      B7D15427 
  46      CBB2
  47 0092 77FD8674 		.ascii	"w\375\206t\363\230\2173\266\301\325\000x\014&\014q\025"
  47      F3988F33 
  47      B6C1D500 
  47      780C260C 
  47      7115
  48 00a4 DC3B2718 		.ascii	"\334;'\030\200\341\262\273es\302\270\302}\034\022h\333"
  48      80E1B2BB 
  48      6573C2B8 
  48      C27D1C12 
  48      68DB
  49 00b6 7377C42D 		.ascii	"sw\304-\321\226\213\264\225\277~,1&\325\312\262S\276"
  49      D1968BB4 
  49      95BF7E2C 
  49      3126D5CA 
  49      B253BE
  50 00c9 2F57E3B1 		.ascii	"/W\343\261\000\365 `5h\2008h\2048\206G\014\232 \211"
  50      00F52060 
  50      35688038 
  50      68843886 
  50      470C9A20 
  51 00de A2D75CBB 		.ascii	"\242\327\\\273sF\311\205\314Q*#4\203\004\370n\215\361"
  51      7346C985 
  51      CC512A23 
  51      348304F8 
  51      6E8DF1
  52 00f1 C87EFFB7 		.ascii	"\310~\377\267\272q\223\321\200\031\"cK\010\003[\346"
  52      BA7193D1 
  52      80192263 
  52      4B08035B 
  52      E6
  53 0102 5849F800 		.ascii	"XI\370\000\316(J\337\373\\\270\241\023\"\024Y\305\323"
  53      CE284ADF 
  53      FB5CB8A1 
  53      13221459 
  53      C5D3
  54 0114 8FE67489 		.ascii	"\217\346t\2115H\274X\325\226\346qU\313{~?\370\270\016"
  54      3548BC58 
  54      D596E671 
  54      55CB7B7E 
  54      3FF8B80E 
  55 0128 9E04F26B 		.ascii	"\236\004\362k}\265@\"f\025L\311\243B|l\205\354N\360"
  55      7DB54022 
  55      66154CC9 
  55      A3427C6C 
  55      85EC4EF0 
  56 013c 7189EACC 		.ascii	"q\211\352\314o\225\225\352\363vd\267\274\330x\321\307"
ARM GAS  /tmp/ccISTp7X.s 			page 4


  56      6F9595EA 
  56      F37664B7 
  56      BCD878D1 
  56      C7
  57 014d 43A015E2 		.ascii	"C\240\025\342I\025\2036\310c\013\340\354\352\256,\\"
  57      49158336 
  57      C8630BE0 
  57      ECEAAE2C 
  57      5C
  58 015e 9602C42F 		.ascii	"\226\002\304/\016\215\001\025T\344op8\330\032<\305|"
  58      0E8D0115 
  58      54E46F70 
  58      38D81A3C 
  58      C57C
  59 0170 06ED206D 		.ascii	"\006\355 ms\003b\225\357\357\264p\344\270-\353}\\\277"
  59      73036295 
  59      EFEFB470 
  59      E4B82DEB 
  59      7D5CBF
  60 0183 4B8DE3E9 		.ascii	"K\215\343\351\227\245\251\031=9\251W\266\365\371\256"
  60      97A5A919 
  60      3D39A957 
  60      B6F5F9AE 
  61 0193 72A88007 		.ascii	"r\250\200\007\3712E\205\3023\310\203\016\322O\2157\027"
  61      F9324585 
  61      C233C883 
  61      0ED24F8D 
  61      3717
  62 01a5 B64BE626 		.ascii	"\266K\346&\272\261\276\3121L1@'\306\256\223G\304\205"
  62      BAB1BECA 
  62      314C3140 
  62      27C6AE93 
  62      47C485
  63 01b8 21FD03B3 		.ascii	"!\375\003\263{\242\022\3429\216\006B\027\230\327Q\231"
  63      7BA212E2 
  63      398E0642 
  63      1798D751 
  63      99
  64 01c9 02C37330 		.ascii	"\002\303s0S+\2455\361$\352OnQ\251\337\371\263j5|\237"
  64      532BA535 
  64      F124EA4F 
  64      6E51A9DF 
  64      F9B36A35 
  65 01df DB88AAE1 		.ascii	"\333\210\252\341\205F]\276Y<\037\251\3265\223\273\335"
  65      85465DBE 
  65      593C1FA9 
  65      D63593BB 
  65      DD
  66 01f0 0A2FD70A 		.ascii	"\012/\327\012\367\2009\300C\357\303!c\200\211\275h\""
  66      F78039C0 
  66      43EFC321 
  66      638089BD 
  66      6822
  67 0202 C36B1418 		.ascii	"\303k\024\030\316\243\260\000\203^o\251\216 \222\334"
  67      CEA3B000 
  67      835E6FA9 
  67      8E2092DC 
ARM GAS  /tmp/ccISTp7X.s 			page 5


  68 0212 5FD22B90 		.ascii	"_\322+\220\2100\252.\006x\022\246\220\257\336\352u\032"
  68      8830AA2E 
  68      067812A6 
  68      90AFDEEA 
  68      751A
  69 0224 5117DE6B 		.ascii	"Q\027\336k8\364\341\205\366k\252v\012Z\177\350P\225"
  69      38F4E185 
  69      F66BAA76 
  69      0A5A7FE8 
  69      5095
  70 0236 0B910878 		.ascii	"\013\221\010x\251h\022T[\033\032\375U\240A\2210@6\210"
  70      A9681254 
  70      5B1B1AFD 
  70      55A04191 
  70      30403688 
  71 024a 2AD2BED5 		.ascii	"*\322\276\3251\020\252!Q\340!DG\243\361Jib\270b\245"
  71      3110AA21 
  71      51E02144 
  71      47A3F14A 
  71      6962B862 
  72 025f 5D24EA68 		.ascii	"]$\352htm\020yHl\321QM\353\177*y\035\\\311\233\240J"
  72      746D1079 
  72      486CD151 
  72      4DEB7F2A 
  72      791D5CC9 
  73 0276 86089148 		.ascii	"\206\010\221H\311[EI\331\334\362\246\342K4\332<\214"
  73      C95B4549 
  73      D9DCF2A6 
  73      E24B34DA 
  73      3C8C
  74 0288 3C9FC0E5 		.ascii	"<\237\300\345\271\244\370yp\230b68\315\300\010\272\214"
  74      B9A4F879 
  74      70986236 
  74      38CDC008 
  74      BA8C
  75 029a D04A6DE5 		.ascii	"\320Jm\345v\004%\306\276\211e0\012q>~Dm\343\304\341"
  75      760425C6 
  75      BE896530 
  75      0A713E7E 
  75      446DE3C4 
  76 02af DA180BDE 		.ascii	"\332\030\013\336\306\273\240m\214\357\033:\001fE7QO"
  76      C6BBA06D 
  76      8CEF1B3A 
  76      01664537 
  76      514F
  77 02c1 1F927A32 		.ascii	"\037\222z28\365TP\352\351}\007g\220zP\263,\367_\226"
  77      38F55450 
  77      EAE97D07 
  77      67907A50 
  77      B32CF75F 
  78 02d6 CDA265BF 		.ascii	"\315\242e\277-\242\257\215H\003\012K\034\224\317EHv"
  78      2DA2AF8D 
  78      48030A4B 
  78      1C94CF45 
  78      4876
  79 02e8 B2CD6E49 		.ascii	"\262\315nIeB\262#C\264'g\247\353S\262l\366\313\351\016"
  79      6542B223 
ARM GAS  /tmp/ccISTp7X.s 			page 6


  79      43B42767 
  79      A7EB53B2 
  79      6CF6CBE9 
  80 02fd 76D262B1 		.ascii	"v\322b\261\236\315\264\245\330\316_\260^\311\261:r\255"
  80      9ECDB4A5 
  80      D8CE5FB0 
  80      5EC9B13A 
  80      72AD
  81 030f 367B6AD6 		.ascii	"6{j\326\325\264tkj\246#=\303\226\223\353\270f\311d\277"
  81      D5B4746B 
  81      6AA6233D 
  81      C39693EB 
  81      B866C964 
  82 0324 006060E5 		.ascii	"\000``\345D"
  82      44
  83              		.text
  84              		.section	.gnu.lto_main.3d4d1b6035236a6d,"",%progbits
  85 0000 789C7591 		.ascii	"x\234u\221;K\003Q\020\205\347\314n6\211Q\020\313\255"
  85      3B4B0351 
  85      1085E7CC 
  85      6E368951 
  85      10CBAD
  86 0013 EC52A995 		.ascii	"\354R\251\225\275\376\001\261\263\026+\013\375\007\301"
  86      BDFE01B1 
  86      B3162B0B 
  86      FD07C1
  87 0022 0DA64825 		.ascii	"\015\246H%A,\002>@B\320\370\210\232\230\200V\333\010"
  87      412C023E 
  87      4042D0F8 
  87      889A9880 
  87      56DB08
  88 0035 69348885 		.ascii	"i4\210\205\026J\232\004L\227\2606k\2208\223\005\005"
  88      164A9A04 
  88      4C97B036 
  88      6B903893 
  88      0505
  89 0047 1F1776F7 		.ascii	"\037\027v\367\316\314w\317\314\271k\320\3575-O\037D"
  89      CECC77CF 
  89      CCB96BD0 
  89      EF352D4F 
  89      1F44
  90 0059 51F92244 		.ascii	"Q\371\"D\340\314\035Q2\3020\202\215\0013\330\230Af\026"
  90      E0CC1D51 
  90      32C23082 
  90      8D0133D8 
  90      98416616 
  91 006d B4C68609 		.ascii	"\264\306\206\011y\005\002m\3562\256\212o\267\261W\366"
  91      7905026D 
  91      EE32AE8A 
  91      6FB7B157 
  91      F6
  92 007e 99C649C2 		.ascii	"\231\306I\302\353\315Z\326\322\020\246\206\275|\247"
  92      EBCD5AD6 
  92      D210A686 
  92      BD7CA7
  93 008d 6DC5F38E 		.ascii	"m\305\363\216\343t6\013\255y\327\364\231\311c\302\001"
  93      E374360B 
ARM GAS  /tmp/ccISTp7X.s 			page 7


  93      AD79D7F4 
  93      99C963C2 
  93      01
  94 009e 6C1CC2D6 		.ascii	"l\034\302\326\326\005\304\025\355\246>\036cVJ\320Q%"
  94      D605C415 
  94      EDA63E1E 
  94      63564AD0 
  94      5125
  95 00b0 A470044B 		.ascii	"\244p\004K\306\243\2631\327\351\367s[;Sa\242\246T@-"
  95      C6A3B331 
  95      D7E9F773 
  95      5B3B5361 
  95      A2A65440 
  96 00c5 5181F18C 		.ascii	"Q\201\361\214u\2672\242\230\236\337{\330(r\242\347\244"
  96      75B732A2 
  96      989EDF7B 
  96      D82872A2 
  96      E7A4
  97 00d7 9D88CF86 		.ascii	"\235\210\317\206\307r\024\307H\220\317&)Y\305\177\244"
  97      C77214C7 
  97      4890CF26 
  97      2959C57F 
  97      A4
  98 00e8 4A9E7C91 		.ascii	"J\236|\221Y'm\377I\206<5\216S!\177\226\254\017\035X"
  98      59276DFF 
  98      49863C35 
  98      8E53217F 
  98      96AC0F1D 
  99 00fd B28D66FD 		.ascii	"\262\215f\375>\242\366\255Ax\230L\355`\027\333IG\251"
  99      3EA2F6AD 
  99      4178984C 
  99      ED6017DB 
  99      4947A9
 100 0110 308A48E0 		.ascii	"0\212H\340L]K\355\245\371\27608\357N\010\216s\341\006"
 100      4C5D4BED 
 100      A5F9BE30 
 100      38EF4E08 
 100      8E73E106 
 101 0124 6D718184 		.ascii	"mq\201\204\224\367\213O[C\252\024\251\211\327\022l\311"
 101      94F78B4F 
 101      5B43AA14 
 101      A989D712 
 101      6CC9
 102 0136 9572F96A 		.ascii	"\225r\371jTs\321\031By\220\372\036\3035|\036\362\330"
 102      5473D119 
 102      427990FA 
 102      1EC3357C 
 102      1EF2D8
 103 0149 0C442EA5 		.ascii	"\014D.\245S\334\3669&s\265dn\371\201r_)\267\021\375"
 103      53DCF639 
 103      2673B564 
 103      6EF98172 
 103      5F29B711 
 104 015e D3DBB0C7 		.ascii	"\323\333\260\307!\361V\011\274\265o\352\345\240Of\216"
 104      21F15609 
 104      BCB56FEA 
 104      E5A04F66 
ARM GAS  /tmp/ccISTp7X.s 			page 8


 104      8E
 105 016f 5085E88C 		.ascii	"P\205\350\214\220\336\275\251:h\352\335\312\012\257"
 105      90DEBDA9 
 105      3A68EADD 
 105      CA0AAF
 106 017e 2C2EAF4E 		.ascii	",.\257N.\321'\257\262\273\371"
 106      2ED127AF 
 106      B2BBF9
 107              		.text
 108              		.section	.gnu.lto_.symbol_nodes.3d4d1b6035236a6d,"",%progbits
 109 0000 789C4D8A 		.ascii	"x\234M\212+\016\302P\024D\317\274\333G\021\010\004\033"
 109      2B0EC250 
 109      1444CFBC 
 109      DB471108 
 109      041B
 110 0012 6505B7A2 		.ascii	"e\005\267\242\301`X\000!%i\002\033\340\327\"\253\221"
 110      C1605800 
 110      21256902 
 110      1BE0D722 
 110      AB91
 111 0024 6844D741 		.ascii	"hD\327AH\013$o\314\231\223\031\003\016\374\022\316r"
 111      480B246F 
 111      CC999319 
 111      030EFC12 
 111      CE72
 112 0036 D83CC09D 		.ascii	"\330<\300\235\355\261\234\021\357\322\334\011\027\271"
 112      EDB19C11 
 112      EFD2DC09 
 112      17B9
 113 0044 FEC3AE5A 		.ascii	"\376\303\256Z\020O\242\012nj\345\341;P\024S\324\310"
 113      104FA20A 
 113      6E6AE5E1 
 113      3B501453 
 113      D4C8
 114 0056 2DF59B3C 		.ascii	"-\365\233<K\375*\217\211\033\031\335\376\271\316\207"
 114      4BFD2A8F 
 114      891B19DD 
 114      FEB9CE87 
 115 0066 52AFFA66 		.ascii	"R\257\372fi!\247~\275eaB72\322\217\314(\207'\037\"\014"
 115      6921A77E 
 115      BD656142 
 115      3732D28F 
 115      CC288727 
 116 007d 2F6C     		.ascii	"/l"
 117              		.text
 118              		.section	.gnu.lto_.refs.3d4d1b6035236a6d,"",%progbits
 119 0000 789C6366 		.ascii	"x\234cf``\340c\200\000F b\002\002ff&\006f\006\000\002"
 119      6060E063 
 119      80004620 
 119      62020266 
 119      66260666 
 120 0017 280027   		.ascii	"(\000'"
 121              		.text
 122              		.section	.gnu.lto_.decls.3d4d1b6035236a6d,"",%progbits
 123 0000 789CB55A 		.ascii	"x\234\265ZkTTW\226\256sO=\240(\240[M\322\313Iz\014\335"
 123      6B545457 
 123      96AE734F 
ARM GAS  /tmp/ccISTp7X.s 			page 9


 123      3DA028A0 
 123      5B4DD2CB 
 124 0018 4DA76712 		.ascii	"M\247g\022\311\2533\351\231^\323Ik&\246;i\035M\257Y"
 124      C9AB33E9 
 124      995ED349 
 124      6B26A63B 
 124      691D4DAF 
 125 002d B3BAD7D0 		.ascii	"\263\272\327\320\004*\3004 S\224Q\347\317\\^\"\370\000"
 125      042AC034 
 125      20539451 
 125      E7CF5C5E 
 125      22F800
 126 0040 7928A048 		.ascii	"y(\240H! O\021P\004\224\227\017\020D\005\305\007\202"
 126      21204F11 
 126      50049497 
 126      0F104405 
 126      C50782
 127 0053 42011A10 		.ascii	"B\001\032\020\037\200\200\240\"\314>\347\334\252{\253"
 127      1F8080A0 
 127      22CC3EE7 
 127      DCAA7BAB 
 128 0063 B885AE35 		.ascii	"\270\205\2565kXkSw\337\373\235\275\367\331g\237}\366"
 128      6B586B53 
 128      77DFFB9D 
 128      BDF7D967 
 128      9F7DF6
 129 0076 B9E76285 		.ascii	"\271\347b\205B\021\200\024\2129\370s\376@\241\270\246"
 129      42118014 
 129      8A39F873 
 129      FE40A1B8 
 129      A6
 130 0087 562830DC 		.ascii	"V(0\334[\003\244\004z\023\250\006h\025P\275\202\375"
 130      5B03A404 
 130      7A13A806 
 130      681550BD 
 130      82FD
 131 0099 01447112 		.ascii	"\001Dq\022\3504\320e\240Lh\177\000(\007\210\003\376"
 131      E834D065 
 131      A04C687F 
 131      00280788 
 131      03FE
 132 00ab 20FCCE22 		.ascii	" \374\316\"\205\315\037\301\277\"\310u\003\322\001\255"
 132      85CD1FC1 
 132      BF22C875 
 132      03D201AD 
 133 00bb 060A029C 		.ascii	"\006\012\002\2343\020\202\206\034\020\006\232\001\276"
 133      33108286 
 133      1C10069A 
 133      01BE
 134 00c9 16E83F80 		.ascii	"\026\350?\200~\005\374\307@?\005\372G\240\177\002Z\006"
 134      7E05FCC7 
 134      403F05FA 
 134      47A07F02 
 134      5A06
 135 00db ED7ECD31 		.ascii	"\355~\3151\333\332\2014@\323\200\255\0042\000}H\236"
 135      DBDA8134 
 135      40D380AD 
ARM GAS  /tmp/ccISTp7X.s 			page 10


 135      0432007D 
 135      489E
 136 00ed 01FD0DD0 		.ascii	"\001\375\015\320\033\034\353\017\321\377\011\307\354"
 136      1B1CEB0F 
 136      D1FF09C7 
 136      EC
 137 00fa 25A6D9DB 		.ascii	"%\246\331\333wZ\260\313b\333\357\200>\005\274\011p\277"
 137      775AB0CB 
 137      62DBEF80 
 137      3E05BC09 
 137      70BF
 138 010c E5980F4E 		.ascii	"\345\230\017N\010~xS\360E\006bv\264K\374B\344\344\010"
 138      087E7853 
 138      F0450662 
 138      76B44BFC 
 138      42E4E408 
 139 0120 FE207E39 		.ascii	"\376 ~9\251\020u\036\264\3239\306\241\362\354\334c\316"
 139      A910751E 
 139      B4D339C6 
 139      A1F2ECDC 
 139      63CE
 140 0132 431C72D3 		.ascii	"C\034r\323~B\330\234\224\335\305*`uZ'\302\326\336M8"
 140      7E42D89C 
 140      94DDC52A 
 140      60755A27 
 140      C2D6DE4D 
 141 0147 A1C51C22 		.ascii	"\241\305\034\"\327\331\251}W\264o\027\362<\277\225o"
 141      D7D9A97D 
 141      57B46F17 
 141      F23CBF95 
 141      6F
 142 0158 1842A288 		.ascii	"\030B\242\210\344\321\252Ng\274\204\202\306.d\234q\303"
 142      E4D1AA4E 
 142      67BC8482 
 142      C62E649C 
 142      71C3
 143 016a 6FD0EBF0 		.ascii	"o\320\353\360\203'\266k@\226\207\226\302\236\304\304"
 143      8327B66B 
 143      40968796 
 143      C29EC4C4 
 144 017a 4669293B 		.ascii	"Fi);g\371#0\356\\\364\256\\\035\322zn\345\371\010\336"
 144      67F92330 
 144      EE5CF4AE 
 144      5C1DD27A 
 144      6EE5F908 
 145 018f 14C9FF30 		.ascii	"\024\311\3770\274\354u\005\312CKQ>Z\252@\245\310\023"
 145      BCEC7505 
 145      CA434B51 
 145      3E5AAA40 
 145      A5C813
 146 01a2 9AA042F4 		.ascii	"\232\240B\364\266\002\035\202\233%p3\007\214\030\355"
 146      B6021D82 
 146      9B257033 
 146      078C18ED 
 147 01b2 7CDCF43A 		.ascii	"|\334\364:\317+\321a\244E\305\010S\004t\223hc\206q\267"
 147      CF2BD161 
 147      A445C508 
ARM GAS  /tmp/ccISTp7X.s 			page 11


 147      53047493 
 147      68638671 
 148 01c7 2A5A9EAB 		.ascii	"*Z\236\253\034K.w$\271\366t\322\253Dr\031H.\022%\203"
 148      1C4B2E77 
 148      24B9F674 
 148      D2AB4472 
 148      19482E12 
 149 01dd 22ABE8B4 		.ascii	"\"\253\350\264\361\256\346\005\214>\352Ht|\356\324\232"
 149      F1AEE605 
 149      8C3EEA48 
 149      747CEED4 
 149      9A
 150 01ee 08FE1374 		.ascii	"\010\376\023t\004D\027\210\242\313D\321\350\324\321"
 150      04441788 
 150      A2CB44D1 
 150      E8D4D1
 151 01fd F2FBEE74 		.ascii	"\362\373\356tD\032\226\020>\253\2443YK\207\244\231#"
 151      441A9610 
 151      3EABA433 
 151      594B87A4 
 151      9923
 152 020f 7C75C9C4 		.ascii	"|u\311\304\005\027\372|\031a\217'6\247\252\351c%a\363"
 152      0517FA7C 
 152      19618F27 
 152      36A7AAE9 
 152      632561F3 
 153 0223 FB2F26BA 		.ascii	"\373/&\272R\366-\302\236>\3658\235\323\202\225<\237"
 153      52F62DC2 
 153      9E3EF538 
 153      9DD38295 
 153      3C9F
 154 0235 10C93B37 		.ascii	"\020\311;7\273\301\003T\011\026U\201E\012t\234\350E"
 154      BBC10354 
 154      09165581 
 154      450A749C 
 154      E845
 155 0247 6F2D45D5 		.ascii	"o-E\325\300\002\374|\322\315L\327E\011\024\316\363\313"
 155      C002FC7C 
 155      D2CD4CD7 
 155      450914CE 
 155      F3CB
 156 0259 52DDA8A1 		.ascii	"R\335\250\241\025\200?F\361'\320\"K+\002\237\314z2\203"
 156      15803F46 
 156      F127D022 
 156      4B2B029F 
 156      CC7A3283 
 157 026d 7571C407 		.ascii	"uq\304\007\202t\000H\304\327 \022\311\364\227t\254\255"
 157      82740048 
 157      C4D72012 
 157      C9F49774 
 157      ACAD
 158 027f 6A375242 		.ascii	"j7RB\270\242\325:\364'j\355T}\343\230\372\265\024\301"
 158      B8A2D53A 
 158      F4276AED 
 158      547DE398 
 158      FAB514C1 
 159 0293 BC1F28D1 		.ascii	"\274\037(\321\232W%\315\353\320k\360\277\026)\231\266"
ARM GAS  /tmp/ccISTp7X.s 			page 12


 159      9A5725CD 
 159      EBD06BF0 
 159      BF162999 
 159      B6
 160 02a4 E2A4CA06 		.ascii	"\342\244\312\006\027\033m\000\220\300\353\221\316\342"
 160      171B6D00 
 160      90C0EB91 
 160      CEE2
 161 02b2 CF7AAA30 		.ascii	"\317z\2520fd\307a7|\030\321hLk\031{\242^\266\237o(\033"
 161      6664C761 
 161      377C18D1 
 161      684C6B19 
 161      7BA25EB6 
 162 02ca 1DB913A3 		.ascii	"\035\271\023\243K\343M\021\374,\011A*\245\301:\026\012"
 162      4BE34D11 
 162      FC2C0941 
 162      2AA5C13A 
 162      160A
 163 02dc 724DC702 		.ascii	"rM\307\002\235D\313\240\341\211g\375W\224R\033\177'"
 163      9D44CBA0 
 163      E18967FD 
 163      5794521B 
 163      7F27
 164 02ee F5E0296A 		.ascii	"\365\340)j\343\237\004\023\353\3033\316aPb*3\267\024"
 164      E39F0413 
 164      EBC333CE 
 164      6150622A 
 164      33B714
 165 0301 AA9BF986 		.ascii	"\252\233\371\206\271\271\337\020\010\372\263(\376\317"
 165      B9B9DF10 
 165      08FAB328 
 165      FECF
 166 030f 82F4D354 		.ascii	"\202\364\323T\372\305\375\246\243\356\270\236\331X_"
 166      FAC5FDA6 
 166      A3EEB89E 
 166      D9585F
 167 031e 37DDA4C5 		.ascii	"7\335\244\305-\214\331\276\325\334\242\305\227\221\315"
 167      2D8CD9BE 
 167      D5DCA2C5 
 167      9791CD
 168 032d 5C7A93CD 		.ascii	"\\z\223\315\245\336\275Or\234)K\246\221;\211\310\346"
 168      A5DEBD4F 
 168      729C294B 
 168      A6913B89 
 168      C8E6
 169 033f EFF96C37 		.ascii	"\357\371l7\344\251es#\221\315\215s0zMb\230\275)D\331"
 169      E4A96573 
 169      2391CD8D 
 169      73307A4D 
 169      6298BD29 
 170 0355 56D1870A 		.ascii	"V\321\207\012k_P\013\004\355\233B\320\236\205\233\315"
 170      6B5F500B 
 170      04ED9B42 
 170      D09E859B 
 170      CD
 171 0366 3426B8C6 		.ascii	"4&\270\306\231\272(\353,\232\327\350\274L#6\211\"\023"
 171      99BA28EB 
ARM GAS  /tmp/ccISTp7X.s 			page 13


 171      2C9AD7E8 
 171      BC4C2336 
 171      892213
 172 0379 E9246A05 		.ascii	"\351$j\005\023\032E\023\316I&\321\203\222\304\012d1"
 172      131A4513 
 172      CE4926D1 
 172      8392C40A 
 172      6431
 173 038b B97630FD 		.ascii	"\271v0\375\025\202\277\010\3703\"\276\025-h\363\005"
 173      1582BF08 
 173      F83322BE 
 173      152D68F3 
 173      05
 174 039c 599B51D9 		.ascii	"Y\233Q\331\216\236X\015\0155\"\216\305\332\215\316\330"
 174      8E9E580D 
 174      0D35228E 
 174      C5DA8DCE 
 174      D8
 175 03ad B71C865A 		.ascii	"\267\034\206Z;\035\3066K\250\215\214V\015s8\212%\276"
 175      3B1DC636 
 175      4BA88D8C 
 175      560D7338 
 175      8A25BE
 176 03c0 73695B7A 		.ascii	"si[z40\250f~4\263\245\350\323]\221\0119\274yn\356oi"
 176      3430A866 
 176      7E34B3A5 
 176      E8D35D91 
 176      0939BC79 
 177 03d8 2B744912 		.ascii	"+tI\0229\227,\221s\231\216mn\303\3246\216\316T\023\265"
 177      39972C91 
 177      73998E6D 
 177      6EC3D436 
 177      8ECE5413 
 178 03ed A0B02AEE 		.ascii	"\240\260*\356\231\023\235\233+\011[P~\350!\207+\230"
 178      99139D9B 
 178      2B095B50 
 178      7EE82187 
 178      2B98
 179 03ff 9281CCD6 		.ascii	"\222\201\314\326\357\335q\035cR\006\017=r\306\315\214"
 179      EFDD711D 
 179      6352060F 
 179      3D72C6CD 
 179      8C
 180 0410 B9B1733C 		.ascii	"\271\261s<\301\011\2671\346Z\374\275+:|\2152\\\316\335"
 180      C109B731 
 180      E65AFCBD 
 180      2B3A7C8D 
 180      325CCEDD 
 181 0424 882295C5 		.ascii	"\210\"\225\305\177u\333\372\003\"!\263tC\207o\274\264"
 181      7F75DBFA 
 181      032221B3 
 181      7443876F 
 181      BCB4
 182 0436 FFBAE4FD 		.ascii	"\377\272\344\375\227yf2\313\005\247`\252\263\343\366"
 182      97796632 
 182      CB05A760 
 182      AAB3E3F6 
ARM GAS  /tmp/ccISTp7X.s 			page 14


 183 0446 E87D27BC 		.ascii	"\350}'\274\2171M\027.\335F\254O4\033e\015\234ku\241"
 183      8F314D17 
 183      2EDD46AC 
 183      4F341B65 
 183      0D9C6B75 
 184 045b 7DFA2961 		.ascii	"}\372)a\023\362\032\232\\p\016\303^~T\315kp)e\270\035"
 184      13F21A9A 
 184      5C700EC3 
 184      5E7E54CD 
 184      6B702965 
 185 0471 977A6795 		.ascii	"\227zg\225\310S'\244\301\361M\341`\354\000L\331>\321"
 185      C85327A4 
 185      C1F14DE1 
 185      60EC004C 
 185      D93ED1
 186 0484 D8D53A66 		.ascii	"\330\325:f\253t\216K\206\011\365\203\265\253-\223\034"
 186      AB748E4B 
 186      8609F583 
 186      B5AB2D93 
 186      1C
 187 0495 14240D37 		.ascii	"\024$\0157\364\273\341j\246\355@\375@\244\016\3270\246"
 187      F4BBE16A 
 187      A6ED40FD 
 187      40A40ED7 
 187      30A6
 188 04a7 3B614BBE 		.ascii	";aK\2763\256gLqV\3321g|\2321\217\371\2468w|\2261\255"
 188      33AE674C 
 188      7156DA31 
 188      677C9A31 
 188      8FF9A638 
 189 04c0 FDD3E33A 		.ascii	"\375\323\343:j\375\017\010\0337\036uR\207\317\261g#"
 189      6AFD0F08 
 189      1B371E75 
 189      5287CFB1 
 189      6723
 190 04d2 B52D19EE 		.ascii	"\265-\031\356\370\002c\322\246\3167\271S\340\217\010"
 190      F80263D2 
 190      A6CE37B9 
 190      53E08F08 
 191 04e2 3B343674 		.ascii	";46t\315\015\267\263g\017[\212\3739\334\301\030Kv\326"
 191      CD0DB7B3 
 191      670F5B8A 
 191      FB39DCC1 
 191      184B76D6 
 192 04f6 D1ECEC72 		.ascii	"\321\354\354r\251\245/\326\035y\010\177\213=<M\320\265"
 192      A9A52FD6 
 192      1D79087F 
 192      8B3D3C4D 
 192      D0B5
 193 0508 D192F863 		.ascii	"\321\222\370c_$F\3629?\242\016\030\004\007L\243\305"
 193      5F2446F2 
 193      393FA20E 
 193      1804074C 
 193      A3C5
 194 051a 6237F369 		.ascii	"b7\363iHV\222\377\012\2027\335\314U7\277K\261\017\354"
 194      485692FF 
 194      0A8237DD 
ARM GAS  /tmp/ccISTp7X.s 			page 15


 194      CC5537BF 
 194      4BB10FEC 
 195 052e B1F7EDB1 		.ascii	"\261\367\355\261\267\254\330\207\366\330\021\212\375"
 195      B7ACD887 
 195      F6D8118A 
 195      FD
 196 053b 3B2BF4A2 		.ascii	";+\364\242\025z\307\036\372\226\235\3246+\364{ykE\251"
 196      157AC71E 
 196      FA969DD4 
 196      362BF47B 
 196      796B45A9 
 197 054f 37ACD021 		.ascii	"7\254\320!{\350];h\227\025:,\017\225X\320m\305\336\223"
 197      7BE85D3B 
 197      6897153A 
 197      2C0F9558 
 197      D06DC5DE 
 198 0564 F70115BB 		.ascii	"\367\001\025\273KX\272>1*P\017<\357%\317\315B\003\210"
 198      4B58BA3E 
 198      312A500F 
 198      3CEF25CF 
 198      CD420388 
 199 0578 1BF41442 		.ascii	"\033\364\024B\350\011\362@\343@\023@\243@\223@\217\201"
 199      E809F240 
 199      E3401340 
 199      A3409340 
 199      8F81
 200 058a A680C680 		.ascii	"\246\200\306\200\036!\017\032\206T\357\005\253\336\333"
 200      1E210F1A 
 200      8654EF05 
 200      ABDEDB
 201 0599 B24EA26A 		.ascii	"\262N\242jIP\233\317G\253yD\020\012KB\260\256\351\025"
 201      49509BCF 
 201      47AB7944 
 201      100A4B42 
 201      B0AEE915 
 202 05ad 8FAEBE6E 		.ascii	"\217\256\276n\263rI\345(\3203\266N\002\360nL\364\357"
 202      B37249E5 
 202      28D033B6 
 202      4E02F06E 
 202      4CF4EF
 203 05c0 70849284 		.ascii	"p\204\222\204\022~2\321\270\313\025A\314\354\022\222"
 203      127E32D1 
 203      B8CB1541 
 203      CCEC1292 
 204 05d0 16E99455 		.ascii	"\026\351\224U\371-\260\346\271\320\2519\350\324\254"
 204      F92DB0E6 
 204      B9D0A939 
 204      E8D4AC
 205 05df C4E8D1F8 		.ascii	"\304\350\321\370\306\203\233Y\200\201h4#@\035\031\236"
 205      C6839B59 
 205      80816834 
 205      23401D19 
 205      9E
 206 05f0 460D7F2E 		.ascii	"F\015\177.g\370L\312\300\026'\274\205\032\204z\2175"
 206      67F84CCA 
 206      C01627BC 
 206      851A847A 
ARM GAS  /tmp/ccISTp7X.s 			page 16


 206      8F35
 207 0602 8E3BE3ED 		.ascii	"\216;\343\355\214I/\235\236\322\342d\3064\027e\374\005"
 207      8C492F9D 
 207      9ED2E264 
 207      C6341765 
 207      FC05
 208 0614 EFA3D7CA 		.ascii	"\357\243\327\312\201}\245\307\334\221\347\322\2454/"
 208      817DA5C7 
 208      DC91E7D2 
 208      A5342F
 209 0623 6D85591E 		.ascii	"m\205Y\036\303iQ$\207%\205g*\334\237\376\015y\000\227"
 209      C3695124 
 209      87258567 
 209      2ADC9FFE 
 209      0D790097 
 210 0637 4EF497E6 		.ascii	"N\364\227\346\247\321D\036\377H\201\336^\212~\001fF"
 210      A7D1441E 
 210      FF4881DE 
 210      5E8A7E01 
 210      6646
 211 0649 719EF491 		.ascii	"q\236\364\221\002m\341\226\242h\216\246\246\376\244"
 211      026DE196 
 211      A2688EA6 
 211      A6FEA4
 212 0658 B1589556 		.ascii	"\261X\225V@o}\021:5.u\253\316\306\363[9\351\362\035"
 212      406F7D11 
 212      3A352E75 
 212      ABCEC6F3 
 212      5B39E9F2 
 213 066d CB593C7F 		.ascii	"\313Y<\177u`\327I\204\263X\177f\236G\355q\307\371\214"
 213      7560D749 
 213      84B3587F 
 213      669E47ED 
 213      71C7F98C 
 214 0681 D973A9B3 		.ascii	"\331s\251\263R\211\313\030\023\327]p^\203\253\2256\253"
 214      5289CB18 
 214      13D75D70 
 214      5E83AB95 
 214      36AB
 215 0693 F2AB6C55 		.ascii	"\362\253lU\336\331\232~\022S\226U\266\211\003\023\271"
 215      DED99A7E 
 215      12539655 
 215      B6890313 
 215      B9
 216 06a4 C8B272DA 		.ascii	"\310\262r\332vm\027\030\373\252\220ww\202\271\361\234"
 216      766D1718 
 216      FBAA9077 
 216      7782B9F1 
 216      9C
 217 06b5 A5AA7D6A 		.ascii	"\245\252}jFd\031L\0003wp\326\314\370\252\270j\232\257"
 217      4664194C 
 217      00337770 
 217      D6CCF8AA 
 217      B86A9AAF 
 218 06c9 E7FEABBC 		.ascii	"\347\376\253\274\320$GBk#[\351\332\232\010B\267\213"
 218      D0244742 
 218      6B235BE9 
ARM GAS  /tmp/ccISTp7X.s 			page 17


 218      DA9A0842 
 218      B78B
 219 06db 42133889 		.ascii	"B\0238\211\324\254)\177y\251)\216\244\326\025\365\376"
 219      D4AC297F 
 219      79A9298E 
 219      A4D615F5 
 219      FE
 220 06ec 98484D06 		.ascii	"\230HM\006\251\333D\251\211\242T\324U|\375\014\306\247"
 220      A9DB44A9 
 220      89A254D4 
 220      557CFD0C 
 220      C6A7
 221 06fe 99B72E5C 		.ascii	"\231\267.\\M\215v\305\255\224\341\256>\337\262X^_\232"
 221      4D8D76C5 
 221      AD94E1AE 
 221      3EDFB258 
 221      5E5F9A
 222 0711 037DA619 		.ascii	"\003}\246\031\236wR\240T\320\266G^\333\300\243\256|"
 222      9E7752A0 
 222      54D0B647 
 222      5EDBC0A3 
 222      AE7C
 223 0723 1DEE60DA 		.ascii	"\035\356`\332,\205\260\033+\204\367\305L<U\342n\246"
 223      2C85B01B 
 223      2B84F7C5 
 223      4C3C55E2 
 223      6EA6
 224 0735 FCE88EDE 		.ascii	"\374\350\216\336h,\257}\277#\355\263T{\006h\337'\257"
 224      682CAF7D 
 224      BF23EDB3 
 224      547B0668 
 224      DF27AF
 225 0748 BD6FB8EE 		.ascii	"\275o\270\356\240\022\017\010Se\252\367\224\206j\177"
 225      A0120F08 
 225      5365AAF7 
 225      94866A7F 
 226 0758 97B0479B 		.ascii	"\227\260G\233z/\270\342a\366\354\304`\304\015\015\036"
 226      7A2FB8E2 
 226      61F6ECC4 
 226      60C40D0D 
 226      1E
 227 0769 65CCF4F0 		.ascii	"e\314\364\360\340}\204\247\031Sr\353\364Fh\244\326\222"
 227      E07D84A7 
 227      195372EB 
 227      F44668A4 
 227      D692
 228 077b 093F4D77 		.ascii	"\011?MwH\377\003\267[:\332\332U\364>\271\245!=xr\246"
 228      48FF03B7 
 228      5B3ADADA 
 228      55F43EB9 
 228      A5213D78 
 229 0791 EAB09AF5 		.ascii	"\352\260\232\365\200\237\277\252\347A'\324B'r\240\023"
 229      809FBFAA 
 229      E74127D4 
 229      422772A0 
 229      13
 230 07a2 B9D6E89A 		.ascii	"\271\326\350\232\355\243\321u\020\272\221-vC-\306\301"
ARM GAS  /tmp/ccISTp7X.s 			page 18


 230      EDA3D175 
 230      10BA912D 
 230      76432DC6 
 230      C1
 231 07b3 8D8AACE3 		.ascii	"\215\212\254\343\3262\262v\240\215\306M\001\300\017"
 231      D632B276 
 231      A08DC64D 
 231      01C00F
 232 07c2 88F0839C 		.ascii	"\210\360\203\234XS\310h\317\227\321\016\222\017"
 232      5853C868 
 232      CF97D10E 
 232      920F
 233 07d0 5C1E88B3 		.ascii	"\\\036\210\263V{uE\254Z)\002\311Y\242\344\202\205%\027"
 233      567B7545 
 233      AC5A2902 
 233      C959A2E4 
 233      82852517 
 234 07e4 CA4A4609 		.ascii	"\312JF\011\327o\314:\341\010\025\365\341\225\202v\223"
 234      D76FCC3A 
 234      E10815F5 
 234      E1958276 
 234      93
 235 07f5 3B8E654C 		.ascii	";\216eL\347\2153\031\032\234\310\230\352\344\374F\035"
 235      E78D3319 
 235      1A9CC898 
 235      EAE4FC46 
 235      1D
 236 0806 4E63CCE9 		.ascii	"Nc\314\351#'>\303\305\354\272\264\276(\226\355\201\377"
 236      23273EC3 
 236      C5ECBAB4 
 236      BE2896ED 
 236      81FF
 237 0818 423725D1 		.ascii	"B7%\321\243\261l\303\245\2435B\313p\217\006\2273\350"
 237      A3B16CC3 
 237      A5A33542 
 237      CB708F06 
 237      9733E8
 238 082b C3983D57 		.ascii	"\303\230=W9\\\317\230\364\226nw\334\306\256\317n\313"
 238      395CCF98 
 238      F4966E77 
 238      DCC6AECF 
 238      6ECB
 239 083d BEACC666 		.ascii	"\276\254\306f\306T>\310\335\255\302C\224\341\3123\032"
 239      C6543EC8 
 239      DDADC243 
 239      94E1CA33 
 239      1A
 240 084e D39C857E 		.ascii	"\323\234\205~\233v`\204\252I\006z\351>W\311\3679\372"
 240      9B766084 
 240      AA49067A 
 240      E93E57C9 
 240      F739FA
 241 0861 FBAADD18 		.ascii	"\373\252\335\030?d\372\246/\336.\324\340\011\306\244"
 241      3F64FAA6 
 241      2FDE2ED4 
 241      E009C6A4 
 242 0871 D4EC4B64 		.ascii	"\324\354Kd\275\341)?\332\223\360\324\025?c\017#\206"
ARM GAS  /tmp/ccISTp7X.s 			page 19


 242      BDE1293F 
 242      DA93F0D4 
 242      153F630F 
 242      2386
 243 0883 D34C0847 		.ascii	"\323L\010G\251)sgKy\206\022og\314\356\242\214\247j\234"
 243      A9297367 
 243      4B798612 
 243      6F67CCEE 
 243      A28CA76A 
 244 0898 CC98A49D 		.ascii	"\314\230\244\235=\025:\274\2171%\303c\311*\234\315\230"
 244      3D153ABC 
 244      8F3125C3 
 244      63C92A9C 
 244      CD98
 245 08aa B2BB5DEF 		.ascii	"\262\273]\357\340Bz\315\245M\3349\207\034\356\014\032"
 245      E0427ACD 
 245      A54DDC39 
 245      871CEE0C 
 245      1A
 246 08bb 39F99D81 		.ascii	"9\371\235\201i\033\370\340\014\370\34047\277J\005\015"
 246      691BF8E0 
 246      0CF8E034 
 246      37BF4A05 
 246      0D
 247 08cc 19370F66 		.ascii	"\0317\017f\352\3601\246n\177\370\365$\025\256e\314l"
 247      EAF031A6 
 247      6E7FF8F5 
 247      2415AE65 
 247      CC6C
 248 08de F6F61308 		.ascii	"\366\366\023\010\237dL\337\341\301\273\034ngL\352\305"
 248      9F644CDF 
 248      E1C1BB1C 
 248      6E674CEA 
 248      C5
 249 08ef 1D1D3A6C 		.ascii	"\035\035:lf\314\216S\346\313*<\314\230\202\033\327\316"
 249      66CC8E53 
 249      E6CB2A3C 
 249      CC98821B 
 249      D7CE
 250 0901 6AF0A4DA 		.ascii	"j\360\244\332fV\352\330\254\3140O\3649\343g\354Y\317"
 250      6656EAD8 
 250      ACCC304F 
 250      F439E367 
 250      EC59CF
 251 0914 99886B4A 		.ascii	"\231\210kJ\274E\303\022{\303\241\016\006\374\230V\177"
 251      BC45C312 
 251      7BC3A10E 
 251      06FC9856 
 251      7F
 252 0925 8D29132E 		.ascii	"\215)\023.8\201=\213\214\254kR\341\275\214\261\274>"
 252      38813D8B 
 252      8CAC6B52 
 252      E1BD8CB1 
 252      BC3E
 253 0937 D1D1D727 		.ascii	"\321\321\327'\277\336?\333\022\351&\224{\236\036:\217"
 253      BFDE3FDB 
 253      12E92694 
ARM GAS  /tmp/ccISTp7X.s 			page 20


 253      7B9E1E3A 
 253      8F
 254 0948 C59EE462 		.ascii	"\305\236\344b1-\375\026/\326\351\026\223\333\204#\367"
 254      312DFD16 
 254      2FD6E916 
 254      93DB8423 
 254      F7
 255 0959 744B5851 		.ascii	"tKXQ\250#\377u\236\364\317\303DfGk\255\371\247\325\345"
 255      A823FF75 
 255      9EF4CFC3 
 255      4466476B 
 255      ADF9A7D5 
 256 096e 7C4314A6 		.ascii	"|C\024\246\023\344\0208j\206[\"\267~\323\022eg\021)"
 256      13E41038 
 256      6A865B22 
 256      B77ED312 
 256      65671129 
 257 0982 51884B2F 		.ascii	"Q\210K/\002r\232\223\254\364\0278\3332jtg\375\350\272"
 257      02729A93 
 257      ACF41738 
 257      DB326A74 
 257      67FDE8BA 
 258 0996 245A19DC 		.ascii	"$Z\031\334\347t\250\036\360\3678\307\305\\ikm\325\317"
 258      E774A81E 
 258      F0F738C7 
 258      C55C696B 
 258      6DD5CF
 259 09a9 60AB7C0A 		.ascii	"`\253|\012\241\233\000/]\320\020\336\034[pQ\307\203"
 259      A19B002F 
 259      5DD010DE 
 259      1C5B7051 
 259      C783
 260 09bb 29C4E8E2 		.ascii	")\304\350\342\027\030\3352\250J}\227f\363t\301h!\003"
 260      1718DD32 
 260      A84A7D97 
 260      66F374C1 
 260      682103
 261 09ce B36A6E2F 		.ascii	"\263jn/g)OFkc\206WEA\256x\010\230\243b\314\014q\213"
 261      67294F46 
 261      6B638657 
 261      4541AE78 
 261      0898A362 
 262 09e6 15968A87 		.ascii	"\025\226\212\207\272\354u\301e\244\324\341\355\035!"
 262      BAEC75C1 
 262      65A4D4E1 
 262      ED1D21
 263 09f5 ADA9A5E5 		.ascii	"\255\251\245\345\300\003\350\226X\016\334d\345\0001"
 263      C003E896 
 263      580EDC64 
 263      E50031
 264 0a04 D0DCD6C2 		.ascii	"\320\334\326\302:\023\211u\350\224\343\316H+\316\016"
 264      3A138975 
 264      E894E3CE 
 264      482BCE0E 
 265 0a14 787C853C 		.ascii	"x|\205<\356\205\330'\352Iq\026\213=\221\231\363@#@\223"
 265      EE85D827 
 265      EA497116 
ARM GAS  /tmp/ccISTp7X.s 			page 21


 265      8B3D9199 
 265      F3402340 
 266 0a29 40DD40E3 		.ascii	"@\335@\343@<\206J\023~g\201n\000E\001?\010\277w\200"
 266      403C864A 
 266      137E6781 
 266      6E004501 
 266      3F08BF77 
 267 0a3e E680B600 		.ascii	"\346\200\266\000\177\025~'\200b\340\372\011\307\012"
 267      7F157E27 
 267      8062E0FA 
 267      09C70A
 268 0a4d 3CE293D2 		.ascii	"<\342\223\322\332\301\277\205\222\255\007T\\\025\267"
 268      DAC1BF85 
 268      92AD0754 
 268      5C15B7
 269 0a5c 4FD3128F 		.ascii	"O\323\022\217\220\241+~\235\015\035\031\351\353\310"
 269      90A12B7E 
 269      9D0D1D19 
 269      E9EBC8
 270 0a6b CE2176C3 		.ascii	"\316!v\3031M\313\\\013rh\001\344]\033d\004vXWB\254\225"
 270      314DCB5C 
 270      0B726801 
 270      E45D1B64 
 270      04765857 
 271 0a82 FE9E24F9 		.ascii	"\376\236$\371\307 \255A\034\270{\0263e\353\3321p\035"
 271      C720AD41 
 271      1CB87B16 
 271      3365EBDA 
 271      31701D
 272 0a95 114A5CB7 		.ascii	"\021J\\\267\023\\\327\317Y\353Z\236\204\343\317Y\237"
 272      135CD7CF 
 272      59EB5A9E 
 272      84E3CF59 
 272      9F
 273 0aa6 6E83CC73 		.ascii	"n\203\314s\366\203<b\273i\340K;\353\217\342p\212'\301"
 273      F6833C62 
 273      BB69E04B 
 273      3BEB8FE2 
 273      708A27C1 
 274 0aba 730CF0C3 		.ascii	"s\014\360\303\360k}Mg\033\276 =G\220N\306\372\254\274"
 274      F06B7D4D 
 274      671BBE20 
 274      3D47904E 
 274      C6FAACBC 
 275 0ace 74C9A09B 		.ascii	"t\311\240\233\250\345Vi\025\034s\034\261|;X\336\007"
 275      A8E55669 
 275      151C731C 
 275      B17C3B58 
 275      DE07
 276 0ae0 0337CA49 		.ascii	"\0037\312I\252\362\235\365\323\302\334{\006\336;)?\367"
 276      AAF29DF5 
 276      D3C2DC7B 
 276      06DE3B29 
 276      3FF7
 277 0af2 98F5D2A8 		.ascii	"\230\365\322\250*\203\254_\016\323\001\035\021\354'"
 277      2A83AC5F 
 277      0ED3011D 
ARM GAS  /tmp/ccISTp7X.s 			page 22


 277      11EC27
 278 0b01 0AB68182 		.ascii	"\012\266\201\202\357AA<\366\220\370\2225\250\201\006"
 278      EF41413C 
 278      F690F892 
 278      35A88106 
 279 0b11 64FF846A 		.ascii	"d\377\204j\005\025\244\301\016h\020\015at\015\032\335"
 279      0515A4C1 
 279      0E68100D 
 279      61740D1A 
 279      DD
 280 0b22 15AC924E 		.ascii	"\025\254\222N\204\036N\272#!\303\313\206\313\021\006"
 280      841E4EBA 
 280      2321C3CB 
 280      86CB1106 
 281 0b32 4DC14089 		.ascii	"M\301@\2110\251~\253G\272\000\262\220G\300\343G%1\332"
 281      30A97EAB 
 281      47BA00B2 
 281      9047C0E3 
 281      472531DA 
 282 0b46 291BA392 		.ascii	")\033\243\222=\340\023k\350u\312\006)\203\262\244\221"
 282      3DE0136B 
 282      E875CA06 
 282      2983B2A4 
 282      91
 283 0b57 F7FD2724 		.ascii	"\367\375'$i\2208i\026c\017\"K\234\"\2204\362\3378\316"
 283      69903869 
 283      16630F22 
 283      4B9C2290 
 283      34F2DF38 
 284 0b6c 92066C04 		.ascii	"\222\006l\004P\234\375\210K6\226T\177z\236E\177\270"
 284      509CFD88 
 284      4B369654 
 284      7F7A9E45 
 284      7FB8
 285 0b7e 3DD47E6B 		.ascii	"=\324~k\233As2\311\035m\366\320v\316\006j\216\317c\211"
 285      9B417332 
 285      C91D6DF6 
 285      D076CE06 
 285      6A8ECF63 
 286 0b93 86BCB9B9 		.ascii	"\206\274\271\271i\357\202|\373\240\263\033\342\001p"
 286      69EF827C 
 286      FBA0B31B 
 286      E20170
 287 0ba2 F142432C 		.ascii	"\361BC,d\320\201\277\220\267\316$\331\035\026\235q\237"
 287      64D081BF 
 287      90B7CE24 
 287      D91D169D 
 287      719F
 288 0bb4 D329E605 		.ascii	"\323)\346\005\2175\207]\023L\371\377\310a\202\367\315"
 288      8F35875D 
 288      134CF9FF 
 288      C86182F7 
 288      CD
 289 0bc5 EF08DE5F 		.ascii	"\357\010\336_\255C\227\355\335\324a\353&S]\001\361\350"
 289      AD4397ED 
 289      DDD461EB 
 289      26535D01 
ARM GAS  /tmp/ccISTp7X.s 			page 23


 289      F1E8
 290 0bd7 56F0E809 		.ascii	"V\360\350\011\307\331X\032\255\217m\"\372\031\353l\242"
 290      C7D9581A 
 290      AD8F6D22 
 290      FA19EB6C 
 290      A2
 291 0be8 4CCE5150 		.ascii	"L\316QPi\244\237q\320\317N\260\365\012P8\330{\035~\237"
 291      69A49F71 
 291      D0CF4EB0 
 291      F50A5038 
 291      D87B1D7E 
 292 0bfd 02DD027A 		.ascii	"\002\335\002z.\261\335\334+\254td\321mz\301JWKW:\262"
 292      2EB1DDDC 
 292      2BAC7464 
 292      D16D7AC1 
 292      4A574B57 
 293 0c13 4BDA2DB7 		.ascii	"K\332-\267\322\211\351\3124\363\013\020I2U\253\000\264"
 293      D289E9CA 
 293      34F30B10 
 293      493255AB 
 293      00B4
 294 0c25 CEA46ADB 		.ascii	"\316\244j\333\3602\357=\313\364\223X\214\220\217E\311"
 294      F032EF3D 
 294      CBF49358 
 294      8C908F45 
 294      C9
 295 0c36 BCC9A4AE 		.ascii	"\274\311\244\256\003'\227\274h\035\263K\306-\034\226"
 295      032797BC 
 295      681DB34B 
 295      C62D1C96 
 296 0c46 4DC65237 		.ascii	"M\306R7\337\263q3D\274\325I\027\363.\272\360\320u\262"
 296      DFB37133 
 296      44BCD549 
 296      17F32EBA 
 296      F0D075B2 
 297 0c5a 69CA94EB 		.ascii	"i\312\224\353\272\211\263\346\336\235\365C\222L]'$."
 297      BA89B3E6 
 297      DE9DF543 
 297      924C5D27 
 297      242E
 298 0c6c C799DAF4 		.ascii	"\307\231\332\3646\313\033\244\3248/_\365\210#P@'#\231"
 298      36CB1BA4 
 298      D4382F5F 
 298      F5882350 
 298      40272399 
 299 0c80 5F97E427 		.ascii	"_\227\344'\343\374\272`\330\246W[Y\257\350\333\222\270"
 299      E3FCBA60 
 299      D8A6575B 
 299      59AFE8DB 
 299      92B8
 300 0c92 18FA9A87 		.ascii	"\030\372\232\207\263\177[B\037>\365w\"\016\226y4\332"
 300      B37F5B42 
 300      1F3EF577 
 300      220E9679 
 300      34DA
 301 0ca4 595FBA82 		.ascii	"Y_\272\202L\302a\331\2260\033j^K\205=&\255k\346?\007"
 301      4CC261D9 
ARM GAS  /tmp/ccISTp7X.s 			page 24


 301      96301B6A 
 301      5E4B853D 
 301      26AD6BE6 
 302 0cba 07DDC664 		.ascii	"\007\335\306d/vO\3761x\3445\362\230$8\333\307&\246\274"
 302      2F764FFE 
 302      3178E435 
 302      F2982438 
 302      DBC726A6 
 303 0ccf E6F76CE9 		.ascii	"\346\367l\351!\273\217\343\302B\"\227e\240\250\2559"
 303      21BB8FE3 
 303      C2422297 
 303      65A0A8AD 
 303      39
 304 0ce0 58A6C271 		.ascii	"X\246\302qN6\2578V\331\036<\254\022\017\036\332\212"
 304      4E36AF38 
 304      56D91E3C 
 304      AC120F1E 
 304      DA8A
 305 0cf2 8EF4E91C 		.ascii	"\216\364\351\034\356\002\222!jV\011\273\200]x)J\304"
 305      EE029221 
 305      6A5609BB 
 305      805D7829 
 305      4AC4
 306 0d04 C256B4E0 		.ascii	"\302V\264\340R\351\033\207I\177\223\260\026%`kRZ%\356"
 306      52E91B87 
 306      497F93B0 
 306      1625606B 
 306      525A25EE 
 307 0d18 04061BCF 		.ascii	"\004\006\033\317_q\305g\250!\\mmQ\244\223\345\375qf"
 307      5F71C567 
 307      A8215C6D 
 307      6D51A493 
 307      E5FD7166 
 308 0d2c ECDE25A4 		.ascii	"\354\336%\244\267{ \033\244\210m\353\221\314\013d\351"
 308      B77B201B 
 308      A4886DEB 
 308      91CC0B64 
 308      E9
 309 0d3d 2111DA0D 		.ascii	"!\021\332\015\346\210\347D\362\207R\355{\266\357p\241"
 309      E688E744 
 309      F28752ED 
 309      7BB6EF70 
 309      A1
 310 0d4e B788F854 		.ascii	"\267\210\370TLoF\317um\307\364&\011\2434vs\254:\356"
 310      4C6F46CF 
 310      756DC7F4 
 310      2609A334 
 310      7673AC3A 
 311 0d63 0943924E 		.ascii	"\011C\222N\244\013\310\226\356~\253\304\275\354\336"
 311      A40BC896 
 311      EE7EABC4 
 311      BDECDE
 312 0d72 F33D0FBA 		.ascii	"\363=\017\272\220\364\360\341\276M\331\231\201\311\351"
 312      90F4F0E1 
 312      BE4DD999 
 312      81C9E9
 313 0d81 C33E2C9C 		.ascii	"\303>,\234>\354\030\214z\252\302\347\331\000L\354\337"
ARM GAS  /tmp/ccISTp7X.s 			page 25


 313      3EEC188C 
 313      7AAAC2E7 
 313      D9004CEC 
 313      DF
 314 0d92 3D8AE9E9 		.ascii	"=\212\351\351\2039-\367\254\316\304\016\225h\033\264"
 314      83392DF7 
 314      ACCEC40E 
 314      95681BB4 
 315 0da2 1F8B670F 		.ascii	"\037\213g\017pM\273\2162\3612\271S+\233\343\016\023"
 315      704DBB8E 
 315      32F132B9 
 315      532B9BE3 
 315      0E13
 316 0db4 969E5A65 		.ascii	"\226\236ZeD\232F\020\356a\372\306.o\237a\372F;;\216"
 316      449A4610 
 316      EE61FAC6 
 316      2E6F9F61 
 316      FA463B3B 
 317 0dc9 FE2CB59C 		.ascii	"\376,\265\234?\025\305\317\314\315!DZ\241,\211\312,"
 317      3F15C5CF 
 317      CCCD2144 
 317      5AA12C89 
 317      CA2C
 318 0ddb 8BCA0354 		.ascii	"\213\312\003Te\177C\336\240;\216sf\273\320\322\201\363"
 318      657F43DE 
 318      A03B8E73 
 318      66BBD0D2 
 318      81F3
 319 0ded 4A2AA6B4 		.ascii	"J*\246\264\360\352\375W\322\370,\313q\033\221\222-\221"
 319      F0EAFD57 
 319      D2F82CCB 
 319      711B9192 
 319      2D91
 320 0dff 926D9192 		.ascii	"\222m\221\222C\245\0147E\334q\306G\230\224\374\264\202"
 320      43A50C37 
 320      45DC71C6 
 320      479894FC 
 320      B482
 321 0e11 06E54FB2 		.ascii	"\006\345O\262\370\006S\351H\343\347\374\326H\236\230"
 321      F80653E9 
 321      48E3E7FC 
 321      D6489E98 
 322 0e21 82E93163 		.ascii	"\202\3511c.\223!9\235\314e\222\320A\374\023h\233X\223"
 322      2E932139 
 322      9DCC6592 
 322      D041FC13 
 322      689B5893 
 323 0e35 15E1C4F6 		.ascii	"\025\341\304\366\301\257\320\015ca\364\030;(m\247'\027"
 323      C1AFD00D 
 323      6361F418 
 323      3B286DA7 
 323      2717
 324 0e47 5B6E54E9 		.ascii	"[nT\351q-\323Syr\342\207\270\205]\237\230>\226\347F"
 324      712DD353 
 324      7972E287 
 324      B8855D9F 
 324      983E96E7 
ARM GAS  /tmp/ccISTp7X.s 			page 26


 325 0e5c DB99D916 		.ascii	"\333\231\331\026\257fh\222\275\372\177\235\356\240\237"
 325      AF666892 
 325      BDFA7F9D 
 325      EEA09F
 326 0e6b 3FBBED86 		.ascii	"?\273\355\206;\030\266:\267\262\300\025\233\031\223"
 326      3B18B63A 
 326      B7B2C015 
 326      9B1993
 327 0e7a B867B0DC 		.ascii	"\270g\260\334\015?dLlA\353\200\016?\026`\345\025\031"
 327      0D3F644C 
 327      6C41EB80 
 327      0E3F1660 
 327      E51519
 328 0e8d 1C7ECE98 		.ascii	"\034~\316\230\301\360\254\0147\034\251\245Lc\362\335"
 328      C1F0AC0C 
 328      371CA9A5 
 328      4C63F2DD 
 329 0e9d AFF13676 		.ascii	"\257\3616v\335\321\177\365\240+N\242\214\323\261\351"
 329      DDD17FF5 
 329      A02B4EA2 
 329      8CD3B1E9 
 330 0ead F17CF2F2 		.ascii	"\361|\362\362\227m%\245\013t\021\314\242b\230E\250\004"
 330      976D25A5 
 330      0B7411CC 
 330      A2629845 
 330      A804
 331 0ebf 1C502124 		.ascii	"\034P!$\347\032\210\353\343\260`\235\000\252\006:\006"
 331      E71A88EB 
 331      E3B0609D 
 331      00AA063A 
 331      06
 332 0ed0 54055489 		.ascii	"T\005T\211m\026\334\232_\012\013.\211\277r\241\275\303"
 332      6D16DC9A 
 332      5F0A0B2E 
 332      89BF72A1 
 332      BDC3
 333 0ee2 1AE6C421 		.ascii	"\032\346\304!K\271s\324\036j_\031UY\241G\344\245\212"
 333      4BB973D4 
 333      1E6A5F19 
 333      5559A147 
 333      E4A58A
 334 0ef5 AB9CB9F8 		.ascii	"\253\234\271\370\020[\273\310>\255\314\036\235o\277"
 334      105BBBC8 
 334      3EADCC1E 
 334      9D6FBF
 335 0f04 2616BC23 		.ascii	"&\026\274#\254\211\207\005\250\374\232\020a*<dI\362"
 335      AC898705 
 335      A8FC9A10 
 335      612A3C64 
 335      49F2
 336 0f16 A5F242C5 		.ascii	"\245\362B\305\027\336\371;H\012\257\230\227*!\315\224"
 336      17DEF93B 
 336      480AAF98 
 336      972A21CD 
 336      94
 337 0f27 4DF4E5AB 		.ascii	"M\364\345\253\320by\217\327\201\227_\326\343\302\241"
 337      D062798F 
ARM GAS  /tmp/ccISTp7X.s 			page 27


 337      D781975F 
 337      D6E3C2A1 
 338 0f37 E6BD50B2 		.ascii	"\346\275P\262\003\252\205F\207\304<Ua\251Ba\324o\346"
 338      03AA8546 
 338      87C43C55 
 338      61A94261 
 338      D46FE6
 339 0f4a 5CAF54E2 		.ascii	"\\\257T\342\014\026\002\005\023g\356c\234\315\230\222"
 339      0C160205 
 339      1367EE63 
 339      9CCD9892 
 340 0f5a 230D2D2E 		.ascii	"#\015-.\270\2321g.u\027\251\331\271\033\233_\255U\267"
 340      B89A3167 
 340      2E7517A9 
 340      D9B91B9B 
 340      5FAD55B7 
 341 0f6e D84B2AFA 		.ascii	"\330K*\372\221@S\366@\2623ng\330\301\222\210\235\034"
 341      914053F6 
 341      40B2336E 
 341      67D8C192 
 341      889D1C
 342 0f81 36336677 		.ascii	"63fwRJ\2453\036c\314\355\202\354VW\374\2041\331\035"
 342      524AA533 
 342      1E63CCED 
 342      82EC5657 
 342      FC8431D9 
 343 0f96 75150887 		.ascii	"u\025\010\207\273\260\250\357\031o"
 343      BBB0A8EF 
 343      196F
 344 0fa0 75C67194 		.ascii	"u\306q\224\341\212;\362S\\\220\316\323a\032m\265I\243"
 344      E18A3BF2 
 344      535C90CE 
 344      D3611A6D 
 344      B549A3
 345 0fb3 D4A73591 		.ascii	"\324\2475\221Z\360\3519\310\230-2\011\231\234\317M$"
 345      5AF0E939 
 345      C8982D32 
 345      09999CCF 
 345      4D24
 346 0fc5 55BBE024 		.ascii	"U\273\340$\246\256\320\234\371\304\015\357\245\214\266"
 346      A6AED09C 
 346      F9C40DEF 
 346      A58CB6
 347 0fd4 EE61F87B 		.ascii	"\356a\370{\310s\261\007\211v\235\207'\025\327\222\275"
 347      C873B107 
 347      89769D87 
 347      2715D792 
 347      BD
 348 0fe5 08C4B581 		.ascii	"\010\304\265\201\337\316\210\342.a\233\235#\033\235"
 348      DFCE88E2 
 348      2E619B9D 
 348      231B9D
 349 0ff4 53303AA7 		.ascii	"S0:\247\311\350\\\004\243.\011\243"
 349      C9E85C04 
 349      A32E09A3 
 350 1000 731DAEDB 		.ascii	"s\035\256\333I)\014t\031\250\003\350\212\355\\\030]"
 350      49290C74 
ARM GAS  /tmp/ccISTp7X.s 			page 28


 350      19A803E8 
 350      8AED5C18 
 350      5D
 351 1011 2ECC85AB 		.ascii	".\314\205\253`s\023(\271$\277\225\225\325\325(\340_"
 351      60731328 
 351      B924BF95 
 351      95D5D528 
 351      E05F
 352 1023 4697B9A7 		.ascii	"F\227\271\247\210\005<9\213n\266Wd\177|\326Kk\025\342"
 352      88053C39 
 352      8B6EB657 
 352      647F7CD6 
 352      4B6B15E2 
 353 1037 C7F3F250 		.ascii	"\307\363\362P\261\2563\337me\202a\241\271`\017\226L"
 353      B1AE33DF 
 353      6D658261 
 353      A1B9600F 
 353      964C
 354 1049 66E930B6 		.ascii	"f\3510\266ai]sU\254\326L\267\250b\342\214\263\262\316"
 354      61695D73 
 354      55ACD64C 
 354      B7A862E2 
 354      8CB3B2CE 
 355 105d 103757E6 		.ascii	"\0207W\346\356md\376\\\222\231?(\361TK%\207\017\320"
 355      EE6D64FE 
 355      5C92993F 
 355      28F1544B 
 355      25870FD0 
 356 1071 81554F4D 		.ascii	"\201UOM\037OsGt\\\351\301\2479\365\220\350\211N\320"
 356      1F4F7347 
 356      745CE9C1 
 356      A739F590 
 356      E8894ED0 
 357 1085 D2E5A87B 		.ascii	"\322\345\250{\262{\235\223B\013\342\364\036p\372-pt"
 357      B27B9D93 
 357      420BE2F4 
 357      1E70FA2D 
 357      7074
 358 1097 37D04DA0 		.ascii	"7\320M\240\033R\207\317\012~\261t\246\313Ag(x\353!\333"
 358      1B5287CF 
 358      0A7EB174 
 358      A6CB4167 
 358      2878EB21 
 359 10ac D191B149 		.ascii	"\321\221\261I\254\273g$\222\233d%\213Y\346\031\365R"
 359      ACBB6724 
 359      929B6425 
 359      8B59E619 
 359      F552
 360 10be 975C9699 		.ascii	"\227\\\226\231\272WrH\011!\317\222\304\331\361O\242"
 360      BA577248 
 360      0921CF92 
 360      C4D9F14F 
 360      A2
 361 10cf 21499841 		.ascii	"!I\230AV\203\030\354]r\301n\365E/\364\377E\276 K{\357"
 361      568318EC 
 361      5D72C16E 
 361      F5452FF4 
ARM GAS  /tmp/ccISTp7X.s 			page 29


 361      FF45BE20 
 362 10e6 DD71252E 		.ascii	"\335q%.a\223.{6\363\260\023\256`L\303\235hR\\1\346T"
 362      61932E7B 
 362      36F3B013 
 362      AE604CC3 
 362      9D68525C 
 363 10fd FFF96DCE 		.ascii	"\377\371m\316\344\230,\362E\307d\273\253\212'\235\361"
 363      E4982CF2 
 363      45C764BB 
 363      AB8A279D 
 363      F1
 364 110e 15DA0C5F 		.ascii	"\025\332\014_j\317\351t\202\361\205\301\215\212\204"
 364      6ACFE974 
 364      82F185C1 
 364      8D8A84
 365 111d 2935F4D1 		.ascii	")5\364\321y6\245n\203{\356@W\006\027\232Rv{\215\001"
 365      7936A56E 
 365      837BEE40 
 365      5706179A 
 365      52767B8D 
 366 1132 014F7A34 		.ascii	"\001Oz4D\336nH\022\251\371\034\315\330\203r\276\354"
 366      44DE6E48 
 366      12A9F91C 
 366      CDD88372 
 366      BEEC
 367 1144 BC5D55CC 		.ascii	"\274]U\314Y3\266\235\320a\020\344H(d\347\307\364\035"
 367      5933B69D 
 367      D06110E4 
 367      482864E7 
 367      C7F41D
 368 1157 C15D00F4 		.ascii	"\301]\000\364\213\216\037\224d\347\271\250\363\355P"
 368      8B8E1F94 
 368      64E7B9A8 
 368      F3ED50
 369 1166 1A312FA5 		.ascii	"\0321/\245\264\027_\323\340~\306\360\223W\343\205\317"
 369      B4175FD3 
 369      E07EC6F0 
 369      9357E385 
 369      CF
 370 1177 B45C09DF 		.ascii	"\264\\\011\337\035\273+\322\215&\344N\366\262\272\254"
 370      1DBB2BD2 
 370      8D26E44E 
 370      F6B2BAAC 
 371 1187 7E8A7D5A 		.ascii	"~\212}Z@\337\327w=\277\322\353\356\370C\254Q,|\2105"
 371      40DFD777 
 371      3DBFD2EB 
 371      EEF843AC 
 371      512C7C88 
 372 119c 8229BC76 		.ascii	"\202)\274v\356\360\370\374\017\261\036@\372y\210\011"
 372      EEF0F8FC 
 372      0FB11E40 
 372      FA798809 
 373 11ac 7E0C2FB2 		.ascii	"~\014/\262\264\2425g\334d\207\016?`\226\225]\035\272"
 373      B4A23567 
 373      DC64870E 
 373      3F609695 
 373      5D1DBA
ARM GAS  /tmp/ccISTp7X.s 			page 30


 374 11bf CE96864D 		.ascii	"\316\226\206M\300j&\247\357$\253\204JB\\\326R\241H\317"
 374      C06A26A7 
 374      EF24AB84 
 374      4A425CD6 
 374      52A148CF 
 375 11d3 0371F924 		.ascii	"\003q\371$\233\025B\347'\004/=\005/MC\020=&\333u\240"
 375      9B1542E7 
 375      27042F3D 
 375      052F4D43 
 375      103D26DB 
 376 11e9 29A04971 		.ascii	")\240Iqr\221\215J\361?'\361\374\231pL\254@\217\204\266"
 376      72918D4A 
 376      F13F27F1 
 376      FC99704C 
 376      AC408F84 
 377 11fe 16DBD038 		.ascii	"\026\333\3208\266})\234~\370\017d\306\220\350\356\023"
 377      B67D299C 
 377      7EF80F64 
 377      C690E8EE 
 377      13
 378 120f B0D6289E 		.ascii	"\260\326(\236\267\003.\364\002(y\315t_\200Z_G\330\356"
 378      B7032EF4 
 378      022879CD 
 378      745F805A 
 378      5F47D8EE 
 379 1223 E978D34E 		.ascii	"\351x\323N\202$\353j\275\200\264\256\322\266{E\323\376"
 379      8224EB6A 
 379      BD80B4AE 
 379      D2B67B45 
 379      D3FE
 380 1235 C324AF91 		.ascii	"\303$\257\2211\276' \255\321Q\215\354\022[\\<\011\263"
 380      31BE2720 
 380      ADD1518D 
 380      EC125B5C 
 380      3C09B3
 381 1248 09B9302B 		.ascii	"\011\2710+\276|\375\262\332:ec\236\256!\353\372\014"
 381      BE7CFDB2 
 381      DA3A6563 
 381      9EAE21EB 
 381      FA0C
 382 125a 482B1023 		.ascii	"H+\020#gb\336\224\265q\3633p\355\313\270\031\306p|o"
 382      6762DE94 
 382      B571F333 
 382      70EDCBB8 
 382      19C6707C 
 383 126f 9F09E319 		.ascii	"\237\011\343\0316\240\335WF\366\253\240\0126\023\347"
 383      36A0DD57 
 383      46F6ABA0 
 383      0A3613E7 
 384 127f DF5E7932 		.ascii	"\337^y2\2277\221J\370\327ss\032j\301s\241\022\266(R"
 384      9737914A 
 384      F8D77373 
 384      1A6AC173 
 384      A112B628 
 385 1294 903B4410 		.ascii	"\220;D\020\232\245\225\360T\266\371\036\242\001A\316"
 385      9AA595F0 
 385      54B6F91E 
ARM GAS  /tmp/ccISTp7X.s 			page 31


 385      A20141CE 
 386 12a4 0E917936 		.ascii	"\016\221y6\201_ \024y\245\020\212s,\024\223S\022\037"
 386      815F2014 
 386      79A5108A 
 386      732C1493 
 386      53121F
 387 12b7 6021144D 		.ascii	"`!\024M\3742D\217\363-E\230\002\205+\027Y\032Q\006Z"
 387      FC32448F 
 387      F32D4598 
 387      02852B17 
 387      591A5106 
 388 12cc 1CBA7235 		.ascii	"\034\272r5\005\331\034\272\303}\211\206\010%\373,\020"
 388      05D91CBA 
 388      C37D8986 
 388      0825FB2C 
 388      10
 389 12dd 7EC944BA 		.ascii	"~\311D\272\177$\336\311\006=c\263FE\012\350H\212>\335"
 389      7F24DEC9 
 389      063D63B3 
 389      46450AE8 
 389      488A3EDD 
 390 12f1 9CD5AD62 		.ascii	"\234\325\255b\3259\255\342\273\332\312\372\330\264{"
 390      D539ADE2 
 390      BBDACAFA 
 390      D8B47B
 391 1300 9BA6A7C2 		.ascii	"\233\246\247\302!?<\307\334\366\340T\316&\322\315\310"
 391      213F3CC7 
 391      DCF6E054 
 391      CE26D2CD 
 391      C8
 392 1311 F9BB52B9 		.ascii	"\371\273R\271\257\326\310\234\355\336\022\245\303\333"
 392      AFD6C89C 
 392      EDDE12A5 
 392      C3DB
 393 131f 75EC18E9 		.ascii	"u\354\030\351Hz\272\023Nd\314tBn\256\022\2471\346DV"
 393      487ABA13 
 393      4E64CC74 
 393      426EAE12 
 393      A731E644 
 394 1334 C18813CE 		.ascii	"\301\210\023\316bL}K\370\005-\316cLwbV\236\033.b\314"
 394      624C7D4B 
 394      F8052DCE 
 394      634C7762 
 394      569E1B2E 
 395 134a C5D98447 		.ascii	"\305\331\204G\032|Xg\363\245\221\033\373\322(\375\372"
 395      1A7C5867 
 395      F3A5911B 
 395      FBD228FD 
 395      FA
 396 135b 9D094CCD 		.ascii	"\235\011L\315\246\275H9\2677^\205\313\0304\241/\261"
 396      A6BD4839 
 396      B7375E85 
 396      CB1834A1 
 396      2FB1
 397 136d 43898FEB 		.ascii	"C\211\217\353l\366\337\313\330\376{\317\275\351\243"
 397      6CF6DFCB 
 397      D8FE7BCF 
ARM GAS  /tmp/ccISTp7X.s 			page 32


 397      BDE9A3
 398 137c 4E94856D 		.ascii	"N\224\205m\020\011\313\003\267\332\373\234\255\237\375"
 398      1009CB03 
 398      B7DAFB9C 
 398      AD9FFD
 399 138b 1DBB438F 		.ascii	"\035\273C\217ww+\265(Qi\015\313e\322O\300\300\035\252"
 399      77772BB5 
 399      2851690D 
 399      CB65D24F 
 399      C0C01DAA 
 400 139f 7CF045BC 		.ascii	"|\360E\274r)JP\222\363}\245' \230/\222\340f\262\222"
 400      72294A50 
 400      92F37DA5 
 400      2720982F 
 400      92E066B2 
 401 13b4 1ED71EE9 		.ascii	"\036\327\036\351\177\010\373\022\313A\360\351\235\364"
 401      7F08FB12 
 401      CB41F0E9 
 401      9DF4
 402 13c2 63BE5410 		.ascii	"c\276T\020\274K\024\274[\271\240\344=\262\222Q\345H"
 402      BC4B14BC 
 402      5BB9A0E4 
 402      3DB29251 
 402      E548
 403 13d4 7C3FC28D 		.ascii	"|?\302\215\254\177\333\222'Z8\334B\031e\\}\315\022d"
 403      AC7FDB92 
 403      275A38DC 
 403      4219655C 
 403      7DCD1264 
 404 13e8 FD4A2A73 		.ascii	"\375J*s\334\374\343\352R\276!\002S\275i\240w\237r\261"
 404      DCFCE3EA 
 404      52BE2102 
 404      53BD69A0 
 404      779F72B1 
 405 13fc 28DE7E3D 		.ascii	"(\336~=1\361\237\030\244/\365\010\230L\213\375`\306"
 405      31F19F18 
 405      A42FF508 
 405      984C8BFD 
 405      60C6
 406 140e 5EA507CA 		.ascii	"^\245\007\312PJ>\353\271\021\243\316\177\227\312M\227"
 406      504A3EEB 
 406      B911A3CE 
 406      7F97CA4D 
 406      97
 407 141f 950B9C25 		.ascii	"\225\013\234%)\264\345!'\202\230_\354\234\033nz\240"
 407      29B4E521 
 407      2782985F 
 407      EC9C1B6E 
 407      7AA0
 408 1431 C691AED4 		.ascii	"\306\221\256\324\370\355\223\225\335:\344\341\261\304"
 408      F8ED9395 
 408      DD3AE4E1 
 408      B1C4
 409 143f D3F2F28B 		.ascii	"\323\362\362\213V\012\344\373\307\235\240\342\200\322"
 409      560AE4FB 
 409      C79DA0E2 
 409      80D2
ARM GAS  /tmp/ccISTp7X.s 			page 33


 410 144d F1B959D7 		.ascii	"\361\271Y\327\240\212\364\222X\221\351\030*\377\352"
 410      A08AF492 
 410      5891E918 
 410      2AFFEA
 411 145c 9280492F 		.ascii	"\222\200I/\263\241\227&\350e\226R\262l^\210\321@>\003"
 411      B3A19726 
 411      E8659652 
 411      B26C5E88 
 411      D1403E03 
 412 1470 C87CDB0F 		.ascii	"\310|\333\017\304\217ls_\0022\303\035\312T\330\010$"
 412      C48F6C73 
 412      5F0232C3 
 412      1DCA54D8 
 412      0824
 413 1482 C7C29D07 		.ascii	"\307\302\235\007f\2658\332\225-3g\352\"]p\034c\370\331"
 413      66B538DA 
 413      952D3367 
 413      EA225D70 
 413      1C63F8D9 
 414 1496 E6E7AE38 		.ascii	"\346\347\2568\2361\031\267:\356\273\342d\306\034\251"
 414      9E3119B7 
 414      3AEEBBE2 
 414      64C61CA9 
 415 14a6 DB9AA4C5 		.ascii	"\333\232\244\305i\224q=p`rXm\331\325\316\337\332F\301"
 415      6994713D 
 415      70607258 
 415      6DD9D5CE 
 415      DFDA46C1 
 416 14ba 104413C7 		.ascii	"\020D\023\307\243Ba\354\216A\257\016\203\021\025@\245"
 416      A34261EC 
 416      8E41AF0E 
 416      83111540 
 416      A5
 417 14cb 404540C5 		.ascii	"@E@\305@%@G\201\016\001\225\001\225\003\035\261\216"
 417      40254047 
 417      810E0195 
 417      0195031D 
 417      B18E
 418 14dd 6F54A4F9 		.ascii	"oT\244\371\234\340\376\030\030\341m$b\225\016\013\351"
 418      9CE0FE18 
 418      18E16D24 
 418      62950E0B 
 418      E9
 419 14ee A848532B 		.ascii	"\250HS+}\261O\260\333\355\2616\233b\200\336\264B\017"
 419      7DB14FB0 
 419      DBEDB136 
 419      9B6280DE 
 419      B4420F
 420 1501 DA43EFDB 		.ascii	"\332C\357\333\213=o\305\356\220\027+\301\326[\261[\355"
 420      8B3D6FC5 
 420      EE90172B 
 420      C1D65BB1 
 420      5BED
 421 1513 B16FD95A 		.ascii	"\261o\331Z\320bE\306\311wL\204\336\262B\363\354\241"
 421      D06245C6 
 421      C9774C84 
 421      DEB242F3 
ARM GAS  /tmp/ccISTp7X.s 			page 34


 421      ECA1
 422 1525 2376D01E 		.ascii	"#v\320\036+4_\036*\261\265\327\212-\260\307\332\274"
 422      2B345F1E 
 422      2AB1B5D7 
 422      8A2DB0C7 
 422      DABC
 423 1537 A88E0A37 		.ascii	"\250\216\0127w\347\351IA\230\003\021\225+\357/\253\011"
 423      77E7E949 
 423      41980311 
 423      952BEF2F 
 423      AB09
 424 1549 E666C998 		.ascii	"\346f\311\230\305\312:A\262T\327\346\221\245\272PfZ"
 424      C5CA3A41 
 424      B254D7E6 
 424      91A5BA50 
 424      665A
 425 155b 72FB0F4E 		.ascii	"r\373\017N\334s\021\226j\363\220\277\023\252\002A[\304"
 425      DC731196 
 425      6AF390BF 
 425      13AA0241 
 425      5BC4
 426 156d B4451ACD 		.ascii	"\264E\032\315\253\254-\261\207*!\344\376/\341G\226\216"
 426      ABAC2DB1 
 426      872A21E4 
 426      FE2FE147 
 426      968E
 427 157f 9ACC47CE 		.ascii	"\232\314G\3166KZ\225R\272\244U+\255_\252W\323U\2555"
 427      364B5A95 
 427      52BAA455 
 427      2BAD5FAA 
 427      57D355AD 
 428 1594 BDD1AC5A 		.ascii	"\275\321\254Z\274\213NF\007iLa\223\303\320q\345b\362"
 428      BC8B4E46 
 428      07694C61 
 428      93C3D071 
 428      E562F2
 429 15a7 6E6A323B 		.ascii	"nj2;_\313\326\270\227\312\276\350\204RK^&d\2476jm\354"
 429      5FCBD6B8 
 429      97CABEE8 
 429      84524B5E 
 429      2664A736 
 430 15be 6BB7F992 		.ascii	"k\267\371\222\276FXrk\250qs\317\323\306\331\013MrH\306"
 430      BE465872 
 430      6BA87173 
 430      CFD3C6D9 
 430      0B4D7248 
 431 15d3 DE918E6E 		.ascii	"\336\221\216n/\032vv\374\341\276\222~\270\257\024\336"
 431      2F1A7676 
 431      FCE1BE92 
 431      7EB8AF14 
 431      DE
 432 15e4 2F1E2CD9 		.ascii	"/\036,\331\233\247\305\031,\037\304\226\347\264\220"
 432      9BA7C519 
 432      2C1FC496 
 432      E7B490
 433 15f3 AFA91B4A 		.ascii	"\257\251\033JG\207&K\227\024\223\015\003}\277\030\036"
 433      4787264B 
ARM GAS  /tmp/ccISTp7X.s 			page 35


 433      9714930D 
 433      037DBF18 
 433      1E
 434 1604 85484354 		.ascii	"\205HCT\257\024\337\015\3025\353n\203\222\274\033\354"
 434      AF14DF0D 
 434      C235EB6E 
 434      8392BC1B 
 434      EC
 435 1615 496D8853 		.ascii	"Im\210S\332\330M^&\212zO\012v\237\244v\337\351\334\022"
 435      DAD84D5E 
 435      268A7A4F 
 435      0A769FA4 
 435      76DFE9DC 
 436 162a 6FFBED5F 		.ascii	"o\373\355_\206\015\372\224\200&\277\3320\343_}\202\002"
 436      860DFA94 
 436      8026BFDA 
 436      30E35F7D 
 436      8202
 437 163c FD43BC8D 		.ascii	"\375C\274\215\352\317\377\360\307e+\024N\033\002C\214"
 437      EACFFFF0 
 437      C7652B14 
 437      4E1B0243 
 437      8C
 438 164d 1F7DE86D 		.ascii	"\037}\350m\324z{[.?\364\332\020f\360\3621\004\277\023"
 438      D47A7B5B 
 438      2E3FF4DA 
 438      1066F0F2 
 438      3104BF13 
 439 1661 B23E44FF 		.ascii	"\262>D\377\216\336\347\233@\257\300\020\337\240\015"
 439      8EDEE79B 
 439      40AFC010 
 439      DFA00D
 440 1670 7E7AAF60 		.ascii	"~z\257`\037\337\200\300\020\275\227\267\237\376[\237"
 440      1FDF80C0 
 440      10BD97B7 
 440      9FFE5B9F 
 441 1680 0D41466F 		.ascii	"\015AFo\343\346P}\330\362\000\305/\026h\024\2669\314"
 441      E3E6507D 
 441      D8F200C5 
 441      2F166814 
 441      B639CC
 442 1693 CB3BCCE8 		.ascii	"\313;\314\350\007\362\001\371\363\345\313\275V\004\004"
 442      07F201F9 
 442      F3E5CBBD 
 442      560404
 443 16a2 7E13B87A 		.ascii	"~\023\270z\235\327\3720/\203\321+t\275\301\030\346\365"
 443      9DD7FA30 
 443      2F83D12B 
 443      74BDC118 
 443      E6F5
 444 16b4 E9DAAF56 		.ascii	"\351\332\257V|\265\311\3137\300w\275A\0178\315\327\001"
 444      7CB5C9CB 
 444      37C077BD 
 444      410F38CD 
 444      D701
 445 16c6 06BD8FDF 		.ascii	"\006\275\217\337{\232`\237\300\220\345\276\012g\020"
 445      7B9A609F 
ARM GAS  /tmp/ccISTp7X.s 			page 36


 445      C090E5BE 
 445      0A6710
 446 16d5 630C0CD6 		.ascii	"c\014\014\326{\033\251\321\037\274o5\232\\z\316\223"
 446      7B1BA9D1 
 446      1FBC6F35 
 446      9A5C7ACE 
 446      93
 447 16e6 6AD1EE1B 		.ascii	"j\321\356\033@\032\012fj}\003\276\016\360[\027\244\327"
 447      401A0A66 
 447      6A7D03BE 
 447      0EF05B17 
 447      A4D7
 448 16f8 87FE6C81 		.ascii	"\207\376l\201\026F\252\2324pb\227\336Fg\337\000ov\255"
 448      1646AA9A 
 448      34706297 
 448      DE4667DF 
 448      006F76AD 
 449 170c 0EF50ED1 		.ascii	"\016\365\016\321o2\302O\250A\377\235\306\030j\010\\"
 449      6F32C24F 
 449      A841FF9D 
 449      C6186A08 
 449      5C
 450 171d EF6DFCE8 		.ascii	"\357m\374\350\005\335Z\037\034\032\030\2447\204y}\276"
 450      05DD5A1F 
 450      1C1A18A4 
 450      3784797D 
 450      BE
 451 172e 6205D120 		.ascii	"b\005\321 \030D\245\004\256\327\370\256\0171\202P\027"
 451      1844A504 
 451      AED7F8AE 
 451      0F318250 
 451      17
 452 173f D2C81BFA 		.ascii	"\322\310\033\372\344k\334\344d\320\373\203C\275\215"
 452      E46BDCE4 
 452      64D0FB83 
 452      43BD8D
 453 174e 9CE163CE 		.ascii	"\234\341c\316\360+lx\357]\240\3678\303\207\234\341\227"
 453      F02B6C78 
 453      EF5DA0F7 
 453      38C3879C 
 453      E197
 454 1760 9CE123CE 		.ascii	"\234\341#\316\360\017\\\220\341\357_\306\235\336\337"
 454      F00F5C90 
 454      E1EF5FC6 
 454      9DDEDF
 455 176f 7D140CCA 		.ascii	"}\024\014\312\240\371\007\252Po\220\255!}\330\2507\300"
 455      A0F907AA 
 455      506F90AD 
 455      217DD8A8 
 455      37C0
 456 1781 EFFA203F 		.ascii	"\357\372 ?\275A\351\033\340c \035\363\011\326;\031\303"
 456      BD41E91B 
 456      E063201D 
 456      F309D63B 
 456      19C3
 457 1793 8C3E46F0 		.ascii	"\214>F\360\263\2068\367c\350:s3\\\001\234>\323\030\203"
 457      B38638F7 
ARM GAS  /tmp/ccISTp7X.s 			page 37


 457      63E83A73 
 457      335C019C 
 457      3ED31883 
 458 17a7 D7FBE929 		.ascii	"\327\373\351)\377m\220\217\177\230\306h\320\177\033"
 458      FF6D908F 
 458      7F98C668 
 458      D07F1B
 459 17b6 E64D7C42 		.ascii	"\346M|B.T\301a\376\360P\030\032h.\\\251\015~\233\341"
 459      2E54C161 
 459      FEF05018 
 459      1A682E5C 
 459      A90D7E9B 
 460 17cb 91937E53 		.ascii	"\221\223~S\240"
 460      A0
 461 17d0 D11704A8 		.ascii	"\321\027\004\2507\032\327\177\363\237\241\213\004\037"
 461      371AD77F 
 461      F39FA18B 
 461      041F
 462 17de 4353BD41 		.ascii	"CS\275A\037\342\013\202U\033\215FC\250\016|\036\246"
 462      1FE20B82 
 462      551B8D46 
 462      43A80E7C 
 462      1EA6
 463 17f0 0FF6090D 		.ascii	"\017\366\011\015\200>\270\013\203\342\375_\033\364\033"
 463      803EB80B 
 463      83E2FD5F 
 463      1BF41B
 464 17ff 00F203EB 		.ascii	"\000\362\003\353\200\010\2674\302\257\3127\004\342R"
 464      8008B734 
 464      C2AFCA37 
 464      04E252
 465 180e 15E60DBF 		.ascii	"\025\346\015\277\240\001\004\204:\0016x\0038X\023,`"
 465      A0010484 
 465      3A013678 
 465      03385813 
 465      2C60
 466 1820 83BDD76F 		.ascii	"\203\275\327o\014\201\376\323\273`Y0\033\323\215\306"
 466      0C81FED3 
 466      BB605930 
 466      1BD38DC6 
 467 1830 60E3A650 		.ascii	"`\343\246P\027\375w\372\020c\260O\330_\341\211~#\271"
 467      17FD77FA 
 467      1063B04F 
 467      D85FE189 
 467      7E23B9
 468 1843 C0A1DE1B 		.ascii	"\300\241\336\033\334,\352\202\002\303@\203\273\304\000"
 468      DC2CEA82 
 468      02C34083 
 468      BBC400
 469 1852 72C739D4 		.ascii	"r\3079\324{\243O\24010\304_\033\352\015\335d\306\320"
 469      7BA34FA0 
 469      3130C45F 
 469      1BEA0DDD 
 469      64C6D0
 470 1865 4BB8A10F 		.ascii	"K\270\241\017\325\207\300\014\360\007\024\250 x-q\226"
 470      D587C00C 
 470      F00714A8 
ARM GAS  /tmp/ccISTp7X.s 			page 38


 470      20782D71 
 470      96
 471 1876 4F101D7E 		.ascii	"O\020\035~\270\031\272~}\220\307BQ\354\033\340\007c"
 471      B819BA7E 
 471      7D90C742 
 471      51EC1BE0 
 471      0763
 472 1888 F8E60210 		.ascii	"\370\346\002\020\020\374\002\0048\203\004]X\340\177"
 472      10FC0204 
 472      3883045D 
 472      58E07F
 473 1897 8307DFA7 		.ascii	"\203\007\337\247s6(\360\033/\177__\273\271\373\341\362"
 473      733628F0 
 473      1B2F7F5F 
 473      5FBBB9FB 
 473      E1F2
 474 18a9 5F2DFF40 		.ascii	"_-\377@\234\301F?\230\360dR\032\277\335\020\342\353"
 474      9CC1463F 
 474      98F06452 
 474      1ABFDD10 
 474      E2EB
 475 18bb 6DFC219D 		.ascii	"m\374!\235G+\300~\243~\035DD\240/\314\217u\233\303\276"
 475      472BC07E 
 475      A37E1D44 
 475      44A02FCC 
 475      8F759BC3 
 476 18d0 0809342E 		.ascii	"\010\0114.\250\1773\011zM\200O\020A.\263E\302]+\024"
 476      A87F3309 
 476      7A4D804F 
 476      10412EB3 
 476      45C25D2B 
 477 18e5 AE01E8BC 		.ascii	"\256\001\350\274\321G\310\002.$\024`\036\353\203\331"
 477      D147C802 
 477      2E241460 
 477      1EEB83D9 
 478 18f5 5464D73A 		.ascii	"Td\327:\362l\2630\036\256p[\3445\0066\322j\003\235`"
 478      F26CB330 
 478      1EAE705B 
 478      E4350636 
 478      D26A039D 
 479 190a 2A030D7B 		.ascii	"*\003\015{\203\020\366\006\026\366\316pw\203\001b\316"
 479      8310F606 
 479      16F6CE70 
 479      77830162 
 479      CE
 480 191b A8329046 		.ascii	"\2502\220F\257|\027h0n\360\011\362&\211\306`\031\350"
 480      AF7C1768 
 480      306EF009 
 480      F22689C6 
 480      6019E8
 481 192e 5741B0CC 		.ascii	"WA\260\314\003w\233{, mni\2763\322\250\"\277$U8\301"
 481      03779B7B 
 481      2C206D6E 
 481      69BE33D2 
 481      A822BF24 
 482 1945 AF9F3EC8 		.ascii	"\257\237>\310\350\003\027\314\215\344\011\271R\023\204"
 482      E80317CC 
ARM GAS  /tmp/ccISTp7X.s 			page 39


 482      8DE409B9 
 482      521384
 483 1954 8FC1057E 		.ascii	"\217\301\005~\202|\302\214\2445\334\"J\334\204N\373"
 483      827CC28C 
 483      A435DC22 
 483      4ADC844E 
 483      FB
 484 1965 E9BFD9E0 		.ascii	"\351\277\331\340\317bNz\3079\324'$\320\227\204\030\366"
 484      CF624E7A 
 484      C739D427 
 484      24D09784 
 484      18F6
 485 1977 FBC65F4B 		.ascii	"\373\306_KR%\013I\267@\277 \275\020\236\020\226\234"
 485      52250B49 
 485      B740BF20 
 485      BD109E10 
 485      969C
 486 1989 6F802ECC 		.ascii	"o\200.\314\030\014\223\320?\224d+\325W\253W~\266V\275"
 486      180C93D0 
 486      3F94642B 
 486      D557AB57 
 486      7EB656BD 
 487 199d FAEB7F5F 		.ascii	"\372\353\177_\363\331Z\315\352uk>\373l\345Z\325\232"
 487      F3D95ACD 
 487      EA756B3E 
 487      FB6CE55A 
 487      D59A
 488 19af 3FAE59B9 		.ascii	"?\256Y\271\026\177\001\264z\345Z\364o4\317\276\367\221"
 488      167F01B4 
 488      7AE55AF4 
 488      6F34CFBE 
 488      F791
 489 19c1 35CF924B 		.ascii	"5\317\222K\034\2467\252|\203\364>\206\017\346\017\036"
 489      1CA637AA 
 489      7C83F43E 
 489      860FE60F 
 489      1E
 490 19d2 CB3CEBBE 		.ascii	"\313<\353\276\376\352\203\367\275\276\374r\245\327\347"
 490      FEEA83F7 
 490      BDBEFC72 
 490      A5D7E7
 491 19e1 6BBE58FD 		.ascii	"k\276X\375\335\373^\241\340\220\240 \022\274h\225\362"
 491      DDFB5EA1 
 491      E090A020 
 491      12BC6895 
 491      F2
 492 19f2 B7EBD6AE 		.ascii	"\267\353\326\256U~\271\342\367k\225\237\376\313\332"
 492      557EB9E2 
 492      F76B959F 
 492      FECBDA
 493 1a01 2FC9BF55 		.ascii	"/\311\277U\370\267k\327.\362\015X\253\367_\2477\262"
 493      F8B76BD7 
 493      2EF20D58 
 493      ABF75FA7 
 493      37B2
 494 1a13 F1FE03E4 		.ascii	"\361\376\003\344\241\205R:\244Fp\216a3\310\374_\343"
 494      A185523A 
ARM GAS  /tmp/ccISTp7X.s 			page 40


 494      A446708E 
 494      6133C8FC 
 494      5FE3
 495 1a25 A2F167   		.ascii	"\242\361g"
 496              		.text
 497              		.section	.gnu.lto_.symtab.3d4d1b6035236a6d,"",%progbits
 498 0000 6D61696E 		.ascii	"main\000\000\000\000\000\000\000\000\000\000\000\000"
 498      00000000 
 498      00000000 
 498      00000000 
 499 0010 C3000000 		.ascii	"\303\000\000\000ch\000\000\002\000\000\000\000\000\000"
 499      63680000 
 499      02000000 
 499      000000
 500 001f 000000FE 		.ascii	"\000\000\000\376\001\000\000chThdSleep\000\000\002\000"
 500      01000063 
 500      68546864 
 500      536C6565 
 500      70000002 
 501 0034 00000000 		.ascii	"\000\000\000\000\000\000\000\000\322\000\000\000chT"
 501      00000000 
 501      D2000000 
 501      636854
 502 0043 68644372 		.ascii	"hdCreateStatic\000\000\002\000\000\000\000\000\000\000"
 502      65617465 
 502      53746174 
 502      69630000 
 502      02000000 
 503 005b 00009F01 		.ascii	"\000\000\237\001\000\000chSysInit\000\000\002\000\000"
 503      00006368 
 503      53797349 
 503      6E697400 
 503      00020000 
 504 006f 00000000 		.ascii	"\000\000\000\000\000\000\000\242\001\000\000halInit"
 504      000000A2 
 504      01000068 
 504      616C496E 
 504      6974
 505 0081 00000200 		.ascii	"\000\000\002\000\000\000\000\000\000\000\000\000\244"
 505      00000000 
 505      00000000 
 505      A4
 506 008e 010000   		.ascii	"\001\000\000"
 507              		.text
 508              		.section	.gnu.lto_.opts,"",%progbits
 509 0000 272D666E 		.ascii	"'-fno-trapv' '-mcpu=cortex-m0' '-mno-thumb-interwor"
 509      6F2D7472 
 509      61707627 
 509      20272D6D 
 509      6370753D 
 510 0033 6B272027 		.ascii	"k' '-mthumb' '-ggdb' '-O2' '-fomit-frame-pointer' '"
 510      2D6D7468 
 510      756D6227 
 510      20272D67 
 510      67646227 
 511 0066 2D66616C 		.ascii	"-falign-functions=16' '-ffunction-sections' '-fdata"
 511      69676E2D 
ARM GAS  /tmp/ccISTp7X.s 			page 41


 511      66756E63 
 511      74696F6E 
 511      733D3136 
 512 0099 2D736563 		.ascii	"-sections' '-fno-common' '-flto'\000"
 512      74696F6E 
 512      73272027 
 512      2D666E6F 
 512      2D636F6D 
 513              		.text
 514              		.comm	__gnu_lto_v1,1,1
 515              		.comm	__gnu_lto_slim,1,1
 516              		.ident	"GCC: (GNU Tools for ARM Embedded Processors) 4.9.3 20150529 (release) [ARM/embedded-4_9-br
ARM GAS  /tmp/ccISTp7X.s 			page 42


DEFINED SYMBOLS
                            *ABS*:0000000000000000 main.c
                            *COM*:0000000000000001 __gnu_lto_v1
                            *COM*:0000000000000001 __gnu_lto_slim

NO UNDEFINED SYMBOLS
