ARM GAS  /tmp/ccOpIozL.s 			page 1


   1              		.syntax unified
   2              		.cpu cortex-m0
   3              		.fpu softvfp
   4              		.eabi_attribute 20, 1
   5              		.eabi_attribute 21, 1
   6              		.eabi_attribute 23, 3
   7              		.eabi_attribute 24, 1
   8              		.eabi_attribute 25, 1
   9              		.eabi_attribute 26, 1
  10              		.eabi_attribute 30, 2
  11              		.eabi_attribute 34, 0
  12              		.eabi_attribute 18, 4
  13              		.thumb
  14              		.syntax unified
  15              		.file	"nvic.c"
  16              		.text
  17              	.Ltext0:
  18              		.section	.gnu.lto_.profile.2e8a348332ce4cd0,"",%progbits
  19 0000 789C6361 		.ascii	"x\234ca`d`a`\000\222\246\206\000\001\005\000q"
  19      60646061 
  19      600092A6 
  19      86000105 
  19      0071
  20              		.text
  21              		.section	.gnu.lto_.icf.2e8a348332ce4cd0,"",%progbits
  22 0000 789C6361 		.ascii	"x\234ca`d\000\001I\006\004`a\270\335v\354;#\343\363"
  22      60640001 
  22      49060460 
  22      61B8DD76 
  22      EC3B23E3 
  23 0015 236D364C 		.ascii	"#m6L\347\276\357\177\305\317\274\355\373\302g\354\014"
  23      E7BEEF7F 
  23      C5CFBCED 
  23      FBC267EC 
  23      0C
  24 0026 00A19D0C 		.ascii	"\000\241\235\014m"
  24      6D
  25              		.text
  26              		.section	.gnu.lto_.jmpfuncs.2e8a348332ce4cd0,"",%progbits
  27 0000 789C6361 		.ascii	"x\234ca`d\000\001)\006\004`a`bdd\256\257g\004\202z&"
  27      60640001 
  27      29060460 
  27      61606264 
  27      64AEAF67 
  28 0018 089B19C4 		.ascii	"\010\233\031\304f\000\000)n\0038"
  28      66000029 
  28      6E0338
  29              		.text
  30              		.section	.gnu.lto_.inline.2e8a348332ce4cd0,"",%progbits
  31 0000 789C6361 		.ascii	"x\234ca`d\000\201\031\014\010\300\302\300 ,\304\310"
  31      60640081 
  31      190C08C0 
  31      C2C0202C 
  31      C4C8
  32 0012 C4A00094 		.ascii	"\304\240\000\224b\004\021\254<\017b\031\330\026\310"
  32      620411AC 
  32      3C0F6219 
ARM GAS  /tmp/ccOpIozL.s 			page 2


  32      D816C8
  33 0021 33310834 		.ascii	"31\0104\324\26200]\340\347\000\021<`\265\214\014\374"
  33      D4B23030 
  33      5DE0E700 
  33      113C60B5 
  33      8C0CFC
  34 0034 7C8C8C60 		.ascii	"|\214\214`\305\314\034\007\354\220\324\201d\201L~\024"
  34      C5CC1C07 
  34      EC90D481 
  34      64814C7E 
  34      14
  35 0045 A3E04AF8 		.ascii	"\243\340J\3706\344\242\033\305\314\300\316\0063\012"
  35      36E4A21B 
  35      C5CCC0CE 
  35      06330A
  36 0054 280851C7 		.ascii	"(\010Q\307\366A\017b\024\003\000[\371\021\177"
  36      F6410F62 
  36      1403005B 
  36      F9117F
  37              		.text
  38              		.section	.gnu.lto_.pureconst.2e8a348332ce4cd0,"",%progbits
  39 0000 789C6361 		.ascii	"x\234ca`d\340d```a\220b\224b\222b\226\002\000\002\261"
  39      6064E064 
  39      60606061 
  39      90629462 
  39      92629602 
  40 0017 0081     		.ascii	"\000\201"
  41              		.text
  42              		.section	.gnu.lto_nvicEnableVector.2e8a348332ce4cd0,"",%progbits
  43 0000 789C9D54 		.ascii	"x\234\235T]KTQ\024=\373\236;_:\037\012A\017\015$D\210"
  43      5D4B5451 
  43      143DFB9E 
  43      3B5F3A1F 
  43      0A410F0D 
  44 0017 0F799B82 		.ascii	"\017y\233\202z\350)\204\336\244\260_P\0228\220\216h"
  44      7AE82984 
  44      DEA4B05F 
  44      50123890 
  44      8E68
  45 0029 446F1EE7 		.ascii	"Do\036\347\316LD/\366\241\226T\")~\245\243f\351h\331"
  45      CE4C442F 
  45      F6A19654 
  45      22297EA5 
  45      A366E968 
  46 003e 34296290 		.ascii	"4)b\220\021\030=\004\221)\023D\212\212\221\220:\355"
  46      11183D04 
  46      91291344 
  46      8A8A9190 
  46      3AED
  47 0050 7DCE2DA1 		.ascii	"}\316-\2412\250\013\263\357=g\326^k\355u\356\214\316"
  47      32A80BB3 
  47      EF3D67D6 
  47      5E6BED75 
  47      EE8CCE
  48 0063 80D17557 		.ascii	"\200\321uWg\354\020\336w\341\0078\003\255n\232\261Z"
  48      67EC10DE 
  48      77E10738 
ARM GAS  /tmp/ccOpIozL.s 			page 3


  48      03AD6E9A 
  48      B15A
  49 0075 A706400F 		.ascii	"\247\006@\017\302\011\254F\203\032\370\242mh\220\272"
  49      C209AC46 
  49      831AF8A2 
  49      6D6890BA 
  50 0085 984E6805 		.ascii	"\230Nh\005\355\002\257\367mw\270\350HB\2243\226\321"
  50      ED02AFF7 
  50      6D77B8E8 
  50      48429433 
  50      96D1
  51 0097 24138376 		.ascii	"$\023\203v(@\324\253H\337-\276\252E9\200\216\313\345"
  51      2840D4AB 
  51      48DF2DBE 
  51      AA453980 
  51      8ECBE5
  52 00aa 174D735E 		.ascii	"\027Ms^Zj\220\207\313\015q\275\301\313\367\003\303\347"
  52      5A6A9087 
  52      CB0D71BD 
  52      C1CBF703 
  52      C3E7
  53 00bc 9BA9FAB7 		.ascii	"\233\251\372\267\236\3746!\302B\\9#\\Q\316\241\0138"
  53      9EFC3621 
  53      C2425C39 
  53      235C51CE 
  53      A10B38
  54 00cf F24127F8 		.ascii	"\362A'\370\241\003\374\014\267\030tC>\242\273\303\037"
  54      A103FC0C 
  54      B7187443 
  54      3EA2BBC3 
  54      1F
  55 00e0 17383F20 		.ascii	"\0278? ;/Mm\3149\254\316\204\325y\357\017\235=\220O"
  55      3B2F4D6D 
  55      CC39ACCE 
  55      84D579EF 
  55      0F9D3D90 
  56 00f5 F00FFD9B 		.ascii	"\360\017\375\233\365\036{\204\214\347)\273\320\013v"
  56      F51E7B84 
  56      8CE729BB 
  56      D00B76
  57 0104 0A205E92 		.ascii	"\012 ^\222\024\231\214)\304\353\300\345=;\000HK\303"
  57      14998C29 
  57      C4EBC0E5 
  57      3D3B0048 
  57      4BC3
  58 0116 5E5DA762 		.ascii	"^]\247b\243b\247\342\300bsRq\3212\013\210:\233\036\335"
  58      A362A7E2 
  58      C0627352 
  58      71D1320B 
  58      883A9B1E 
  59 012b 543C547C 		.ascii	"T<T|Tr\250\344\022\220\261%T\242\024\2275\215\356<\015"
  59      5472A8E4 
  59      1290B125 
  59      54A21497 
  59      358DEE3C 
  60 0140 E64A2C3D 		.ascii	"\346J,=\351\"q\223k&\007\3646\221\371\232\364Q>:h\020"
  60      E9227193 
ARM GAS  /tmp/ccOpIozL.s 			page 4


  60      6B2607F4 
  60      3691F99A 
  60      F4513E3A 
  61 0156 47E36948 		.ascii	"G\343iH\215\315\356U\030\012\260!\232z\351 \200]\216"
  61      8DCDEE55 
  61      180AB021 
  61      9A7AE920 
  61      805D8E
  62 0169 3ED8B2B8 		.ascii	">\330\262\270\346VK\2212\205\027\267\256.\254\014{\233"
  62      E6564B91 
  62      328517B7 
  62      AE2EAC0C 
  62      7B9B
  63 017b E1762D0D 		.ascii	"\341v-\015X\203\332\016\350\307\024\372\220\214:^\274"
  63      5883DA0E 
  63      E8C714FA 
  63      908C3A5E 
  63      BC
  64 018c 1BA8F319 		.ascii	"\033\250\363\031=\"\202\247\345\204\001h\206MybD\326"
  64      3D2282A7 
  64      E5840168 
  64      864D7962 
  64      44D6
  65 019e B5DAC103 		.ascii	"\265\332\301\003q\021\301\326F\374\332\005\367\301@"
  65      7111C1D6 
  65      46FCDA05 
  65      F7C140
  66 01ad 6BF23807 		.ascii	"k\3628\007!\200f\314\365\330g\207rcS\216S+}\355n\345"
  66      218066CC 
  66      F5D86787 
  66      7263538E 
  66      532B7DED 
  67 01c3 98C303E9 		.ascii	"\230\303\003\351\330l\262+\010\241\020\3224\272\372"
  67      D86CB22B 
  67      08A110D2 
  67      34BAFA
  68 01d2 DCA6204E 		.ascii	"\334\246 Nx\250 K\261\031\213\307\201\210xt\276\323"
  68      78A8204B 
  68      B1198BC7 
  68      81887874 
  68      BED3
  69 01e4 49081B64 		.ascii	"I\010\033d\000\206\300\217\275\210\012o\306f,*'\002"
  69      0086C08F 
  69      BD880A6F 
  69      C6662C2A 
  69      2702
  70 01f6 95FEB8B5 		.ascii	"\225\376\270\265\343\302@p_\221-\016Yl\331&\317B\302"
  70      E3C24070 
  70      5F912D0E 
  70      596CD926 
  70      CF42C2
  71 0209 F96F3D23 		.ascii	"\371o=#^Eh\207\341\037\222\363V\253[\342H\301\\\213"
  71      5E456887 
  71      E11F92F3 
  71      56AB5BE2 
  71      48C15C8B 
  72 021d A5DF1C54 		.ascii	"\245\337\034T\273\036\311\351\246\310\033Z\374\264\367"
ARM GAS  /tmp/ccOpIozL.s 			page 5


  72      BB1EC9E9 
  72      A6C81B5A 
  72      FCB4F7
  73 022c 6B9ABEBF 		.ascii	"k\232\276\277\207\231\330.\314\303\224\345\310V\226"
  73      8799D82E 
  73      CCC394E5 
  73      C85696
  74 023b A3104039 		.ascii	"\243\020@9&\337\200\351\033'\224\274O\3459\325:\262"
  74      26DF80E9 
  74      1B2794BC 
  74      4FE539D5 
  74      3AB2
  75 024d EE56CE6D 		.ascii	"\356V\316m\360H9_\217\315\350\012\224\243@\327Z{\023"
  75      F048395F 
  75      8FCDE80A 
  75      94A340D7 
  75      5A7B13
  76 0260 1E95E86E 		.ascii	"\036\225\350nx\374s<\256@\271$?>\031\263\022\005\030"
  76      78FC733C 
  76      AE40B924 
  76      3F3E19B3 
  76      120518
  77 0273 A34073E4 		.ascii	"\243@s\344`\263;\377y\260,x\"\007\203\337\007;B\203"
  77      60B33BFF 
  77      79B02C78 
  77      220783DF 
  77      073B4283 
  78 0287 2569309F 		.ascii	"%i0\237\034\354)\015\226+\205\372'\226m\377!\225\222"
  78      1CEC290D 
  78      962B85FA 
  78      27966DFF 
  78      219592
  79 029a 52DA3652 		.ascii	"R\3326R\317\266\244\306\225\324'\010'\033\217\221\220"
  79      CFB6A4C6 
  79      95D42708 
  79      271B8F91 
  79      90
  80 02ab FCD75942 		.ascii	"\374\327YB\227\370\343\302\376}\205\205FQY\360t\360"
  80      97F8E3C2 
  80      FE7D8585 
  80      465159F0 
  80      74F0
  81 02bd F8492354 		.ascii	"\370I#Tm\224\235:kT\206\252\316U\033\245\241\362\362"
  81      6D949D3A 
  81      6B5486AA 
  81      CE551BA5 
  81      A1F2F2
  82 02d0 508571B4 		.ascii	"P\205q\264\244\270\250\370\202Qq>XZX\312\240B\257\254"
  82      A4B8A8F8 
  82      8251713E 
  82      585A58CA 
  82      A042AFAC 
  83 02e4 0A86BE03 		.ascii	"\012\206\276\0030\305\213\374"
  83      30C58BFC 
  84              		.text
  85              		.section	.gnu.lto_nvicDisableVector.2e8a348332ce4cd0,"",%progbits
  86 0000 789C8D53 		.ascii	"x\234\215S[KTQ\024\336\337\336s93\316\345\261\207\006"
ARM GAS  /tmp/ccOpIozL.s 			page 6


  86      5B4B5451 
  86      14DEDFDE 
  86      733933CE 
  86      E5B18706 
  87 0014 1222C487 		.ascii	"\022\"\304\207<\316S\017=\205\320\233\024\366\013J\002"
  87      3CCE530F 
  87      3D85D09B 
  87      14F60B4A 
  87      02
  88 0025 85742223 		.ascii	"\205t\"#z\011\267\316\234\351U\262\031\030)D0\274\224"
  88      7A09B7CE 
  88      9CE955B2 
  88      19182944 
  88      30BC94
  89 0038 8E9A9597 		.ascii	"\216\232\225\227\222\341\220D\241EPOAt\221y\010\022"
  89      92E19044 
  89      A145504F 
  89      41749179 
  89      0812
  90 004a 15BB3CA8 		.ascii	"\025\273<\250\323ZgO\004E\321\201Yg\257=\337Z\353\373"
  90      D35A674F 
  90      0445D181 
  90      5967AF3D 
  90      DF5AEBFB 
  91 005e D637E313 		.ascii	"\3267\343\023\020\374\024\224\020Iz\357\247\017\224"
  91      10FC1494 
  91      10497AEF 
  91      A70F94
  92 006d 80EC7B2E 		.ascii	"\200\354{.D\217%\001>h\013\242[\242\033_\344\256\204"
  92      448F2501 
  92      3E680BA2 
  92      5BA21B5F 
  92      E4AE84
  93 0080 7BB53C2F 		.ascii	"{\265</\353G4=\357\226\313\215z\264\004\207\312+\322"
  93      EB47343D 
  93      EF96CB8D 
  93      7AB40487 
  93      CA2BD2
  94 0093 EB243082 		.ascii	"\353$0\202zB\275\314L\335P\333\322Q\200\217\322\315"
  94      7A42BDCC 
  94      4CDD50DB 
  94      D251808F 
  94      D2CD
  95 00a5 D5818F31 		.ascii	"\325\201\2171N%j)\335\325\327\3631\325\010A\347\202"
  95      4E256A29 
  95      DDD5D7F3 
  95      31D50841 
  95      E782
  96 00b7 9B7B13AD 		.ascii	"\233{\023\255\273\245u\257\326\375gu\310Q\012\343P\324"
  96      BBA575AF 
  96      D6FD6775 
  96      C8510AE3 
  96      50D4
  97 00c9 0F634860 		.ascii	"\017cH`\024\011AW\002\267Q\307\360\017\323{\271h \303"
  97      14094157 
  97      02B751C7 
  97      F00FD37B 
ARM GAS  /tmp/ccOpIozL.s 			page 7


  97      B96820C3 
  98 00dd E36BCD50 		.ascii	"\343k\315P\334A\200e\024[J\272RIk]H\216\037\214\003"
  98      DC418065 
  98      145B4ABA 
  98      52496B5D 
  98      488E1F8C 
  99 00f2 5C21A9D6 		.ascii	"\\!\251\326\2478\370(\370\203|\2628\2048\2049\324\360"
  99      A738F828 
  99      F8837CB2 
  99      38843884 
  99      39D4F0
 100 0105 17110E51 		.ascii	"\027\021\016QN\205\330\240\246,{SJ~\2532\322[\331r\341"
 100      4E85D8A0 
 100      A62C7B53 
 100      4A7EAB32 
 100      D25BD972 
 101 011a 24CF492B 		.ascii	"$\317I+\231V \032O\207\027v\",\310\017?&\210#\241v\262"
 101      9956201A 
 101      4F871776 
 101      222CC80F 
 101      3F268823 
 102 0131 AF7C06A4 		.ascii	"\257|\006\244\014\250\177xr>\312 \037\016`\322\2006"
 102      0CA87F78 
 102      723ECA20 
 102      1F0E60D2 
 102      8036
 103 0143 B26BCA80 		.ascii	"\262k\312\200x/\263\217\237d-\323\006(\"A\245\004r\363"
 103      782FB38F 
 103      9F642DD3 
 103      06282241 
 103      A50472F3 
 104 0157 EFF73186 		.ascii	"\357\3671\206\000y\307}\021d@\300[\326\354\320\372\367"
 104      0079C77D 
 104      116440C0 
 104      5BD6ECD0 
 104      FAF7
 105 0169 8849B59B 		.ascii	"\210I\265\233\3261\272\272\366yk.6\210\233=\274\222"
 105      D631BABA 
 105      F6796B2E 
 105      36889B3D 
 105      BC92
 106 017b B8A38298 		.ascii	"\270\243\202\230\246\265M\3214.X};\323\027\267't\206"
 106      A6B54DD1 
 106      342E587D 
 106      3BD317B7 
 106      277486
 107 018e 4CB23083 		.ascii	"L\2620\203A\354yFq\257\361\355Q\225,\352\014U\036uT"
 107      41EC7946 
 107      71AFF1ED 
 107      51952CEA 
 107      0C551E75 
 108 01a3 08776193 		.ascii	"\010wa\223>\317\304Y$\211\240\360\244\177-\344a\030"
 108      3ECFC459 
 108      2489A0F0 
 108      A47F2DE4 
 108      6118
 109 01b5 078DACE5 		.ascii	"\007\215\254\345\312\267R\334\310\222\270\347\311r\227"
ARM GAS  /tmp/ccOpIozL.s 			page 8


 109      CAB752DC 
 109      C892B8E7 
 109      C97297
 110 01c4 860E198C 		.ascii	"\206\016\031\214\365;\245+\342_\234\302\270\357q\302"
 110      F53BA52B 
 110      E25F9CC2 
 110      B8EF71C2 
 111 01d4 9F9C7260 		.ascii	"\237\234r`R\017\230T\320#5\207\244Y\363Z\320\314\012"
 111      520F9854 
 111      D0233587 
 111      A459F35A 
 111      D0CC0A
 112 01e7 193EEED6 		.ascii	"\031>\356\326\324H\304\360Q\2307k\036\010\030H\230P"
 112      D448C4F0 
 112      5198376B 
 112      1E081848 
 112      9850
 113 01f9 041958DC 		.ascii	"\004\031X\334~\3467\020\013\013?\235X\251\366\251!D"
 113      7EE63710 
 113      0B0B3F9D 
 113      58A9F6A9 
 113      2144
 114 020b D1591BAB 		.ascii	"\321Y\033\253:Q\001\026\331\2120\241z\367\262+\325V"
 114      3A510116 
 114      D98A30A1 
 114      7AF7B22B 
 114      D556
 115 021d 11029AF9 		.ascii	"\021\002\232\371;~s\023%\271t\35796\224\250:\366\377"
 115      3B7E7313 
 115      25B974EF 
 115      393694A8 
 115      3AF6FF
 116 0230 7E84F1F0 		.ascii	"~\204\361\360o\332\217\260\364G\277\244/\261\037Q\361"
 116      6FDA8FB0 
 116      F447BFA4 
 116      2FB11F51 
 116      F1
 117 0241 09BDA5D7 		.ascii	"\011\275\245\327\307y\220\367_\333\240R\372\205\222"
 117      C77990F7 
 117      5FDBA052 
 117      FA8592
 118 0250 65871B1A 		.ascii	"e\207\033\032\354\246\266\3663\355'N\331\251.\273\355"
 118      ECA6B6F6 
 118      33ED274E 
 118      D9A92EBB 
 118      ED
 119 0261 F439FB7C 		.ascii	"\3649\373|\352\302\305.\2735\325\321\221\352\264\217"
 119      EAC2C52E 
 119      BB35D5D1 
 119      91EAB48F 
 120 0271 B5343735 		.ascii	"\265475_\266;/\265\2676\264\012t\376\000\221?7s"
 120      5FB63B2F 
 120      B5B736B4 
 120      0A74FE00 
 120      913F3773 
 121              		.text
 122              		.section	.gnu.lto_nvicSetSystemHandlerPriority.2e8a348332ce4cd0,"",%progbits
ARM GAS  /tmp/ccOpIozL.s 			page 9


 123 0000 789C7D93 		.ascii	"x\234}\223\337K\024Q\024\307\357\271wvfV\335]z+Z\310"
 123      DF4B1451 
 123      14C7EFB9 
 123      77766656 
 123      DD5D7A2B 
 124 0016 37F14147 		.ascii	"7\361AG\237\362\241\227\360\241'\011\354/0\023\\PW4"
 124      9FF2A197 
 124      F0A12709 
 124      EC2F3013 
 124      5C505734 
 125 002a A237EFEE 		.ascii	"\2427\357\356\354n\370\022a*\345\017$*\374\225\256V"
 125      EC6EF812 
 125      612AE50F 
 125      242AFC95 
 125      AE56
 126 003c 56AB26CB 		.ascii	"V\253&\313\242\221AE\320SHd\212Ad\254\262\221P\273\323"
 126      A2914145 
 126      D0534864 
 126      8A4164AC 
 126      B29150BB 
 127 0051 39735782 		.ascii	"9sW\202\250\006\366\314\3343\237\3579\347~\357\254\306"
 127      A806F6CC 
 127      DC339FEF 
 127      39E77EEF 
 127      ACC6
 128 0063 80D1352D 		.ascii	"\200\3215-\030;\205\367\343\370\003\301\200_{\305X\304"
 128      183B85F7 
 128      E3F803C1 
 128      805F7BC5 
 128      58C4
 129 0075 E400F420 		.ascii	"\344\000\364 M`=\034z\340\033\317s\310\\\331I\361\312"
 129      4D603D1C 
 129      7AE01BCF 
 129      73C85CD9 
 129      49F1CA
 130 0088 7189D787 		.ascii	"q\211\327\207\265\2575r\"\015q\224;\334\255\304`\034"
 130      B5AF3572 
 130      220D7194 
 130      3BDCADC4 
 130      601C
 131 009a 2A917A13 		.ascii	"*\221z\023\233\033\0219\036\027\000\032.\367^\016m\371"
 131      9B1B1139 
 131      1E17001A 
 131      2EF75E0E 
 131      6DF9
 132 00ac 69C9A11C 		.ascii	"i\311\241\034\227\366\365\225eS\324\000\303\347]\271"
 132      97F6F595 
 132      6553D400 
 132      C3E75DB9 
 133 00bc 1ED12BEE 		.ascii	"\036\321+\356J\031\2252\325\"\275q!`\012\004\326\203"
 133      4A199532 
 133      D522BD71 
 133      21600A04 
 133      D683
 134 00ce 4908C204 		.ascii	"I\010\302\004\004\031\246\030LC\005\322\323\321O\273"
 134      0419A618 
 134      4C4305D2 
ARM GAS  /tmp/ccOpIozL.s 			page 10


 134      D3D14FBB 
 135 00de 42D4B9CA 		.ascii	"B\324\271\312\336\365\374\226QT\346\213\312{\177Q\316"
 135      DEF5FC96 
 135      5154E68B 
 135      CA7B7F51 
 135      CE
 136 00ef 4005E11F 		.ascii	"@\005\341\037\347\013\003>=F\203\227\367\036N\014\263"
 136      E70B033E 
 136      3D468397 
 136      F71E4E0C 
 136      B3
 137 0100 A09307C9 		.ascii	"\240\223\007\311\306\264t\034[\312\233\372\322U8\002"
 137      C6B4741C 
 137      5BCA9BFA 
 137      D2553802 
 138 0110 40FD38EA 		.ascii	"@\3758\3525AA\243\240S0(\230\024\274\030<%\024JiY\006"
 138      354141A3 
 138      A0533028 
 138      9814BC18 
 138      3C25144A 
 139 0127 D4C8478F 		.ascii	"\324\310G\217~\012\001\012\214e\261\013\231\270\307"
 139      7E0A010A 
 139      8C65B10B 
 139      99B8C7
 140 0136 39DDC50E 		.ascii	"9\335\305\016\330?\023\205\341:jl\013n\013\300\321f"
 140      D83F1385 
 140      E13A6A6C 
 140      0B6E0BC0 
 140      D166
 141 0148 F773B33A 		.ascii	"\367s\263:\331\243A\000\22287R\203\272B\004R\210\274"
 141      D9A34100 
 141      92383752 
 141      83BA4204 
 141      5288BC
 142 015b 8DDD79EF 		.ascii	"\215\335y\357U\310\201\3438\001\230S\330~b\303\243@"
 142      55C881E3 
 142      38019853 
 142      D87E62C3 
 142      A340
 143 016d 0D5904D7 		.ascii	"\015Y\004\327\234\357\351\200\0029\314\273Pf\345V\225"
 143      9CEFE980 
 143      0239CCBB 
 143      5066E556 
 143      95
 144 017e 62740406 		.ascii	"bt\004\006\343\231\327\006\001\272\353b$\265\334\357"
 144      E399D706 
 144      01BAEB62 
 144      24B5DCEF 
 145 018e 514BF9CE 		.ascii	"QK\371\316\226~:\274\033\321Ms\014F#\344\3250\340F\014"
 145      967E3ABC 
 145      1BD14D73 
 145      0C4623E4 
 145      D530E046 
 146 01a3 78808EDE 		.ascii	"x\200\216\336\307j$\3712\360|\252\304\232\2211<y\023"
 146      C76A24F9 
 146      32F07CAA 
 146      C49A9131 
ARM GAS  /tmp/ccOpIozL.s 			page 11


 146      3C7913
 147 01b6 1EC21814 		.ascii	"\036\302\030\024\334\323\307W\267\373F\353k\2232\206"
 147      DCD3C757 
 147      B7FB46EB 
 147      6B933286 
 148 01c6 D2057CEB 		.ascii	"\322\005|\353\205\005\260l\362\001\255~\004\265\314"
 148      8505B06C 
 148      F201AD7E 
 148      04B5CC
 149 01d5 DDFEC631 		.ascii	"\335\376\30615\215\241v\237\331\237\033/S\023\013x\254"
 149      358DA176 
 149      9FD99F1B 
 149      2F53130B 
 149      78AC
 150 01e7 B63554DC 		.ascii	"\2665T\334\275\211\024\"CK\271\027\036\205\230\360D"
 150      BD891422 
 150      434BB917 
 150      1E8598F0 
 150      44
 151 01f8 21D9C46A 		.ascii	"!\331\304j\261\216\027\211d|{\322$\302\003\016@\012"
 151      B18E1789 
 151      647C7BD2 
 151      24C2030E 
 151      400A
 152 020a 82A8452A 		.ascii	"\202\250E*ZH\254\036UT\011\202\252\177\316P\231R4\004"
 152      5A48AC1E 
 152      55540982 
 152      AA7FCE50 
 152      99523404 
 153 021e F3AAD8B3 		.ascii	"\363\252\330\263\221~Pi\237-\312\260\342\366\217\231"
 153      917E5069 
 153      9F2DCAB0 
 153      E2F68F99 
 154 022e 45BFAAA8 		.ascii	"E\277\252\250\303\342a\317\215\242\326\357r\324\302"
 154      C3E261CF 
 154      8DA2D6EF 
 154      72D4C2
 155 023d 3EC0F3EC 		.ascii	">\300\363\354+\246\003nU?\231>\270y\202r\177\372\351"
 155      2BA6036E 
 155      553F993E 
 155      B8798272 
 155      7FFAE9
 156 0250 FBBF9B4B 		.ascii	"\373\277\233K\377p\363$\231\271\374\333\314\247P\213"
 156      FF70F324 
 156      99B9FCDB 
 156      CCA7508B 
 157 0260 DDD86788 		.ascii	"\335\330g\210\246G\317P\037\367\337\227\345@_\031\352"
 157      A647CF50 
 157      1FF7DF97 
 157      E5405F19 
 157      EA
 158 0271 ABAAABAD 		.ascii	"\253\252\253\255\372\326\320\371\320\331sV\270\333j"
 158      FAD6D0F9 
 158      D0D97356 
 158      B8DB6A
 159 0280 6D6AB33A 		.ascii	"mj\263:\303]\027\273\255\346p{{\270\303:\335\330P\337"
 159      C35D17BB 
ARM GAS  /tmp/ccOpIozL.s 			page 12


 159      ADE6707B 
 159      7BB8C33A 
 159      DDD850DF 
 160 0294 70D9EAB8 		.ascii	"p\331\352\270\024j\256nfFkS\307\205\266\226.\255\263"
 160      146AAE6E 
 160      66466B53 
 160      C785B696 
 160      2EADB3
 161 02a7 2B14FE05 		.ascii	"+\024\376\005\274Q=\202"
 161      BC513D82 
 162              		.text
 163              		.section	.gnu.lto_nvicClearPending.2e8a348332ce4cd0,"",%progbits
 164 0000 789C2551 		.ascii	"x\234%QAKTQ\024\276\337=\357\215#8\343\017h \241\205"
 164      414B5451 
 164      14BEDF3D 
 164      EF8D2338 
 164      E30F6820 
 165 0016 4838D759 		.ascii	"H8\327Y\267\012\027\255\244\320_PC\340@\316HF\264\363"
 165      B70A17AD 
 165      A4D05F50 
 165      43E040CE 
 165      4846B4F3 
 166 002a 3A6FDEB8 		.ascii	":o\336\2705\313\211B\221@q\262t\324Z\250\253\341\321"
 166      35CB8942 
 166      914071B2 
 166      74D45AA8 
 166      ABE1D1
 167 003d A68585D0 		.ascii	"\246\205\205\320.\210P\220\010\215q\230\250\205\316"
 167      2E885090 
 167      088D7198 
 167      A885CE
 168 004c 74CE7B17 		.ascii	"t\316{\027\356=\347||\347;\347\334\343((9\247l2l\257"
 168      EE3DE77C 
 168      7CE73BE7 
 168      DCE32828 
 168      39A76C32 
 169 0062 F00529E8 		.ascii	"\360\005)\350\271\317J\315\3045 \216\215CMkL\343\217"
 169      B9CF4ACD 
 169      C435208E 
 169      8D434D6B 
 169      4CE38F
 170 0075 BED40866 		.ascii	"\276\324\010fO\366\364\300\232\345\363c\365\357\220"
 170      4FF6F4C0 
 170      9AE5F363 
 170      F5EF90
 171 0084 ADD6E193 		.ascii	"\255\326\341\223R\035\035*)\254a\200Y\207\245\255Ej"
 171      521D1D2A 
 171      29AC6180 
 171      5987A5AD 
 171      456A
 172 0096 699F0087 		.ascii	"i\237\000\207\303\363\203W\307I\0115\3728\274\264\317"
 172      C3F38357 
 172      C7490935 
 172      FA38BCB4 
 172      CF
 173 00a7 2B491A82 		.ascii	"+I\032\202b\377e\260\360-\321\277jm\321\332\247\367"
 173      62FF65B0 
ARM GAS  /tmp/ccOpIozL.s 			page 13


 173      F02DD1BF 
 173      6A6DD1DA 
 173      A7F7
 174 00b9 6DB74F84 		.ascii	"m\267O\204u\020\353\341\015R\250\"\245\030Rx\213~\241"
 174      7510EBE1 
 174      0D52A822 
 174      A5185278 
 174      8B7EA1
 175 00cc 1F6DB717 		.ascii	"\037m\267\027\022\261\222\224\357\213\212\342\035b2"
 175      12B19294 
 175      EF8B8AE2 
 175      1D6232
 176 00db 466DB46E 		.ascii	"Fm\264n;\035\317\332\027\231\237\327\342\200dh\316u"
 176      3B1DCFDA 
 176      17999FD7 
 176      E2806468 
 176      CE75
 177 00ed 481E871F 		.ascii	"H\036\207\037\327\025O\251\006\247\311`\347Z\213\245"
 177      D7154FA9 
 177      06A7C960 
 177      E75A8BA5 
 178 00fd 1378CD72 		.ascii	"\023x\315r{\351\216(y\244=\002\027\372\264\262\177\321"
 178      7BE98E28 
 178      79A43D02 
 178      17FAB4B2 
 178      7FD1
 179 010f 232DBB70 		.ascii	"#-\273p\261\301]0\353\242\374\321\211H\024\221\236\255"
 179      B1C15D30 
 179      EBA2FCD1 
 179      89481491 
 179      9EAD
 180 0121 6CEE2584 		.ascii	"l\356%\204\344\340*6#R\243\374\225\"\222\203\353)\246"
 180      E4E02A36 
 180      2352A3FC 
 180      95229283 
 180      EB29A6
 181 0134 32586CCE 		.ascii	"2Xl\316\266t\004\272\2143\022T 1kT\374\340K\227h\304"
 181      B67404BA 
 181      8C331254 
 181      20316B54 
 181      FCE04B97 
 182 014a C2FFF8F0 		.ascii	"\302\377\370\360\372\367\277\236(\264\201g\223\014\315"
 182      FAF7BF9E 
 182      28B48167 
 182      930CCD
 183 0159 9F357793 		.ascii	"\2375w\223\313X\232\221\251{}\352\302\026\377L\215\313"
 183      CB589A91 
 183      A97B7DEA 
 183      C216FF4C 
 183      8DCB
 184 016b 49C2C1F7 		.ascii	"I\302\301\367\235\271^\263aK\274\2078\266\261\214v\270"
 184      9DB95EB3 
 184      614BBC87 
 184      38B6B18C 
 184      76B8
 185 017d 0BD15A6F 		.ascii	"\013\321ZoU)S\263%\316\274\341S7v`x\300pO\357\221\341"
 185      552953B3 
ARM GAS  /tmp/ccOpIozL.s 			page 14


 185      25CEBCE1 
 185      53377660 
 185      78C0704F 
 186 0194 66D42F14 		.ascii	"f\324/\024\353\207\267\244\225p}\015\015\371\022\246"
 186      EB87B7A4 
 186      95707D0D 
 186      0DF912A6 
 187 01a4 0CA6D366 		.ascii	"\014\246\323fx<w/w{\314\024\246\314\370\335\007f\262"
 187      783C772F 
 187      777BCC14 
 187      A6CCF8DD 
 187      0766B2
 188 01b7 F0F0D194 		.ascii	"\360\360\321\224\311\026&&\012ysstdx\344\211\311?\316"
 188      C9162626 
 188      0A797373 
 188      746478E4 
 188      89C93FCE 
 189 01cb 65D35985 		.ascii	"e\323Y\205\374\177?X\261\312"
 189      FC7F3F58 
 189      B1CA
 190              		.text
 191              		.section	.gnu.lto_.symbol_nodes.2e8a348332ce4cd0,"",%progbits
 192 0000 789C6361 		.ascii	"x\234ca`d\360b\000\002\246\255\214\365\014\014\023\316"
 192      6064F062 
 192      0002A6AD 
 192      8CF50C0C 
 192      13CE
 193 0012 313000A9 		.ascii	"10\000\251]\015\212@\221m\214\365\214\250\"\333\031"
 193      5D0D8A40 
 193      916D8CF5 
 193      8CA822DB 
 193      19
 194 0023 EB995045 		.ascii	"\353\231PEv0\3263\243\2100\000\000\277~\022\030"
 194      7630D633 
 194      A3883000 
 194      00BF7E12 
 194      18
 195              		.text
 196              		.section	.gnu.lto_.refs.2e8a348332ce4cd0,"",%progbits
 197 0000 789C6361 		.ascii	"x\234ca`\004B \000\000\0009\000\007"
 197      60044220 
 197      00000039 
 197      0007
 198              		.text
 199              		.section	.gnu.lto_.decls.2e8a348332ce4cd0,"",%progbits
 200 0000 789C9D57 		.ascii	"x\234\235WkPTG\026\276\347\366\240\3030\240;Z[\326\026"
 200      6B505447 
 200      16BEE7F6 
 200      A0C330A0 
 200      3B5A5BD6 
 201 0015 9BB2B2A4 		.ascii	"\233\262\262\244d7%\343\253\366\327V\305\354\310\256"
 201      643725E3 
 201      ABF6D756 
 201      C5ECC8AE 
 202 0025 FC30A166 		.ascii	"\3740\241f\014\371\263\265S\210\223\205-\030R0n\305"
 202      0CF9B3B5 
 202      53889385 
ARM GAS  /tmp/ccOpIozL.s 			page 15


 202      2D185230 
 202      6EC5
 203 0037 5F7B050C 		.ascii	"_{\005\014h\024\301\007\250\200 H@!\010j\024\301\021"
 203      6814C107 
 203      A8802048 
 203      4021086A 
 203      14C111
 204 004a 3404D188 		.ascii	"4\004\321\210\"\313C\004\025\020\361\205,\010\250`\320"
 204      22CB4304 
 204      1510F185 
 204      2C08A860 
 204      D0
 205 005b 3DDD7DEF 		.ascii	"=\335}\357\334a\004\326\312\2559sow\177\375\235\257"
 205      DC6104D6 
 205      CAAD3973 
 205      6F777FFD 
 205      9DAF
 206 006d BBCF3977 		.ascii	"\273\3179wF#\200@\257\367\346\013\302U|\334\201\366"
 206      46238040 
 206      AFF7E60B 
 206      C2557CDC 
 206      81F6
 207 007f 062F2FEC 		.ascii	"\006//\354\013\023\324K\203v\006\255\032\315\211V#\274"
 207      0B13D44B 
 207      837606AD 
 207      1ACD8956 
 207      23BC
 208 0091 7DD1711F 		.ascii	"}\321q\037y\236\001m!\332I\264%h\237\242\215\240=C\273"
 208      799E016D 
 208      21DA49B4 
 208      25689FA2 
 208      8DA03D43 
 209 00a6 87D682D6 		.ascii	"\207\326\202\326\212F\320\372\321\036\243\365\241\201"
 209      8A46D0FA 
 209      D11EA3F5 
 209      A181
 210 00b4 CCE37955 		.ascii	"\314\343yU\277#w\253\314M}\210h\2032?\310\034\236\027"
 210      BF2377AB 
 210      CC4D7D88 
 210      6883323F 
 210      C81C9E17 
 211 00c8 5D8B6E16 		.ascii	"]\213n\026\336\2058\321\2006!\363R\036o\340w\247\334"
 211      DE8538D1 
 211      803621F3 
 211      521E6FE0 
 211      77A7DC
 212 00db FE1D4CE5 		.ascii	"\376\035L\345\254\231\2053t\032\255 \257\037f\330\327"
 212      AC998533 
 212      741AAD20 
 212      AF1F66D8 
 212      D7
 213 00ec 49118EA5 		.ascii	"I\021\216\245\267V\221N\350\000\\\023\314g\275\000\374"
 213      B756914E 
 213      E8005C13 
 213      CC67BD00 
 213      FC
 214 00fd 1B9809DC 		.ascii	"\033\230\011\334X\023\037DA\326\250t\201\002\244\337"
ARM GAS  /tmp/ccOpIozL.s 			page 16


 214      58131F44 
 214      41D6A874 
 214      8102A4DF 
 215 010d F82582DC 		.ascii	"\370%\202\334'\270\310\330G\236\317b\200]\214De\007"
 215      27B8C8D8 
 215      479ECF62 
 215      805D8C44 
 215      6507
 216 011f 7912B814 		.ascii	"y\022\270\024\260a\201\217\273X\371MT'\270\361q\271"
 216      B061818F 
 216      BB58F94D 
 216      5427B8F1 
 216      71B9
 217 0131 329DAAD9 		.ascii	"2\235\252\331\265&P\026\235\325\322[ \022\021\350\363"
 217      B5265016 
 217      9DD5D25B 
 217      201211E8 
 217      F3
 218 0142 DDF1E2BF 		.ascii	"\335\361\342\277\004\225Jx\245I\222\370\241\2723\267"
 218      04954A78 
 218      A54992F8 
 218      A1BA33B7 
 219 0152 1B8E9690 		.ascii	"\033\216\226\220Q\021\226\350\200\322\317\303\256\343"
 219      511196E8 
 219      80D2CFC3 
 219      AEE3
 220 0160 0367C77D 		.ascii	"\003g\307}y\027E4\357zvd.\361g\3177\222\312\263)\332"
 220      79174534 
 220      EF7A7664 
 220      2EF167CF 
 220      3792CAB3 
 221 0176 A0030D36 		.ascii	"\240\003\0156\207\033\017\336\363\303\346B\035,\236"
 221      871B0FDE 
 221      F3C3E642 
 221      1D2C9E
 222 0185 14C5FA9D 		.ascii	"\024\305\372\235'O\370@\240\356[\352\247;\267P\177V"
 222      274FF840 
 222      A0EE5BEA 
 222      A73BB750 
 222      7F56
 223 0197 92E64339 		.ascii	"\222\346C9\350\240\024\010\034\205 \252n\011=\332\024"
 223      E8A01408 
 223      1C8520AA 
 223      6E093DDA 
 223      14
 224 01a8 494A90D2 		.ascii	"IJ\220\322\022%C\203\237\000e\340\017\337\201\277\000"
 224      12254383 
 224      9F0065E0 
 224      0FDF81BF 
 224      00
 225 01b9 C721903A 		.ascii	"\307!\220:\245@(\301\316c\330\211^\216\036I\317\237"
 225      A54028C1 
 225      CE63D889 
 225      5E8E1E49 
 225      CF9F
 226 01cb 43FE4605 		.ascii	"C\376F\005\210\007N\035{\241s\271\310J^UJ]\234D\027"
 226      88074E1D 
ARM GAS  /tmp/ccOpIozL.s 			page 17


 226      7BA173B9 
 226      C84A5E55 
 226      4A5D9C44 
 227 01e0 15AA0BF4 		.ascii	"\025\252\013\3648\243\217\023\323\373H\0368\322&jht"
 227      38A38F13 
 227      D3FB481E 
 227      38D2266A 
 227      6874
 228 01f2 50AE0D1A 		.ascii	"P\256\015\032\332\327\327u\241c\236\253\357\024\260"
 228      DAD7D775 
 228      A1639EAB 
 228      EF14B0
 229 0201 CECC8C7D 		.ascii	"\316\314\214}cs\027e\260\235L\224\026k \354\327.r\001"
 229      63731765 
 229      B09D4C94 
 229      166B20EC 
 229      D72E7201 
 230 0215 4EC322FC 		.ascii	"N\303\"\374\376\0364|s\177H\036L\021\337\317\223\362"
 230      FE1E347C 
 230      737F481E 
 230      4C11DFCF 
 230      93F2
 231 0227 CAA5EE9A 		.ascii	"\312\245\356\232+\177\312H\224\032p\336b\012\203bU/"
 231      2B7FCA48 
 231      941A70DE 
 231      620A8362 
 231      552F
 232 0239 3ED25B11 		.ascii	">\322[\021t\342I\236\201\367qf\353\035\347\020!N\200"
 232      74E2499E 
 232      81F77166 
 232      EB1DE710 
 232      214E80
 233 024c 99C475B4 		.ascii	"\231\304u\264\345\257\234QF\025\223qV\221\361f e\322"
 233      E5AF9C51 
 233      46159371 
 233      5691F166 
 233      2065D2
 234 025f 87CBA83D 		.ascii	"\207\313\250=U\257\227\322\266H\322j\012\202JUD\245"
 234      55AF97D2 
 234      B648D26A 
 234      0A824A55 
 234      44A5
 235 0271 BB886A26 		.ascii	"\273\210j&\242\342\345\223DB\256s\021\005{\366M\200"
 235      A2E2E593 
 235      4442AE73 
 235      11057BF6 
 235      4D80
 236 0283 4C32EA22 		.ascii	"L2\352\"\241+9\247\222\234s'q2\022gQf\010\031\340\034"
 236      A12B39A7 
 236      929C7327 
 236      71321267 
 236      51660819 
 237 0299 C7F794F4 		.ascii	"\307\367\224\364hd\216\252K\356B\316\253\034\347\335"
 237      68648EAA 
 237      4BEE42CE 
 237      AB1CE7DD 
 238 02a9 396A1847 		.ascii	"9j\030G_a_\2367\017;i\216[\334\031X\334A\331\303\232"
ARM GAS  /tmp/ccOpIozL.s 			page 18


 238      5F615F9E 
 238      370F3B69 
 238      8E5BDC19 
 238      58DC41D9 
 239 02bf 6C1D0F43 		.ascii	"l\035\017CI\244g\364t\37472Z\3436l\220\207\237^\275"
 239      49A467F4 
 239      74FC3732 
 239      5AE3366C 
 239      90879F5E 
 240 02d4 9FAF91E1 		.ascii	"\237\257\221\341\363\351)\215d\017\353\311$\227\330"
 240      F3E9298D 
 240      640FEBC9 
 240      2497D8
 241 02e3 9BB85BD2 		.ascii	"\233\270[\322s\360G\330|2\321Y\253\321\245\310\373\214"
 241      73F047D8 
 241      7C32D159 
 241      ABD1A5C8 
 241      FB8C
 242 02f5 A14407D4 		.ascii	"\241D\007\324\215n\240\221\006F\177\270\304\303\250"
 242      8D6EA091 
 242      06467FB8 
 242      C4C3A8
 243 0304 B1A0BB78 		.ascii	"\261\240\273x\236!M\316\263\325\016v`?\"\274\216\301"
 243      9E214DCE 
 243      B3D50E76 
 243      603F22BC 
 243      8EC1
 244 0316 2F834199 		.ascii	"/\203A\231D\321\247\234\303\205\312\262\010\266\323"
 244      44D1A79C 
 244      C385CAB2 
 244      08B6D3
 245 0325 B78C14CB 		.ascii	"\267\214\024\313\355\237\351\370\231\307}\335\"\027"
 245      ED9FE9F8 
 245      99C77DDD 
 245      2217
 246 0333 DA3D17DB 		.ascii	"\332=\027\333[\036\226'\023\222\3143\272*\261\244\334"
 246      5B1E9627 
 246      1392CC33 
 246      BA2AB1A4 
 246      DC
 247 0344 9783DFC3 		.ascii	"\227\203\337\303\346\353\037O\237\320\317,\364\272\""
 247      E6EB1F4F 
 247      9FD0CF2C 
 247      F4BA22
 248 0353 F41A17DA 		.ascii	"\364\032\027\3321\271;\305\307S\350U\204\377\304\340"
 248      31B93BC5 
 248      C753E855 
 248      84FFC4E0 
 249 0363 4D4CE875 		.ascii	"ML\350uE\350\375\222\336\002\035I\347\216\277\317i;"
 249      45E8FD92 
 249      DE021D49 
 249      E78EBFCF 
 249      693B
 250 0375 E433B3A7 		.ascii	"\3443\263\247f\305\223\2219\352\277\375\264T/;JT\034"
 250      66C59391 
 250      39EABFFD 
 250      B4542F3B 
ARM GAS  /tmp/ccOpIozL.s 			page 19


 250      4A541C
 251 0388 A9E8FF30 		.ascii	"\251\350\3770G\315\212\243\246\242\224&B\271\023\337"
 251      47CD8AA3 
 251      A6A29426 
 251      42B913DF 
 252 0398 3973739A 		.ascii	"9ss\232^\025\314uw\3202\233\2037YC9z\222\301Wr\375\321"
 252      5E15CC75 
 252      77D0329B 
 252      83375943 
 252      397A92C1 
 253 03b0 E90A91E4 		.ascii	"\351\012\221\344\361\306\351\376\313\365J\224\000\255"
 253      F1C6E9FE 
 253      CBF54A94 
 253      00AD
 254 03be 981DAD15 		.ascii	"\230\035\255\025zR\310\007\267\035\357\375\306\213\224"
 254      7A52C807 
 254      B71DEFFD 
 254      C68B94
 255 03cd F146CFED 		.ascii	"\361F\317\355\007\333\375\310I\336\270T\237\360O\342"
 255      07DBFDC8 
 255      49DEB854 
 255      9FF04FE2 
 256 03dd E4CFE315 		.ascii	"\344\317\343\025\303\243ZN\221G\303\264\362\371Y\263"
 256      C3A35A4E 
 256      9147C3B4 
 256      F2F959B3 
 257 03ed 1C672BB0 		.ascii	"\034g+\260\231\332\236\376\021\271\310\241\243\333\267"
 257      99DA9EFE 
 257      11B9C8A1 
 257      A3DBB7
 258 03fc BE900B29 		.ascii	"\276\220\013)=\331\352\336\246\204YN\257G\331\323n\220"
 258      3DD9EADE 
 258      A684594E 
 258      AF47D9D3 
 258      6E90
 259 040e 37757FB1 		.ascii	"7u\177\261\257\347\351]D\370\005\006\357ek\356Q\326"
 259      AFE7E95D 
 259      44F80506 
 259      EF656BEE 
 259      51D6
 260 0420 DC9A5D38 		.ascii	"\334\232]88%([fA\353\223\212\306\352\346A\000\275\026"
 260      3825285B 
 260      6641EB93 
 260      8AC6EAE6 
 260      4100BD16 
 261 0434 040404E2 		.ascii	"\004\004\004\342-_J\332\202\2656c\375\276\302\257\245"
 261      2D5F4ADA 
 261      82B53663 
 261      FDBEC2AF 
 261      A5
 262 0445 B4706805 		.ascii	"\264ph\005\003ta\276>\202\005\352\351\030)\325r\374"
 262      037461BE 
 262      3E8205EA 
 262      E91829D5 
 262      72FC
 263 0457 12F2A9A3 		.ascii	"\022\362\251\243\332;a\024\212q\004\2152T\211.\270\302"
 263      DA3B6114 
ARM GAS  /tmp/ccOpIozL.s 			page 20


 263      8A71048D 
 263      3254892E 
 263      B8C2
 264 0469 DC960107 		.ascii	"\334\226\001\007#w\3553\006\276\207\340\2732X\221\007"
 264      2377ED33 
 264      06BE87E0 
 264      BB325891 
 264      07
 265 047a B5E0464C 		.ascii	"\265\340FL\2617\333\364\212\210vO\021u\340\241b\210"
 265      B137DBF4 
 265      8A88764F 
 265      1175E0A1 
 265      6288
 266 048c 1163DA41 		.ascii	"\021c\332A\275\214U\222\021~P\261\351\362\326H\340\020"
 266      BD8C5592 
 266      117E50B1 
 266      E9F2D648 
 266      E010
 267 049e E00E026E 		.ascii	"\340\016\002n\2631\012\307h\203\001\014\274>\010\200"
 267      B3310AC7 
 267      6883010C 
 267      BC3E0880 
 268 04ae 27688368 		.ascii	"'h\203hO\321\036\240\375\027\3551\332}\264\207h\375"
 268      4FD11EA0 
 268      FD17ED31 
 268      DA7DB487 
 268      68FD
 269 04c0 10C0DEAA 		.ascii	"\020\300\336\252\\g\227\252\363\206\247\316+\236:\233"
 269      5C6797AA 
 269      F386A7CE 
 269      2B9E3A9B 
 270 04d0 5DBBD5E9 		.ascii	"]\273\325\351\271[Fu\263\330K\257\326\211\304\222\226"
 270      B95B4675 
 270      B3D84BAF 
 270      D689C492 
 270      96
 271 04e1 8204B964 		.ascii	"\202\004\271d\012.\236\366\266\205\350:\2110\252\016"
 271      0A2E9EF6 
 271      B685E83A 
 271      8930AA0E 
 272 04f1 4FAA9B6F 		.ascii	"O\252\233om|\213*\362\226\247\310\233\236\"o\271D\266"
 272      6D7C8B2A 
 272      F296A7C8 
 272      9B9E226F 
 272      B944B6
 273 0504 7932D7B9 		.ascii	"y2\327\2711\323b\324v\267\016\3100\013u\261!)'\013_"
 273      31D362D4 
 273      76B70EC8 
 273      300B75B1 
 273      2129270B 
 274 0519 D90BB8FA 		.ascii	"\331\013\270\372\261\014\221\252\177\206\263\207\324"
 274      B10C91AA 
 274      7F86B387 
 274      D4
 275 0526 9A4F1733 		.ascii	"\232O\0273\3039\3000n\377/=\012\324R\224\327\265C\257"
 275      C339C030 
 275      6EFF2F3D 
ARM GAS  /tmp/ccOpIozL.s 			page 21


 275      0AD45294 
 275      D7B543AF 
 276 053a DFAEFE18 		.ascii	"\337\256\376\030`\276\325\334\032\001=\373\351\204w"
 276      60BED5DC 
 276      1A013DFB 
 276      E98477
 277 0549 440F26DD 		.ascii	"D\017&\335\357\366\341y\271\010\233\007\253G\257x\361"
 277      EFF6E179 
 277      B9089B07 
 277      AB47AF78 
 277      F1
 278 055a A69616E4 		.ascii	"\246\226\026\344\301\2223\276<\243k)w\331\363\324L\037"
 278      C19233BE 
 278      3CA36B29 
 278      77D9F3D4 
 278      4C1F
 279 056c F2EA9DEA 		.ascii	"\362\352\235\352\342K%\207\227\261\024\316\352x]\256"
 279      E24B2587 
 279      97B114CE 
 279      EA785DAE 
 280 057c 2465AD92 		.ascii	"$e\255\222\302\317\021=\306\320\343,)_*)|bOa\275\326"
 280      C2CF113D 
 280      C6D0E32C 
 280      295F2A29 
 280      7C624F61 
 281 0592 1DDD321B 		.ascii	"\035\3352\033\372\\\343x\251\037y\303e5\017]\315\221"
 281      FA5CE378 
 281      A91F79C3 
 281      65350F5D 
 281      CD91
 282 05a4 57445F76 		.ascii	"WD_v\316\346\256\325d\033aCc\327\272z\200\354\344\215"
 282      CEE6AED5 
 282      641B6143 
 282      63D7BA7A 
 282      80ECE48D 
 283 05b8 A49F2E17 		.ascii	"\244\237.\027\315%\351\274\321\327?QIH&o|;\220\277\323"
 283      CD25E9BC 
 283      D1D73F51 
 283      4948266F 
 283      7C3B90BF 
 284 05cd 9B64F3C6 		.ascii	"\233d\363\306w7\245m\336J\205N{\247\012\2355r\373\221"
 284      7737A56D 
 284      DE4A854E 
 284      7BA70A9D 
 284      3572FB91 
 285 05e1 FC5A0BC4 		.ascii	"\374Z\013\304\346\256\246\334N\255\274\211\364u\274"
 285      E6AEA6DC 
 285      4EADBC89 
 285      F475BC
 286 05f0 F7DADE02 		.ascii	"\367\332\336\002\037\222\317\350}\252r\017\374\001\026"
 286      1F92CFE8 
 286      7DAA720F 
 286      FC0116
 287 05ff 04F00B8B 		.ascii	"\004\360\013\213\317\224\220H\022\375!Q\244\013\376"
 287      CF949048 
 287      12FD2151 
 287      A40BFE
ARM GAS  /tmp/ccOpIozL.s 			page 22


 288 060e 5AE4F190 		.ascii	"Z\344\361\220*\006\3027b\000\244\241\245\240mGKF\333"
 288      2A06C237 
 288      6200A4A1 
 288      A5A06D47 
 288      4B46DB
 289 0621 89B60B6D 		.ascii	"\211\266\013m\033\332\016\321\225\226\211Rmu\373\302"
 289      1BDA0ED1 
 289      95968952 
 289      6D75FBC2 
 290 0631 032C43E8 		.ascii	"\003,C\350\016\276\306\010\244T\256\025\374<%\346\023"
 290      0EBEC608 
 290      A454AE15 
 290      FC3C25E6 
 290      13
 291 0642 A4DAD3ED 		.ascii	"\244\332\323\355,A\350\341tz\202\307<KS\323\347\024"
 291      2C41E8E1 
 291      747A82C7 
 291      3C4B53D3 
 291      E714
 292 0654 3B8109F2 		.ascii	";\201\011\362B\306*G\004\243SS\017\205Trf*\343\315\364"
 292      42C62A47 
 292      04A35353 
 292      0F855472 
 292      662AE3CD 
 293 0669 CC0A7A2F 		.ascii	"\314\012z/\242Opt\202\250\203-\242\007\332\275\364R"
 293      A24F7074 
 293      82A8832D 
 293      A207DABD 
 293      F452
 294 067b E6669579 		.ascii	"\346f\225y\253'\366\302[:\316\251\350\311\351\267\303"
 294      AB27F6C2 
 294      5B3ACEA9 
 294      E8C9E9B7 
 294      C3
 295 068c BDF8E4B6 		.ascii	"\275\370\344\266\263\342\203(\217\342\203{U\243l-\335"
 295      B3E28328 
 295      8FE2837B 
 295      55A36C2D 
 295      DD
 296 069d AD579E5C 		.ascii	"\255W\236\\\243\340!\363\224\352X\232vI\256rr\355\356"
 296      A3E021F3 
 296      94EA589A 
 296      7649AE72 
 296      72EDEE
 297 06b0 BE6B1A52 		.ascii	"\276k\032R\314\"D<42\326\350\007\013\002\247\215\014"
 297      CC22443C 
 297      3432D6E8 
 297      070B02A7 
 297      8D0C
 298 06c2 D88301F1 		.ascii	"\330\203\001\361K\202\203\257\256\265\035\350\352v#"
 298      4B8283AF 
 298      AEB51DE8 
 298      EA7623
 299 06d1 41BAE82A 		.ascii	"A\272\350*Nt\261L\307\203\241\033\225\276SJ\311n\321"
 299      4E74B14C 
 299      C783A11B 
 299      95BE534A 
ARM GAS  /tmp/ccOpIozL.s 			page 23


 299      C96ED1
 300 06e4 BD94EC15 		.ascii	"\275\224\354\025y)\301;\242\273\312\266\266\213\244"
 300      7929C13B 
 300      A2BBCAB6 
 300      B68BA4
 301 06f3 82A74DFE 		.ascii	"\202\247M\376\303\306\313r!\371-}%\357\031H\005\236"
 301      C3C6CB72 
 301      21F92D7D 
 301      25EF1948 
 301      059E
 302 0705 030FE98F 		.ascii	"\003\017\351\217\215\303\215#\031:R\303\261\225\316"
 302      8DC38D23 
 302      193A52C3 
 302      B195CE
 303 0714 A72B38D4 		.ascii	"\247+8\324\237&\334\223\364%3W\225\203\242\\U\016\210"
 303      9F26DC93 
 303      F4253357 
 303      9583A25C 
 303      550E88
 304 0727 2CD75A5F 		.ascii	",\327Z_:'\364\244\201\021iN&\334=\354\007\201\376\200"
 304      3A27F4A4 
 304      8111694E 
 304      26DC3DEC 
 304      0781FE80 
 305 073b 70E07F99 		.ascii	"p\340\177\231\350\277?\001r1\214\262D\242\374A>(!\377"
 305      E8BF3F01 
 305      72318CB2 
 305      44A2FC41 
 305      3E2821FF 
 306 074f D0BF6937 		.ascii	"\320\277i7>k\331\235\375{\032\312\227\346,\022`%+Z\220"
 306      3E6BD99D 
 306      FD7B1ACA 
 306      97E62C12 
 306      60252B5A 
 307 0764 8DFB99CB 		.ascii	"\215\373\231\313\374\035\302\355\316\341\016\323._t"
 307      FC1DC2ED 
 307      CEE10ED3 
 307      2E5F74
 308 0773 12F5C705 		.ascii	"\022\365\307\0050\356L\034\317`\211\232'\032\024\225"
 308      30EE4C1C 
 308      CF60899A 
 308      271A1495 
 309 0783 147DEBD2 		.ascii	"\024}\353\322\325\2449:\231;\355\377q\247\346%gz\273"
 309      D5A4393A 
 309      993BEDFF 
 309      71A7E625 
 309      677ABB
 310 0796 731F9E8D 		.ascii	"s\037\236\215\273no\177\217\366\203\002\251)O\352>\277"
 310      BB6E6F7F 
 310      8FF68302 
 310      A9294FEA 
 310      3EBF
 311 07a8 FDEFE952 		.ascii	"\375\357\351R\322~I\003\371\242\001\366\343Y\342\237"
 311      D27E4903 
 311      F9A201F6 
 311      E359E29F 
 312 07b8 11B7A9FB 		.ascii	"\021\267\251\373\260g=nD\201\370\2010\337\376\257\250"
ARM GAS  /tmp/ccOpIozL.s 			page 24


 312      B0673D6E 
 312      4481F881 
 312      30DFFEAF 
 312      A8
 313 07c9 88607BF8 		.ascii	"\210`{\370\206h["
 313      86685B
 314 07d0 982DC211 		.ascii	"\230-\302\021\033\247\375\353'\237-6-_.\350\254\326"
 314      1BA7FDEB 
 314      279F2D36 
 314      2D5F2EE8 
 314      ACD6
 315 07e2 4D5176C7 		.ascii	"MQv\307\312\025V\307*\343\246\3708cx\\\314R{\254\335"
 315      CA1556C7 
 315      2AE3A6F8 
 315      3863785C 
 315      CC527BAC 
 316 07f7 B6D416BE 		.ascii	"\266\324\026\276!\312\030e\217\210\336\264\321f\214"
 316      21CA1865 
 316      8F88DEB4 
 316      D1668C
 317 0806 098F888C 		.ascii	"\011\217\210\214\262\333\214\326\215\266/\3027E;\254"
 317      B2DB8CD6 
 317      8DB62FC2 
 317      37453BAC 
 318 0816 8ECD5FDA 		.ascii	"\216\315_\332\342\203\"\005\2552\373\367\263\314\216"
 318      E2832205 
 318      AD32FBF7 
 318      B3CC8E
 319 0825 DF1C6FB4 		.ascii	"\337\034o\264\306;6\"\024\247,\015\0122\232\"\2436D"
 319      C63B3622 
 319      14A72C0D 
 319      0A329A22 
 319      A33644
 320 0838 7D6A31C6 		.ascii	"}j1\306\306\033#\303\243\215_\306\3069\342\215\021\261"
 320      C61B23C3 
 320      A38D5FC6 
 320      C639E28D 
 320      11B1
 321 084a 3131B176 		.ascii	"11\261v\343\307\346u\246u_\031\251\344\240\010\341W"
 321      E3C7E675 
 321      A6755F19 
 321      A9E4A008 
 321      E157
 322 085c F4BE262A 		.ascii	"\364\276&*^\325\356O{,6\207es\274\303\026\2636\334\276"
 322      5ED5EE4F 
 322      7B2C3687 
 322      6573BCC3 
 322      16B336DC 
 323 0871 31DA1617 		.ascii	"1\332\026\027\032\027\025\033\027\345\330\314Vj\212"
 323      1A17151B 
 323      17E5D8CC 
 323      566A8A
 324 0880 B685C785 		.ascii	"\266\205\307\205\332\354\350\360\037\336\346`K\2609"
 324      DAECE8F0 
 324      1FDEE660 
 324      4BB039
 325 088f 2C78CD2A 		.ascii	",x\315*\327\323JM\210)\324\354j\256\320\204XB\315Z3"
ARM GAS  /tmp/ccOpIozL.s 			page 25


 325      D7D34A4D 
 325      8829D4EC 
 325      6AAED084 
 325      5842CD5A 
 326 08a4 6F2DC7C1 		.ascii	"o-\307\301`up\031\016\006\233\305\220\320\017\247\252"
 326      60757019 
 326      0E069BC5 
 326      90D00FA7 
 326      AA
 327 08b5 B67DE530 		.ascii	"\266}\3450\232\326YB,\256EF\304\306\331\254\0211\313"
 327      9AD65942 
 327      2CAE4546 
 327      C4C6D9AC 
 327      1131CB
 328 08c8 7085DE9F 		.ascii	"p\205\336\237\204\205\230\254\353q\213\210em\250\213"
 328      848598AC 
 328      EB718B88 
 328      656DA88B 
 329 08d8 6B393199 		.ascii	"k91\231\314\304b2{}\034b6\231\321\221\305\354e\012\375"
 329      CCC46232 
 329      7B7D1C62 
 329      3699D191 
 329      C5EC650A 
 330 08ed 2C648D97 		.ascii	",d\215\227e->k-\246?\263Y\276V\353\027\233\354\021V"
 330      652D3E6B 
 330      2DA63FB3 
 330      59BE56EB 
 330      179BEC11 
 331 0902 6BD01F57 		.ascii	"k\320\037W\256X\246UZ\232\210\310\360\270\377\001\320"
 331      AE58A655 
 331      5A9A88C8 
 331      F0B8FF01 
 331      D0
 332 0913 4741F2   		.ascii	"GA\362"
 333              		.text
 334              		.section	.gnu.lto_.symtab.2e8a348332ce4cd0,"",%progbits
 335 0000 6E766963 		.ascii	"nvicEnableVector\000"
 335      456E6162 
 335      6C655665 
 335      63746F72 
 335      00
 336 0011 00       		.ascii	"\000"
 337 0012 00       		.ascii	"\000"
 338 0013 00       		.ascii	"\000"
 339 0014 00000000 		.ascii	"\000\000\000\000\000\000\000\000"
 339      00000000 
 340 001c B7000000 		.ascii	"\267\000\000\000"
 341 0020 6E766963 		.ascii	"nvicDisableVector\000"
 341      44697361 
 341      626C6556 
 341      6563746F 
 341      7200
 342 0032 00       		.ascii	"\000"
 343 0033 00       		.ascii	"\000"
 344 0034 00       		.ascii	"\000"
 345 0035 00000000 		.ascii	"\000\000\000\000\000\000\000\000"
 345      00000000 
ARM GAS  /tmp/ccOpIozL.s 			page 26


 346 003d BB000000 		.ascii	"\273\000\000\000"
 347 0041 6E766963 		.ascii	"nvicSetSystemHandlerPriority\000"
 347      53657453 
 347      79737465 
 347      6D48616E 
 347      646C6572 
 348 005e 00       		.ascii	"\000"
 349 005f 00       		.ascii	"\000"
 350 0060 00       		.ascii	"\000"
 351 0061 00000000 		.ascii	"\000\000\000\000\000\000\000\000"
 351      00000000 
 352 0069 BD000000 		.ascii	"\275\000\000\000"
 353 006d 6E766963 		.ascii	"nvicClearPending\000"
 353      436C6561 
 353      7250656E 
 353      64696E67 
 353      00
 354 007e 00       		.ascii	"\000"
 355 007f 00       		.ascii	"\000"
 356 0080 00       		.ascii	"\000"
 357 0081 00000000 		.ascii	"\000\000\000\000\000\000\000\000"
 357      00000000 
 358 0089 BF000000 		.ascii	"\277\000\000\000"
 359              		.text
 360              		.section	.gnu.lto_.opts,"",%progbits
 361 0000 272D666D 		.ascii	"'-fmath-errno' '-fsigned-zeros' '-ftrapping-math' '"
 361      6174682D 
 361      6572726E 
 361      6F272027 
 361      2D667369 
 362 0033 2D666E6F 		.ascii	"-fno-trapv' '-fno-openmp' '-fno-openacc' '-mcpu=cor"
 362      2D747261 
 362      70762720 
 362      272D666E 
 362      6F2D6F70 
 363 0066 7465782D 		.ascii	"tex-m0' '-mno-thumb-interwork' '-mthumb' '-ggdb' '-"
 363      6D302720 
 363      272D6D6E 
 363      6F2D7468 
 363      756D622D 
 364 0099 4F322720 		.ascii	"O2' '-fomit-frame-pointer' '-falign-functions=16' '"
 364      272D666F 
 364      6D69742D 
 364      6672616D 
 364      652D706F 
 365 00cc 2D666675 		.ascii	"-ffunction-sections' '-fdata-sections' '-fno-common"
 365      6E637469 
 365      6F6E2D73 
 365      65637469 
 365      6F6E7327 
 366 00ff 2720272D 		.ascii	"' '-flto'\000"
 366      666C746F 
 366      2700
 367              		.text
 368              		.comm	__gnu_lto_v1,1,1
 369              		.comm	__gnu_lto_slim,1,1
 370              		.ident	"GCC: (GNU Tools for ARM Embedded Processors) 5.4.1 20160609 (release) [ARM/embedded-5-bran
ARM GAS  /tmp/ccOpIozL.s 			page 27


ARM GAS  /tmp/ccOpIozL.s 			page 28


DEFINED SYMBOLS
                            *ABS*:0000000000000000 nvic.c
                            *COM*:0000000000000001 __gnu_lto_v1
                            *COM*:0000000000000001 __gnu_lto_slim

NO UNDEFINED SYMBOLS
