ARM GAS  /tmp/cc5YZjDr.s 			page 1


   1              		.cpu cortex-m0
   2              		.fpu softvfp
   3              		.eabi_attribute 20, 1
   4              		.eabi_attribute 21, 1
   5              		.eabi_attribute 23, 3
   6              		.eabi_attribute 24, 1
   7              		.eabi_attribute 25, 1
   8              		.eabi_attribute 26, 1
   9              		.eabi_attribute 30, 2
  10              		.eabi_attribute 34, 0
  11              		.eabi_attribute 18, 4
  12              		.code	16
  13              		.file	"pal.c"
  14              		.text
  15              	.Ltext0:
  16              		.section	.gnu.lto_.profile.9831dc8c5e4f69d9,"",%progbits
  17 0000 789C6366 		.ascii	"x\234cf```a\200\000F\006\015\031\000\000\340\000M"
  17      60606061 
  17      80004606 
  17      0D190000 
  17      E0004D
  18              		.text
  19              		.section	.gnu.lto_.jmpfuncs.9831dc8c5e4f69d9,"",%progbits
  20 0000 789C6366 		.ascii	"x\234cf\300\016\344\24143\003##c=#\023##s}=\023\230"
  20      C00EE4A1 
  20      34330323 
  20      23633D23 
  20      13232373 
  21 0018 6264064B 		.ascii	"bd\006K\2243\002I\0000\362\002\265"
  21      94330249 
  21      0030F202 
  21      B5
  22              		.text
  23              		.section	.gnu.lto_.inline.9831dc8c5e4f69d9,"",%progbits
  24 0000 789C6366 		.ascii	"x\234cf\300\016\336Bif\006\006N\016Ff\006F\020\013H"
  24      C00EDE42 
  24      69660606 
  24      4E0E4666 
  24      0646100B 
  25 0015 38800805 		.ascii	"8\200\010\005\016\266\017z\014l\013\344\231\030\030"
  25      0EB60F7A 
  25      0C6C0BE4 
  25      991818
  26 0024 5FB0B340 		.ascii	"_\260\263@H\020\301\001fr\200\010\0010S\000d\006#\003"
  26      4810C101 
  26      66728008 
  26      01305300 
  26      64062303 
  27 0038 1F2F230B 		.ascii	"\037/#\013\330\010FF0\237Y\001l\0267\323\005~\014c\200"
  27      D8084646 
  27      309F5901 
  27      6C1637D3 
  27      057E0C63 
  28 004d 622806B0 		.ascii	"b(\006\260,\220\227\000\261\024\230\030\230w\210+0\000"
  28      2C909700 
  28      B1149818 
  28      9877882B 
ARM GAS  /tmp/cc5YZjDr.s 			page 2


  28      3000
  29 005f ADB60099 		.ascii	"\255\266\000\231\312\304\300-\214\3440\210\211\234@"
  29      CAC4C02D 
  29      8CE43088 
  29      899C40
  30 006e 09E2DC05 		.ascii	"\011\342\334\005\264F\002d\014\013/\320\223\023\374"
  30      B4460264 
  30      0C0B2FD0 
  30      9313FC
  31 007d 40900100 		.ascii	"@\220\001\000\311\250\037}"
  31      C9A81F7D 
  32              		.text
  33              		.section	.gnu.lto_.pureconst.9831dc8c5e4f69d9,"",%progbits
  34 0000 789C6366 		.ascii	"x\234cf```g\200\000f\006)F)&I\000\001\273\000^"
  34      60606067 
  34      80006606 
  34      29462926 
  34      490001BB 
  35              		.text
  36              		.section	.gnu.lto_palReadBus.9831dc8c5e4f69d9,"",%progbits
  37 0000 789C8D90 		.ascii	"x\234\215\220\317J[Q\020\306\347;\347\346\3761\225\226"
  37      CF4A5B51 
  37      10C6E73B 
  37      E7E6FE31 
  37      9596
  38 0012 2E45B014 		.ascii	".E\260\024\304\205$\367\025\004\037\240\213>At\243 "
  38      C48524F7 
  38      15041FA0 
  38      8B3E4174 
  38      A320
  39 0024 580C0577 		.ascii	"X\014\005w^\223\340\246\233b\273\210hP)m\265\266j\324"
  39      5E93E0A6 
  39      9B62BB88 
  39      6850296D 
  39      B5B66AD4 
  40 0038 0674255D 		.ascii	"\006t%]\024\027\266E\004C\262\210\013#X\250`\254`\262"
  40      1417B645 
  40      0443B288 
  40      0B2358A8 
  40      60AC60B2 
  41 004c 0871E6DE 		.ascii	"\010q\346\336\010A7^8s\356\2343\363\373\2769\232\356"
  41      0841375E 
  41      3873EE9C 
  41      33F3FBBE 
  41      399AEE
  42 005f 7F1DBC62 		.ascii	"\177\035\274b\212\3509\357\320\004\365\3667\321\244"
  42      8AE839EF 
  42      D004F5F6 
  42      37D1A4
  43 006e AD00F921 		.ascii	"\255\000\371!\320\204\302\004\376\252\212\302\366\352"
  43      D084C204 
  43      FEAA8AC2 
  43      F6EA
  44 007c D5AFF099 		.ascii	"\325\257\360\231\252)zF\234\356L\357\245MIaH\232?J\347"
  44      AA297A46 
  44      9CEE4CEF 
  44      A54D4961 
ARM GAS  /tmp/cc5YZjDr.s 			page 3


  44      489A3F4A 
  45 0091 9D9E8F9E 		.ascii	"\235\236\217\236\227\270\230\316\216\317\274_\340\033"
  45      97B898CE 
  45      8ECFBC5F 
  45      E01B
  46 009f 45FF15E1 		.ascii	"E\377\025\3413:\260\004\021\3022z\270\364b\262P\266"
  46      333AB004 
  46      11C2327A 
  46      B8F462B2 
  46      50B6
  47 00b1 7417A4ED 		.ascii	"t\027\244\355\250P84\273?p\333\356\336\206\327g\324"
  47      A8503834 
  47      BB3F70DB 
  47      EEDE86D7 
  47      67D4
  48 00c3 94C617E8 		.ascii	"\224\306\027\350\326>>\"\254\240[\312+\251z>l\246<\317"
  48      D63E3E22 
  48      ACA05BCA 
  48      2BA97A3E 
  48      6CA63CCF 
  49 00d7 7B5267D7 		.ascii	"{Rg\327\\\306\324\2570\301\373\332\323]\257\3218\371"
  49      5CC6D4AF 
  49      30C1FBDA 
  49      D35DAFD1 
  49      38F9
  50 00e9 F42F6BB4 		.ascii	"\364/k\264\261\177\356\320\334k\030\034B!\016\246\311"
  50      B17FEED0 
  50      DC6B181C 
  50      42210EA6 
  50      C9
  51 00fa C1B224B5 		.ascii	"\301\262$\265%8$\016\251\314Kf=\345\204w]D\"W\371\271"
  51      2538240E 
  51      A9CC4B66 
  51      3DE58477 
  51      5D442257 
  52 0110 A8057BAD 		.ascii	"\250\005{\2554\213\036\227\377\034\3302\251&\361\360"
  52      348B1E97 
  52      FF1CD832 
  52      A926F1F0 
  53 0120 BD3A7FDE 		.ascii	"\275:\177\336\236\301,j\312\276V\012\337d6>\237\273"
  53      9EC12C6A 
  53      CABE560A 
  53      DF64363E 
  53      9FBB
  54 0132 7A57781C 		.ascii	"zWx\034\351\255)\007\253\310\340R\274\021\326\020\241"
  54      E9AD2907 
  54      ABC8E052 
  54      BC11D610 
  54      A1
  55 0143 227EE410 		.ascii	"\"~\344\020\360\214V\236s\227\327\306\202Xo\362\312"
  55      F08C569E 
  55      7397D7C6 
  55      82586FF2 
  55      CA
  56 0154 FB6F7276 		.ascii	"\373orvd\305K\361E\030Y\037)sb\303G&n\221\241\207xz"
  56      64C54BF1 
  56      4518591F 
ARM GAS  /tmp/cc5YZjDr.s 			page 4


  56      297362C3 
  56      47266E91 
  57 016c 844D1FE0 		.ascii	"\204M\037\340?\330V\000(Y\001@\030\234'Kf\220[l\223"
  57      3FD85600 
  57      28590140 
  57      189C274B 
  57      66905B6C 
  58 0181 4F5B35EC 		.ascii	"O[5\354\207hp\211\257\241E#\347k$\253S\235\001\301\361"
  58      87687089 
  58      AFA14523 
  58      E76B24AB 
  58      539D01C1 
  59 0196 B93695D0 		.ascii	"\2716\225\320D\362\360\374\366\2207gS\235\321\250\333"
  59      44F2F0FC 
  59      F6903767 
  59      539DD1A8 
  59      DB
  60 01a7 3F343C30 		.ascii	"?4<0\374\342\245;\032w\207b#n|l\320}\025\033\211\016"
  60      FCE2A53B 
  60      1A778762 
  60      236E7C6C 
  60      D07D151B 
  61 01bd 921E781D 		.ascii	"\222\036x\035\277\001r~\324\375"
  61      BF01727E 
  61      D4FD
  62              		.text
  63              		.section	.gnu.lto_palWriteBus.9831dc8c5e4f69d9,"",%progbits
  64 0000 789C8D52 		.ascii	"x\234\215R\317k\023Q\020~\337{\233\335$\233M\252\247"
  64      CF6B1351 
  64      107EDF7B 
  64      9BDD249B 
  64      4DAAA7
  65 0013 12040509 		.ascii	"\022\004\005\0119H\022\374\017D\241W\017\376\005m/\015"
  65      394812FC 
  65      0F44A157 
  65      0FFE056D 
  65      2F0D
  66 0025 1414A3E7 		.ascii	"\024\024\243\347nj<y)\361R\322\026A\021\255\321\326"
  66      6E6A3C79 
  66      29F152D2 
  66      164111AD 
  66      D1D6
  67 0037 D63631C5 		.ascii	"\32661\305C\360$\370\243TA\211J\013\032A\017B\177\004"
  67      43F024F8 
  67      A3544189 
  67      4A0B1A41 
  67      0F427F04 
  68 004b 928825CE 		.ascii	"\222\210%\316\274\335B\250\227\0062\357\315\274\371"
  68      BCDD42A8 
  68      970632EF 
  68      CDBCF9
  69 005a BE996F66 		.ascii	"\276\231of\225\370\377\027\247\377\220\022\"I'\224\200"
  69      95F8FF17 
  69      A7FF9012 
  69      22492794 
  69      80
  70 006b 9C7A2744 		.ascii	"\234z'D>(\001\276\010\210\011\211\011\374\222;\022S"
ARM GAS  /tmp/cc5YZjDr.s 			page 5


  70      3E2801BE 
  70      08880989 
  70      09FC923B 
  70      1253
  71 007d F5F2B49D 		.ascii	"\365\362\264\235\274\357\272\356\366\335\352\340\315"
  71      BCEFBAEE 
  71      F6DDEAE0 
  71      CD
  72 008a C1AE1462 		.ascii	"\301\256\024bOz4x\200$\245l\347\033MK\235\204\240{m"
  72      4F7A3478 
  72      8024A56C 
  72      E71B4D4B 
  72      9D84A07B 
  73 009f A1F5D6FE 		.ascii	"\241\365\326\376)\273\022\247\330]+\276\2326\331\225"
  73      29BB12A7 
  73      D85D2BBE 
  73      9A36D995 
  74 00af 06BB1F1B 		.ascii	"\006\273\037\033\215\017f\342\236\353N\326k\313\356"
  74      8D0F66E2 
  74      9EEB4ED6 
  74      6BCBEE
  75 00be 39A32B15 		.ascii	"9\243+\025\036B\021\037\346\021\307#\304\005\205\004"
  75      1E42111F 
  75      E611C723 
  75      C4058504 
  76 00ce CA4850F6 		.ascii	"\312HP\366be\243\344\250\323\232\367\305L\351\274\007"
  76      6265A3E4 
  76      A8D39AF7 
  76      C54CE9BC 
  76      07
  77 00df FCE2010D 		.ascii	"\374\342\001\015<>\0144\004\236 \301\331;\205\375O\266"
  77      3C3E0C34 
  77      049E20C1 
  77      D93B85FD 
  77      4FB6
  78 00f1 59A0A607 		.ascii	"Y\240\246\007\366\017\372\305\002L\320\271x\274\356"
  78      F60FFAC5 
  78      024CD0B9 
  78      78BCEE
  79 0100 F67ADF57 		.ascii	"\366z\337W\376V\215c$\230J)\302\006\01408@W\323dc\261"
  79      FE568D63 
  79      24984A29 
  79      C2060C30 
  79      384057D3 
  80 0117 0992B142 		.ascii	"\011\222\261Bl\302d\2026\307\"l\034v\243|\213\261\021"
  80      6CC26482 
  80      36C7226C 
  80      1C76A37C 
  80      8BB111
  81 012a A2492578 		.ascii	"\242I%xv?\244\344S}\306dei\353,\027mKE-m5\3277\202<"
  81      763FA4E4 
  81      537DC664 
  81      6569EB2C 
  81      176D4B45 
  82 0145 091A3BB9 		.ascii	"\011\032;\271\253\235;\277\2359\314\240+CmIZI\001\307"
  82      AB9D3BBF 
  82      9D39CCA0 
ARM GAS  /tmp/cc5YZjDr.s 			page 6


  82      2B436D49 
  82      5A4901C7 
  83 0159 675BB71B 		.ascii	"g[\267\033\261\324\231\256\014\343)\346\260\253'\215"
  83      B1D499AE 
  83      0CE329E6 
  83      B0AB278D 
  84 0169 25A40431 		.ascii	"%\244\0041\3761=\276@\233\264r\005x\276y\024B\003\313"
  84      FE313DBE 
  84      409BB472 
  84      0578BE79 
  84      144203CB 
  85 017d 9A906780 		.ascii	"\232\220g\200g\232\360F\307'\2644\247\331\317\031<\012"
  85      679AF046 
  85      C727B434 
  85      A7D9CF19 
  85      3C0A
  86 018f A78D15CD 		.ascii	"\247\215\025\315\251\347\273\352q\026}\316\220\307\361"
  86      A9E7BBEA 
  86      71167DCE 
  86      90C7F1
  87 019e FA5B672F 		.ascii	"\372[g/\302\272\255\001\201\012\021P\215M\313K\011S"
  87      C2BAAD01 
  87      810A1150 
  87      8D4DCB4B 
  87      0953
  88 01b0 1643BEFA 		.ascii	"\026C\276\372\020[w\022\356\357,BR\375\316\016P\016"
  88      105B7712 
  88      EEEF2C42 
  88      52FDCE0E 
  88      500E
  89 01c2 11F7A3A2 		.ascii	"\021\367\243\242:\313\341P\313\017\3054W\224B/\213Z"
  89      3ACBE150 
  89      CB0FC534 
  89      5794422F 
  89      8B5A
  90 01d4 4FFF02C2 		.ascii	"O\377\002\302\207\027@h\205\252\257\255\371\346V%\230"
  90      87174068 
  90      85AAAFAD 
  90      F9E65625 
  90      98
  91 01e5 2ABB057A 		.ascii	"*\273\005zp\360\\\313\243\225\361\323\373\371\365R\304"
  91      70F05CCB 
  91      A395F1D3 
  91      FBF9F552 
  91      C4
  92 01f6 7F8AA286 		.ascii	"\177\212\242\206\324.\255\201\204\257!E%\305&\362\365"
  92      D42EAD81 
  92      84AF2145 
  92      25C526F2 
  92      F5
  93 0207 DE1057E3 		.ascii	"\336\020W\343\2355i\320\364!\320dN\244\323\231\013c"
  93      9D3569D0 
  93      F421D064 
  93      4EA4D399 
  93      0B63
  94 0219 D991ECC5 		.ascii	"\331\221\354\305K\231\313\271\314\330\360x&wu4sex<="
  94      4B99CBB9 
ARM GAS  /tmp/cc5YZjDr.s 			page 7


  94      CCD8F078 
  94      26777534 
  94      7365783C 
  95 022e 2AD4C8F5 		.ascii	"*\324\310\365\2341\222\275\226\373\007\315P\035l"
  95      9C3192BD 
  95      96FB07CD 
  95      501D6C
  96              		.text
  97              		.section	.gnu.lto_palSetBusMode.9831dc8c5e4f69d9,"",%progbits
  98 0000 789C8D90 		.ascii	"x\234\215\220\317K\224a\020\307\347;\317\273\357\373"
  98      CF4B9461 
  98      10C7E73B 
  98      CFBBEFFB 
  99 0010 B6DB5674 		.ascii	"\266\333Vt\222%(\210e\017\341\276\364\037\004\035<v"
  99      92252888 
  99      650FE1BE 
  99      F41F041D 
  99      3C76
 100 0022 E8D2552D 		.ascii	"\350\322U-P0\214\226\216\342\263f\320)\314.Bj\207\010"
 100      50308C96 
 100      8EE2B366 
 100      D029CC2E 
 100      426A8708 
 101 0036 4B6BB72C 		.ascii	"Kk\267,\205\012a\217]*B(\3360;\264QB\201\233\222\275"
 101      850A618F 
 101      5D2A4228 
 101      DE303BB4 
 101      5142819B 
 102 004c C4A233CF 		.ascii	"\304\2423\317K\207\352\342\013\357\3143\303|?\363\303"
 102      4B87EAE2 
 102      0BEFCC33 
 102      C37C3FF3 
 102      C3
 103 005d D0FF5F41 		.ascii	"\320\377_A\3763LT\022\017C\340\261WD\325\220\001}\020"
 103      FE334C54 
 103      120F43E0 
 103      B15744D5 
 103      90017D10 
 104 0071 6898318C 		.ascii	"h\2301\2145n1\306\032s\023\271\322\035k\355\372\370"
 104      356E31C6 
 104      1A7313B9 
 104      D21D6BED 
 104      FAF8
 105 0083 52C7958E 		.ascii	"R\307\225\216Dd\033\234b0\203\222\224\254W\343f`\016"
 105      44641B9C 
 105      62308392 
 105      94AC57E3 
 105      66600E
 106 0096 83E4FDB4 		.ascii	"\203\344\375\264\266\3712\367\225\023\306\021\015\237"
 106      B6F932F7 
 106      9513C611 
 106      0D9F
 107 00a4 8DBF98F0 		.ascii	"\215\277\230\3605dO\303\267q\274\354\027o[;\322x>oO"
 107      35644FC3 
 107      B771BCEC 
 107      176F5B3B 
 107      D2783E6F 
ARM GAS  /tmp/cc5YZjDr.s 			page 8


 108 00b9 78091BDC 		.ascii	"x\011\033\334\205\021\036\356\241\200Y\024HR\2049\024"
 108      85111EEE 
 108      A1805914 
 108      48528439 
 108      14
 109 00ca A5FA4BB2 		.ascii	"\245\372K\2626\2237G\035\267={}2\233*\343T\351\341\376"
 109      36933747 
 109      1DB73D7B 
 109      7D329B2A 
 109      E354E9E1 
 110 00df BF4A8FF0 		.ascii	"\277J\217\360\000E-o\215\266\337\345\374Q\231\372@\373"
 110      00452D6F 
 110      8DB6DFE5 
 110      FC5199FA 
 110      40FB
 111 00f1 CFC0A8C1 		.ascii	"\317\300\250\301\207\370\372\301\206\335\336\376T\377"
 111      87F8FAC1 
 111      86DDDEFE 
 111      54FF
 112 00ff B6E46565 		.ascii	"\266\344eec\351eD\233\361\304\370\0311\201/&\0144\014"
 112      63E96544 
 112      9BF1C4F8 
 112      1931812F 
 112      260C340C 
 113 0113 E180D414 		.ascii	"\341\200\324\024\275^\3463\263z\363\036#\213\255\237"
 113      BD5EE633 
 113      B37AF31E 
 113      238BAD9F 
 114 0123 C795B8C5 		.ascii	"\307\225\270\305F\372}l\276~\023\352\236\206\264\375"
 114      46FA7D6C 
 114      BE7E13EA 
 114      9E86B4FD 
 115 0133 C2AF5BDF 		.ascii	"\302\257[\337\363S\270\211\204\367l1\243.\343i~r\363"
 115      F353B889 
 115      84F76C31 
 115      A32EE369 
 115      7E72F3
 116 0146 46BCBFF3 		.ascii	"F\274\277\363X\302Y<\304\024~\270;\342\021:I\211Hy\336"
 116      58C2593C 
 116      C4147EB8 
 116      3BE2113A 
 116      49894879 
 117 015b 6E0039CC 		.ascii	"n\0009\314;\200.\204\307\177\0032\273\001\354\305\023"
 117      3B802E84 
 117      C77F0332 
 117      BB01ECC5 
 117      13
 118 016c 07709759 		.ascii	"\007p\227YH\001\253A\012P\206\304\227W\3744\016d(\311"
 118      4801AB41 
 118      0A5086C4 
 118      9757FC34 
 118      0E6428C9 
 119 0180 D20A5C42 		.ascii	"\322\012\\B9\323\313\327j<\364\333^\265a\302\371\015"
 119      39D3CBD7 
 119      6A3CF4DB 
 119      5EB561C2 
 119      F90D
ARM GAS  /tmp/cc5YZjDr.s 			page 9


 120 0192 9D038B18 		.ascii	"\235\003\213\030\"9\207\253\227\354>ZE\265\361\241\313"
 120      223987AB 
 120      97EC3E5A 
 120      45B5F1A1 
 120      CB
 121 01a3 49488F08 		.ascii	"IH\217\010=\2364<T.G'\373\372{\372O\235\216\006+Q_\367"
 121      3D9E343C 
 121      542E4727 
 121      FBFA7BFA 
 121      4F9D8E06 
 122 01bb 4054B9D8 		.ascii	"@T\271\330\033]\350\036(\367\222\351\271T\361\316\017"
 122      1B5DE81E 
 122      28F792E9 
 122      B954F1CE 
 122      0F
 123 01cc 9E3DB703 		.ascii	"\236=\267\003%\231\323*"
 123      2599D32A 
 124              		.text
 125              		.section	.gnu.lto_.symbol_nodes.9831dc8c5e4f69d9,"",%progbits
 126 0000 789C6366 		.ascii	"x\234cf``\360e\200\002\246\255\214\365\014\014\023\316"
 126      6060F065 
 126      8002A6AD 
 126      8CF50C0C 
 126      13CE
 127 0012 3130D4D7 		.ascii	"10\324\3273\314[\300\301\300\264\215\261\236\021E`;"
 127      33CC5BC0 
 127      C1C0B48D 
 127      B19E1145 
 127      603B
 128 0024 633D13B2 		.ascii	"c=\023\262\000\343.\306zf\210\000CC\003\007\0033\023"
 128      00E32EC6 
 128      7A668800 
 128      43430307 
 128      033313
 129 0037 33C39187 		.ascii	"3\303\221\207\377\030\031\000Vo\025\261"
 129      FF181900 
 129      566F15B1 
 130              		.text
 131              		.section	.gnu.lto_.refs.9831dc8c5e4f69d9,"",%progbits
 132 0000 789C6366 		.ascii	"x\234cf```d\200\002\000\000=\000\005"
 132      60606064 
 132      80020000 
 132      3D0005
 133              		.text
 134              		.section	.gnu.lto_.decls.9831dc8c5e4f69d9,"",%progbits
 135 0000 789CA557 		.ascii	"x\234\245W{P\024G\032\237\236\336]\227e\027\0225\306"
 135      7B501447 
 135      1A9F9EDE 
 135      5D976517 
 135      1235C6
 136 0013 A2AC92E0 		.ascii	"\242\254\222\340\025e\356\214K\364\316\272\374\025\317"
 136      1565EE8C 
 136      4BF4CEBA 
 136      FC15CF
 137 0022 C705EF34 		.ascii	"\307\005\3574PkR\271\253\373cC`U\352\020(v\271\272\374"
 137      506B52B9 
 137      ABFB6343 
ARM GAS  /tmp/cc5YZjDr.s 			page 10


 137      6055EA10 
 137      2876B9BA 
 138 0037 373C5414 		.ascii	"7<T\024\024\004Q\360\201\013\362\026\224\207oA\214("
 138      140451F0 
 138      810BF216 
 138      94876F41 
 138      8C28
 139 0049 82221024 		.ascii	"\202\"\020$Dy\350\002G|\240\002\212\012>\330\373\272"
 139      4479E802 
 139      477CA002 
 139      8A0A3ED8 
 139      FBBA
 140 005b 7B676777 		.ascii	"{ggw]\270T\335T\365\364|=\277\376\276\337\367\350\236"
 140      5DB854DD 
 140      54F5F47C 
 140      3DBFFEBE 
 140      DFF7E89E 
 141 006f 1ECC715C 		.ascii	"\036\314q\\\012\3428+\\\355\357s\3342\236\343d0\026"
 141      0AE2382B 
 141      5CEDEF73 
 141      DC329EE3 
 141      643016
 142 0082 CC491791 		.ascii	"\314I\027\221=\000\343\005m\016\264y\210{\347\"\357"
 142      3D00E305 
 142      6D0EB479 
 142      887BE722 
 142      EF
 143 0093 35D07B41 		.ascii	"5\320{ASC;\001M\016c\317\240\377\010Z \264\277\020]"
 143      53433B01 
 143      4D0E63CF 
 143      A0FF085A 
 143      20B4BF10 
 144 00a8 30F61CFA 		.ascii	"0\366\034\372Qh\347\241\275\266\351\267B\033$\212\340"
 144      5168E7A1 
 144      BDB6E9B7 
 144      421B248A 
 144      E0
 145 00b9 3D42B4A3 		.ascii	"=B\264\243:I\377;\027{\204\207\267\215\243h\217\330"
 145      3A49FF3B 
 145      177B8487 
 145      B78DA368 
 145      8FD8
 146 00cb 2236A7B2 		.ascii	"\"6\247\262\367\332f\263\313fWn\263Il\021#\217\241\353"
 146      F7DA66B3 
 146      CB66576E 
 146      B3496C11 
 146      238FA1EB 
 147 00df 648F543F 		.ascii	"d\217T?\351\003\\\354\316\231\302\356\373\323\370y\302"
 147      E9035CEC 
 147      CE99C2EE 
 147      FBD3F879 
 147      C2
 148 00f0 66FB5390 		.ascii	"f\373S\220}\240a\027\273<'\305\224\014}\346bs\224Gg"
 148      7DA06117 
 148      BB3C27C5 
 148      940C7DE6 
 148      62739447 
ARM GAS  /tmp/cc5YZjDr.s 			page 11


 149 0105 8F8DDDF0 		.ascii	"\217\215\335\360\274\317#/\225/\021\317\2457f)@T\253"
 149      BCCF232F 
 149      952F11CF 
 149      A5376629 
 149      4054AB
 150 0118 64444C6F 		.ascii	"dDLoo\256\366\304<\"\317G\262\372:T\213J\005AH\022."
 150      6FAEF6C4 
 150      3C22CF47 
 150      B2FA3A54 
 150      8B4A0541 
 151 012f 8E234945 		.ascii	"\216#IE\335\205\361\006\025\236CA)I\226&\025\236O\237"
 151      DD85F106 
 151      159E4341 
 151      29499626 
 151      159E4F9F 
 152 0143 E30ACFA7 		.ascii	"\343\012\317\247\314\000]\037\251(\354\356\201\211|"
 152      CC005D1F 
 152      A928ECEE 
 152      81897C
 153 0152 0F2A9272 		.ascii	"\017*\222r\360\206!\276\361\027\341\210\027\362W\345"
 153      F08621BE 
 153      F117E188 
 153      17F257E5 
 154 0162 83D291AE 		.ascii	"\203\322\221\256\364\206y\202 C\025H\205\312\020F\245"
 154      F4867982 
 154      20431548 
 154      85CA1046 
 154      A5
 155 0173 6811F182 		.ascii	"h\021\361\202\314&W\222 \304\013i\011\202G\243\027\207"
 155      CC265792 
 155      20C40B69 
 155      098247A3 
 155      1787
 156 0185 8A900F2A 		.ascii	"\212\220\017*F>\034:\216\374\001A\261\250\034\006\217"
 156      463E1C3A 
 156      8EFC0141 
 156      B1A81C06 
 156      8F
 157 0196 C12028BE 		.ascii	"\301 (\276\362\346B\242\034\251\374\335O\252r3\211R"
 157      F2E642A2 
 157      1CA9FCDD 
 157      4FAA7233 
 157      8952
 158 01a8 A84B489F 		.ascii	"\250KH\237C(T\002\205\243\022\005`$:\313\037;swX)R\316"
 158      43285402 
 158      85A31205 
 158      60243ACB 
 158      1F3B7377 
 159 01c0 1EACD3C5 		.ascii	"\036\254\323\305\013\313\321\011\300\227H\370J4-\347"
 159      0BCBD109 
 159      C09748F8 
 159      4A342DE7 
 160 01d0 6AB79C51 		.ascii	"j\267\234QE\335\321\355\0364\023\337\022\361\345\226"
 160      45DDD1ED 
 160      1E3413DF 
 160      12F1E596 
 161 01e0 91ED2A9A 		.ascii	"\221\355*\232\0115\021;{*\357\312q-\242\221\255o\314"
ARM GAS  /tmp/cc5YZjDr.s 			page 12


 161      0935113B 
 161      7B2AEFCA 
 161      712DA291 
 161      AD6FCC
 162 01f3 ED9653A8 		.ascii	"\355\226S\250\205'rWke\237\027\305.\"\342\336\322\373"
 162      85277257 
 162      6B659F17 
 162      C52E22E2 
 162      DED2FB
 163 0206 61B89E41 		.ascii	"a\270\236A\037_\312\377\267\012x$\374\2720\300\214\311"
 163      1F5FCAFF 
 163      B70A7824 
 163      FCBA30C0 
 163      8CC9
 164 0218 EEAD896A 		.ascii	"\356\255\211j\334\306\246\357\254\336\277_\211;\231"
 164      DCC6A6EF 
 164      ACDEBF5F 
 164      893B99
 165 0227 309E5650 		.ascii	"0\236VP \303\275L\310\317\334[&\2476\225D<\237[2\254"
 165      20C3BD4C 
 165      C8CFDC5B 
 165      26A73695 
 165      443C9F5B 
 166 023d C483EC5D 		.ascii	"\304\203\354]]S\334\015\025\036b\302\365\376\361gj\012"
 166      5D53DC0D 
 166      151E62C2 
 166      F5FEF167 
 166      6A0A
 167 024f 7C8F88DD 		.ascii	"|\217\210\335\351\271E^x\230\275k\231L{:\003?s\006z"
 167      E9B9455E 
 167      7898BD6B 
 167      994C7B3A 
 167      033F7306 
 168 0264 31E0FE9F 		.ascii	"1\340\376\237\007\3070\235G}\314\274v U\216\2373hZ_"
 168      07C7309D 
 168      477DCCBC 
 168      7620558E 
 168      9F33685A 
 169 0279 FA4D199E 		.ascii	"\372M\031\236DNu\346\313\352l\337\320\370\011%\025\255"
 169      444E75E6 
 169      CBEA6CDF 
 169      D0F80925 
 169      15AD
 170 028b 564C5296 		.ascii	"VLR\226\327\333\326\347a\257\262S\203\210\244\270\031"
 170      D7DBD6E7 
 170      61AFB253 
 170      8388A4B8 
 170      19
 171 029c 52D628A5 		.ascii	"R\326(\245\314\3271c\020,y1D\352\012\004\245\201D\352"
 171      CCD73163 
 171      102C7931 
 171      44EA0A04 
 171      A58144EA 
 172 02b0 3A44CAD7 		.ascii	":D\312\327\026\251&\030\274\306\252\254\272\377I\262"
 172      16A92618 
 172      BCC6AAAC 
 172      BAFF49B2 
ARM GAS  /tmp/cc5YZjDr.s 			page 13


 173 02c0 4A545C57 		.ascii	"JT\\W\277\213\326N\013(\276*)nF\323j\276\341V3:=\234"
 173      BF8BD64E 
 173      0B28BE2A 
 173      296E46D3 
 173      6ABEE156 
 174 02d8 DA8FF076 		.ascii	"\332\217\360v\266\360\222\367\2145\361x'\025d;\352j"
 174      B6F092F7 
 174      8C35F178 
 174      2715643B 
 174      EA6A
 175 02ea 6623BF59 		.ascii	"f#\277Y~\376f\3207\222\275\345\305\232\204\004a\317"
 175      7EFE66D0 
 175      3792BDE5 
 175      C59A8404 
 175      61CF
 176 02fc 5C6AB615 		.ascii	"\\j\266\025\314\266\243Y\222\366\205>\300\340\267p\343"
 176      CCB6A359 
 176      92F6853E 
 176      C0E0B770 
 176      E3
 177 030d 76034521 		.ascii	"v\003E!\315,,\217\221\012\200\243`0\215:\200\305\217"
 177      CD2C2C8F 
 177      910A80A3 
 177      60308D3A 
 177      80C58F
 178 0320 C80FDD44 		.ascii	"\310\017\335D~\224+\321m\276\275MQ\034@\365\266\271"
 178      7E942BD1 
 178      6DBEBD4D 
 178      511C40F5 
 178      B6B9
 179 0332 D57B85A8 		.ascii	"\325{\205\250\240\353\306\322Z\204\224\004\301\331\274"
 179      A0EBC6D2 
 179      5A849404 
 179      C1D9BC
 180 0341 96F6866B 		.ascii	"\226\366\206k\017\033\036+p\006\343\236\362\374t\267"
 180      0F1B1E2B 
 180      7006E39E 
 180      F2FC74B7 
 181 0351 1AF9F9CD 		.ascii	"\032\371\371\315\246\344--E-j\2411\200\256\266\313`"
 181      A6E42D2D 
 181      452D6AA1 
 181      3180AEB6 
 181      CB60
 182 0363 E2169A2D 		.ascii	"\342\026\232-\025\247D\335L,t\335\223_\214g,~\232\032"
 182      15A744DD 
 182      4C2C74DD 
 182      935F8C67 
 182      2C7E9A1A 
 183 0377 9A4EBD4C 		.ascii	"\232N\275L\020\226\233\034\275$`\342\345m\360\262\023"
 183      10969B1C 
 183      BD2460E2 
 183      E56DF0B2 
 183      13
 184 0388 BCFCD9E6 		.ascii	"\274\374\331\346%\245~c\333\014\001\021\310\273\334"
 184      25A57E63 
 184      DB0C0111 
 184      C8BBDC
ARM GAS  /tmp/cc5YZjDr.s 			page 14


 185 0397 F3528793 		.ascii	"\363R\207\223\275g\203\316\270)urN\012aN\306\255\274"
 185      BD6783CE 
 185      B8297572 
 185      4E0A614E 
 185      C6ADBC
 186 03aa 4915CE64 		.ascii	"I\025\316d\211\313~\331\334\340M+x.\021+/_H\360\304"
 186      89CB7ED9 
 186      DCE04D2B 
 186      782E112B 
 186      2F5F48F0 
 187 03bf FBD93B61 		.ascii	"\373\331;a\262\361\255\006\037f\202\270\011\253\331"
 187      B2F1AD06 
 187      1F6682B8 
 187      09ABD9
 188 03ce 267CA8F7 		.ascii	"&|\250\367\346#\015\316g\357\252/$e\250p\011\023\212"
 188      E6230DCE 
 188      67EFAA2F 
 188      2465A870 
 188      09138A
 189 03e1 FB5BD235 		.ascii	"\373[\3225\024\270\020DM^\336\363\207\0124\313O\272"
 189      14B81044 
 189      4D5EDEF3 
 189      870A34CB 
 189      4FBA
 190 03f3 FC59A205 		.ascii	"\374Y\242\005J\367\014\320=K\351\016\330\022=\014!\270"
 190      4AF70CD0 
 190      3D4BE90E 
 190      D8123D0C 
 190      21B8
 191 0405 0F8C9F40 		.ascii	"\017\214\237@{\000\355?\320\006\241\335\203\366\030"
 191      7B00ED3F 
 191      D006A1DD 
 191      83F618
 192 0414 DA2FD01E 		.ascii	"\332/\320\036B\033\202\366\310^\014\211\011\226k\266"
 192      421B82F6 
 192      C85E0C89 
 192      09966BB6 
 193 0424 5C9D875C 		.ascii	"\\\235\207\\]\204\004\020\205\366\004\324Q\033E\310"
 193      5D840410 
 193      85F604D4 
 193      511B45C8 
 194 0434 C786365F 		.ascii	"\307\2066_/R\330\260?\270b/!\207\304\002\264\307\016"
 194      2F52D8B0 
 194      3FB8622F 
 194      2187C402 
 194      B4C70E
 195 0447 ED7585F6 		.ascii	"\355u\205\366\270\252m\266c\353\335\253u\300\326\331"
 195      B8AA6DB6 
 195      63EBDDAB 
 195      75C0D6D9 
 196 0457 B135AED8 		.ascii	"\2615\256\330\205\316\014\232\354\310\013\356\035\223"
 196      85CE0C9A 
 196      ECC80BEE 
 196      1D93
 197 0465 A0BD76E8 		.ascii	"\240\275v\350\035W\350]\027\350\035;\324\342\036\352"
 197      1D57E85D 
 197      17E81D3B 
ARM GAS  /tmp/cc5YZjDr.s 			page 15


 197      D4E21EEA 
 198 0475 C0F5AE1D 		.ascii	"\300\365\256\035\333\347\212\355wR\033g\351.2\\L\304"
 198      DBE78AED 
 198      77521B67 
 198      E92E325C 
 198      4CC4
 199 0487 A80BCAAF 		.ascii	"\250\013\312\257\333}\274\354\024,\215\0169\253u\033"
 199      DB7DBCEC 
 199      142C8D0E 
 199      39AB751B 
 200 0497 84226909 		.ascii	"\204\"i\011\327\026)`\035\014\270Y\303|N\341\330\220"
 200      D7162960 
 200      1D0CB859 
 200      C37C4EE1 
 200      D890
 201 04a9 27F29F45 		.ascii	"'\362\237Eq\3677*\321((:'mqd\022\275\334\325\036\032"
 201      71F7372A 
 201      D128283A 
 201      276D7164 
 201      12BDDCD5 
 202 04bf 8192FB7F 		.ascii	"\201\222\373\177\312\017\252~\342\332\326m\032\\\316"
 202      CA0FAA7E 
 202      E2DAD66D 
 202      1A5CCE
 203 04ce 96C0CE9A 		.ascii	"\226\300\316\232\303O=\324;\244/+\245#\255\314gHm#\006"
 203      C34F3DD4 
 203      3BA42F2B 
 203      A523ADCC 
 203      67486D23 
 204 04e3 D4EF6C19 		.ascii	"\324\357l\031J\201\035ZM\251\227${\201\213\317\341\375"
 204      4A811D5A 
 204      4DA99724 
 204      7B818BCF 
 204      E1FD
 205 04f5 53893CC0 		.ascii	"S\211<\300\031\371\2514\2421 \355\250\024\275Ni\255"
 205      19F9A934 
 205      A23120ED 
 205      A814BD4E 
 205      69AD
 206 0507 42F80CA3 		.ascii	"B\370\014\243\223\3273\370\022\343:&t>(;\352\211/\363"
 206      93D733F8 
 206      12E33A26 
 206      743E283B 
 206      EA892FF3 
 207 051b 4E9FA540 		.ascii	"N\237\245@\347\343O\240t\374)\31198\315)\345\015\330"
 207      E7E34FA0 
 207      74FC29C9 
 207      3938CD29 
 207      E50DD8
 208 052e 0DB47D1A 		.ascii	"\015\264}\032&`\360\225xJ)I\356\236O\2764\257!\257\343"
 208      2660F095 
 208      784A2949 
 208      EE9E4FBE 
 208      34AF21AF 
 209 0543 922781F6 		.ascii	"\222'\201\366C\012*\273W\335\205\361\013\312C^^8\236"
 209      430A2ABB 
 209      57DD85F1 
ARM GAS  /tmp/cc5YZjDr.s 			page 16


 209      0BCA435E 
 209      5E389E
 210 0556 8FE826E1 		.ascii	"\217\350&\341\2649\234\004\225\247h\304&m\331\211\347"
 210      B4399C04 
 210      95A768C4 
 210      266DD989 
 210      E7
 211 0567 FD911522 		.ascii	"\375\221\025\"\037\307\373!\201\227\276\004#o\257[\003"
 211      1FC7FB21 
 211      8197BE04 
 211      236FAF5B 
 211      03
 212 0578 331284FC 		.ascii	"3\022\204\374\2714x/\300\344\344T\353\011\276\033Y\005"
 212      B934782F 
 212      C0E4E454 
 212      EB09BE1B 
 212      5905
 213 058a A49A09B9 		.ascii	"\244\232\011\271\267\256H\247\365\004\320\024\012%\247"
 213      B7AE48A7 
 213      F504D014 
 213      0A25A7
 214 0599 A7976E95 		.ascii	"\247\227n\225:\324\347\253#\244>'\335\325gi\361\233"
 214      3AD4E7AB 
 214      23A43E27 
 214      DDD56769 
 214      F19B
 215 05ab AD1E627D 		.ascii	"\255\036b}f\033\224(\221\237\205NK\201\231tW\237\242"
 215      661B9428 
 215      919F854E 
 215      4B819974 
 215      579FA2
 216 05be FB2801BC 		.ascii	"\373(\001\274\236.\002\020\316\276\267\017[<\235J\216"
 216      9E2E0210 
 216      CEBEB70F 
 216      5B3C9D4A 
 216      8E
 217 05cf 58904A6E 		.ascii	"X\220Jn\013\257\266!\233{\367d(e<\033C\377\240g\350"
 217      0BAFB621 
 217      9B7BF764 
 217      28653C1B 
 217      43FFA067 
 218 05e4 84F3A9B5 		.ascii	"\204\363\251\265\232\0173m\237\246\367d\324_i\3626\376"
 218      9A0F336D 
 218      9FA6F764 
 218      D45F69F2 
 218      36FE
 219 05f6 43B86FE5 		.ascii	"C\270o\345eLC\307\263\035\237\341\034L+\350f{\325-\344"
 219      654C43C7 
 219      B31D9FE1 
 219      1C4C2BE8 
 219      667BD52D 
 220 060b 9B23982B 		.ascii	"\233#\230+Fn\227\367G\357\206\024\010\026\253u>\235"
 220      466E97F7 
 220      47EF8614 
 220      0816AB75 
 220      3E9D
 221 061d 849278D1 		.ascii	"\204\222x\321C\216<S\262h;\357\013\023\033\2723\356"
ARM GAS  /tmp/cc5YZjDr.s 			page 17


 221      438E3C53 
 221      B2683BEF 
 221      0B131BBA 
 221      33EE
 222 062f 331AC416 		.ascii	"3\032\304\026\243\361d\250h@\242\266\203\247\203C\265"
 222      A3F164A8 
 222      6840A2B6 
 222      83A78343 
 222      B5
 223 0640 A9396A47 		.ascii	"\2519jGn\301s\034\250\245Pj\311\"\265\374\202\232\016"
 223      6EC1731C 
 223      A8A5506A 
 223      C922B5FC 
 223      829A0E
 224 0653 056E60DC 		.ascii	"\005n`\334\342\332\323\366\251(7\313\271z\330\223\204"
 224      E2DAD3F6 
 224      A92837CB 
 224      B97AD893 
 224      84
 225 0664 37E4B445 		.ascii	"7\344\264E\246\240\235\016\304v\212\304vQb\025\227."
 225      A6A09D0E 
 225      C4768AC4 
 225      76516215 
 225      972E
 226 0676 7D80DBA9 		.ascii	"}\200\333\251\006~k\356\233\022\215\375$\275e\200\236"
 226      067E6BEE 
 226      9B128DFD 
 226      24BD6580 
 226      9E
 227 0687 A477F32A 		.ascii	"\244w\363*\224\312\377\332\223t\032\357\366\004\333"
 227      94CAFFDA 
 227      93741AEF 
 227      F604DB
 228 0696 D1F1AA1E 		.ascii	"\321\361\252\036SW\211:\346\376\361\366\333\023j\273"
 228      5357893A 
 228      E6FEF1F6 
 228      DB136ABB 
 229 06a6 FBE9CCFD 		.ascii	"\373\351\314\375\354\370\302\207S\273\277\207\272\237"
 229      ECF8C287 
 229      53BBBF87 
 229      BA9F
 230 06b4 21BABFFB 		.ascii	"!\272\277\373bS\2117\356f\356\233{F\276\0243\363* ["
 230      62538937 
 230      EE66EE9B 
 230      7B46BE14 
 230      33F32A20 
 231 06c9 30C70B93 		.ascii	"0\307\013\223V+\242\223P\246C\0002\305\000\354\245\001"
 231      562BA293 
 231      50A64300 
 231      32C500EC 
 231      A501
 232 06db 70472D35 		.ascii	"pG-5\365I\355\014{\266\3661j}w\222s\344t\220\254\271"
 232      F549ED0C 
 232      7BB6F631 
 232      6A7D7792 
 232      73E47490 
 233 06f1 2C36F8EA 		.ascii	",6\370\352\324\2416\325\224|\367S\276\331\"\337\326"
ARM GAS  /tmp/cc5YZjDr.s 			page 18


 233      D4A136D5 
 233      947CF753 
 233      BED922DF 
 233      D6
 234 0702 1F6A32BD 		.ascii	"\037j2\275\361\003\306\267\246}`L\015\204-$\324\325"
 234      F103C6B7 
 234      A67D604C 
 234      0D842D24 
 234      D4D5
 235 0714 EAAC2AE1 		.ascii	"\352\254*\341\022M\031Bd\032:\340\300\370\200\310\370"
 235      124D1942 
 235      641A3AE0 
 235      C0F880C8 
 235      F8
 236 0725 2065DC78 		.ascii	" e\334x\364\320\267\330J\265\310\006\016V\234\362F\376"
 236      F4D0B7D8 
 236      4AB5C806 
 236      0E569CF2 
 236      46FE
 237 0737 3E3E3469 		.ascii	">>4iI\220\257\\\360\342\220m\002\273\262`|\374s\362"
 237      4990AF5C 
 237      F0E2906D 
 237      02BBB260 
 237      7CFC73F2 
 238 074b 021E95B4 		.ascii	"\002\036\225\264\247\311\033I\027\360\\\016-\362A\037"
 238      A7C91B49 
 238      17F05C0E 
 238      2DF2411F 
 239 075b 43E67220 		.ascii	"C\346r s\344\025\207\314\274\017:\314\323\274\365g\214"
 239      73E41587 
 239      CCBC0F3A 
 239      CCD3BCF5 
 239      678C
 240 076d 6E97AB6C 		.ascii	"n\227\253l\350\244\377\205N\252\331S\310\376\227\376"
 240      E8A4FF85 
 240      4EAAD953 
 240      C8FE97FE 
 241 077d 46C47B69 		.ascii	"F\304{i\305\307\331o\206'\375L\274\032\275\301~\211"
 241      C5C7D96F 
 241      8627FD4C 
 241      BC1ABDC1 
 241      7E89
 242 078f 54347213 		.ascii	"T4r\023W\343\024D\265 .a\265\343\",\244\312\027\372"
 242      57E31444 
 242      B5202E61 
 242      B5E3222C 
 242      A4CA17FA 
 243 07a3 A002A6BB 		.ascii	"\240\002\246\2731\261\264U33\315\266_\370\"\352\347"
 243      31B1B455 
 243      3333CDB6 
 243      5FF822EA 
 243      E7
 244 07b4 11B09DCF 		.ascii	"\021\260\235\317\323}\211\237)N\242\177L\217\254M\336"
 244      D37D899F 
 244      294EA27F 
 244      4C8FAC4D 
 244      DE
ARM GAS  /tmp/cc5YZjDr.s 			page 19


 245 07c5 8EE8BCE9 		.ascii	"\216\350\274\351\320\203\351\231#\030'"
 245      D083E999 
 245      231827
 246 07d0 CAD8FF72 		.ascii	"\312\330\377rOw\2717\336\311\204\354\272\313\235\374"
 246      4F77B937 
 246      DEC984EC 
 246      BACB9DFC 
 247 07e0 825CA1CD 		.ascii	"\202\\\241\315<r\373q\377\334\2704\013\350\263Z?G\250"
 247      3C72FB71 
 247      FFDCB834 
 247      0BE8B35A 
 247      3F47A8
 248 07f3 989F894A 		.ascii	"\230\237\211J G\260\274\035\024\227\222\300\243B\304"
 248      2047B0BC 
 248      1D149792 
 248      C0A342C4 
 249 0803 73E828BF 		.ascii	"s\350(\277\200\374\275\217\346\354\325L\355e\231\350"
 249      80FCBD8F 
 249      E6ECD54C 
 249      ED6599E8 
 250 0813 653EF3F2 		.ascii	"e>\363\362\352Oq\015\036\256^J\337\205r\312\273L\344"
 250      EA4F710D 
 250      1EAE5E4A 
 250      DF8572CA 
 250      BB4CE4
 251 0826 5DD8FEE2 		.ascii	"]\330\376\342\260\334\325\313)\321\217\342~\324\340"
 251      B0DCD5CB 
 251      29D18FE2 
 251      7ED4E0
 252 0835 03CCAF9A 		.ascii	"\003\314\257\232\236\366R\017\352\227\271\346\210 \313"
 252      9EF6520F 
 252      EA97B9E6 
 252      8820CB
 253 0844 1212C92E 		.ascii	"\022\022\311.\206\216\331\234\202\255\301A\317q\311"
 253      868ED99C 
 253      82ADC141 
 253      CF71C9
 254 0853 A90AEAD4 		.ascii	"\251\012\352\324\320\363\252mJ\247\335\227T\254\344"
 254      D0F3AA6D 
 254      4AA7DD97 
 254      54ACE4
 255 0862 5525DB7D 		.ascii	"U%\333}I\017\350\303\273\252&\024\264*\242\351\231;"
 255      490FE8C3 
 255      BBAA2614 
 255      B42AA2E9 
 255      993B
 256 0874 B7FB25FB 		.ascii	"\267\373%\373\211\364\242\254\252\314\015J*j\210\330"
 256      89F4A2AC 
 256      AACC0D4A 
 256      2A6A88D8 
 257 0884 B6655239 		.ascii	"\266eR9u\270N\212\341:\301\302UPvp\334\3235\\U\220\215"
 257      75B84E8A 
 257      E13AC1C2 
 257      55507670 
 257      DCD3355C 
 258 089b 6A9A8D53 		.ascii	"j\232\215S4\000'\305\000\354\265\274MQ\270\206kJ\364"
 258      340027C5 
ARM GAS  /tmp/cc5YZjDr.s 			page 20


 258      00ECB5BC 
 258      4D51B886 
 258      6B4AF4
 259 08ae B934F32E 		.ascii	"\2714\363.\031.a\361\252\314/\316\301,^C\016\361:m\213"
 259      192E61F1 
 259      AACC2FCE 
 259      C12C5E43 
 259      0EF13A6D 
 260 08c3 17EC240E 		.ascii	"\027\354$\016\212\316H\361:\313/\340\324\341Q\321Q1"
 260      8ACE48F1 
 260      3ACB2FE0 
 260      D4E151D1 
 260      5131
 261 08d5 A6CD21C6 		.ascii	"\246\315!\306\177\352M\212/\276\374\332w%\247\214\015"
 261      7FEA4D8A 
 261      2FBEFCDA 
 261      7725A78C 
 261      0D
 262 08e6 8F342D5D 		.ascii	"\2174-]\2427\251\364z\361\361\367\332Xc\2146$f\363'"
 262      A237A9F4 
 262      7AF1F1F7 
 262      DA58638C 
 262      362466F3 
 263 08fb 91519186 		.ascii	"\221Q\221\206O\014!\337\205k\303#C#b\303\014\332\315"
 263      4F0C21DF 
 263      856BC323 
 263      432362C3 
 263      0CDACD
 264 090e 21A19BC2 		.ascii	"!\241\233\302#\015Z}\230aCHl\204Io\372>\332`\\\274\211"
 264      230D5A7D 
 264      98614348 
 264      6C84496F 
 264      FA3EDA60 
 265 0925 FB789A49 		.ascii	"\373x\232I\306\357\215Z\275\321\024\006\372\001\271"
 265      C6EF8D5A 
 265      BDD11406 
 265      FA01B9
 266 0934 74F162ED 		.ascii	"t\361b\355\312M\341\337\205\007\255\327F\031\265\233"
 266      CA4DE1DF 
 266      8507ADD7 
 266      4619B59B 
 267 0944 4222B484 		.ascii	"B\"\264\204\226Q\273\376\253uK\227h\327\256]\245\375"
 267      9651BBFE 
 267      AB754B97 
 267      68D7AE5D 
 267      A5FD
 268 0956 22784DD0 		.ascii	"\"xM\320\277\226h\243C\"\364\021\021a0G\276&hE\254Q"
 268      BF9668A3 
 268      4322F411 
 268      11613047 
 268      BE266845 
 269 096c 6D346D06 		.ascii	"m4m\006\202\033\243\303\243\364&\371\272\240U\253u\212"
 269      821BA3C3 
 269      A3F426F9 
 269      BAA055AB 
 269      758A
 270 097e A0AFFE1E 		.ascii	"\240\257\376\036\274Z7#h}\360\352\325\253t\362\340\257"
ARM GAS  /tmp/cc5YZjDr.s 			page 21


 270      BC5A3723 
 270      687DF0EA 
 270      D5AB74F2 
 270      E0AF
 271 0990 8357E9F0 		.ascii	"\203W\351\360\032hA\253t\350\033\352\336\247\313\354"
 271      1A6841AB 
 271      74E81BEA 
 271      DEA7CBEC 
 272 09a0 EE91476C 		.ascii	"\356\221Gl4\230\344\241\021\206\220\030\024([\261^\247"
 272      3498E4A1 
 272      11869018 
 272      14285BB1 
 272      5EA7
 273 09b2 93AD5DF9 		.ascii	"\223\255]\371W\235\354O\177\326\255%\267@\274B\247S"
 273      579DEC4F 
 273      7FD6AD25 
 273      B740BC42 
 273      A753
 274 09c4 B1508587 		.ascii	"\261P\205\207A\240\330\203\214\204MMt\3507\204\030M"
 274      41A0D883 
 274      8C844D4D 
 274      74E83784 
 274      184D
 275 09d6 7FD49B7E 		.ascii	"\177\324\233~3\235\307\242\263\212\250\015\033\300\236"
 275      339DC7A2 
 275      B38AA80D 
 275      1BC09E
 276 09e5 EFBB3E8B 		.ascii	"\357\273>\213Pp\022p*\350t\206\2200\360r\336\273XcL"
 276      50701270 
 276      2AE87486 
 276      9030F072 
 276      DEBB5863 
 277 09fa 28C58572 		.ascii	"(\305\205r\236\320}\023\023n2\000P\031\036\2659*\314"
 277      9ED07D13 
 277      136E3200 
 277      50191EB5 
 277      392ACC
 278 0a0d A0376960 		.ascii	"\2407i`p\275\301\004C\353@\376@o\213\233\036\014o\214"
 278      70BDC104 
 278      43EB40FE 
 278      406F8B9B 
 278      1E0C6F8C 
 279 0a21 898A8D26 		.ascii	"\211\212\215&(Y\350\246\220\030\245^\277!62T\257\327"
 279      2859E8A6 
 279      9018A55E 
 279      BF213632 
 279      54AFD7
 280 0a34 880F8B97 		.ascii	"\210\017\213\227-Y\022\340$\375\301QZ\032\360_\263l"
 280      2D5912E0 
 280      24FDC151 
 280      5A1AF05F 
 280      B36C
 281 0a46 EE1A     		.ascii	"\356\032"
 282              		.text
 283              		.section	.gnu.lto_.symtab.9831dc8c5e4f69d9,"",%progbits
 284 0000 70616C52 		.ascii	"palReadBus\000\000\000\000\000\000\000\000\000\000\000"
 284      65616442 
ARM GAS  /tmp/cc5YZjDr.s 			page 22


 284      75730000 
 284      00000000 
 284      00000000 
 285 0015 00090100 		.ascii	"\000\011\001\000\000palWriteBus\000\000\000\000\000"
 285      0070616C 
 285      57726974 
 285      65427573 
 285      00000000 
 286 002a 00000000 		.ascii	"\000\000\000\000\000\000\000\016\001\000\000palSetB"
 286      0000000E 
 286      01000070 
 286      616C5365 
 286      7442
 287 003c 75734D6F 		.ascii	"usMode\000\000\000\000\000\000\000\000\000\000\000\000"
 287      64650000 
 287      00000000 
 287      00000000 
 287      0000
 288 004e 16010000 		.ascii	"\026\001\000\000_pal_lld_setgroupmode\000\000\002\000"
 288      5F70616C 
 288      5F6C6C64 
 288      5F736574 
 288      67726F75 
 289 006b 00000000 		.ascii	"\000\000\000\000\000\000\000\000\034\001\000\000"
 289      00000000 
 289      1C010000 
 290              		.text
 291              		.section	.gnu.lto_.opts,"",%progbits
 292 0000 272D666E 		.ascii	"'-fno-trapv' '-mcpu=cortex-m0' '-mno-thumb-interwor"
 292      6F2D7472 
 292      61707627 
 292      20272D6D 
 292      6370753D 
 293 0033 6B272027 		.ascii	"k' '-mthumb' '-ggdb' '-O2' '-fomit-frame-pointer' '"
 293      2D6D7468 
 293      756D6227 
 293      20272D67 
 293      67646227 
 294 0066 2D66616C 		.ascii	"-falign-functions=16' '-ffunction-sections' '-fdata"
 294      69676E2D 
 294      66756E63 
 294      74696F6E 
 294      733D3136 
 295 0099 2D736563 		.ascii	"-sections' '-fno-common' '-flto'\000"
 295      74696F6E 
 295      73272027 
 295      2D666E6F 
 295      2D636F6D 
 296              		.text
 297              		.comm	__gnu_lto_v1,1,1
 298              		.comm	__gnu_lto_slim,1,1
 299              		.ident	"GCC: (GNU Tools for ARM Embedded Processors) 4.9.3 20150529 (release) [ARM/embedded-4_9-br
ARM GAS  /tmp/cc5YZjDr.s 			page 23


DEFINED SYMBOLS
                            *ABS*:0000000000000000 pal.c
                            *COM*:0000000000000001 __gnu_lto_v1
                            *COM*:0000000000000001 __gnu_lto_slim

NO UNDEFINED SYMBOLS
