ARM GAS  /tmp/ccD9J3av.s 			page 1


   1              		.syntax unified
   2              		.cpu cortex-m0
   3              		.fpu softvfp
   4              		.eabi_attribute 20, 1
   5              		.eabi_attribute 21, 1
   6              		.eabi_attribute 23, 3
   7              		.eabi_attribute 24, 1
   8              		.eabi_attribute 25, 1
   9              		.eabi_attribute 26, 1
  10              		.eabi_attribute 30, 2
  11              		.eabi_attribute 34, 0
  12              		.eabi_attribute 18, 4
  13              		.thumb
  14              		.syntax unified
  15              		.file	"pal_lld.c"
  16              		.text
  17              	.Ltext0:
  18              		.section	.gnu.lto_.profile.5b053c1f0ccb7d62,"",%progbits
  19 0000 789C6361 		.ascii	"x\234ca`d`c`\000\222]\214\035\214\000\003\320\001!"
  19      60646063 
  19      6000925D 
  19      8C1D8C00 
  19      03D00121 
  20              		.text
  21              		.section	.gnu.lto_.icf.5b053c1f0ccb7d62,"",%progbits
  22 0000 789C6361 		.ascii	"x\234ca`d\000\001>\006\004`b\370\323\271\255\203\233"
  22      60640001 
  22      3E060460 
  22      62F8D3B9 
  22      AD839B
  23 0013 B1E7E7D1 		.ascii	"\261\347\347\321\275|\014\000-\324\005\372"
  23      BD7C0C00 
  23      2DD405FA 
  24              		.text
  25              		.section	.gnu.lto_.jmpfuncs.5b053c1f0ccb7d62,"",%progbits
  26 0000 789C6361 		.ascii	"x\234ca`d\000\001\001\006\004`b`dd\254gd\006\222\354"
  26      60640001 
  26      01060460 
  26      62606464 
  26      AC676406 
  27 0016 F5F5F50C 		.ascii	"\365\365\365\014\000\015&\002%"
  27      000D2602 
  27      25
  28              		.text
  29              		.section	.gnu.lto_.inline.5b053c1f0ccb7d62,"",%progbits
  30 0000 789C6361 		.ascii	"x\234ca`d\000\201\355\014\010\300\304\300`g\313\310"
  30      60640081 
  30      ED0C08C0 
  30      C4C06067 
  30      CBC8
  31 0012 CEA0C0C8 		.ascii	"\316\240\300\310\300\254\000&\035\300d\002\230l`\004"
  31      C0AC0026 
  31      1DC06402 
  31      986C6004 
  32 0022 530B20D4 		.ascii	"S\013 \324\001\010\305 \020\274\243\203\225Az\305aF"
  32      0108C520 
  32      10BCA383 
ARM GAS  /tmp/ccD9J3av.s 			page 2


  32      95417AC5 
  32      6146
  33 0034 2606C617 		.ascii	"&\006\306\027\354,\020\022Dp\200\231\034 B\000\314\024"
  33      EC2C1012 
  33      44708099 
  33      1C204200 
  33      CC14
  34 0046 00110A60 		.ascii	"\000\021\012`\246\002\210p\0003\035@D\003D7\320\012"
  34      A6028870 
  34      00331D40 
  34      44034437 
  34      D00A
  35 0058 10C904E1 		.ascii	"\020\311\004\3410\201\334\304\310p\216a/\023##\023\320"
  35      3081DCC4 
  35      C8708E61 
  35      2F132323 
  35      13D0
  36 006a 3606E6A2 		.ascii	"6\006\346\242\013\177\024\031$\346\\dfb\020\272\320"
  36      0B7F1419 
  36      24E65C64 
  36      666210BA 
  36      D0
  37 007b C3C80276 		.ascii	"\303\310\002v6\000\023|\037P"
  37      3600137C 
  37      1F50
  38              		.text
  39              		.section	.gnu.lto_.pureconst.5b053c1f0ccb7d62,"",%progbits
  40 0000 789C6361 		.ascii	"x\234ca`d`e```b\220b\224\002\000\000\355\000B"
  40      60646065 
  40      60606062 
  40      90629402 
  40      0000ED00 
  41              		.text
  42              		.section	.gnu.lto__pal_lld_init.5b053c1f0ccb7d62,"",%progbits
  43 0000 789CA598 		.ascii	"x\234\245\230kL\024W\024\307\347\336\001v\331\205\345"
  43      6B4C1457 
  43      14C7E7DE 
  43      0176D985 
  43      E5
  44 0011 A1A8880F 		.ascii	"\241\250\210\0174!F?\270U\223\2461i?\264M\2326\266\266"
  44      3421463F 
  44      B85593A6 
  44      31693FB4 
  44      4D9A36B6 
  45 0026 B5DF1B6B 		.ascii	"\265\337\033k[%!\205\324\246_\031\036\253\250\255\242"
  45      5B252185 
  45      D4A65F19 
  45      1EABA8AD 
  45      A2
  46 0037 088AF800 		.ascii	"\010\212\370\000_<\024V@\001AqA\004DAQ\013m\025\037"
  46      5F3C1456 
  46      40014171 
  46      41044441 
  46      510B6D15 
  47 004c 5810B055 		.ascii	"X\020\260U\250Z\255\026\266\367\234\271\227\331\005"
  47      A85AAD16 
  47      B6F79CB9 
ARM GAS  /tmp/ccD9J3av.s 			page 3


  47      97D905
  48 005b 5186D984 		.ascii	"Q\206\331\204\303\0163\363\277\277{\346\360\343\341"
  48      C30E33F3 
  48      BFBF7BE6 
  48      F0E3E1
  49 006a 2311095E 		.ascii	"#\021\011^E\341\222\364.\373\034\301>\210,\021\232\332"
  49      45E192F4 
  49      2EFB1CC1 
  49      3E882C11 
  49      9ADA
  50 007c 22490966 		.ascii	"\"I\011fJ\010\274Q\314D\212\247$\236<\241\203\224\324"
  50      4A08BC51 
  50      CC448AA7 
  50      249E3CA1 
  50      8394D4
  51 008f AEEF3E49 		.ascii	"\256\357>I\347\347*\354u\333\361\340\015%\317E\034\262"
  51      E7E72AEC 
  51      75DBF1E0 
  51      0D25CF45 
  51      1CB2
  52 00a1 24B92926 		.ascii	"$\271)&I$\227\314gW\265&\037\333-?\246\016\231\020\037"
  52      492497CC 
  52      6757B526 
  52      1FDB2D3F 
  52      A60E9910 
  53 00b6 7638D0BC 		.ascii	"v8\320\274\353\256\015\016)\211d\207\275C\316{>\362"
  53      EBAE0D0E 
  53      29896487 
  53      BD43CE7B 
  53      3EF2
  54 00c8 9B4462EF 		.ascii	"\233Db\357\363of}6\357\220\242$*J\3267\212\277C\226"
  54      F36F667D 
  54      36EF90A2 
  54      242A4AD6 
  54      378ABF43 
  55 00dd 49019159 		.ascii	"I\001\221Y\034\311'3H\036\231!\261/I\344\010\231\007"
  55      1CC92733 
  55      481E9921 
  55      B12F49E4 
  55      089907
  56 00f0 5777160F 		.ascii	"Ww\026\017\245\007\372%\303\352\221\352\232\344(\361"
  56      A507FA25 
  56      C3EA91EA 
  56      9AE428F1 
  57 0100 835D383F 		.ascii	"\203]8?w)nw\222\242T-\312\213z\207\262\273|d(\276\004"
  57      77296E77 
  57      92A2542D 
  57      CA8B7A87 
  57      B2BB7C64 
  58 0117 EE35C15B 		.ascii	"\3565\301[3\024\177(\026(V(\001P\002\241\330\240\004"
  58      33147F28 
  58      16285628 
  58      015002A1 
  58      D8A004
  59 012a 41098612 		.ascii	"A\011\206\022\002%\024\312$(\223\241\204A\231\002e*"
  59      022514CA 
  59      242893A1 
ARM GAS  /tmp/ccD9J3av.s 			page 4


  59      84419902 
  59      652A
  60 013c 946950C2 		.ascii	"\224iP\302\241L\207\022\001\005p}fB\231\005e6\224H("
  60      A14C8712 
  60      0105707D 
  60      66429905 
  60      65369448 
  61 0151 73A0CC85 		.ascii	"s\240\314\205\"I\375\014\034:;@)|\226\273Imeq\367\""
  61      2249FD0C 
  61      1C3A3B40 
  61      297C96BB 
  61      496D6571 
  62 0167 D84A920C 		.ascii	"\330J\222\014M\316p\324^2A\277|\261G\327\235\315\367"
  62      4DCE70D4 
  62      5E3241BF 
  62      7CB147D7 
  62      9DCDF7
  63 017a CDEAA192 		.ascii	"\315\352\241\222\235\242@G;\0337\006\356#{X\357\375"
  63      9DA24047 
  63      3B1B3706 
  63      EE237B58 
  63      EFFD
  64 018c 48116B54 		.ascii	"H\021kT!k\024\\Z\263\271\347p\240\275PINP\202\035\262"
  64      216B145C 
  64      5AB3B9E7 
  64      70A0BD50 
  64      494E5082 
  65 01a2 8938C93E 		.ascii	"\2118\311>2\204\317\206\034#v\251\233$=\363S\327\221"
  65      3284CF86 
  65      1C2376A9 
  65      9B243DF3 
  65      53D791
  66 01b5 D5A5DA2A 		.ascii	"\325\245\332*/\344\372C\266\017Q\224\012J\212Y\020\343"
  66      2FE4FA43 
  66      B60F5194 
  66      0A4A8A59 
  66      10E3
  67 01c7 C9207095 		.ascii	"\311 p\225\216\205J\264\205J\211\235\305K\235$\321u"
  67      8E854AB4 
  67      854A899D 
  67      C54B9D24 
  67      D175
  68 01d9 D9C463DA 		.ascii	"\331\304c\332\367W\247\331\026\344\301\203s\265~\222"
  68      F757A7D9 
  68      16E4C183 
  68      73B57E92 
  69 01e9 996D76C8 		.ascii	"\231mv\310f\211\217\314q\262\300s\3172\356\371iCSJ\000"
  69      66898FCC 
  69      71B2C073 
  69      CF32EEF9 
  69      6943534A 
  70 01fe 5B3801EF 		.ascii	"[8\001\357X\017-\365Ob\0158\301\327\337\273\263\342"
  70      580F2DF5 
  70      4F620D38 
  70      C1D7DFBB 
  70      B3E2
  71 0210 918DADCF 		.ascii	"\221\215\255\317\026\267\2202\\\034\306\200\2359q\252"
ARM GAS  /tmp/ccD9J3av.s 			page 5


  71      16B79032 
  71      5C1CC680 
  71      9D3971AA 
  72 0220 6E69FCA0 		.ascii	"ni\374\240\222\312n4\261UH9\261\003\204D*H<\203\242"
  72      92CA6E34 
  72      B1554839 
  72      B1038444 
  72      2A483C83 
  73 0235 9C685357 		.ascii	"\234hSW^\002\225\337\306\305\036\266\326$\221\250\003"
  73      5E0295DF 
  73      C6C51EB6 
  73      D62491A8 
  73      03
  74 0246 3085AE81 		.ascii	"0\205\256\201ur\246\342J\216t\310Vr\322{\022\221\266"
  74      7572A6E2 
  74      4A8E74C8 
  74      5672D27B 
  74      1291B6
  75 0259 9244415B 		.ascii	"\222DA[\022\323UZ+\001@\037R\305\316\303\216[\033D\347"
  75      12D3555A 
  75      2B01401F 
  75      52C5CEC3 
  75      8E5B1B44 
  76 026e D2871CB9 		.ascii	"\322\207\034\271\226Q\241\346\221\343\215\241\247H\024"
  76      9651A1E6 
  76      91E38DA1 
  76      A74814
  77 027d B481753E 		.ascii	"\264\201u>\261r\340\314R\357IW\016l\221\361\012\266"
  77      B172E0CC 
  77      52EF4957 
  77      0E6C91F1 
  77      0AB6
  78 028f 34CEBB9B 		.ascii	"4\316\273\233\222Q\337\014\3444\333\242D\252\341\321"
  78      9251DF0C 
  78      E434DBA2 
  78      44AAE1D1 
  79 029f 9A3CDB69 		.ascii	"\232<\333i\036\325N\326\262\000h\345\231\021\255d\035"
  79      1ED54ED6 
  79      B20068E5 
  79      9911AD64 
  79      1D
  80 02b0 73B97BD9 		.ascii	"s\271{\331\223\016$.l(USI\015NNmFN\030\344{\206[1\374"
  80      930E242E 
  80      6C285553 
  80      490D4E4E 
  80      6D464E18 
  81 02ca 565ACF76 		.ascii	"VZ\317v\252\205\333\240\031\244\226\247\037\275\263"
  81      AA85DBA0 
  81      19A496A7 
  81      1FBDB3
  82 02d9 FD125507 		.ascii	"\375\022U\007EY\004\223r\026\263e\236]\007\303b\302"
  82      45590493 
  82      7216B365 
  82      9E5D07C3 
  82      62C2
  83 02eb 8D17D7E5 		.ascii	"\215\027\327\345\230\324\015\314\034'q0\260\236\303"
  83      98D40DCC 
ARM GAS  /tmp/ccD9J3av.s 			page 6


  83      1C277130 
  83      B09EC3
  84 02fa 3C1F9E57 		.ascii	"<\037\236W?\222U\037\\\003\206\371\362\260F\200\233"
  84      3F92551F 
  84      5C0386F9 
  84      F2B04680 
  84      9B
  85 030b A93E9561 		.ascii	"\251>\225a\270Yz\340\316c\236\037\317k2\006w\001\303"
  85      B8597AE0 
  85      CE639E1F 
  85      CF6B3206 
  85      7701C3
  86 031e 4C3CEC22 		.ascii	"L<\354\"\300\315R;wN\300\315\326\003\327\214yf\236\327"
  86      C0CD523B 
  86      774EC0CD 
  86      D603D78C 
  86      79669ED7 
  87 0332 620CEE12 		.ascii	"b\014\356\022\206\371\363\260\313\0007[\355\3340\\\244"
  87      86F9F3B0 
  87      CB00375B 
  87      EDDC305C 
  87      A4
  88 0343 1EB856CC 		.ascii	"\036\270V\314\263\360\274+\306\340\256b\230\225\207"
  88      B3F0BC2B 
  88      C6E0AE62 
  88      989587
  89 0352 5D03B848 		.ascii	"]\003\270H\265s\365\002n\216\036\270_0/\200\347\265"
  89      B573F502 
  89      6E8E1EB8 
  89      5F302F80 
  89      E7B5
  90 0364 19836BC7 		.ascii	"\031\203k\307\260@\036\366+\300\315Q;7\0147W\017\334"
  90      B0401EF6 
  90      2BC0CD51 
  90      3B370C37 
  90      570FDC
  91 0377 6F9867E3 		.ascii	"o\230g\343y\277\033\203\273\216aA<\354\006\300\315\365"
  91      79BF1B83 
  91      BB8E6141 
  91      3CEC06C0 
  91      CDF5
  92 0389 141D4A49 		.ascii	"\024\035JIh\025,%\341\331\266\361\210\277\003\305\357"
  92      68152C25 
  92      E1D9B6F1 
  92      88BF03C5 
  92      EF
  93 039a 65FAF6D7 		.ascii	"e\372\366\327\230\376&\342\004\277\334\364\267\204\351"
  93      98FE26E2 
  93      04BFDCF4 
  93      B784E9
  94 03a9 6F7B995E 		.ascii	"o{\231^\217\335\357\240\335\263\313\313\357\231\271"
  94      8FDDEFA0 
  94      DDB3CBCB 
  94      EF99B9
  95 03b8 DD53C0EE 		.ascii	"\335S\300\356\235\334\356\355\023\262\373]\346\356\216"
  95      9DDCEEED 
  95      13B2FB5D 
ARM GAS  /tmp/ccD9J3av.s 			page 7


  95      E6EE8E
  96 03c7 31EDEE64 		.ascii	"1\355\356dv\207+\356\274\312\356\177\240\335\273`\026"
  96      76872BEE 
  96      BCCAEE7F 
  96      A0DDBB60 
  96      16
  97 03d8 CCEC64D7 		.ascii	"\314\354d\327\371\264u\001\252\335g\260\303\376\255"
  97      F9B47501 
  97      AADD67B0 
  97      C3FEAD
  98 03e7 358FC888 		.ascii	"5\217\310\210\321\350\346\355k\332r03\300\333\356\367"
  98      D1E8E6ED 
  98      6BDA7230 
  98      33C0DBEE 
  98      F7
  99 03f8 84DD2195 		.ascii	"\204\335!\225\364h\003\322\205[{\352(-\361\365\034\220"
  99      F46803D2 
  99      855B7BEA 
  99      282DF1F5 
  99      1C90
 100 040a 4E8F01D9 		.ascii	"N\217\001\331vx\253\323k@z\205\3161\254\017\006\304"
 100      7678ABD3 
 100      6B407A85 
 100      CE31AC0F 
 100      06C4
 101 041c ACE91C89 		.ascii	"\254\351\034\211\247\216\023\021\247\367\276\3209\346"
 101      A78E1311 
 101      A7F7BED0 
 101      39E6
 102 042a FD690CEE 		.ascii	"\375i\014\356/\241s\014{\000pS5\235#\3344=p\017\205"
 102      2FA1730C 
 102      7B007053 
 102      359D23DC 
 102      343D700F 
 103 043f CE31AFDF 		.ascii	"\3161\257\337\030\334\200\3209\206\375\015p\3234\235"
 103      18DC80D0 
 103      3986FD0D 
 103      70D3349D 
 104 044f 235CB81E 		.ascii	"#\\\270\036\270GB\347\230\367\330\030\334\023\241s\014"
 104      B84742E7 
 104      98F7D818 
 104      DC13A173 
 104      0C
 105 0460 FB07E0C2 		.ascii	"\373\007\340\3025\235#\334t=pO\205\3161\357\2311\270"
 105      359D23DC 
 105      743D704F 
 105      85CE31EF 
 105      9931B8
 106 0473 7F85CE31 		.ascii	"\177\205\3161\3549\300M\327t\216p\021z\340^\010\235"
 106      EC39C04D 
 106      D7748E70 
 106      117AE05E 
 106      089D
 107 0485 63DE7FC6 		.ascii	"c\336\177\306\340\006\205\3161l\010\340\"4\235#\334"
 107      E00685CE 
 107      316C08E0 
 107      22349D23 
ARM GAS  /tmp/ccD9J3av.s 			page 8


 107      DC
 108 0496 78BF6711 		.ascii	"x\277g\021\316-t\216y\0125\004\227@\271\3161,\22128"
 108      CE2D748E 
 108      790A3504 
 108      9740B9CE 
 108      312C9132 
 109 04ab 2FB3A185 		.ascii	"/\263\241\205\206u~W\350\374\306xt\236DG\351\274\343"
 109      86757E57 
 109      E8FCC678 
 109      749E4447 
 109      E9BCE3
 110 04be 353A4F46 		.ascii	"5:OF\234\220\227\353\334A\271\316\327\321\211\352|="
 110      9C9097EB 
 110      DC41B9CE 
 110      D7D189EA 
 110      7C3D
 111 04d0 059D57F7 		.ascii	"\005\235W\367d\267\005q\235\247\202\316S\250\272\351"
 111      64B70571 
 111      9DA782CE 
 111      53A8BAE9 
 112 04e0 8E09E97C 		.ascii	"\216\011\351|\003\215\202\275\216\241\363*\246s\270"
 112      038D82BD 
 112      8EA1F32A 
 112      A673B8
 113 04ef 822D3DB6 		.ascii	"\202-=\266\3167R\320\371&\312f\301\037t~\245\254\301"
 113      CE3752D0 
 113      F926CA66 
 113      C11F747E 
 113      A5ACC1
 114 0502 A6EAFC2D 		.ascii	"\246\352\374-v\230\240\\?4\362'\375OTm\337\206\306\275"
 114      7698A05C 
 114      3F34F227 
 114      FD4F546D 
 114      DF86C6BD 
 115 0516 0FACDE3A 		.ascii	"\017\254\336:\377\231r\235C*\331\254\015\010\313gw\364"
 115      FF99729D 
 115      432AD9AC 
 115      0D08CB67 
 115      77F4
 116 0528 3DBED5E6 		.ascii	"=\276\325\3465 l\367\303\003r\244(/\307\317s@\266P\256"
 116      35206CF7 
 116      C30372A4 
 116      282FC7CF 
 116      7340B650 
 117 053d 730C4B85 		.ascii	"s\014K\205\001\361\327t\216\304!\343D\304\351\335J\271"
 117      01F1D774 
 117      8EC421E3 
 117      44C4E9DD 
 117      4AB9
 118 054f CE316F9B 		.ascii	"\3161o\2331\2704\312u\216a\333\001.D\3239\302\205\352"
 118      31B834CA 
 118      758E61DB 
 118      012E44D3 
 118      39C285EA 
 119 0563 814BA75C 		.ascii	"\201K\247\\\347\230\227a\014n\007\345:\307\260\235\000"
 119      E7989761 
 119      0C6E07E5 
ARM GAS  /tmp/ccD9J3av.s 			page 9


 119      3AC7B09D 
 119      00
 120 0574 17AAE91C 		.ascii	"\027\252\351\034\341&\351\201\313\244\\\347\230\267"
 120      E126E981 
 120      CBA45CE7 
 120      98B7
 121 0582 CB185C16 		.ascii	"\313\030\\\026\345:\307\260\335\0007I\3239\302M\326"
 121      E53AC7B0 
 121      DD003749 
 121      D339C24D 
 121      D6
 122 0593 03B78772 		.ascii	"\003\267\207r\235c\336^cp\373(\3279\206e\003\334dM\347"
 122      9D63DE5E 
 122      6370FB28 
 122      D7398665 
 122      03DC644D 
 123 05a8 0817A607 		.ascii	"\010\027\246\007.\207r\235c\336~cp\007(\3279\206\035"
 123      2E87729D 
 123      63DE7E63 
 123      700728D7 
 123      39861D
 124 05bb 04B8304D 		.ascii	"\004\2700M\347\0107E\017\334!\312u\216y\207\215\301"
 124      E7083745 
 124      0FDC21CA 
 124      758E7987 
 124      8DC1
 125 05cd E50A9D63 		.ascii	"\345\012\235cX\036\300M\3614\033ZhX\347\033(\327\371"
 125      581EC04D 
 125      F1341B5A 
 125      6858E71B 
 125      28D7F9
 126 05e0 D078749E 		.ascii	"\320xt\236?Z\347\356\327\350\274\000qB_\256\363#B\347"
 126      3F5AE7EE 
 126      D7E8BC00 
 126      71425FAE 
 126      F32342E7 
 127 05f4 4727ACF3 		.ascii	"G'\254\363B\324yAo\247\323\302u\236\007:/\342:wOH\347"
 127      42D47941 
 127      6FA7D3C2 
 127      759E073A 
 127      2FE23A77 
 128 060b 4E26EBFC 		.ascii	"N&\353\3741u\356f:\207+\012_\245\363c\250\363b\230\005"
 128      3175EE66 
 128      3A872B0A 
 128      5FA5F363 
 128      A8F36298 
 129 0620 0B3BF9BC 		.ascii	"\013;\371\274\264\250\227\377v~\015.\276\372\244\264"
 129      B4A897FF 
 129      767E0D2E 
 129      BEFAA4B4 
 130 0630 D777C46C 		.ascii	"\327w\304l\224\360\331\350{XRo\361\366y\251\3609\304"
 130      94F0D9E8 
 130      7B58526F 
 130      F1F679A9 
 130      F039C4
 131 0643 92E3DA84 		.ascii	"\222\343\332\204\024\343\204\014\0268+\275\376~+\362"
 131      14E3840C 
ARM GAS  /tmp/ccD9J3av.s 			page 10


 131      16382BBD 
 131      FE7E2BF2 
 132 0653 9890B2AC 		.ascii	"\230\220\262\254\035/,\236\023rB\370\034\303\312`B,"
 132      1D2F2C9E 
 132      137242F8 
 132      1CC3CA60 
 132      422C
 133 0665 9ACF11D9 		.ascii	"\232\317\021\331:ND\034\337r\341s\314\2530\006wR\370"
 133      3A4E441C 
 133      DF72E173 
 133      CCAB3006 
 133      7752F8
 134 0678 1CC32A01 		.ascii	"\034\303*\001\316\252\371\034\341\002\364\300U\011\237"
 134      CEAAF91C 
 134      E102F4C0 
 134      55099F
 135 0687 63DE2963 		.ascii	"c\336)cp\247\205\3171\254\032\340\0024\237#\\\240\036"
 135      70A785CF 
 135      31AC1AE0 
 135      02349F23 
 135      5CA01E
 136 069a B833C2E7 		.ascii	"\2703\302\347\230\3472\006W#|\216a\265\000\027\250\371"
 136      98E73206 
 136      57237C8E 
 136      61B50017 
 136      A8F9
 137 06ac 1CE16C7A 		.ascii	"\034\341lz\340\316\012\237c^\2351\270s\302\347\030V"
 137      E0CE0A9F 
 137      635E9D31 
 137      B873C2E7 
 137      1856
 138 06be 0F7036CD 		.ascii	"\017p6\315\347\010\027\244\007\256A\370\034\363\032"
 138      E70817A4 
 138      07AE41F8 
 138      1CF31A
 139 06cd 8DC19D17 		.ascii	"\215\301\235\027>\307\260&\200\013\322|\216p\301z\340"
 139      3EC7B026 
 139      800BD27C 
 139      8E70C17A 
 139      E0
 140 06de 2E089F63 		.ascii	".\010\237c\336Ecp\315\302\347\030\326\002p\301\236j"
 140      DE456370 
 140      CDC2E718 
 140      D60270C1 
 140      9E6A
 141 06f0 430D0DFB 		.ascii	"C\015\015\373\334\011\007}\360\277\230\217\320\254\360"
 141      DC09077D 
 141      F0BF988F 
 141      D0ACF0
 142 06ff EA677E4A 		.ascii	"\352g~Jm\221\250$-Y\270\320\376\336\232\350\257\242"
 142      6D91A824 
 142      2D59B8D0 
 142      FEDE9AE8 
 142      AFA2
 143 0711 97AFB0C7 		.ascii	"\227\257\260\307\256\265\257Y\031c\217\213\375\376\207"
 143      AEB5AF59 
 143      19638F8B 
ARM GAS  /tmp/ccD9J3av.s 			page 11


 143      FDFE87
 144 0720 B5F6155F 		.ascii	"\265\366\025_|\274d\261}\331\262\367\355\037|\372\341"
 144      7CBC64B1 
 144      7DD9B2F7 
 144      ED1F7CFA 
 144      E1
 145 0731 F21F17DB 		.ascii	"\362\037\027\333\343V\306|\031\023\363\365\302U\222"
 145      E356C67C 
 145      1913F3F5 
 145      C25592
 146 0740 DFAAD8EF 		.ascii	"\337\252\330\357\276\215^\355\273:.:6\356\177\274hm"
 146      BE8D5EED 
 146      BB3A2E3A 
 146      36EE7FBC 
 146      686D
 147 0752 F3       		.ascii	"\363"
 148              		.text
 149              		.section	.gnu.lto__pal_lld_setgroupmode.5b053c1f0ccb7d62,"",%progbits
 150 0000 789C9D57 		.ascii	"x\234\235WkPTW\022\276}\317\235\007\303\314\240\321"
 150      6B505457 
 150      12BE7DCF 
 150      9D07C3CC 
 150      A0D1
 151 0012 55A3C490 		.ascii	"U\243\304\220\007!\032\302($\312\252\205T\3242X\274"
 151      07211AC2 
 151      2824CAAA 
 151      8554D432 
 151      58BC
 152 0024 4CF263B7 		.ascii	"L\362c\267*UY\015Ti\005\012\012\310\326\356\376\331"
 152      2A55590D 
 152      5469050A 
 152      0AC8D6EE 
 152      FED9
 153 0036 D181D144 		.ascii	"\321\201\321Dt\331\265\324h\2315\331M\202&\240\260h"
 153      74D9B5D4 
 153      689935D9 
 153      4D8226A0 
 153      B068
 154 0048 14431282 		.ascii	"\024C\022\202(Q|\304h\214\2575\"J\024Y\205\001\037\251"
 154      28517CC4 
 154      688CAF35 
 154      224A1459 
 154      85011FA9 
 155 005c E5B1DD7D 		.ascii	"\345\261\335}\356<\235\265(\246jz\356\351\373}}\373"
 155      EE3C9DB5 
 155      28A66A7A 
 155      EEE9FB7D 
 155      7DFB
 156 006e EBD3E7DC 		.ascii	"\353\323\347\3343\232\002\012}\006F+\312\237\360w\017"
 156      339A020A 
 156      7D06462B 
 156      CA9FF077 
 156      0F
 157 007f 7E214A01 		.ascii	"~!J\001\265\342\270\242\2540\253 \344\205P\265\325q"
 157      B5E2B8A2 
 157      AC30AB20 
 157      E48550B5 
ARM GAS  /tmp/ccD9J3av.s 			page 12


 157      D571
 158 0091 8AD36225 		.ascii	"\212\323b%k\325TC\367\257p\024\361A2\216\014\252\221"
 158      6BD55443 
 158      F7AF7014 
 158      F141328E 
 158      0CAA91
 159 00a4 EF99F89E 		.ascii	"\357\231\370\236\021\314\222b\362^\230\301*/\"T\013"
 159      11CC9262 
 159      F25E98C1 
 159      2A2F2254 
 159      0B
 160 00b5 03231968 		.ascii	"\003#\031h\361\272#\275\027V\325^j\302\373\266\362\026"
 160      F1BA23BD 
 160      1756D55E 
 160      6AC2FBB6 
 160      F216
 161 00c7 050136F9 		.ascii	"\005\0016\371\360o\314v\000\272p\232A\371\263*4\203"
 161      F06FCC76 
 161      00BA709A 
 161      41F9B32A 
 161      3483
 162 00d9 D1648EB0 		.ascii	"\321d\216\260DZmv\300\241\"?w\324\001\025\232Vu\324"
 162      445A6D76 
 162      C0A1223F 
 162      77D40115 
 162      9A5675D4 
 163 00ed AB532A9D 		.ascii	"\253S*\235\370\271|m\327t\347\366F(C\300\220*1P\011"
 163      F8B97C6D 
 163      D774E7F6 
 163      462843C0 
 163      902A3150 
 164 0102 531075B2 		.ascii	"S\020u\262\264f\253\350S\313\004\200\206\303\236c[\332"
 164      B466ABE8 
 164      53CB0480 
 164      86C39E63 
 164      5BDA
 165 0114 ED345421 		.ascii	"\3554T!\006\207\007\216\017\355\263\210\031\240\340"
 165      0687078E 
 165      0FEDB388 
 165      19A0E0
 166 0123 F5CA7F6C 		.ascii	"\365\312\177ln\266\305}\354t\256t:\267\345:#\312\204"
 166      6EB6C57D 
 166      EC74AE74 
 166      3AB7E53A 
 166      23CA84
 167 0136 804F4160 		.ascii	"\200OA`<\330\001\321\260\035\242\025t)\360\031\304!"
 167      3CD801D1 
 167      B01DA215 
 167      7429F019 
 167      C421
 168 0148 7AE8939A 		.ascii	"z\350\223\232w\314b63\177\331\360\355\373 \231\215\177"
 168      77CC6236 
 168      337FD9F0 
 168      EDFB2099 
 168      8D7F
 169 015a 6D8DDFEC 		.ascii	"m\215\337\354l\324\312\204\006U\241dM\201j&\367\326"
 169      6CD4CA84 
ARM GAS  /tmp/ccD9J3av.s 			page 13


 169      0655A164 
 169      4D816A26 
 169      F7D6
 170 016c 7DBC3E52 		.ascii	"}\274>R\2442\271u\335\227\277\321\271\353[\237\221\\"
 170      A432B975 
 170      DD97BFD1 
 170      B9EB5B9F 
 170      915C
 171 017e 03EC0CE5 		.ascii	"\003\354\014\345\032\024\330\005qD(_\261\343\262\020"
 171      1A14D805 
 171      7144285F 
 171      B1E3B210 
 172 018e 0B987CED 		.ascii	"\013\230|\355T\373u\210\375'\263k\327\330\221]\032S"
 172      54FB7588 
 172      FD27B36B 
 172      D7D8915D 
 172      1A53
 173 01a0 268C5013 		.ascii	"&\214P\023L\347IWa\307\320\211\277\231E\0323\377\373"
 173      4CE74957 
 173      61C7D089 
 173      BF99451A 
 173      33FFFB
 174 01b3 5DBFDBAC 		.ascii	"]\277\333\2543\377\336juV\2540\023\361_a\211\267\327"
 174      33FFDE6A 
 174      7556AC30 
 174      13F15F61 
 174      89B7D7
 175 01c6 1F3CA68A 		.ascii	"\037<\246\212L&\256\333v\254\315\256\023\267\372\211"
 175      4C26AEDB 
 175      76ACCDAE 
 175      13B7FA89 
 176 01d6 BBC3123B 		.ascii	"\273\303\022;\316\2726\033\305kL\354\\\267\373\224E"
 176      CEBA361B 
 176      C56B4CEC 
 176      5CB7FB94 
 176      45
 177 01e7 276EF113 		.ascii	"'n\361\023?\017K\254\0308\3474\212\327\231x\262\267"
 177      3F0F4BAC 
 177      1838E734 
 177      8AD79978 
 177      B2B7
 178 01f9 EE534D27 		.ascii	"\356SM'\276\347'\356\013K\\{\373\376\207\232x\223\211"
 178      BEE727EE 
 178      0B4B5C7B 
 178      FBFE879A 
 178      789389
 179 020c 2D174F5E 		.ascii	"-\027O^\367\246\272\321O\334\037\226x\245vp\203\315"
 179      F7A6BAD1 
 179      4FDC1F96 
 179      78A57670 
 179      83CD
 180 021e 584AED14 		.ascii	"XJ\355\024\003_@,\324\343w/~\367\340\267\016\277\265"
 180      035F402C 
 180      D4E3772F 
 180      7EF7E0B7 
 180      0EBFB5
 181 0231 102B9B0B 		.ascii	"\020+\233\013\032\300\210\013\311\362\377P\030l\340"
ARM GAS  /tmp/ccD9J3av.s 			page 14


 181      1AC0880B 
 181      C9F2FF50 
 181      186CE0
 182 0240 46ED6716 		.ascii	"F\355g\026\261\234\263\370\244a`\2557\213\275k\306\372"
 182      B19CB3F8 
 182      A46160AD 
 182      378BBD6B 
 182      C6FA
 183 0252 E6E8CB07 		.ascii	"\346\350\313\007\323\200\257\230\275\341FG\255&\212"
 183      D380AF98 
 183      BDE14647 
 183      AD268A
 184 0261 98ED193C 		.ascii	"\230\355\031<\364\223>\303\316;9\316wR\211\372u\030"
 184      F4933EC3 
 184      CE3B39CE 
 184      775289FA 
 184      7518
 185 0273 6A2353D7 		.ascii	"j#S\327\336\374\313\032\020o3\365g\367M\227U\247\016"
 185      DEFCCB1A 
 185      106F33F5 
 185      67F74D97 
 185      55A70E
 186 0286 78A9DF84 		.ascii	"x\251\337\204\24161\265\274\355\203\312\010\361\007"
 186      A13631B5 
 186      BCED83CA 
 186      08F107
 187 0295 A6BEBBEF 		.ascii	"\246\276\273\357\3523:sC\256\316<\020\206\331\014\261"
 187      EA333A73 
 187      43AECE3C 
 187      1086D90C 
 187      B1
 188 02a6 BB5E6974 		.ascii	"\273^it\016\015\271\260{#/\274\327\031\361\012p\223"
 188      0E0DB9B0 
 188      7B232FBC 
 188      D719F10A 
 188      7093
 189 02b8 2310AB83 		.ascii	"#\020\253\203\253\005\353\203m\217\025\302\006\306\032"
 189      AB05EB83 
 189      6D8F15C2 
 189      06C61A
 190 02c7 1915AA90 		.ascii	"\031\025\252\220\005\250\231#\031c\305\3466\331\030"
 190      05A89923 
 190      1963C5E6 
 190      36D918
 191 02d6 68A7CB28 		.ascii	"h\247\313(F\217\242\313\321Ly\204.\307(T\335\261@\261"
 191      468FA2CB 
 191      D14C7984 
 191      2EC72854 
 191      DDB140B1 
 192 02ea C791633C 		.ascii	"\307\221c<\231\011d\036\345\262M\304K\363$.\003-\027"
 192      9909641E 
 192      E5B24DC4 
 192      4BF3242E 
 192      032D17
 193 02fd D363349E 		.ascii	"\323c4\236\314\332\036\247\313\030N\366\011\240\345"
 193      CCDA1EA7 
 193      CB184EF6 
ARM GAS  /tmp/ccD9J3av.s 			page 15


 193      09A0E5
 194 030c FB24019E 		.ascii	"\373$\001\236\"\3634\231X2qd\236%3\205\314T2\361d\236"
 194      22F33499 
 194      58327164 
 194      9E253385 
 194      CC5432F1 
 195 0322 27934066 		.ascii	"'\223@f\032\231\351d\022\311$\221y\221\314\01423\311"
 195      1A99E964 
 195      12C92491 
 195      7991CC0C 
 195      3233C9
 196 0335 24939945 		.ascii	"$\223\231Ef6\2319dR\310\314%\223J\346%2\363\310\314"
 196      66369939 
 196      6452C8CC 
 196      25934AE6 
 196      2532F3C8 
 197 034a 27B380CC 		.ascii	"'\263\200\314B2/\223I#\263\210L:\3271\203\013\223\311"
 197      42322F93 
 197      4923B388 
 197      4C3AD731 
 197      830B93C9 
 198 035e 35C9E272 		.ascii	"5\311\342rds\325\026s\035\025\245\033\033\022\267\321"
 198      6473D516 
 198      731D15A5 
 198      1B1B12B7 
 198      D1
 199 036f 1E55C51F 		.ascii	"\036U\305\037\321\001\256~\367\245\252d\352P\227\210"
 199      D101AE7E 
 199      F7A5AA64 
 199      EA509788 
 200 037f 74090BED 		.ascii	"t\011\013\355\223\236\232J+my&\020p\020g\356\012\250"
 200      939E9A4A 
 200      2B6D7926 
 200      10701067 
 200      EE0AA8
 201 0392 DCC21806 		.ascii	"\334\302\030\006A\012\222<\356\216\252\263 YV\311:8"
 201      410A923C 
 201      EE8EAAB3 
 201      205956C9 
 201      3A38
 202 03a4 74AF318A 		.ascii	"t\2571\212XfD\037B\026\307\276\252\203l\210C\320\356"
 202      5866441F 
 202      4216C7BE 
 202      AA836C88 
 202      43D0EE
 203 03b7 E616B759 		.ascii	"\346\026\267Y\206\006h\011\010]O\241m2\364\255\252\363"
 203      86066809 
 203      085D4FA1 
 203      6D32F4AD 
 203      AAF3
 204 03c9 3ACB8EA1 		.ascii	":\313\216\241!>$T\024\372\203\322\332K\334(\311\275"
 204      213E2454 
 204      14FA83D2 
 204      DA4BDC28 
 204      C9BD
 205 03db EB4B6B94 		.ascii	"\353Kk\224L\353\360G\373\373\2552-\003|\033\232\326"
 205      4CEBF047 
ARM GAS  /tmp/ccD9J3av.s 			page 16


 205      FBFBAD32 
 205      2D037C1B 
 205      9AD6
 206 03ed 68C405C5 		.ascii	"h\304\005\305\332C\261F\313X\203U\335:\354\021\031\253"
 206      DA43B146 
 206      CB588355 
 206      DD3AEC11 
 206      19AB
 207 03ff EFDDB27B 		.ascii	"\357\335\262{B\3062\301\341\320Xc\020\207\240\235\236"
 207      42C632C1 
 207      E1D05863 
 207      1087A09D 
 207      9E
 208 0410 BE9D4629 		.ascii	"\276\235F)1\012\216\004\204\256\243\320cp\270\262\261"
 208      310A8E04 
 208      84AEA3D0 
 208      6370B8B2 
 208      B1
 209 0421 26923D72 		.ascii	"&\222=r\351o,k:a\"\002\356\021\320\312\013\245\007_"
 209      E96F2C6B 
 209      3A612202 
 209      EE11D0CA 
 209      0BA5075F 
 210 0435 5CF84E13 		.ascii	"\\\370N\023\210\035\305\363\346\022FE\0168A\203>`\345"
 210      881DC5F3 
 210      E6124645 
 210      0E384183 
 210      3E60E5
 211 0448 9A3EE012 		.ascii	"\232>\340\022\012}\300S\245\352\003l\013\227\000\231"
 211      0A7DC053 
 211      A5EA036C 
 211      0B970099 
 212 0458 ED99EA14 		.ascii	"\355\231\352\024\231\3568t\361\024\264A\351\005\327"
 212      99EE3874 
 212      F114B441 
 212      E905D7
 213 0467 52DD89F9 		.ascii	"R\335\211\371\354\352\252\377\305&\005(pT.\\\017\200"
 213      ECEAAAFF 
 213      C5260528 
 213      70542E5C 
 213      0F80
 214 0479 4B8C55D1 		.ascii	"K\214U\321\244\333\372{\226y@\305FP\033\316\025\272"
 214      A4DBFA7B 
 214      967940C5 
 214      46501BCE 
 214      15BA
 215 048b 44B6ED62 		.ascii	"D\266\355bo\236\007\004N\237z\224\034\031\266\217\212"
 215      6F9E0704 
 215      4E9F7A94 
 215      1C19B68F 
 215      8A
 216 049c 3DA0E194 		.ascii	"=\240\341\224\250\247\177\353\022\231\266\206\336\022"
 216      A8A77FEB 
 216      1299B686 
 216      DE12
 217 04aa 0F18B0AC 		.ascii	"\017\030\260\254j\027\335\317\262\035%\202\221\264\252"
 217      6A17DDCF 
ARM GAS  /tmp/ccD9J3av.s 			page 17


 217      B21D2582 
 217      91B4AA
 218 04b9 E517D0B3 		.ascii	"\345\027\320\263\330\326\325\373;\024\255)\253\343d"
 218      D8D6D5FB 
 218      3B14AD29 
 218      ABE364
 219 04c8 4BDEAAAE 		.ascii	"K\336\252\256\200\320-\026\327,-VZ\240\2642yW\305\035"
 219      80D02D16 
 219      D72C2D56 
 219      5AA0B432 
 219      7957C51D 
 220 04dc E518E53D 		.ascii	"\345\030\345=\036\013\0248A&\234\240\343r\202\266\270"
 220      1E0B1438 
 220      41269CA0 
 220      E37282B6 
 220      B8
 221 04ed BB34099A 		.ascii	"\2734\011\232\200\270\300\027\274\01148!A\335\356fU"
 221      80B8C017 
 221      BC093438 
 221      2141DDEE 
 221      6655
 222 04ff 821EE589 		.ascii	"\202\036\345\211\234\300\263\206\016z*:%\346n\365\034"
 222      9CC0B386 
 222      0E7A2A3A 
 222      25E66EF5 
 222      1C
 223 0510 099A08CF 		.ascii	"\011\232\010\317E\323\224t\300J\317\252\323 \235\223"
 223      45D39474 
 223      C04ACFAA 
 223      D3209D93 
 224 0520 D0EFA335 		.ascii	"\320\357\2435\022m\222|\376`\365\353\022\021-\263\364"
 224      126D927C 
 224      FE60F5EB 
 224      12112DB3 
 224      F4
 225 0531 AD141382 		.ascii	"\255\024\023\202\277\363&\320\247\207y\014\033\036\241"
 225      BFF326D0 
 225      A787790C 
 225      1B1EA1
 226 0540 C1B127A3 		.ascii	"\301\261'\243\337\027\273\211bO\226\254C;S$\342\361"
 226      DF17BB89 
 226      624F96AC 
 226      433B5324 
 226      E2F1
 227 0552 C0D63363 		.ascii	"\300\3263c\353\235\204h\322\021\024&\006q\2760\315\024"
 227      EB9D8468 
 227      D2111426 
 227      0671BE30 
 227      CD14
 228 0564 2606014D 		.ascii	"&\006\001M\373{\372\232L\022\361d`C\012\336\332\357"
 228      FB7BFA9A 
 228      4C12F164 
 228      60430ADE 
 228      DAEF
 229 0576 B51C596D 		.ascii	"\265\034Ym\335\006\357\343a)\302%\236\200\357\251%\320"
 229      DD06EFE3 
 229      6129C225 
ARM GAS  /tmp/ccD9J3av.s 			page 18


 229      9E80EFA9 
 229      25D0
 230 0588 FFA3C773 		.ascii	"\377\243\307s\300\352\250v\226\342\015\013\234\202m"
 230      C0EAA876 
 230      96E20D0B 
 230      9C826D
 231 0597 30C82729 		.ascii	"0\310')8\015\016z\354\240\273_/\374Sz)\372}S\3614>\011"
 231      380D0E7A 
 231      ECA0BB5F 
 231      2FFC537A 
 231      29FA7D53 
 232 05af FDE4BCEF 		.ascii	"\375\344\274\357\276j\220Nj_\274E\031ml\033G\276\200"
 232      BE6A904E 
 232      6A5FBC45 
 232      196D6C1B 
 232      47BE80
 233 05c2 A7AFA026 		.ascii	"\247\257\240&\240-\363!9\374\340\317\341\01480 \213"
 233      A02DF321 
 233      39FCE0CF 
 233      E10C3830 
 233      208B
 234 05d4 ABBDE315 		.ascii	"\253\275\343\025\0277l5?r$:\374\302Y\257\232f=\315g"
 234      17376C35 
 234      3F72243A 
 234      FCC259AF 
 234      9A663DCD 
 235 05e9 F5E2F7BB 		.ascii	"\365\342\367\273\373t5S04\372\245\232.\0356\025W&\336"
 235      FB743553 
 235      3034FAA5 
 235      9A2E1D36 
 235      155726DE 
 236 05fd 1AB99A73 		.ascii	"\032\271\232s\376\034\316\223\232\251r\252|j\342\207"
 236      FE1CCE93 
 236      9AA972AA 
 236      7C6AE287 
 237 060d ADE60247 		.ascii	"\255\346\002G\342\223\310EVC\273\226\236\373\363,(^"
 237      E293C845 
 237      5643BB96 
 237      9EFBF32C 
 237      285E
 238 061f E67E51CF 		.ascii	"\346~Q\317=\001\267\030\2745\362\334\377\355\177\342"
 238      3D01B718 
 238      BC35F2DC 
 238      FFED7FE2 
 239 062f 25CA3D81 		.ascii	"%\312=\201v\231\363\256\272M\023\345\003d\337+\274\325"
 239      7699F3AE 
 239      BA4D13E5 
 239      0364DF2B 
 239      BCD5
 240 0641 1994FB16 		.ascii	"\031\224\373\026\201\267O\270\276\336\024-o\323\343"
 240      81B74FB8 
 240      BEDE142D 
 240      6FD3E3
 241 0650 0E1FD9B4 		.ascii	"\016\037\331\264\335*\267E\023\374\344C\033\225\006"
 241      DD2AB745 
 241      13FCE443 
 241      1B9506
ARM GAS  /tmp/ccD9J3av.s 			page 19


 242 065f 83E069ED 		.ascii	"\203\340i\355\377^/\304\264a\027\3422\247E\177\012\240"
 242      FF5E2FC4 
 242      B46117E2 
 242      32A7457F 
 242      0AA0
 243 0671 CD3BADDE 		.ascii	"\315;\255\336I\234.\027C@i\02214\372\203K\223\304[D"
 243      499C2E17 
 243      43406912 
 243      3134FA83 
 243      4B93C45B 
 244 0686 2297E6C3 		.ascii	"\"\227\346\303\361\341J3\367\341\245\271\342\317\241"
 244      F1E14A33 
 244      F7E1A5B9 
 244      E2CFA1
 245 0695 9D4A93C4 		.ascii	"\235J\223\304\262L>Y\003^Y/\016[\326U\016\251Q\310k"
 245      B24C3E59 
 245      035E592F 
 245      0E5BD655 
 245      0EA951C8 
 246 06aa A1B2663C 		.ascii	"\241\262f< k&\206F\177\260\254d\2265s\344\262:\3749"
 246      206B2686 
 246      467FB0AC 
 246      64963573 
 246      E4B23AFC 
 247 06bf FC4CB292 		.ascii	"\374L\262\222Y\226\231\346\226\333v\340\212.k\326\260"
 247      599699E6 
 247      96DB76E0 
 247      8A2E6BD6 
 247      B0
 248 06d0 655DE790 		.ascii	"e]\347\220\006\012y\303\333\266^Y\263\271mg\005/\271"
 248      060A79C3 
 248      DBB65E59 
 248      B3B96D67 
 248      052FB9
 249 06e3 39D85878 		.ascii	"9\330XxK\266mX\021\263\037.\242\323\377\304\233$b\016"
 249      4BB66D58 
 249      11B31F2E 
 249      A2D3FFC4 
 249      9B24620E 
 250 06f7 8B88502A 		.ascii	"\213\210P*\242\345\3344\267\353\"R\206-\242\313\037"
 250      A2E5DC34 
 250      B7EB2252 
 250      862DA2CB 
 250      1F
 251 0708 F23FA122 		.ascii	"\362?\241\"\346\262\210\224`\021\251,b\356\310E\334"
 251      E6B28894 
 251      6011A92C 
 251      62EEC845 
 251      DC
 252 0719 F23FF136 		.ascii	"\362?\3616\211HUxqUn\365.\256\200\325dQV\333\245\264"
 252      89485578 
 252      71556EF5 
 252      2EAE80D5 
 252      645156DB 
 253 072f 83A77469 		.ascii	"\203\247ti/\015[Z\267\277\223{B\333n\336\003m7\037C"
 253      2F0D5B5A 
 253      B7BF937B 
ARM GAS  /tmp/ccD9J3av.s 			page 20


 253      42DB6EDE 
 253      036D371F 
 254 0744 A33FB8ED 		.ascii	"\243?\270\355\026p\333\315\037y\333y\3749\364\222\330"
 254      1670DBCD 
 254      1F79DB79 
 254      FC39F492 
 254      D8
 255 0755 052C2BD2 		.ascii	"\005,+\322'\353\220W\326\302a\313\352\363w\362\235P"
 255      27EB9057 
 255      D6C261CB 
 255      EAF377F2 
 255      9D50
 256 0767 592F3F20 		.ascii	"Y/? +\015C\243?X\326\"\226\2256rYw\3759\334#Y\213X\226"
 256      2B0D43A3 
 256      3F58D622 
 256      96953672 
 256      5977FD39 
 257 0781 950F85F2 		.ascii	"\225\017\205\362l\272\357\005ybK\247c\334s\376S&\237"
 257      6CBAEF05 
 257      79624BA7 
 257      63DC73FE 
 257      53269F
 258 0794 F5D2E576 		.ascii	"\365\322\345v\333\276u\202\016\362\236\3430\210M)o\341"
 258      DBBE7582 
 258      0EF29EE3 
 258      30884D29 
 258      6FE1
 259 07a6 20DDEE33 		.ascii	" \335\3563\365\372\301?\003\337\274\201A\370(\231!O"
 259      F5FAC13F 
 259      03DFBC81 
 259      41F82899 
 259      214F
 260 07b8 1897EA67 		.ascii	"\030\227\352gIP&\276\320\370`\037t\356\316\224\250\216"
 260      495026BE 
 260      D0F8601F 
 260      74EECE94 
 260      A88E
 261 07ca FA191295 		.ascii	"\372\031\022\225\205\257"
 261      85AF
 262 07d0 8E20141F 		.ascii	"\216 \024\037X\263$\252\363\327\022\224Mo\200@\020\037"
 262      58B324AA 
 262      F3D71294 
 262      4D6F8040 
 262      101F
 263 07e2 57B309B4 		.ascii	"W\263\011\264\321}\267~\232D-\226/\202=\253\216\326"
 263      D17DB77E 
 263      9A442D96 
 263      2F823DAB 
 263      8ED6
 264 07f4 5AE48B00 		.ascii	"Z\344\213\000\340~\000\211\317\305\213Y\224\235\376"
 264      E07E0089 
 264      CFC58B59 
 264      949DFE
 265 0803 CC74E2C9 		.ascii	"\314t\342\311\272\356\270\220\347B\205\376\352\000\272"
 265      BAEEB890 
 265      E74285FE 
 265      EA00BA
ARM GAS  /tmp/ccD9J3av.s 			page 21


 266 0812 F1259494 		.ascii	"\361%\224\224\220\340\230\267l\371\322\345Y\257:\012"
 266      90E098B7 
 266      6CF9D2E5 
 266      59AF3A0A 
 267 0822 8A1DCB96 		.ascii	"\212\035\313\226\3449\012\013\212J\212\035\257\276\226"
 267      E4390A0B 
 267      8A4A8A1D 
 267      AFBE96
 268 0831 9194E848 		.ascii	"\221\224\350HO\237\357X\230\235\226\365\373DG\341\222"
 268      4F9FEF58 
 268      989D96F5 
 268      FB4447E1 
 268      92
 269 0842 BC37F2F2 		.ascii	"\2747\362\362r\022\336T4Bh\371K\212\337\322\362\013"
 269      7212DE54 
 269      344268F9 
 269      4B8ADFD2 
 269      F20B
 270 0854 7272C5D2 		.ascii	"rr\305\322\345%\332\222\274\222\"C\341\333\2059E\246"
 270      E525DA92 
 270      BC922243 
 270      E1DB8539 
 270      45A6
 271 0866 82E2C2DC 		.ascii	"\202\342\302\334\334\234\"cA\311\037\013s\213\014\004"
 271      DC9C2263 
 271      41C91F0B 
 271      738B0C04 
 272 0876 2932D37D 		.ascii	")2\323}b\250\371\323\325\374D5\377\205\377\001\253\333"
 272      62A8F9D3 
 272      D5FC4435 
 272      FF85FF01 
 272      ABDB
 273 0888 D75D     		.ascii	"\327]"
 274              		.text
 275              		.section	.gnu.lto_.symbol_nodes.5b053c1f0ccb7d62,"",%progbits
 276 0000 789C6361 		.ascii	"x\234ca`dPc\000\002\246m\214\365\014\014\023\31610\000"
 276      60645063 
 276      0002A66D 
 276      8CF50C0C 
 276      13CE3130 
 277 0015 A95D0D8A 		.ascii	"\251]\015\212@\221\355\214\365\214(\"\014\000\272\323"
 277      4091ED8C 
 277      F58C2822 
 277      0C00BAD3 
 278 0025 090E     		.ascii	"\011\016"
 279              		.text
 280              		.section	.gnu.lto_.refs.5b053c1f0ccb7d62,"",%progbits
 281 0000 789C6361 		.ascii	"x\234ca`\004B \000\000\0009\000\007"
 281      60044220 
 281      00000039 
 281      0007
 282              		.text
 283              		.section	.gnu.lto_.decls.5b053c1f0ccb7d62,"",%progbits
 284 0000 789CAD58 		.ascii	"x\234\255XkPTG\026\276}{f\030\206A,a\263f\227\335r-"
 284      6B505447 
 284      16BE7D7B 
 284      66188641 
ARM GAS  /tmp/ccD9J3av.s 			page 22


 284      2C61B366 
 285 0018 62D8AA8D 		.ascii	"b\330\252\215\0231\225\332_\251R\320\304\254\006j0\331"
 285      133195DA 
 285      5FA952D0 
 285      C4AC066A 
 285      30D9
 286 002a DAAAAD9D 		.ascii	"\332\252\255\235\020\031\343\324\"P0l\231_;2#\243\022"
 286      1019E3D4 
 286      2250306C 
 286      995F3B32 
 286      23A312
 287 003d 22202228 		.ascii	"\" \"(>@\015O\345!\004y\351(\212\"\362T\020\304\007"
 287      3E400D4F 
 287      E5210479 
 287      E9288A22 
 287      F25410C4 
 288 0052 BE505C8D 		.ascii	"\276P\\\215(\312\313\327\236\356\2763w\3462\263\311"
 288      28CACBD7 
 288      9EEEBE33 
 288      77E632B3 
 288      C9
 289 0063 D6EE14E7 		.ascii	"\326\356\024\347\366=}\277>\347\353\323}\317\351\213"
 289      F63D7DBF 
 289      3EE7EBD3 
 289      7DCFE98B 
 290 0073 8C431CF9 		.ascii	"\214C\034\371\275\365K\216\333\301s\\\030\250o\340\207"
 290      BDF54B8E 
 290      DBC1735C 
 290      18A86FE0 
 290      87
 291 0084 A1EF0B4E 		.ascii	"\241\357\013N\374\301#\356&H0\342f\374H\277\237\200"
 291      FCC123EE 
 291      264830E2 
 291      66FC48BF 
 291      9F80
 292 0096 9F031200 		.ascii	"\237\003\022\000r\035\344]\220\225\200\377\024\344G"
 292      721DE45D 
 292      909580FF 
 292      14E447
 293 00a5 B8FF0CDA 		.ascii	"\270\377\014\332k\320\206C;\037d\025H\004\310\357@\374"
 293      6BD08643 
 293      3B1F6415 
 293      4804C8EF 
 293      40FC
 294 00b7 A1FF2368 		.ascii	"\241\377#h/A\333\012\362\033\270?\015\355\257\241=\017"
 294      2F41DB0A 
 294      F21BB83F 
 294      0DEDAFA1 
 294      3D0F
 295 00c9 EDDBD036 		.ascii	"\355\333\3206C;\027\3326h\177\005\355Yh\177\013m\013"
 295      433B17DA 
 295      36687F05 
 295      ED59687F 
 295      0B6D0B
 296 00dc F1096D2F 		.ascii	"\361\011m/\264} \227\235\370~\356\206/\231\203\217\204"
 296      B47D2097 
 296      9DF87EEE 
ARM GAS  /tmp/ccD9J3av.s 			page 23


 296      862F9983 
 296      8F84
 297 00ee EF3BD077 		.ascii	"\357;\320w\037\332; \015\002\367\010\216q#\334\025\002"
 297      1FDA3B20 
 297      0D02F708 
 297      8E7123DC 
 297      1502
 298 0100 27C28770 		.ascii	"'\302\207p!\376\211o\342\027y\210\313+\036\225d\364"
 298      21FE896F 
 298      E2177988 
 298      CB2B1E95 
 298      64F4
 299 0112 D6E34134 		.ascii	"\326\343A4\200\200\017\232M{\021bWD\205cBU\270\3419"
 299      80800F9A 
 299      4D7B1162 
 299      57448563 
 299      4255B8E1 
 300 0127 C19EBD0B 		.ascii	"\301\236\275\013\331\201\344\012\027\036\011}\234\303"
 300      D981E40A 
 300      171E097D 
 300      9CC3
 301 0135 18FD13C6 		.ascii	"\030\375\023\306\323\265\243?jD\264\216\204A\310\301"
 301      D3B5A33F 
 301      6A44B48E 
 301      8441C8C1 
 302 0145 803EE6D8 		.ascii	"\200>\346\330s\207U\326\360\342\000'{\214\256`N\344"
 302      738755D6 
 302      F0E20027 
 302      7B8CAE60 
 302      4EE4
 303 0157 EC981372 		.ascii	"\354\230\023rL\272,\367\2567\346\021\271\2771U\264|"
 303      4CBA2CF7 
 303      AE37E611 
 303      B9BF3155 
 303      B47C
 304 0169 6199097E 		.ascii	"a\231\011~\351&\023\037,F\246\333R\221\207\237\361h"
 304      E926131F 
 304      2C46A6DB 
 304      5291879F 
 304      F168
 305 017b 8E0AC940 		.ascii	"\216\012\311@}\322\276\353\366,P\003Th\036\250\027\207"
 305      7DD2BEEB 
 305      F62C5003 
 305      54681EA8 
 305      1787
 306 018d F32D6AF6 		.ascii	"\363-j\366\264\213\240\2175=\012aj h\365\327\236\330"
 306      B48BA08F 
 306      353D0A61 
 306      6A2068F5 
 306      D79ED8
 307 01a0 7C187808 		.ascii	"|\030x\010\201^4\234\367\235\200\376#\2505\355\307\256"
 307      815E349C 
 307      F79D80FE 
 307      23A835ED 
 307      C7AE
 308 01b2 CBF1DBD4 		.ascii	"\313\361\333\324\377\217\226\273C>\354\321\\P{F/\354"
 308      FF8F96BB 
ARM GAS  /tmp/ccD9J3av.s 			page 24


 308      433EECD1 
 308      5C507B46 
 308      2FEC
 309 01c4 11D4D9A0 		.ascii	"\021\324\331\240^\335\222\262W\201\347Q\344\265s\305"
 309      5EDD92B2 
 309      5781E751 
 309      E4B573C5 
 310 01d4 A584D0BB 		.ascii	"\245\204\320\273*D\346\353\007]\345\017\353\246|Y\027"
 310      2A44E6EB 
 310      075DE50F 
 310      EBA67C59 
 310      17
 311 01e5 41F46C7B 		.ascii	"A\364l{z\320\013\277C\356\371\226\264\243U>(X\365=\231"
 311      7AD00BBF 
 311      43EEF996 
 311      B4A3553E 
 311      2858F53D 
 312 01fa DA50F721 		.ascii	"\332P\367!u\235\3114\033\035C*\364\003\302\250\030-"
 312      759DC934 
 312      1B1D432A 
 312      F403C2A8 
 312      182D
 313 020c 24017957 		.ascii	"$\001yW\005\327\315&S\262)\335l\232sn\026\207JQ *A\201"
 313      05D7CD26 
 313      53B229DD 
 313      6C9A736E 
 313      16874A51 
 314 0224 1CAA45C1 		.ascii	"\034\252E\301\304,\001\242\032\350\254\206NpQ|0\243"
 314      C42C01A2 
 314      1AE8AC86 
 314      4E70517C 
 314      30A3
 315 0236 4081F5D4 		.ascii	"@\201\365\324Enu\311\204\312\341\242\311\372A\031q\321"
 315      456E75C9 
 315      84CAE1A2 
 315      C9FA4119 
 315      71D1
 316 0248 002EEA44 		.ascii	"\000.\352D\027\340\321\243\217z\367>n\325_\335\310\343"
 316      17E0D1A3 
 316      8F7AF73E 
 316      6ED55FDD 
 316      C8E3
 317 025a 1C44E7B4 		.ascii	"\034D\347\264\253\341\331y9\013\210\022\324\307\333"
 317      ABE1D979 
 317      390B8812 
 317      D4C7DB
 318 0269 CFB4F338 		.ascii	"\317\264\3638\217=\033\3567\347*p\001S\322_\015\230"
 318      8F3D1BEE 
 318      37E72A70 
 318      0153D25F 
 318      0D98
 319 027b 14B88429 		.ascii	"\024\270\204)i\217'\363e\270\222)\003\346\211>_\\K\025"
 319      698F27F3 
 319      65B89229 
 319      03E6893E 
 319      5F5C4B15 
 320 028f EF2353A9 		.ascii	"\357#S\251w\324((\310?((8((\250\200\020\033\232j\373"
ARM GAS  /tmp/ccD9J3av.s 			page 25


 320      77D42828 
 320      C83F2828 
 320      382828A8 
 320      80101B9A 
 321 02a5 E7F6C214 		.ascii	"\347\366\302\024Sz\024e\337\010\354\317 \177\221g\025"
 321      537A1465 
 321      DF08ECCF 
 321      207F9167 
 321      15
 322 02b6 5C38B408 		.ascii	"\\8\264\010.\034\305\333\306;\325v\360\011)\270I\004"
 322      2E1CC5DB 
 322      C63BD576 
 322      F00929B8 
 322      4904
 323 02c8 6708DBCA 		.ascii	"g\010\333\312\204\214\034:\002\200\303\364\031\201\303"
 323      848C1C3A 
 323      0280C3F4 
 323      1981C3
 324 02d7 9CD13998 		.ascii	"\234\3219\230~\013\012B\255 \247A\316\2034\203\264\201"
 324      7E0B0A42 
 324      AD20A741 
 324      CE833483 
 324      B481
 325 02e9 9C454174 		.ascii	"\234EAt#2\177\327E\177'\245\3764\022n\331=\016\354)"
 325      23327FD7 
 325      457F27A5 
 325      FE34126E 
 325      D93D0EEC 
 326 02fe 29B652E4 		.ascii	")\266R\344F\027\3156\010\206MJ\002\342\204\005\023\235"
 326      4617CD36 
 326      08864D4A 
 326      02E28405 
 326      139D
 327 0310 8E7506E6 		.ascii	"\216u\006\346\232l\026LM\331\334\272-E\242\337i\221"
 327      9A6C164C 
 327      4DD9DCBA 
 327      2D45A2DF 
 327      6991
 328 0322 E371F731 		.ascii	"\343q\3671qFg\212,\217\272\0177C\303\362\235xm\351R"
 328      7146678A 
 328      2C8FBA0F 
 328      3743C3F2 
 328      9D786DE9 
 329 0337 E051BA7C 		.ascii	"\340Q\272|\274\371\340\223\014%\012\366g\364s{\020\241"
 329      BCF9E093 
 329      0C250AF6 
 329      67F4737B 
 329      10A1
 330 0349 DF01A32F 		.ascii	"\337\001\243/\210[\216\314\306C\360Q;\304\374\277\211"
 330      885B8ECC 
 330      C643F051 
 330      3BC4FCBF 
 330      89
 331 035a 3F79079F 		.ascii	"?y\007\237\366Y}\260\231\245\213\362\227Y\205\012\274"
 331      F6597DB0 
 331      99A58BF2 
 331      9759850A 
ARM GAS  /tmp/ccD9J3av.s 			page 26


 331      BC
 332 036b 95296F46 		.ascii	"\225)oF\006\016x\263\2759J\364\224\302+i\230\275\366"
 332      060E78B3 
 332      BD394AF4 
 332      94C22B69 
 332      98BDF6
 333 037e 262F9224 		.ascii	"&/\222$&\272\254*\234A\301\212\251\007{\315\263`\343"
 333      26BAAC2A 
 333      9C41C18A 
 333      A9077BCD 
 333      B360E3
 334 0391 C1D60B2E 		.ascii	"\301\326\013.\240\354\273{\0027\322\000\023\376]\300"
 334      A0ECBB7B 
 334      0237D200 
 334      13FE5DC0 
 335 03a1 BF1F5A07 		.ascii	"\277\037Z\007S\227u\005t\277\226\004\214@;\245\320J"
 335      53977505 
 335      74BF9604 
 335      8C403BA5 
 335      D04A
 336 03b3 D7F00278 		.ascii	"\327\360\002x\324\001\256\220\202\313\221\304pN\244"
 336      D401AE90 
 336      82CB91C4 
 336      704EA4
 337 03c2 1D7B518A 		.ascii	"\035{Q\212-s2\354\022\317\036@t\323\207\375B0\007 \230"
 337      2D7332EC 
 337      12CF1E40 
 337      74D387FD 
 337      42300720 
 338 03d7 972070BD 		.ascii	"\227 p\275 } \227\205\000\262\205j\350\241\373\254\337"
 338      207D2097 
 338      8500B285 
 338      6AE8A1FB 
 338      ACDF
 339 03e9 759F4188 		.ascii	"u\237A\210NN=\334\344\207sh\210\370\373\217\323\252"
 339      4E4E3DDC 
 339      E4877368 
 339      88F8FB8F 
 339      D3AA
 340 03fb C5C57D7E 		.ascii	"\305\305}~\221.\356UppE\\\334\376\231\213k'\203\006"
 340      912EEE55 
 340      7070455C 
 340      DCFE998B 
 340      6B278306 
 341 040f 81C34FF1 		.ascii	"\201\303O\361\001\237\235W\357\214\372\371\013&l\036"
 341      019F9D57 
 341      EF8CFAF9 
 341      0B266C1E 
 342 041f 4D709EC6 		.ascii	"Mp\236\306\333\246\273\255\012\365V1\245\241kN\333\227"
 342      DBA6BBAD 
 342      0AF55631 
 342      A5A16B4E 
 342      DB97
 343 0431 43D7915A 		.ascii	"C\327\221Z@\2164\235\035\363\222\361\254\017}%#}Em#"
 343      408E349D 
 343      1DF392F1 
 343      AC0F7D25 
ARM GAS  /tmp/ccD9J3av.s 			page 27


 343      237D456D 
 344 0446 7F9B9B4D 		.ascii	"\177\233\233M\235\233M\363d\350\213\267\234\206\016"
 344      9D9B4DF3 
 344      64E88BB7 
 344      9C860E
 345 0455 A1B970BD 		.ascii	"\241\271p\275\201dl\374w\235\371\257\275\347\3577\355"
 345      81646CFC 
 345      779DF9AF 
 345      BDE7EF37 
 345      ED
 346 0466 AF300DED 		.ascii	"\2570\015\355\330\376\327\233U&\323\026\030(#8T$\006"
 346      D8FED79B 
 346      5526D316 
 346      18282338 
 346      542406
 347 0479 056E4953 		.ascii	"\005nIS\010\3649t\023\315\207\241\217\016\231\267\373"
 347      08F43974 
 347      13CD87A1 
 347      8F0E99B7 
 347      FB
 348 048a E13EB651 		.ascii	"\341>\266QK\332\213_\312\360C\026\345\344\351\324\032"
 348      4BDA8B5F 
 348      CAF04316 
 348      E5E4E9D4 
 348      1A
 349 049b 255205BB 		.ascii	"%R\005\273\317\311w\335\344d\226\340\247R\227\037\332"
 349      CFC977DD 
 349      E46496E0 
 349      A752971F 
 349      DA
 350 04ac 043512DD 		.ascii	"\0045\022\335\201\227\366\266\350\274\201fx\3602q\323"
 350      8197F6B6 
 350      E8BC8166 
 350      78F03271 
 350      D3
 351 04bd DA8AE96C 		.ascii	"\332\212\351l\011\202\315\326rz<\303\027?g\236\263/"
 351      0982CDD6 
 351      727A3CC3 
 351      173F679E 
 351      B32F
 352 04cf ED1CF3F1 		.ascii	"\355\034\363\361\350y\304\223g\333k\177\360z\037l\336"
 352      E879C493 
 352      67DB6B7F 
 352      F07A1F6C 
 352      DE
 353 04e0 73E3F545 		.ascii	"s\343\365E\336\263{\276\324+A\014#\352v\367\330\265"
 353      DEB37BBE 
 353      D42B410C 
 353      23EA76F7 
 353      D8B5
 354 04f2 11E1CD0C 		.ascii	"\021\341\315\014v*\336sX\361\236\314\277\223\311\343"
 354      762ADE73 
 354      58F19ECC 
 354      BF93C9E3 
 355 0502 644C63D3 		.ascii	"dLc\323U\270\271\013\253\200\222\371g\027\250\2127Y"
 355      55B8B90B 
 355      AB8092F9 
ARM GAS  /tmp/ccD9J3av.s 			page 28


 355      6717A88A 
 355      3759
 356 0514 43BED8CA 		.ascii	"C\276\330\312\306\037\236\274\361\203\034\177\313\224"
 356      C61F9EBC 
 356      F1831C7F 
 356      CB94
 357 0522 B4AC53A7 		.ascii	"\264\254S\247d8\203)\007r3\254r\234\315\224\342\314"
 357      64388329 
 357      077233AC 
 357      729CCD94 
 357      E2CC
 358 0534 F40A15CE 		.ascii	"\364\012\025\316a\212\275\312\007\260*\177\346\315\204"
 358      618ABDCA 
 358      07B02A7F 
 358      E6CD84
 359 0543 CD8FD1E3 		.ascii	"\315\217\321\343A\315)\271<\355\215w1\350\241\351\027"
 359      41CD29B9 
 359      3CED8D77 
 359      31E8A1E9 
 359      17
 360 0554 A324A72C 		.ascii	"\243$\247, U\037;\325\374\005\254\346\237hk\375^\215"
 360      20551F3B 
 360      D5FC05AC 
 360      E69F686B 
 360      FD5E8D
 361 0567 F753307F 		.ascii	"\367S0\177\320\226\274\011\331\003\014\023R\025\301"
 361      D096BC09 
 361      D9030C13 
 361      5215C1
 362 0576 6C9E01F1 		.ascii	"l\236\001\361\347d6/`6\013\204\331LB\347\204ci\273\037"
 362      E764362F 
 362      60360B84 
 362      D94C42E7 
 362      846369BB 
 363 058b 7D6A8677 		.ascii	"}j\206w\011MC\004\247\304\030/\020B|<cpX\205K\231\217"
 363      094D4304 
 363      A7C4182F 
 363      10427C3C 
 363      63705885 
 364 05a2 E2D10B65 		.ascii	"\342\321\013e~\036}\274\366\350\243\311\272\200\236"
 364      7E1E7DBC 
 364      F6E8A3C9 
 364      BA809E
 365 05b1 0F5E818F 		.ascii	"\017^\201\217\227\242\217i\373:&O\0264*q5u\";\2345\260"
 365      97A28F69 
 365      FB3A264F 
 365      16342A71 
 365      3575223B 
 366 05c8 4F81A048 		.ascii	"O\201\240H\007\013\005:5f\2735\305\324\365%\035\376"
 366      070B053A 
 366      3566BB35 
 366      C5D4F525 
 366      1DFE
 367 05da 06866FE4 		.ascii	"\006\206o\344\375E\257\032I\311\265\301d\0228\247\367"
 367      FD45AF1A 
 367      49C9B5C1 
 367      641238A7 
ARM GAS  /tmp/ccD9J3av.s 			page 29


 367      F7
 368 05eb 8AA04956 		.ascii	"\212\240IV0\363\301\310\304\007\241d\336\271\274VmS"
 368      30F3C1C8 
 368      C407A164 
 368      DEB9BC56 
 368      6D53
 369 05fd DB4D8FBB 		.ascii	"\333M\217\2735\375\014\211%s_'O\322\022\200\\S\231\254"
 369      35FD0C89 
 369      25735F27 
 369      4FD21280 
 369      5C5399AC 
 370 0611 A0A0E5A8 		.ascii	"\240\240\345\250\022\005\300\271\"Sx\273ij\021IX\370"
 370      1205C0B9 
 370      225378BB 
 370      696A1149 
 370      58F8
 371 0623 004AC20A 		.ascii	"\000J\302\012$R\200\304&\221\004\330\255\351\304P\015"
 371      245280C4 
 371      269104D8 
 371      ADE9C450 
 371      0D
 372 0634 9299FB31 		.ascii	"\222\231\3731\240A\340\036\253\374\036\347\342\374\324"
 372      A041E01E 
 372      ABFC1EE7 
 372      E2FCD4
 373 0643 339A71DE 		.ascii	"3\232q\336\275m\026\341\014\030I\372}\374tw\237_\000"
 373      BD6D16E1 
 373      0C1849FA 
 373      7DFC7477 
 373      9F5F00
 374 0656 F0DDE899 		.ascii	"\360\335\350\231/\347B\226\274\323\315\2755j|\214\355"
 374      2FE74296 
 374      BCD3CDBD 
 374      356A7C8C 
 374      ED
 375 0667 CFBB6DE5 		.ascii	"\317\273m\345\311J\334\310\224\275\355G\332\344\330"
 375      C94ADCC8 
 375      94BDED47 
 375      DAE4D8
 376 0676 C69486D2 		.ascii	"\306\224\206\322#=<naJY\335h*\302\035Lyb-7\342^vo\331"
 376      233D3C6E 
 376      614A59DD 
 376      682AC21D 
 376      4C79622D 
 377 0690 93DEC9B3 		.ascii	"\223\336\311\263\275\377\007P\263\267\344\015\311\204"
 377      BDFF0750 
 377      B3B7E40D 
 377      C984
 378 069e 93337917 		.ascii	"\2233y\027\252\372\212\032\224x\220b}wgW^R\320\022J"
 378      AAFA8A1A 
 378      94789062 
 378      7D776757 
 378      5E52D012 
 379 06b3 8E6FF400 		.ascii	"\216o\364\000W`\262\230M\266\235\366h\374\010\321\330"
 379      5760B298 
 379      4DB69DF6 
 379      68FC08D1 
ARM GAS  /tmp/ccD9J3av.s 			page 30


 379      D8
 380 06c4 CA63B493 		.ascii	"\312c\264\223\367t|\263@\220k;y\006\337\0143|\202$\360"
 380      F7747CB3 
 380      40906B3B 
 380      7906DF0C 
 380      337C8224 
 381 06d9 4A173858 		.ascii	"J\0278X\177\323\341d\375;\251u\215\004}\234\235\203"
 381      7FD3E164 
 381      FD3BA975 
 381      8D047D9C 
 381      9D83
 382 06eb 0836438A 		.ascii	"\0106C\212\375\227\324\3641\021<\352\236\207\233\342"
 382      FD97D4F4 
 382      31113CEA 
 382      9E879BE2 
 383 06fb 9BCE07A2 		.ascii	"\233\316\007\242m<y\270S\330\326y\260\243\262`\221\366"
 383      6D3C79B8 
 383      53D8D679 
 383      B0A3B260 
 383      91F6
 384 070d 80EC06C9 		.ascii	"\200\354\006\311\005\311\004\311\001\331\016\222\015"
 384      05C904C9 
 384      01D90E92 
 384      0D
 385 071a B20B642F 		.ascii	"\262\013d/\310\016\307\256#\004rD\002[\334\307\315~"
 385      C80EC7AE 
 385      23047244 
 385      025BDCC7 
 385      CD7E
 386 072c AC20E82C 		.ascii	"\254 \350,\021\235*E7\315@\327\213\350\307\322\311="
 386      119D2A45 
 386      37CD40D7 
 386      8BE8C7D2 
 386      C93D
 387 073e 94462253 		.ascii	"\224F\"S\004\177\353\336\264\323~~\321A\217\023;y\311"
 387      047FEBDE 
 387      B4D37E7E 
 387      D1418F13 
 387      3B79C9
 388 0751 B19518CA 		.ascii	"\261\225\030\312p\336\013inW\313\231d\243\350\367\221"
 388      70DE0B69 
 388      6E57CB99 
 388      64A3E8F7 
 388      91
 389 0762 7B928E83 		.ascii	"{\222\216\203\250\255}\262Z\216o\2604x\273uz\024;\316"
 389      A8AD7DB2 
 389      5A8E6FB0 
 389      3478BB75 
 389      7A143BCE 
 390 0776 2ADD9DF4 		.ascii	"*\335\235\364\254\222\017\243\367\361\216\334F\370y"
 390      AC920FA3 
 390      F7F18EDC 
 390      46F879
 391 0785 583BB41F 		.ascii	"X;\264\037\226\354\177Y>\340\323\336\322\177R\351r\016"
 391      96EC7F59 
 391      3EE0D3DE 
 391      D27F52E9 
ARM GAS  /tmp/ccD9J3av.s 			page 31


 391      720E
 392 0797 C9E79DCF 		.ascii	"\311\347\235\317!\005\274Z`\002\340\332-9\367|\361C"
 392      2105BC5A 
 392      6002E0DA 
 392      2D39F77C 
 392      F143
 393 07a9 463EF3EA 		.ascii	"F>\363\352\253\\ \257f\344/f\007\022\362\207\000~@$"
 393      AB5C20AF 
 393      66E42F66 
 393      0712F287 
 393      007E4024 
 394 07bd 0FA3A1F1 		.ascii	"\017\243\241\361d\035\035\004\316.\016.[-\355<\255\303"
 394      641D1D04 
 394      CE2E0E2E 
 394      5B2DED3C 
 394      ADC3
 395 07cf C4       		.ascii	"\304"
 396 07d0 D0035687 		.ascii	"\320\003V\207\037]\331\366@\355\361\264S\310\223\323"
 396      1F5DD9F6 
 396      40EDF1B4 
 396      53C893D3 
 397 07e0 CEF7BC70 		.ascii	"\316\367\274p\332\271:~\266\304\327~\332\271\250\273"
 397      DAB93A7E 
 397      B6C4D77E 
 397      DAB9A8BB 
 398 07f0 E538ED00 		.ascii	"\3458\355\000\016\335\022K\306-\347\323N\021ON;\015"
 398      0EDD124B 
 398      C62DE7D3 
 398      4E114F4E 
 398      3B0D
 399 0802 B58D2DC2 		.ascii	"\265\215-\302W\342\373\244\300\347l*Dx\202e\230\266"
 399      57E2FBA4 
 399      C0E76C2A 
 399      44788265 
 399      98B6
 400 0814 BEFC2372 		.ascii	"\276\374#r\374\212)\355\367*{\274\260YF\225\235u\267"
 400      FC8A29ED 
 400      F72A7BBC 
 400      B0594695 
 400      9D75B7
 401 0827 4667E154 		.ascii	"Fg\341T\246d4?\037\363\301\333\230\322\276%s\007\217"
 401      A664343F 
 401      1FF3C1DB 
 401      98D2BE25 
 401      73078F
 402 083a B398F2A4 		.ascii	"\263\230\362\244\253y\2537\316c\312\326\223\003)\336"
 402      AB79AB37 
 402      CE63CAD6 
 402      930329DE 
 403 084a F82053F2 		.ascii	"\370 S\362\357\327\301!\253\224)\215\2035\032\\\315"
 403      EFD7C121 
 403      AB94298D 
 403      83351A5C 
 403      CD
 404 085b EE8BEBD2 		.ascii	"\356\213\353\322n\312q\023Sn\327Z\306e\370$S\272\352"
 404      6ECA7113 
 404      536ED75A 
ARM GAS  /tmp/ccD9J3av.s 			page 32


 404      C665F824 
 404      53BAEA
 405 086e 87EECEC2 		.ascii	"\207\356\316\302-Lyz\240|\037b\331\316Fj\373\245\272"
 405      2D4C797A 
 405      A07C1F62 
 405      D9CE466A 
 405      FBA5BA
 406 0881 DECD3EB8 		.ascii	"\336\315>\270\225>\234=\234cIS\261l'$;\377 !\341\015"
 406      953E9C3D 
 406      9C634953 
 406      B16C2724 
 406      3BFF2021 
 407 0897 350C7FF9 		.ascii	"5\014\177\371\260\347\216\311\224\251\246;\3670,\333"
 407      B0E78EC9 
 407      94A9A63B 
 407      F7302CDB 
 408 08a7 194F3B97 		.ascii	"\031O;\227\355\363\212A\307>?&E\027\363R\364\353+\016"
 408      EDF38A41 
 408      C73E3F26 
 408      4517F352 
 408      F4EB2B0E 
 409 08bb 7495145D 		.ascii	"t\225\024]%}u\263D\323\345Rp\345\014\"\223\242\351\032"
 409      257D75B3 
 409      44D3E552 
 409      70E50C22 
 409      93A2E91A 
 410 08cf 297AC6DB 		.ascii	")z\306\333\231.\232\256t\317\303\031\275KD\227I\321"
 410      992E9AAE 
 410      74CFC319 
 410      BD4B4497 
 410      49D1
 411 08e1 3352EF4B 		.ascii	"3R\357K\221\307Q)xf.\313\024MW\270\237\243Sz\032\273"
 411      91C75129 
 411      78662ECB 
 411      144D57B8 
 411      9FA3537A 
 412 08f7 C2BEAADD 		.ascii	"\302\276\252\335\245\247}\203\001bz*q\277\022N,\263"
 412      A5A77D83 
 412      01627A2A 
 412      71BF124E 
 412      2CB3
 413 0909 45BF47DC 		.ascii	"E\277G\334/\362\314\3774\324B\216a_yg\204\004s\012^"
 413      2FF2CCFF 
 413      34D4428E 
 413      615F7967 
 413      8404730A 
 414 091e D673903C 		.ascii	"\326s\220<\232@Z@l \015 \307AN\2024\202\234\006\251"
 414      9A405A40 
 414      6C200D20 
 414      C7414E82 
 414      34829C06 
 415 0933 03390172 		.ascii	"\0039\001r\026\244\031\244\336\245VL\213\021\253v\037"
 415      16A419A4 
 415      DEA5564C 
 415      8B11AB76 
 415      1F
 416 0944 3127E279 		.ascii	"1'\342y\"\361R\367k\341\034\336q\321\364\017n7\305\""
ARM GAS  /tmp/ccD9J3av.s 			page 33


 416      22F152F7 
 416      6BE11CDE 
 416      71D1F40F 
 416      6E37C522 
 417 0958 21073F2F 		.ascii	"!\007?/+\273\346\2037\312i\032\233\352\357\275\205\221"
 417      2BBBE683 
 417      37CA691A 
 417      9BEAEFBD 
 417      8591
 418 096a 7FB0DBD9 		.ascii	"\177\260\333\331\2436\230\364\377+\000l]\217\356\246"
 418      A33698F4 
 418      FF2B006C 
 418      5D8FEEA6 
 419 097a 59FE3C18 		.ascii	"Y\376<\030m\025\023\345\031\232\345\201\333\236\262"
 419      6D1513E5 
 419      199AE581 
 419      DB9EB2
 420 0989 89FB3297 		.ascii	"\211\3732\227||\336%\037_\240\031\225\266\200\036o\336"
 420      7C7CDE25 
 420      1F5FA019 
 420      95B6801E 
 420      6FDE
 421 099b 64F575FD 		.ascii	"d\365u\375\012u\367_\012\356\347\374\213\"\333\326m"
 421      0A75F75F 
 421      0AEEE7FC 
 421      8B22DBD6 
 421      6D
 422 09ac 452E9EDB 		.ascii	"E.\236\333]<w\010\236;\250\347\262\315\017F\374\334"
 422      5D3C7708 
 422      9E3BA8E7 
 422      B2CD0F46 
 422      FCDC
 423 09be 7BE67EBE 		.ascii	"{\346~\276[\324\311\373\203\261s\275\267s\224*\341\213"
 423      5BD4C9FB 
 423      83B173BD 
 423      B773942A 
 423      E18B
 424 09d0 2EFDA73F 		.ascii	".\375\247?\237P\027\257\"i4\345\361e\214\323\350:\242"
 424      9F5017AF 
 424      226934E5 
 424      F1658CD3 
 424      E83AA2
 425 09e3 F35BCB3A 		.ascii	"\363[\313:T\264t\000A\341\303q\177\333\241\002o\332"
 425      54B47400 
 425      41E1C371 
 425      7FDBA102 
 425      6FDA
 426 09f5 47AA4C0F 		.ascii	"G\252L\017O;\037\334L+Vy,'\227h9\271h/'\331\335#w\325"
 426      4F3B1FDC 
 426      4C2B5679 
 426      2C279768 
 426      39B9682F 
 427 0a0f 504E6CB4 		.ascii	"PNl\264\234|\264\207\225\223d\031\301\241nq\375\340"
 427      9C7CB487 
 427      95936419 
 427      C1A16E71 
 427      FDE0
ARM GAS  /tmp/ccD9J3av.s 			page 34


 428 0a21 562C27BD 		.ascii	"V,'\275\374|\316W\027\037\025\243\213\211\211\326\031"
 428      FC7CCE57 
 428      171F15A3 
 428      8B8989D6 
 428      19
 429 0a32 620D46E5 		.ascii	"b\015F\345\307\237}>/t\321\"N\021\021\032\026e\214\222"
 429      C79F7D3E 
 429      2F74D122 
 429      4E11111A 
 429      16658C92 
 430 0a46 45AD4D88 		.ascii	"E\255M\210Q\351tI\206X\343\342\020\235\361\003MRb\202"
 430      51E97449 
 430      8658E3E2 
 430      109DF103 
 430      4D526282 
 431 0a5a 262A61FD 		.ascii	"&*a\375{\261q\261\372\367\364Q_\0314\206\33051I\321"
 431      7BB171B1 
 431      FAF7F451 
 431      5F193486 
 431      D8353149 
 432 0a6f 7ACDFAA8 		.ascii	"z\315\372\2505\353\014\261z\215.Z\2776*)\306\2503~\023"
 432      35EB0CB1 
 432      7A8D2E5A 
 432      BF362A29 
 432      C6A8337E 
 433 0a84 AF4F5CB8 		.ascii	"\257O\\\270\216S\332G\377\376?\214N\374&Q\243K4F\003"
 433      8E53DA47 
 433      FFFE3F8C 
 433      4EFC2651 
 433      A34B3446 
 434 0a99 1486E0B8 		.ascii	"\024\206\340\270\350\004y|R|t\202W\\b\274^\037\235\240"
 434      E804797C 
 434      527C7482 
 434      575C62BC 
 434      5E1F9DA0 
 435 0aad 8823E612 		.ascii	"\210#\346\022\344\353\343\242\365\011\204\326\272\305"
 435      E4EBE3A2 
 435      F50984D6 
 435      BAC5
 436 0abb 0B176A42 		.ascii	"\013\027jB\327\031\2762\204Gj\342\0225\353\242b4\361"
 436      D719BE32 
 436      84476AE2 
 436      1235EBA2 
 436      6234F1
 437 0ace 7109C644 		.ascii	"q\011\306DM\344\352U\213C4+W\206i>\216X\021\376\217"
 437      4DE4EA55 
 437      8B43342B 
 437      5786693E 
 437      8E5811FE 
 438 0ae3 108D3043 		.ascii	"\020\2150C\260;'\321\270\036\230|\035o\210\323%\352"
 438      B03B27D1 
 438      B81E987C 
 438      1D6F88D3 
 438      25EA
 439 0af5 8D49F13A 		.ascii	"\215I\361:\243\"b)\231\251\"b\011k\226\223\306;b\311"
 439      A3226229 
 439      99A92262 
ARM GAS  /tmp/ccD9J3av.s 			page 35


 439      096B9693 
 439      C63B62C9 
 440 0b09 CAD0B8D8 		.ascii	"\312\320\270\330\265\206\257\377{/k\270_8b\012>\276"
 440      B586AFFF 
 440      7B2F6BB8 
 440      5F38620A 
 440      3EBE
 441 0b1b 4E884B8A 		.ascii	"N\210K\212'\254\225\2068\322\350\214jC\0341\261>*\361"
 441      27AC9586 
 441      38D2E88C 
 441      6A431C31 
 441      B13E2AF1 
 442 0b2f EF3AA36C 		.ascii	"\357:\243l\311r\355'\344\262R\2662\364OZ\331\322H\255"
 442      C972ED27 
 442      E4B252B6 
 442      32F44F5A 
 442      D9D248AD 
 443 0b43 16FD197D 		.ascii	"\026\375\031}\"_\023\243\217J\020B\277\350C\235Qi\277"
 443      225F13A3 
 443      8F4A1042 
 443      BFE8439D 
 443      5169BF
 444 0b56 C1601487 		.ascii	"\301`\024\207\207i\361\2120\255<\342\363\2100\255Wx"
 444      8769F18A 
 444      30AD3CE2 
 444      F38830AD 
 444      5778
 445 0b68 64C4B265 		.ascii	"d\304\262eaZE\370\352\277D,\323\312W\205\207-\323\342"
 445      615A45F8 
 445      EABF442C 
 445      D3CA5785 
 445      872DD3E2 
 446 0b7c A55AADDA 		.ascii	"\245Z\255\332i\272F\025sk\210\326\031\345\241\313?\326"
 446      69BA4615 
 446      736B88D6 
 446      19E5A1CB 
 446      3FD6
 447 0b8e 2EA6D710 		.ascii	".\246\327\020\257%\237,\325F\256\326\342\320H\360\036"
 447      AF259F2C 
 447      D546AED6 
 447      E2D048F0 
 447      1E
 448 0b9f 16AAF55A 		.ascii	"\026\252\365Z\022\261t\321\262\317h\033\002\255\002"
 448      12B174D1 
 448      B2CF681B 
 448      02AD02
 449 0bae 00D02849 		.ascii	"\000\320(I7\001\222\233\0206b\205VFl\360\241p\257\015"
 449      3701929B 
 449      10366285 
 449      56466CF0 
 449      A170AF0D 
 450 0bc2 91844ABF 		.ascii	"\221\204J\277\301\250\011]\025\271\"\022B\305\242\265"
 450      C1A8095D 
 450      15B92212 
 450      42C5A2B5 
 451 0bd2 FCFD0D1B 		.ascii	"\374\375\015\0334\224\322\332\367?\010\331\360!,\210"
 451      3494D2DA 
ARM GAS  /tmp/ccD9J3av.s 			page 36


 451      F73F08D9 
 451      F0212C88 
 452 0be2 8F363454 		.ascii	"\21764T\267\032V6L\277VIv \341\372o\352\252Z\347"
 452      B71A5636 
 452      4CBF5649 
 452      7620E1FA 
 452      6FEAAA5A 
 453              		.text
 454              		.section	.gnu.lto_.symtab.5b053c1f0ccb7d62,"",%progbits
 455 0000 5F70616C 		.ascii	"_pal_lld_init\000"
 455      5F6C6C64 
 455      5F696E69 
 455      7400
 456 000e 00       		.ascii	"\000"
 457 000f 00       		.ascii	"\000"
 458 0010 00       		.ascii	"\000"
 459 0011 00000000 		.ascii	"\000\000\000\000\000\000\000\000"
 459      00000000 
 460 0019 E1000000 		.ascii	"\341\000\000\000"
 461 001d 5F70616C 		.ascii	"_pal_lld_setgroupmode\000"
 461      5F6C6C64 
 461      5F736574 
 461      67726F75 
 461      706D6F64 
 462 0033 00       		.ascii	"\000"
 463 0034 00       		.ascii	"\000"
 464 0035 00       		.ascii	"\000"
 465 0036 00000000 		.ascii	"\000\000\000\000\000\000\000\000"
 465      00000000 
 466 003e 28010000 		.ascii	"(\001\000\000"
 467              		.text
 468              		.section	.gnu.lto_.opts,"",%progbits
 469 0000 272D666D 		.ascii	"'-fmath-errno' '-fsigned-zeros' '-ftrapping-math' '"
 469      6174682D 
 469      6572726E 
 469      6F272027 
 469      2D667369 
 470 0033 2D666E6F 		.ascii	"-fno-trapv' '-fno-openmp' '-fno-openacc' '-mcpu=cor"
 470      2D747261 
 470      70762720 
 470      272D666E 
 470      6F2D6F70 
 471 0066 7465782D 		.ascii	"tex-m0' '-mno-thumb-interwork' '-mthumb' '-ggdb' '-"
 471      6D302720 
 471      272D6D6E 
 471      6F2D7468 
 471      756D622D 
 472 0099 4F322720 		.ascii	"O2' '-fomit-frame-pointer' '-falign-functions=16' '"
 472      272D666F 
 472      6D69742D 
 472      6672616D 
 472      652D706F 
 473 00cc 2D666675 		.ascii	"-ffunction-sections' '-fdata-sections' '-fno-common"
 473      6E637469 
 473      6F6E2D73 
 473      65637469 
 473      6F6E7327 
ARM GAS  /tmp/ccD9J3av.s 			page 37


 474 00ff 2720272D 		.ascii	"' '-flto'\000"
 474      666C746F 
 474      2700
 475              		.text
 476              		.comm	__gnu_lto_v1,1,1
 477              		.comm	__gnu_lto_slim,1,1
 478              		.ident	"GCC: (GNU Tools for ARM Embedded Processors) 5.4.1 20160609 (release) [ARM/embedded-5-bran
ARM GAS  /tmp/ccD9J3av.s 			page 38


DEFINED SYMBOLS
                            *ABS*:0000000000000000 pal_lld.c
                            *COM*:0000000000000001 __gnu_lto_v1
                            *COM*:0000000000000001 __gnu_lto_slim

NO UNDEFINED SYMBOLS
