ARM GAS  /tmp/ccKSUCtm.s 			page 1


   1              		.cpu cortex-m0
   2              		.fpu softvfp
   3              		.eabi_attribute 20, 1
   4              		.eabi_attribute 21, 1
   5              		.eabi_attribute 23, 3
   6              		.eabi_attribute 24, 1
   7              		.eabi_attribute 25, 1
   8              		.eabi_attribute 26, 1
   9              		.eabi_attribute 30, 2
  10              		.eabi_attribute 34, 0
  11              		.eabi_attribute 18, 4
  12              		.code	16
  13              		.file	"st.c"
  14              		.text
  15              	.Ltext0:
  16              		.section	.gnu.lto_.profile.796a9c936aee8325,"",%progbits
  17 0000 789C6366 		.ascii	"x\234cf```a\200\000F\006)\036\000\000\264\000/"
  17      60606061 
  17      80004606 
  17      291E0000 
  17      B4002F
  18              		.text
  19              		.section	.gnu.lto_.jmpfuncs.796a9c936aee8325,"",%progbits
  20 0000 789C6366 		.ascii	"x\234cf\300\016\304\2404+\210`\004\202z&\006\006f\020"
  20      C00EC4A0 
  20      342B8860 
  20      04827A26 
  20      06066610 
  21 0014 CD021400 		.ascii	"\315\002\024\000\000\015^\001-"
  21      000D5E01 
  21      2D
  22              		.text
  23              		.section	.gnu.lto_.inline.796a9c936aee8325,"",%progbits
  24 0000 789C6366 		.ascii	"x\234cf\300\016R\2414+\003\003\013\017#\003\023\220"
  24      C00E52A1 
  24      342B0303 
  24      0B0F2303 
  24      1390
  25 0012 C9B6401E 		.ascii	"\311\266@\036D10r\201\010\0066V\2400\333\007=\2708\023"
  25      44313072 
  25      81080636 
  25      56A030DB 
  25      073DB838 
  26 0027 030B3350 		.ascii	"\003\0133P\210\351\002?\\\210\031S\210\005S\210\001"
  26      88E9023F 
  26      5C881953 
  26      88055388 
  26      01
  27 0038 0099C708 		.ascii	"\000\231\307\010l"
  27      6C
  28              		.text
  29              		.section	.gnu.lto_.pureconst.796a9c936aee8325,"",%progbits
  30 0000 789C6366 		.ascii	"x\234cf``\340f\200\000V\006\011F)&)f)\026)\000\004\004"
  30      6060E066 
  30      80005606 
  30      09462926 
  30      29662916 
ARM GAS  /tmp/ccKSUCtm.s 			page 2


  31 0018 009E     		.ascii	"\000\236"
  32              		.text
  33              		.section	.gnu.lto_stInit.796a9c936aee8325,"",%progbits
  34 0000 789C6366 		.ascii	"x\234cf\300\004R@\274\020\210e\201\230\221\231\201\221"
  34      C0045240 
  34      BC108865 
  34      81989199 
  34      8191
  35 0012 69C23906 		.ascii	"i\3029\006\206F\016&FF\020\203\201\221\241\236\211\261"
  35      86460E26 
  35      46461083 
  35      8191A19E 
  35      89B1
  36 0024 9EF125D3 		.ascii	"\236\361%\323G&\306\011\007V\317\340V_\332\320\320\360"
  36      4726C609 
  36      0756CFE0 
  36      565FDAD0 
  36      D0F0
  37 0036 E1D0F9C6 		.ascii	"\341\320\371\306\200\003\214?\231\030\030>3A\314a\\"
  37      80038C3F 
  37      9918183E 
  37      3341CC61 
  37      5C
  38 0047 CEA8CE00 		.ascii	"\316\250\316\000T\364\261\345\357un\266\026\240\"\001"
  38      54F4B1E5 
  38      EF756EB6 
  38      16A02201 
  39 0057 881CE30A 		.ascii	"\210\034\343\012F6F \275^\350@\303\377\377\217\247\376"
  39      46364620 
  39      BD5EE840 
  39      C3FFFF8F 
  39      A7FE
  40 0069 D1676660 		.ascii	"\321gf`x\002\224\001\231\377\224\211\011D3\337al>\360"
  40      78029401 
  40      99FF9489 
  40      094433DF 
  40      616C3EF0 
  41 007d 9717A414 		.ascii	"\227\027\244\024d\306\274\313}\353\230j\1777t4p\374"
  41      64C6BCCB 
  41      7DEB986A 
  41      7F377434 
  41      70FC
  42 008f 6462FCCC 		.ascii	"db\374\314\004\324\316\270\222\261\226\341'P\365=\306"
  42      04D4CEB8 
  42      92B196E1 
  42      2750F53D 
  42      C6
  43 00a0 C603FF59 		.ascii	"\306\003\377Y\301*\031@\3460\202\364\003M\223\326\323"
  43      C12A1940 
  43      E63082F4 
  43      034D93D6 
  43      D3
  44 00b1 D377CEC8 		.ascii	"\323w\316\310L\312\364\017\326\317/\326\317H\314\321"
  44      4CCAF40F 
  44      D6CF2FD6 
  44      CF48CCD1 
  45 00c1 2F2E4AD6 		.ascii	"/.J\326/.\321Kf\000\000\316qCw"
ARM GAS  /tmp/ccKSUCtm.s 			page 3


  45      2F2ED14B 
  45      660000CE 
  45      714377
  46              		.text
  47              		.section	.gnu.lto_stStartAlarm.796a9c936aee8325,"",%progbits
  48 0000 789C9D51 		.ascii	"x\234\235Q\321KSa\024\377~\337\275\273\033LLz\032\013"
  48      D14B5361 
  48      14FF7EDF 
  48      BDBB1B4C 
  48      4C7A1A0B 
  49 0014 2A18E64B 		.ascii	"*\030\346K\333\305\372\007\202z\011\224\036\3641\010"
  49      DBC5FA07 
  49      827A0994 
  49      1EF43108 
  50 0024 35618385 		.ascii	"5a\203\205\341\035\275\372mm=\004\345H*!\006\205\014"
  50      E11DBDFA 
  50      6D6D3D04 
  50      E5482A21 
  50      06850C
  51 0037 CB79D55C 		.ascii	"\313y\325\\\266T\202[\022IQ\243\036\012\022l\017\013"
  51      B654825B 
  51      124951A3 
  51      1E0A126C 
  51      0F0B
  52 0049 CA20664A 		.ascii	"\312 fJr\005]\347\273\335 \363%\272\360\335\363\235"
  52      72055DE7 
  52      BBDD20F3 
  52      25BAF0DD 
  52      F39D
  53 005b 737EE777 		.ascii	"s~\347w~\347|\012\333\375\005\351\230\234\261\323d\241"
  53      7EE77C0A 
  53      DBFD05E9 
  53      989CB1D3 
  53      64A1
  54 006d 30F0EC6B 		.ascii	"0\360\354k\306\222>\016\310\013\003\033\340\030\300"
  54      C6923E0E 
  54      C80B031B 
  54      E018C0
  55 007c 17BECA91 		.ascii	"\027\276\312\221\265\012\303\376\226\274\020\242\366"
  55      B50AC3FE 
  55      96BC10A2 
  55      F6
  56 0089 B618C804 		.ascii	"\266\030\310\004l*[\343\277h0\212\026\202\014^\315\\"
  56      6C2A5BE3 
  56      BF68308A 
  56      16820C5E 
  56      CD5C
  57 009b 81B21F8C 		.ascii	"\201\262\037\214\356\263\023\353\257\374\237\271\315"
  57      EEB313EB 
  57      AFFC9FB9 
  57      CD
  58 00a8 7150BA73 		.ascii	"qP\272s\327\026\2075\351rU\272\233\327\027/z\232G\204"
  58      D7168735 
  58      E97255BA 
  58      9BD7172F 
  58      7A9A4784 
  59 00bc 48598FA7 		.ascii	"HY\217\247\3051\325\346\012\356B!>\334C\020c\0102\012"
ARM GAS  /tmp/ccKSUCtm.s 			page 4


  59      C531D5E6 
  59      0AEE4221 
  59      3EDC4310 
  59      6308320A 
  60 00d0 3114D02C 		.ascii	"1\024\320,\341\253\351\255\367~-M\275\233\266~\267\305"
  60      E1ABE9AD 
  60      F77E2D4D 
  60      BD9BB67E 
  60      B7C5
  61 00e2 3834909D 		.ascii	"84\220\235\334k\211z}dt|F\325H\267\254`U\002\310\001"
  61      DC6B897A 
  61      7D64747C 
  61      46D548B7 
  61      AC605502 
  62 00f8 3E712EAD 		.ascii	">q.\255\362\016\251&\311S\314o^\206r\310\021\270T*m"
  62      F20EA926 
  62      C953CC6F 
  62      5E8672C8 
  62      11B8542A 
  63 010d 3784EE90 		.ascii	"7\204\356\220\204Jn\241\327J\337\026\333\365:\244\020"
  63      844A6EA1 
  63      D74ADF16 
  63      DBF53AA4 
  63      10
  64 011e 73A71077 		.ascii	"s\247\020w\304\011\2046\210\356\003\236\336\260\315"
  64      C4098436 
  64      88EE039E 
  64      DEB0CD
  65 012d F94CE30E 		.ascii	"\371L\343\016Y\225\374J@\"\034Uk\034\177\211f\230\204"
  65      5995FC4A 
  65      40221C55 
  65      6B1C7F89 
  65      669884
  66 0140 461C53D0 		.ascii	"F\034S\320(\361\355\345\363K\036\271\013\225r\302\331"
  66      28F1EDE5 
  66      F34B1EB9 
  66      0B9572C2 
  66      D9
  67 0151 C7C76AF9 		.ascii	"\307\307j\371\215\317\0111\351\336,\177\035\3439\334"
  67      8DCF0931 
  67      E9DE2C7F 
  67      1DE339DC 
  68 0161 4A6685CF 		.ascii	"Jf\205\317\346\036\334')\323R\012\3456\206\252fc\270"
  68      E61EDC27 
  68      29D3520A 
  68      E53686AA 
  68      6663B8
  69 0174 20D2C9DA 		.ascii	" \322\311\332\322\217\027{l\256\241\210\034\276\323"
  69      D28F177B 
  69      6CAEA188 
  69      1CBED3
  70 0183 C84E1782 		.ascii	"\310N\027\202<\031Z\317s\335$\210u\330\346^<@\030\241"
  70      3C195ACF 
  70      73DD2488 
  70      75D8E65E 
  70      3C4018A1 
  71 0197 A09BC70C 		.ascii	"\240\233\307\014tw\220\332\324r\312\353\212\372\267"
ARM GAS  /tmp/ccKSUCtm.s 			page 5


  71      747790DA 
  71      D472CAEB 
  71      8AFAB7
  72 01a6 96D601C9 		.ascii	"\226\326\001\311\367\320\351\007\227\257\204\360\237"
  72      F7D0E907 
  72      97AF84F0 
  72      9F
  73 01b3 1378A9CF 		.ascii	"\023x\251\317#*\224\374\265\377\343\237u\370\271\313"
  73      232A94FC 
  73      B5FFE39F 
  73      75F8B9CB 
  74 01c3 3FE7F097 		.ascii	"?\347\360\227+\013\203\015\016?\305\347\251p\031\311"
  74      2B0B830D 
  74      0E3FC5E7 
  74      A97019C9 
  75 01d3 CAB3159F 		.ascii	"\312\263\025\237\\\270|\237*\351\241\247\246-\354\213"
  75      5CB87C9F 
  75      2AE9A1A7 
  75      A62DEC8B 
  76 01e3 44F4E3D1 		.ascii	"D\364\343\321Xw\354T\207\336g\350\321\256\270n\364\367"
  76      5877EC54 
  76      87DE67E8 
  76      D1AEB86E 
  76      F4F7
  77 01f5 E84622D2 		.ascii	"\350F\"\322\303\274]\335F\"v\256W\225\277\326\335\300"
  77      C3BC5DDD 
  77      462276AE 
  77      5795BFD6 
  77      DDC0
  78 0207 F37DFD09 		.ascii	"\363}\375\011C\357\350l?zDok;\241w\236l\277\320J\245"
  78      43EFE86C 
  78      3F7A446F 
  78      6B3BA177 
  78      9E6CBFD0 
  79 021d 67E2F1B3 		.ascii	"g\342\361\263\221(\373\011\341\220\021f"
  79      9128FB09 
  79      E1901166 
  80              		.text
  81              		.section	.gnu.lto_stStopAlarm.796a9c936aee8325,"",%progbits
  82 0000 789C6366 		.ascii	"x\234cf\300\004R@\254\313\310\300\340\017\244\031\231"
  82      C0045240 
  82      ACCBC8C0 
  82      E00FA419 
  82      99
  83 0011 19189926 		.ascii	"\031\030\231&\234c`h\344`bd\0041\030\030\031\352\231"
  83      9C636068 
  83      E4606264 
  83      04311818 
  83      19EA99
  84 0024 18EB195F 		.ascii	"\030\353\031_2}db\234p`\365\014n\365\245\015\015\015"
  84      327D6462 
  84      9C7060F5 
  84      0C6EF5A5 
  84      0D0D0D
  85 0037 1F366D97 		.ascii	"\0376m\227h\225\370\311\304\300\360\231\011b\014\343"
  85      6895F8C9 
  85      C4C0F099 
ARM GAS  /tmp/ccKSUCtm.s 			page 6


  85      09620CE3 
  86 0047 72467506 		.ascii	"rFu\006\240\232\217-\177\257s\263\265\000\325\010@\344"
  86      A09A8F2D 
  86      7FAF73B3 
  86      B500D508 
  86      40E4
  87 0059 185730B2 		.ascii	"\030W0\262\001\215gX/t\240\341\377\377\305s\336lgaf"
  87      018D6758 
  87      2F74A0E1 
  87      FFFFC573 
  87      DE6C6761 
  88 006e 60780294 		.ascii	"`x\002\224\002\231\377\224\211\011D3\337b<\364a\307"
  88      0299FF94 
  88      89094433 
  88      DF623CF4 
  88      61C7
  89 0080 FCF347B9 		.ascii	"\374\363G\271Q\214x\260\364\275\004\330\200\317L\214"
  89      518C78B0 
  89      F4BD04D8 
  89      80CF4C8C 
  90 0090 E88633AE 		.ascii	"\350\2063\256dd\003\232\276\212\221\015(\361\356\364"
  90      6464039A 
  90      BE8A910D 
  90      28F1EEF4 
  91 00a0 F136D617 		.ascii	"\3616\326\027L?\231\030\201r\015, \265\367\237\234\277"
  91      4C3F9918 
  91      81720D2C 
  91      20B5F79F 
  91      9CBF
  92 00b2 C8011662 		.ascii	"\310\001\026b\000q\247\237\177\275\212i.\343\354\306"
  92      0071A79F 
  92      7FBD8A69 
  92      2EE3ECC6 
  93 00c2 090D1C3F 		.ascii	"\011\015\034?\231\230\030W3J1\256a\224\002\313}\237"
  93      99981857 
  93      334A31AE 
  93      619402CB 
  93      7D9F
  94 00d4 FC642D9F 		.ascii	"\374d-\237\356\352\206\226\306\017\373\346\235\346\377"
  94      EEEA8696 
  94      C60FFBE6 
  94      9DE6FF
  95 00e3 C9C4CCB8 		.ascii	"\311\304\314\270\226q.\343'\240\033\301\2660\256c\324"
  95      96712EE3 
  95      27A01BC1 
  95      B630AE63 
  95      D4
  96 00f4 453611E8 		.ascii	"E6\021\350~\306\365@\275\367\030\033\037\034}\317\001"
  96      7EC6F540 
  96      BDF7181B 
  96      1F1C7DCF 
  96      01
  97 0105 72202808 		.ascii	"r (\010\236\000\255\002\372\005\250KZOO\3379#3)\323"
  97      9E00AD02 
  97      FA05A84B 
  97      5A4F4FDF 
  97      39233329 
ARM GAS  /tmp/ccKSUCtm.s 			page 7


  98 011a 3F583FBF 		.ascii	"?X?\277X?#1G\277\270(Y\277\270D/\231\301\020S\256 \277"
  98      583F2331 
  98      47BFB828 
  98      59BFB844 
  98      2F99C110 
  99 0132 A8A4583F 		.ascii	"\250\244X?8\304\327\330H\337\307\307E?\304\323\267\314"
  99      38C4D7D8 
  99      48DFC7C7 
  99      453FC4D3 
  99      B7CC
 100 0144 10A83A3E 		.ascii	"\020\250:>''E/\203\001\000\343(\211+"
 100      2727452F 
 100      830100E3 
 100      28892B
 101              		.text
 102              		.section	.gnu.lto_stSetAlarm.796a9c936aee8325,"",%progbits
 103 0000 789C6590 		.ascii	"x\234e\220\317KTQ\024\307\317\367\2747\317\201\011\223"
 103      CF4B5451 
 103      14C7CFF7 
 103      BC37CF81 
 103      0993
 104 0012 56C30411 		.ascii	"V\303\004\021\014\346&\347b\375\003Am\002\245\205.\203"
 104      0CE626E7 
 104      62FD0341 
 104      6D02A585 
 104      2E83
 105 0024 50136660 		.ascii	"P\023f`\302p\206\266\336\261\231\026A5(\225\020B!\323"
 105      C27086B6 
 105      DEB19916 
 105      41352895 
 105      104221D3 
 106 0038 0FA7D1D2 		.ascii	"\017\247\321\322Bj6\257\"\022\244\244\215QB\315b\202"
 106      426A36AF 
 106      2212A4A4 
 106      8D5142CD 
 106      6282
 107 004a C20A4D61 		.ascii	"\302\012Max\202N\347\276la>\270\357\336s\317\367~\317"
 107      78824EE7 
 107      BE6C613E 
 107      B8EFDE73 
 107      CFF77ECF 
 108 005e E71C8B76 		.ascii	"\347\034\213v\177\021Y?AtZvX\004\316\277#\312\004\031"
 108      7F11593F 
 108      41745A76 
 108      5804CEBF 
 108      23CA0419 
 109 0072 3007020D 		.ascii	"0\007\002\0152\006\361\235W\031y\2678\032j)h\255W\206"
 109      3206F19D 
 109      571979B7 
 109      381A6A29 
 109      68AD5786 
 110 0086 CBE15CD8 		.ascii	"\313\341\\\330c\2425\376k\203{h\021\311\265\253\271"
 110      63A235FE 
 110      6B837B68 
 110      11C9B5AB 
 110      B9
 111 0097 2BB00E80 		.ascii	"+\260\016\200\344\374lr\375m\350\033{\214\203&|><7\352"
ARM GAS  /tmp/ccKSUCtm.s 			page 8


 111      E4FC6C72 
 111      FD6DE81B 
 111      7B8C8326 
 111      7C3E3C37 
 112 00ac 98906D13 		.ascii	"\230\220m\023n\\\237\273\030h\036\327z\310-O\353c\266"
 112      6E5C9FBB 
 112      18681ED7 
 112      7AC82D4F 
 112      EB63B6
 113 00bf C716EEC3 		.ascii	"\307\026\356\303\022?<@\004\023\210\220\\\021\212h6"
 113      123F3C40 
 113      04138890 
 113      5C118A68 
 113      36
 114 00d0 F2D5ECE6 		.ascii	"\362\325\354\346\207\220\223\225\332M\233\377\312\342"
 114      87909395 
 114      DA4D9BFF 
 114      CAE2
 115 00de 211C21A7 		.ascii	"!\034!\247\251}\256\256\327\307\357\376(\333\266p\233"
 115      A97DAEAE 
 115      D7C7EFFE 
 115      28DBB670 
 115      9B
 116 00ef 17541581 		.ascii	"\027T\025\201i\340+\263\331\255E\0145\031\237\231\302"
 116      69E02BB3 
 116      D9AD450C 
 116      35199F99 
 116      C2
 117 0100 C6655887 		.ascii	"\306eX\207|\300\245\331\331\255=\321;\202P\371\370\252"
 117      7CC0A5D9 
 117      D9AD3DD1 
 117      3B8250F9 
 117      F8AA
 118 0112 CFCDDED6 		.ascii	"\317\315\336\326[\365:\014Hi'\310v\213\223\210\326\304"
 118      5BF53A0C 
 118      486927C8 
 118      768B9388 
 118      D6C4
 119 0124 EE135EDE 		.ascii	"\356\023^\336\360J\313\271\306\035X\225B-l\024>\325"
 119      F04ACBB9 
 119      C61D5895 
 119      422D6C14 
 119      3ED5
 120 0136 1AE33F68 		.ascii	"\032\343?h\302\024\034\361x\004G\022\277\346\337\\\012"
 120      C2141CF1 
 120      78044712 
 120      BFE6DF5C 
 120      0A
 121 0147 9859D892 		.ascii	"\230Y\330\222\323\376<\276T\027\336\007\375+2\341\315"
 121      D3FE3CBE 
 121      5417DE07 
 121      FD2B32E1 
 121      CD
 122 0158 85E5091E 		.ascii	"\205\345\011\036\303\255L^\007=\016\340\261\240L\033"
 122      C3AD4C5E 
 122      073D0EE0 
 122      B1A04C1B 
ARM GAS  /tmp/ccKSUCtm.s 			page 9


 123 0168 14C9D546 		.ascii	"\024\311\325F\252\245\306\326\242\316fV\226\026\347"
 123      AAA5C6D6 
 123      A2CE6656 
 123      9616E7
 124 0177 F77AEC60 		.ascii	"\367z\354`\006c\370--\373UD\362bd\275\300\252$\022\367"
 124      0663F82D 
 124      2DFB5544 
 124      F26264BD 
 124      C0AA2412 
 125 018c B0C70D78 		.ascii	"\260\307\015x\202VD#\333y<\2052\215|F\246\362\272\026"
 125      82564423 
 125      DB793C85 
 125      328D7C46 
 125      A6F2BA16 
 126 01a0 34C0A6BF 		.ascii	"4\300\246\277\252@\313\250\304e\177,\246\216\307\023"
 126      AA40CBA8 
 126      C4657F2C 
 126      A68EC713 
 127 01b0 3D89539D 		.ascii	"=\211S\235\252?\245\342\335I\225\032\350U\251t\254\227"
 127      AA3FA5E2 
 127      DD49951A 
 127      E855A974 
 127      AC97
 128 01c2 1ABA7B52 		.ascii	"\032\272{R\351\304\271>\333\374\332v\013\317\367\017"
 128      E9C4B93E 
 128      DBFCDA76 
 128      0BCFF70F 
 129 01d2 A453AAB3 		.ascii	"\244S\252\263\253\343\350\021\325\336~Bu\235\354\270"
 129      ABE3E811 
 129      D5DE7E42 
 129      759DECB8 
 130 01e2 D0264FCF 		.ascii	"\320&O\317$\223gcq\372\003)\254\315\340"
 130      24936763 
 130      71FA0329 
 130      ACCDE0
 131              		.text
 132              		.section	.gnu.lto_stGetAlarm.796a9c936aee8325,"",%progbits
 133 0000 789C654F 		.ascii	"x\234eO\313+\304a\024\275\347\376f~\215\224d\245\261"
 133      CB2BC461 
 133      14BDE7FE 
 133      667E8D94 
 133      64A5B1
 134 0013 519495F9 		.ascii	"Q\224\225\371\302\237\300F\215,\330\313\253F\246\310"
 134      C29FC046 
 134      8D2CD8CB 
 134      AB46A6C8 
 135 0023 C876BED1 		.ascii	"\310v\276\321d\255\031\205\344QL\236\343\261d\341\265"
 135      64AD1985 
 135      E4514C9E 
 135      E3B164E1 
 135      B5
 136 0034 A1846C4C 		.ascii	"\241\204lLY`1\212H3FM\263\030\343~\223\015\276\272\335"
 136      5960318A 
 136      4833464D 
 136      B318E37E 
 136      930DBEBA 
 137 0049 7BBE73BA 		.ascii	"{\276s\272\367\034\213\376?\267\324 \210\332\245\303"
ARM GAS  /tmp/ccKSUCtm.s 			page 10


 137      F71C8BFE 
 137      3FB7D420 
 137      88DAA5C3 
 138 0059 22F0E415 		.ascii	"\"\360\344\025Q\310\305\200\031\010\024d\004\361\302"
 138      51C8C580 
 138      19081464 
 138      04F1C2
 139 0068 69C6FEF6 		.ascii	"i\306\376\366\347e\3513\347\230\252I\340A\344|\3066"
 139      E765E933 
 139      E798AA49 
 139      E041E47C 
 139      C636
 140 007a 100E0313 		.ascii	"\020\016\003\023\2673\211\222\272\230\326\343\251\310"
 140      B7338992 
 140      BA98D6E3 
 140      A9C8
 141 0088 917F766A 		.ascii	"\221\177vjI\030\246\014\023V\341\306\032\314!\254\243"
 141      4918A60C 
 141      1356E1C6 
 141      1ACC21AC 
 141      A3
 142 0099 CE68D3E1 		.ascii	"\316h\323\341|\242\324\016k\255\313\363LF$\334\006l"
 142      7CA2D40E 
 142      6BADCBF3 
 142      4C4624DC 
 142      066C
 143 00ab F1413B15 		.ascii	"\361A;\025\307\272PX^x;rXLf\007%\245\214\233'\001\322"
 143      C7BA5058 
 143      5E783B72 
 143      584C6607 
 143      25A58C9B 
 144 00c2 AD3B9C1E 		.ascii	"\255;\234\036\354/\026\372\177mz\\\011\026wd\030\177"
 144      EC2F16FA 
 144      7F6D7A5C 
 144      09167764 
 144      187F
 145 00d4 4E103661 		.ascii	"N\0206a\313\201-\330Y6A\336/\316&\234\306\271%\264."
 145      CB812DD8 
 145      593641DE 
 145      2FCE269C 
 145      C6B925B4 
 146 00e9 BA7F485E 		.ascii	"\272\177H^\337\270\212_d\340\364\365\353\006\317c.4"
 146      DFB88A5F 
 146      64E0F4F5 
 146      EB06CF63 
 146      2E34
 147 00fb A95D3976 		.ascii	"\251]9v .\021\266M\004\341\262\321d\274\254~S\207C\251"
 147      202E11B6 
 147      4D04E1B2 
 147      D164BCAC 
 147      7E538743 
 148 0110 C3AF8BDA 		.ascii	"\303\257\213\332\034;\261\203y|\210\311\342!\221\234"
 148      1C3BB183 
 148      797C88C9 
 148      E221919C 
 149 0120 443F63AC 		.ascii	"D?c\254\342\"9v\347\330\306.\352Q\343\376\341\261\007"
 149      E2223976 
ARM GAS  /tmp/ccKSUCtm.s 			page 11


 149      E7D8C62E 
 149      EA51E3FE 
 149      E1B107
 150 0133 45F7083D 		.ascii	"E\367\010=\306\012\225\306p\326D\224\2140\331d\254\362"
 150      C60A95C6 
 150      70D64494 
 150      8C30D964 
 150      ACF2
 151 0145 7854B36F 		.ascii	"xT\263o\240g\240\275C\015\005\224\257\333\257\002#\275"
 151      A067A0BD 
 151      430D0594 
 151      AFDBAF02 
 151      23BD
 152 0157 2A30EAE9 		.ascii	"*0\352\351\245\206\377\334\360\320\310h@ut\26655*\257"
 152      A586FFDC 
 152      F0D0C868 
 152      407574B6 
 152      35352AAF 
 153 016b B74575B6 		.ascii	"\267Eu\266\266\2155\210\272\313\357\357\363\370\350"
 153      B68D3588 
 153      BACBEFEF 
 153      F3F8E8
 154 017a 1B8DCB9F 		.ascii	"\033\215\313\237\035"
 154      1D
 155              		.text
 156              		.section	.gnu.lto_.symbol_nodes.796a9c936aee8325,"",%progbits
 157 0000 789C55C8 		.ascii	"x\234U\310;\021\2000\000D\301w\011\231\211[$\\$\240"
 157      3B118030 
 157      0044C177 
 157      0999895B 
 157      245C24A0 
 158 0014 80A1C002 		.ascii	"\200\241\300\002\341#\002\015(a(\240 [n\004z>a\221a"
 158      E123020D 
 158      286128A0 
 158      205B6E04 
 158      7A3E6191 
 159 0029 38C1669C 		.ascii	"8\301f\2342\241\312jb\225C\023\233\034\233\330\345\356"
 159      32A1CA6A 
 159      62954313 
 159      9B1C9BD8 
 159      E5EE
 160 003b 1F3AE4F4 		.ascii	"\037:\344\364\006\245d\"\211\371\272\305\003\376`\037"
 160      06A56422 
 160      89F9BAC5 
 160      03FE601F 
 161 004b 74       		.ascii	"t"
 162              		.text
 163              		.section	.gnu.lto_.refs.796a9c936aee8325,"",%progbits
 164 0000 789C6366 		.ascii	"x\234cf```d\200\002\000\000=\000\005"
 164      60606064 
 164      80020000 
 164      3D0005
 165              		.text
 166              		.section	.gnu.lto_.decls.796a9c936aee8325,"",%progbits
 167 0000 789CB557 		.ascii	"x\234\265WkP\024W\026\356\333w\230\201a`\\\2545\026"
 167      6B501457 
 167      16EEDB77 
ARM GAS  /tmp/ccKSUCtm.s 			page 12


 167      98816160 
 167      5CAC3516 
 168 0014 BBB56BB0 		.ascii	"\273\265k\260\2122)u\024\255\374Uw\264\214\2651\261"
 168      8A322975 
 168      14ADFC55 
 168      77B48CB5 
 168      31B1
 169 0026 06B395AA 		.ascii	"\006\263\225\252\374\230\020$\013U\200\0263nm\3765\014"
 169      FC981024 
 169      0B558016 
 169      336E6DFE 
 169      350C
 170 0038 06F08908 		.ascii	"\006\360\211\010\206\207\350(\010\010\012hD\024\025"
 170      8687E828 
 170      08080A68 
 170      441415
 171 0047 102382CA 		.ascii	"\020#\202\312CE\205(\017\361\211\202\031\024\005$2{"
 171      43458528 
 171      0FF18982 
 171      19140524 
 171      327B
 172 0059 EEBDDD3D 		.ascii	"\356\275\335=Mgt\335\037\333\305\231\276\247\357w\276"
 172      4D6774DD 
 172      1FDBC599 
 172      BEA7EF77 
 172      BE
 173 006a 7BEE39F7 		.ascii	"{\3569\367q\300\034\3079\021\307\271\341\011\231\306"
 173      71C01CC7 
 173      3911C7B9 
 173      E10999C6 
 174 007a 71FFE039 		.ascii	"q\377\3409N\013\337\326p\236\207\350\207AN\203\234\005"
 174      4E0BDFD6 
 174      709E87E8 
 174      87414E83 
 174      9C05
 175 008c A9036900 		.ascii	"\251\003i\000\371\231\373\375CpX\264\277\000rH\374\316"
 175      F999FBFD 
 175      437058B4 
 175      BF007248 
 175      FCCE
 176 009e 8B7DDE6C 		.ascii	"\213}\336l\010\257\257h\023\010b\000\251\006\361\003"
 176      08AFAF68 
 176      13086200 
 176      A906F103 
 177 00ae BF742077 		.ascii	"\277t w\241\335,\362\362\240\217\300{B\344$\266\376"
 177      A1DD2CF2 
 177      F2A08FC0 
 177      7B42E424 
 177      B6FE
 178 00c0 F00DFEB8 		.ascii	"\360\015\376\270`4\225\227\370\252\021y%.\302\203\024"
 178      60349597 
 178      F8AA1179 
 178      252EC283 
 178      14
 179 00d1 F604F367 		.ascii	"\366\004\363g\225\035'\316\361}|B\242O\274h\363\027"
 179      951D27CE 
 179      F17D7C42 
ARM GAS  /tmp/ccKSUCtm.s 			page 13


 179      A24FBC68 
 179      F317
 180 00e3 D1975015 		.ascii	"\321\227P\025'\211\227\356\177\340\"\3709\"\327\307"
 180      278997EE 
 180      7FE022F8 
 180      3922D7C7 
 181 00f3 2AAE611E 		.ascii	"*\256a\036\235*\037i\361\177\314\243@\375,\242\326d"
 181      9D2A1F69 
 181      F17FCCA3 
 181      40FD2CA2 
 181      D664
 182 0105 34656B41 		.ascii	"4ekA5\3505D==\321\337\241\371 K\200'\335!L\323\2405"
 182      35E83544 
 182      3D3DD1DF 
 182      A1F9204B 
 182      8027DD21 
 183 011d 3350310A 		.ascii	"3P1\012F%(\030\030\017\241\017\340\367k\015crV'?\327"
 183      46252818 
 183      180FA10F 
 183      E0F76B0D 
 183      63725627 
 184 0133 601816DA 		.ascii	"`\030\026\332\005\331w;\364sK\301,U\250oB\236\341\036"
 184      05D9773B 
 184      F4734BC1 
 184      2C55A86F 
 184      429EE11E 
 185 0147 963FC8E5 		.ascii	"\226?\310\345g\355\025\234\225\256\222\261.\203\320"
 185      67ED159C 
 185      95AE92B1 
 185      2E83D0
 186 0156 24D4BBDD 		.ascii	"$\324\273\335K(\025*E\030\225\241\271\004I\332\324\004"
 186      4B28152A 
 186      451895A1 
 186      B90449DA 
 186      D404
 187 0168 1D46B3C0 		.ascii	"\035F\263\300\254u\257\363\270\021\317\245\334u\265"
 187      AC75AFF3 
 187      B811CFA5 
 187      DC75B5
 188 0177 638D7AFC 		.ascii	"c\215z\374\011moM\355k\326\343%\264\235Xtz\253\016\\"
 188      096D6F4D 
 188      ED6BD6E3 
 188      25B49D58 
 188      747AAB0E 
 189 018c FF504F47 		.ascii	"\377POG\352\315\033/\364\243*Y\221F\370\3047=\024\012"
 189      EACD1B2F 
 189      F4A32A59 
 189      9146F8C4 
 189      373D140A 
 190 01a0 0251A8BE 		.ascii	"\002Q\250\276\020\374r\345\026\364\177\352\020\226\242"
 190      10FC72E5 
 190      16F47FEA 
 190      1096A2
 191 01af 9F901E55 		.ascii	"\237\220\036U\310#Sk\362\244\012B\022\231\263_S 'O\031"
 191      C823536B 
 191      F2A40A42 
 191      1299B35F 
ARM GAS  /tmp/ccKSUCtm.s 			page 14


 191      5320274F 
 192 01c4 1D43A180 		.ascii	"\035C\241\200\240XT\011\037\217\302G \276\360[m\262"
 192      A0585409 
 192      1F8FC247 
 192      20BEF05B 
 192      6DB2
 193 01d6 0FD2877A 		.ascii	"\017\322\207z7\252\362bD]p;2f\010\202\006\035\007\027"
 193      37AAF262 
 193      445D703B 
 193      32660882 
 193      061D0717 
 194 01ea CA3D2E80 		.ascii	"\312=.\200GR\274\370\241\362\214*$\271\334\365 \367"
 194      4752BCF8 
 194      A1F28C2A 
 194      24B9DCF5 
 194      20F7
 195 01fc 8F045F0D 		.ascii	"\217\004_\015\370#\036\374q\364N\237Ox\365\031\035\335"
 195      F8231EFC 
 195      71F44E9F 
 195      4F78F519 
 195      1DDD
 196 020e D693A6D3 		.ascii	"\326\223\246\323\300\012\241t_\323twu\246\315yk\266"
 196      C00AA174 
 196      5FD37477 
 196      75A6CD79 
 196      6BB6
 197 0220 4FD16C9F 		.ascii	"O\321l\237Db\272\253j\332\007\365\270\035\321\330\267"
 197      4462BAAB 
 197      6ADA07F5 
 197      B81DD1D8 
 197      B7
 198 0231 1DADBBE5 		.ascii	"\035\255\273\345\017i\355\203\264\326\374\200s\004g"
 198      0F69ED83 
 198      B4D6FC80 
 198      730467
 199 0240 9230E976 		.ascii	"\2220\351v#j\205j\024\211\255\221\022{\232&v\307\226"
 199      236A856A 
 199      1489AD91 
 199      127B9A26 
 199      76C796
 200 0253 279B78DC 		.ascii	"'\233x\334\315X.'\236O\324R\026\347\351\002-[\032te"
 200      CD582E27 
 200      9E4FD452 
 200      16E7E902 
 200      2D5B1A74 
 201 0268 9C51109C 		.ascii	"\234Q\020\234\221\010\316R\202\312\022Wm\000\036`\004"
 201      9108CE52 
 201      82CA1257 
 201      6D001E60 
 201      04
 202 0279 778A6FDD 		.ascii	"w\212o\335`n8\273d\002\342A\255\202\240V\"\250\243\004"
 202      606E38BB 
 202      6402E241 
 202      AD82A056 
 202      22A8A304 
 203 028d 27AF758C 		.ascii	"'\257u\214\352\224\223&\341\360\314\272~\312\032?\322"
 203      EA949326 
ARM GAS  /tmp/ccKSUCtm.s 			page 15


 203      E1F0CCBA 
 203      7ECA1A3F 
 203      D2
 204 029e 37F6D480 		.ascii	"7\366\324\200G\330h99yat\260\276\361{\215\236\245\014"
 204      47D86839 
 204      39796174 
 204      B0BEF17B 
 204      8D9EA50C 
 205 02b2 16E89C62 		.ascii	"\026\350\234b\274s\322x\015t\274\353\271\031\307\021"
 205      BC73D278 
 205      0D74BCEB 
 205      B919C711 
 206 02c2 76338AEA 		.ascii	"v3\212\352\274\361LL8\004W\336\300\344\322\235\216\364"
 206      BCF14C4C 
 206      380457DE 
 206      C0E4D29D 
 206      8EF4
 207 02d4 42A1CFED 		.ascii	"B\241\317\355\376+\333\020\347\025,\347%\226\237)KO"
 207      FE2BDB10 
 207      E7152CE7 
 207      25969F29 
 207      4B4F
 208 02e6 76FD668D 		.ascii	"v\375f\215a\263'\341\324\300\343\366\005d\240hx\003"
 208      61B327E1 
 208      D4C0E3F6 
 208      0564A068 
 208      7803
 209 02f8 BA71A076 		.ascii	"\272q\240v\273\201nrAK\206\255\254+K\363\243\273\374"
 209      BB816E72 
 209      414B86AD 
 209      AC2B4BF3 
 209      A3BBFC
 210 030b 1BA2369C 		.ascii	"\033\2426\234J\311\327\340\263l\353\0165\024\376[\017"
 210      4AC9D7E0 
 210      B36CEB0E 
 210      3514FE5B 
 210      0F
 211 031c 2BC9F17E 		.ascii	"+\311\361~\013\031,\222s\334/1nf\346\271\343\025\207"
 211      0B192C92 
 211      73DC2F31 
 211      6E66E6B9 
 211      E31587
 212 032f FC718BA8 		.ascii	"\374q\213\250\344\\\274\255\301W\231R\230\265\373\260"
 212      E45CBCAD 
 212      C1579952 
 212      98B5FBB0 
 213 033f 0F1DD497 		.ascii	"\017\035\324\227n\335\266\216\035~\370&\353+\312\034"
 213      6EDDB68E 
 213      1D7EF826 
 213      EB2BCA1C 
 214 034f 4D33E2DB 		.ascii	"M3\342\333L\271\334?\366\302@\201\323\210:>\321\321"
 214      4CB9DC3F 
 214      F6C24081 
 214      D3883A3E 
 214      D1D1
 215 0361 C5E31ED6 		.ascii	"\305\343\036\326w\351\346\335\003>\270\237)9\243W\032"
 215      77E9E6DD 
ARM GAS  /tmp/ccKSUCtm.s 			page 16


 215      033EB89F 
 215      2939A357 
 215      1A
 216 0372 8D143893 		.ascii	"\215\0248\223\250\243y\016\207\021?f}\316\3427\356@"
 216      A8A3790E 
 216      87113F66 
 216      7DCEE237 
 216      EE40
 217 0384 FC8C29D2 		.ascii	"\374\214)\322!g`\207\334\236sO\256\006\340\027\254\357"
 217      21676087 
 217      DC9E734F 
 217      AE06E017 
 217      ACEF
 218 0396 457FD224 		.ascii	"E\177\322$\302\243L)\351o\315\010\240\3009D\335\227"
 218      C2A34C29 
 218      E96FCD08 
 218      A0C03944 
 218      DD97
 219 03a8 396EC613 		.ascii	"9n\306\023\254\253fx\313\210/v3\245w\264\267AGq\013"
 219      ACAB6678 
 219      CB882F76 
 219      33A577B4 
 219      B7414771 
 220 03bd 889A7566 		.ascii	"\210\232ufO\206\037\213/\355\336^^\370\2029\206)\353"
 220      4F861F8B 
 220      2FEDDE5E 
 220      5EF88239 
 220      8629EB
 221 03d0 FE3B5730 		.ascii	"\376;W0\211\251 %\313\240\\b\275d\377\2429\301\250\207"
 221      89A92025 
 221      CBA05C62 
 221      BD64FFA2 
 221      39C1A887 
 222 03e4 C533FF69 		.ascii	"\3053\377i{\2511(\235\302\005a\226\235\236\017\335\000"
 222      7BA93128 
 222      9DC20561 
 222      969D9E0F 
 222      DD00
 223 03f6 6FA7F03E 		.ascii	"o\247\360>\024$\031\021\364\2177J\\:%\272\371]\350\315"
 223      14241911 
 223      F48F374A 
 223      5C3A25BA 
 223      F95DE8CD 
 224 040a BB331B11 		.ascii	"\2733\033\021v`\352\346\215\304\2077y\234\302\224c\005"
 224      7660EAE6 
 224      8DC48737 
 224      799CC294 
 224      6305
 225 041c 074FB035 		.ascii	"\007O\2605\261\224N\341\326\325\033:\274\225\365\235"
 225      B1944EE1 
 225      D6D51B3A 
 225      BC95F59D 
 226 042c 3A9A3E1E 		.ascii	":\232>\036H\373>%js\325\266z=Ng}o\312\356\217\3618\213"
 226      48FB3E25 
 226      6A73D5B6 
 226      7A3D4E67 
 226      7D6FCAEE 
ARM GAS  /tmp/ccKSUCtm.s 			page 17


 227 0444 298F6A07 		.ascii	")\217j\007\005\236\002\327\020\265gh[\257/\316\236:"
 227      059E02D7 
 227      10B56768 
 227      5BAF2FCE 
 227      9E3A
 228 0456 40201B60 		.ascii	"@ \033`\363\226\243n\335\333\2032(\005\345#\032\223"
 228      F396A36E 
 228      DDDB8332 
 228      2805E523 
 228      1A93
 229 0468 C4FC837D 		.ascii	"\304\374\203}X\234\245S\212\311S@\267P\364\020\235\345"
 229      589CA553 
 229      8AC95340 
 229      B750F410 
 229      9DE5
 230 047a A034CBE1 		.ascii	"\2404\313\341\316\3446\177%\272\371]\350\226W%\371Z"
 230      CEE4367F 
 230      25BAF95D 
 230      E8965725 
 230      F95A
 231 048c BC977999 		.ascii	"\274\227y\231z&\263\210\205\341+Pg\334nK\251\010@!\354"
 231      7A26B388 
 231      85E12B50 
 231      67DC6E4B 
 231      A9084021 
 232 04a1 991EA278 		.ascii	"\231\036\242xBC\234B\262\303uy\250\346\357\273\034B"
 232      42439C42 
 232      B2C37579 
 232      A8E6EFBB 
 232      1C42
 233 04b3 E14C3AC6 		.ascii	"\341L:\306c\330\261ch\272g\313\014\320\001?\206\037"
 233      63D8B163 
 233      68BA67CB 
 233      0CD0013F 
 233      861F
 234 04c5 8EC09D4F 		.ascii	"\216\300\235O\216h\233\026P\350#5\364!\205\026#\031"
 234      8E689B16 
 234      50E82335 
 234      F4218516 
 234      2319
 235 04d7 FB8B8CBD 		.ascii	"\373\213\214\275\241\306\336T\321\266\312\32065\264"
 235      A1C6DE54 
 235      D1B6CAD0 
 235      3635B4
 236 04e6 5D05ED96 		.ascii	"]\005\355\226\241\277\250\241]j\017\272dl\207\032{]"
 236      A1BFA8A1 
 236      5D6A0FBA 
 236      646C871A 
 236      7B5D
 237 04f8 8DED94B1 		.ascii	"\215\355\224\261\327\274c\251\013;\305u\272\324\316"
 237      D7BC63A9 
 237      0B3BC575 
 237      BAD4CE
 238 0507 A146E8BF 		.ascii	"\241F\350\277H\273\010\032N\025\264\211\017E\257Q\010"
 238      48BB081A 
 238      4E15B489 
 238      0F45AF51 
ARM GAS  /tmp/ccKSUCtm.s 			page 18


 238      08
 239 0518 1A0711F8 		.ascii	"\032\007\021\370\0204\001\357\021\220Dh\217\302\373"
 239      103401EF 
 239      11904468 
 239      8FC2FB
 240 0527 15C80B90 		.ascii	"\025\310\013\2207 \311\360\355%\274'A\222\240\355\000"
 240      3720C9F0 
 240      ED25BC27 
 240      4192A0ED 
 240      00
 241 0538 F90DDACF 		.ascii	"\371\015\332\317A\206A~\000\335\215B\350\241I\035\274"
 241      4186417E 
 241      00DD8D42 
 241      E8A1491D 
 241      BC
 242 0549 2C3B7859 		.ascii	",;xY\355\340\034\325\\.\311\320K^\241\236h\266\310\310"
 242      EDE01CD5 
 242      5C2EC9D0 
 242      4B5EA19E 
 242      68B6C8C8 
 243 055d 5635B245 		.ascii	"V5\262E\035\241\001\031\373\300{\356=\264\267e\350-"
 243      1DA10119 
 243      FBC07BEE 
 243      3DB4B765 
 243      E82D
 244 056f EFA957D0 		.ascii	"\357\251W\320\366\310\330\333j\354\235)\264\211\316"
 244      F6C8D8DB 
 244      6AEC9D29 
 244      B489CE
 245 057e A179807C 		.ascii	"\241y\200|\206\202\320\257\"R\332\023\310\245r\340\212"
 245      8682D0AF 
 245      2252DA13 
 245      C8A572E0 
 245      8A
 246 058f 4C7AC5FB 		.ascii	"Lz\305\373\274<\3206\031z\325\373\332\223}Mt\366\022"
 246      BC3CD036 
 246      197AD5FB 
 246      DA937D4D 
 246      74F612
 247 05a2 07EE8203 		.ascii	"\007\356\202\003\375\"T:\250DW\025\323z,\323\336S\323"
 247      FD22543A 
 247      A8445715 
 247      D37A2CD3 
 247      DE53D3
 248 05b5 DE5763EF 		.ascii	"\336Wc\357\310\330N\357k\232zKj\250\276\346#Z\001\021"
 248      C8D84EEF 
 248      6B9A7A4B 
 248      6AA8BEE6 
 248      235A0111 
 249 05c9 08275DAD 		.ascii	"\010']\255\234\274D\372\006\217\264\302=\316\230\236"
 249      9CBC44FA 
 249      068FB4C2 
 249      3DCE989E 
 250 05d9 78DFCA6C 		.ascii	"x\337\312lT\250\314.\272NMb4=\324\333\212F\251\260\220"
 250      54A8CC2E 
 250      BA4E4D62 
 250      343DD4DB 
ARM GAS  /tmp/ccKSUCtm.s 			page 19


 250      8A46A9B0 
 251 05ee FFDF8B9A 		.ascii	"\377\337\213\232N\347Y\234/J\341\247\243&O9H\346&\225"
 251      4EE7599C 
 251      2F4AE1A7 
 251      A3264F39 
 251      48E62695 
 252 0602 DB67F735 		.ascii	"\333g\3675\016\353\246\224\011\004\3549e\323xV&\300"
 252      0EEBA694 
 252      0904EC39 
 252      65D37856 
 252      26C0
 253 0614 1BD0BBAB 		.ascii	"\033\320\273\253\036\205\343Nv\016\376\232\324\356\010"
 253      1E85E34E 
 253      760EFE9A 
 253      D4EE08
 254 0623 80CAA4BE 		.ascii	"\200\312\244\276\322\225w\250<\"\003\2168Z\2318}iA\265"
 254      D29577A8 
 254      3C22038E 
 254      385A9938 
 254      7D6941B5 
 255 0637 99F79426 		.ascii	"\231\367\224&\320f\245\311\026\236\224&Me\371\337\340"
 255      D066A5C9 
 255      169E9426 
 255      4D65F9DF 
 255      E0
 256 0648 A7944573 		.ascii	"\247\224EsoO\345\011#\012\015\016\246\005l*\224\333"
 256      6F4FE509 
 256      230A0D0E 
 256      A6056C2A 
 256      94DB
 257 065a E9BC1E6D 		.ascii	"\351\274\036m\025\015\330\223\015\337\307\226\220\016"
 257      150DD893 
 257      0DDFC796 
 257      900E
 258 0668 68FAD237 		.ascii	"h\372\3227-d]\031\002\236\311\241\271\364\012@\333 "
 258      2D645D19 
 258      029EC9A1 
 258      B9F40A40 
 258      DB20
 259 067a 8AA48B43 		.ascii	"\212\244\213C;\370`\264\235\247\267B\377\256\3414\037"
 259      3BF860B4 
 259      9DA7B742 
 259      FFAEE134 
 259      1F
 260 068b BD884EFD 		.ascii	"\275\210N\375o\350\274\364k9\254\012\212&\352\3401g"
 260      6FE8BCF4 
 260      6B39AC0A 
 260      8A26EAE0 
 260      3167
 261 069d A32F3DE9 		.ascii	"\243/=\351\003h\365\260\311\225\246\247\252\201\252"
 261      0368F5B0 
 261      C995A6A7 
 261      AA81AA
 262 06ac CFCB2634 		.ascii	"\317\313&4o\277\236\262x\361z\312d\334Wv\\\3504xnaD"
 262      6FBF9EB2 
 262      78F17ACA 
 262      64DC5776 
ARM GAS  /tmp/ccKSUCtm.s 			page 20


 262      5CE83478 
 263 06c3 E7990163 		.ascii	"\347\231\001c\357\342\011|7\037$\031\021t\331\343\252"
 263      EFE2097C 
 263      371F2419 
 263      1174D9E3 
 263      AA
 264 06d4 0A5E89DE 		.ascii	"\012^\211\336\371.\364\203\214,\027\306.\226\227\021"
 264      F92EF483 
 264      8C2C17C6 
 264      2E969711 
 265 06e4 D7EE348C 		.ascii	"\327\3564\214\307\231\262\247b\242\333\177\366~\241"
 265      C799B2A7 
 265      62A2DB7F 
 265      F67EA1
 266 06f3 DDE92AA9 		.ascii	"\335\351*\251mD\211\351}\300Gj^\364#\037\204\262!GP"
 266      6D4489E9 
 266      7DC0476A 
 266      5EF4231F 
 266      84B22147 
 267 0708 652B8873 		.ascii	"e+\210sH\340Q\021\3429\224\313\317&\377\247\275\254"
 267      48E05111 
 267      E23994CB 
 267      CF26FFA7 
 267      BDAC
 268 071a AEF6C129 		.ascii	"\256\366\301)\032v\313\347\356K1J)\377iJ\312Iq\231\247"
 268      1A76CBE7 
 268      EE4B314A 
 268      29FF694A 
 268      CA497199 
 269 072f 48799E94 		.ascii	"Hy\236\224\362=4\345\335WKK\003q\016\243i|\326zIOi\234"
 269      F23D34E5 
 269      DD574B4B 
 269      03710EA3 
 269      697CD67A 
 270 0747 03075911 		.ascii	"\003\007Y\021^'|HWM\276\202\"_\242\330K)\244{7\220\336"
 270      5E277C48 
 270      574DBE82 
 270      225FA2D8 
 270      4B29A47B 
 271 075e BBE8517A 		.ascii	"\273\350QzI\005\253\001\375\211\272\355\365p\013+@\364"
 271      4905AB01 
 271      FD89BAED 
 271      F5700B2B 
 271      40F4
 272 0770 447D3D7E 		.ascii	"D}=~1Q\373\366\344\034\220\222\263\237%\247)\271\264"
 272      3151FBF6 
 272      E41C9092 
 272      B39F25A7 
 272      29B9B4
 273 0783 2D409D9C 		.ascii	"-@\235\234}\020\025'\215J\001\015\367\001)\334\223\203"
 273      7D101527 
 273      8D4A010D 
 273      F70129DC 
 273      9383
 274 0795 EE66A33A 		.ascii	"\356f\243:9oE\327\244;\267kp)\233\372\365\352\241\001"
 274      396F45D7 
 274      A43BB76B 
ARM GAS  /tmp/ccKSUCtm.s 			page 21


 274      70299BFA 
 274      F5EAA101 
 275 07a9 9D988F13 		.ascii	"\235\230\217\023\027\225\371(\024\363\001\377s(\270"
 275      1795F928 
 275      14F301FF 
 275      7328B8
 276 07b8 0E7AF251 		.ascii	"\016z\362QD\363\321\344\034\3556\342\223\214-\251&\261"
 276      44F3D1E4 
 276      1CED36E2 
 276      938C2DA9 
 276      26B1
 277 07ca C847CA47 		.ascii	"\310G\312G\335\252"
 277      DDAA
 278 07d0 5D8A7C90 		.ascii	"]\212|\220\3771\212\025\301,\226\202YB\203Yz\277\243"
 278      FF318A15 
 278      C12C9682 
 278      59428359 
 278      7ABFA3
 279 07e3 5E8B9B19 		.ascii	"^\213\233\031\315dA\276Q\364\351\225W\237\032\246\370"
 279      CD6441BE 
 279      51F4E995 
 279      579F1AA6 
 279      F8
 280 07f4 74C8E353 		.ascii	"t\310\343S)?\233\323\332\354\253\342c\354\332\225\237"
 280      293F9BD3 
 280      DAECABE2 
 280      63ECDA95 
 280      9F
 281 0805 7F39CBCC 		.ascii	"\1779\313\314\375i\376|\2239:\346\333\230/\302M\353"
 281      FD69FE7C 
 281      93393AE6 
 281      DB982FC2 
 281      4DEB
 282 0817 6DA6E888 		.ascii	"m\246\350\210X\223-!\322d\263\317\217\344\374l\337\333"
 282      58932D21 
 282      D264B3CF 
 282      8FE4FC6C 
 282      DFDB
 283 0829 EC317151 		.ascii	"\3541qQV\273\357\306\230x\373\2420\253]o\265J\315\305"
 283      56BBEFC6 
 283      9878FBA2 
 283      30AB5D6F 
 283      B54ACDC5 
 284 083d A68DB604 		.ascii	"\246\215\266\004SDB\334\274\370\365\361Q\363\242\"\276"
 284      534442DC 
 284      BCF8F5F1 
 284      51F3A222 
 284      BE
 285 084e 8D31C5C4 		.ascii	"\2151\305\304G\306n\\\027e\212\213\210\214\216\211\217"
 285      47C66E5C 
 285      17658A8B 
 285      888C8E89 
 285      8F
 286 085f 3259D745 		.ascii	"2Y\327E}\027\2611\326n\265\177\277!\3126?\232\373\350"
 286      7D17B131 
 286      D66EB57F 
 286      BF21CA36 
ARM GAS  /tmp/ccKSUCtm.s 			page 22


 286      3F9AFBE8 
 287 0873 1D46309A 		.ascii	"\035F0\232\311j\263\257\003~@\206Nu,\301.\343\"\243"
 287      C96AB3AF 
 287      037E4086 
 287      4E752CC1 
 287      2EE322A3 
 288 0887 895F22A1 		.ascii	"\211_\"\241\301f\017\267G$\330\227\305\002\251?Q\326"
 288      C1660FB7 
 288      4724D897 
 288      C502A93F 
 288      51D6
 289 0899 6FA06D3D 		.ascii	"o\240m=\264\243\354Rse\224\214\260\306\306\256\263\306"
 289      B4A3EC52 
 289      7365948C 
 289      B0C6C6AE 
 289      B3C6
 290 08ab 400416FE 		.ascii	"@\004\026\376~\352\033\326'\330m\246\360\265\253\027"
 290      7EEA1BD6 
 290      27D86DA6 
 290      F0B5AB17 
 291 08bb 85993EFB 		.ascii	"\205\231>\373l\271i\355\252\325\377Zhb60\030X\307\221"
 291      6CB969ED 
 291      AAD5FF5A 
 291      68623630 
 291      1858C791 
 292 08cf A9C7C459 		.ascii	"\251\307\304Y\355\330lY\010\022\246\011_m\266h\226\257"
 292      EDD86C59 
 292      0812A609 
 292      5F6DB668 
 292      96AF
 293 08e1 5A61E1C3 		.ascii	"Za\341\303-x\305J\213\217\331\274\332\262\220\376\206"
 293      2D78C54A 
 293      8B8FD9BC 
 293      DAB290FE 
 293      86
 294 08f2 69CCE615 		.ascii	"i\314\346\025\026l\376|-^\023n\306\313,\026l1\203\016"
 294      166CFE7C 
 294      2D5E136E 
 294      C6CB2C16 
 294      6C31830E 
 295 0906 067F5BBE 		.ascii	"\006\177[\276\326\202\227\023\313\325\313,\374\027\314"
 295      D6829713 
 295      CBD5CB2C 
 295      FC17CC
 296 0915 6A11E0BF 		.ascii	"j\021\340\277\262,~\177\277Do\300\265 qb6\022\014k\004"
 296      B22C7E7F 
 296      BF446FC0 
 296      B5207162 
 296      36120C6B 
 297 092a 99AB2632 		.ascii	"\231\253&2:\"\301\327j\375nc|\244\325\032 5\346\177"
 297      3A22C1D7 
 297      6AFD6E63 
 297      7CA4D51A 
 297      2035E67F 
 298 093e 1216B6E8 		.ascii	"\022\026\266\350\0172|\375\006\206\236&}\211\022\315"
 298      0F327CFD 
 298      06869E26 
ARM GAS  /tmp/ccKSUCtm.s 			page 23


 298      7D8912CD 
 299 094e 95068B16 		.ascii	"\225\006\213\026H\335\377\364\332\275\370?4\337\244"
 299      48DDFFF4 
 299      DABDF83F 
 299      34DFA4
 300 095d 53       		.ascii	"S"
 301              		.text
 302              		.section	.gnu.lto_.symtab.796a9c936aee8325,"",%progbits
 303 0000 7374496E 		.ascii	"stInit\000\000\000\000\000\000\000\000\000\000\000\000"
 303      69740000 
 303      00000000 
 303      00000000 
 303      0000
 304 0012 AC000000 		.ascii	"\254\000\000\000stStartAlarm\000\000\000\000\000\000"
 304      73745374 
 304      61727441 
 304      6C61726D 
 304      00000000 
 305 0028 00000000 		.ascii	"\000\000\000\000\000\000\273\000\000\000stStopAlarm"
 305      0000BB00 
 305      00007374 
 305      53746F70 
 305      416C6172 
 306 003d 00000000 		.ascii	"\000\000\000\000\000\000\000\000\000\000\000\000\275"
 306      00000000 
 306      00000000 
 306      BD
 307 004a 00000073 		.ascii	"\000\000\000stSetAlarm\000\000\000\000\000\000\000\000"
 307      74536574 
 307      416C6172 
 307      6D000000 
 307      00000000 
 308 005f 00000000 		.ascii	"\000\000\000\000\277\000\000\000stGetAlarm\000\000\000"
 308      BF000000 
 308      73744765 
 308      74416C61 
 308      726D0000 
 309 0074 00000000 		.ascii	"\000\000\000\000\000\000\000\000\000\302\000\000\000"
 309      00000000 
 309      00C20000 
 309      00
 310 0081 73745F6C 		.ascii	"st_lld_init\000\000\002\000\000\000\000\000\000\000"
 310      6C645F69 
 310      6E697400 
 310      00020000 
 310      00000000 
 311 0096 0000C400 		.ascii	"\000\000\304\000\000\000"
 311      0000
 312              		.text
 313              		.section	.gnu.lto_.opts,"",%progbits
 314 0000 272D666E 		.ascii	"'-fno-trapv' '-mcpu=cortex-m0' '-mno-thumb-interwor"
 314      6F2D7472 
 314      61707627 
 314      20272D6D 
 314      6370753D 
 315 0033 6B272027 		.ascii	"k' '-mthumb' '-ggdb' '-O2' '-fomit-frame-pointer' '"
 315      2D6D7468 
ARM GAS  /tmp/ccKSUCtm.s 			page 24


 315      756D6227 
 315      20272D67 
 315      67646227 
 316 0066 2D66616C 		.ascii	"-falign-functions=16' '-ffunction-sections' '-fdata"
 316      69676E2D 
 316      66756E63 
 316      74696F6E 
 316      733D3136 
 317 0099 2D736563 		.ascii	"-sections' '-fno-common' '-flto'\000"
 317      74696F6E 
 317      73272027 
 317      2D666E6F 
 317      2D636F6D 
 318              		.text
 319              		.comm	__gnu_lto_v1,1,1
 320              		.comm	__gnu_lto_slim,1,1
 321              		.ident	"GCC: (GNU Tools for ARM Embedded Processors) 4.9.3 20150529 (release) [ARM/embedded-4_9-br
ARM GAS  /tmp/ccKSUCtm.s 			page 25


DEFINED SYMBOLS
                            *ABS*:0000000000000000 st.c
                            *COM*:0000000000000001 __gnu_lto_v1
                            *COM*:0000000000000001 __gnu_lto_slim

NO UNDEFINED SYMBOLS
