ARM GAS  /tmp/ccpP0bZz.s 			page 1


   1              		.cpu cortex-m0
   2              		.fpu softvfp
   3              		.eabi_attribute 20, 1
   4              		.eabi_attribute 21, 1
   5              		.eabi_attribute 23, 3
   6              		.eabi_attribute 24, 1
   7              		.eabi_attribute 25, 1
   8              		.eabi_attribute 26, 1
   9              		.eabi_attribute 30, 2
  10              		.eabi_attribute 34, 0
  11              		.eabi_attribute 18, 4
  12              		.code	16
  13              		.file	"st_lld.c"
  14              		.text
  15              	.Ltext0:
  16              		.section	.gnu.lto_.profile.99bb8a0382c8b035,"",%progbits
  17 0000 789C6366 		.ascii	"x\234cf```a\200\000F\006+Y\000\001\005\000`"
  17      60606061 
  17      80004606 
  17      2B590001 
  17      050060
  18              		.text
  19              		.section	.gnu.lto_.jmpfuncs.99bb8a0382c8b035,"",%progbits
  20 0000 789C6366 		.ascii	"x\234cf\300\016|\2414\023\0203\2020\323G&\306\306e\273"
  20      C00E7CA1 
  20      34131033 
  20      8230D347 
  20      26C6C665 
  21 0015 7BD85F30 		.ascii	"{\330_0\375\004\013.g\224\002\3110\201$\326\037=}\210"
  21      FD040B2E 
  21      679402C9 
  21      308124D6 
  21      1F3D7D88 
  22 0029 0D24C1C8 		.ascii	"\015$\301\310\317\300\270\002(\001\022<\377\340p?\017"
  22      CFC0B802 
  22      2801123C 
  22      FFE0703F 
  22      0F
  23 003a 58908981 		.ascii	"X\220\211\201q%P\220\001\000\332'\023\321"
  23      71255090 
  23      0100DA27 
  23      13D1
  24              		.text
  25              		.section	.gnu.lto_.inline.99bb8a0382c8b035,"",%progbits
  26 0000 789C6366 		.ascii	"x\234cf\300\016\234\2404\023\003\003\257\030#\003\023"
  26      C00E9CA0 
  26      34130303 
  26      AF182303 
  26      13
  27 0011 DFBD0006 		.ascii	"\337\275\000\006\266\005\362L`1n\006\006\306\011~\214"
  27      B605F24C 
  27      60316E06 
  27      06C6097E 
  27      8C
  28 0022 5C50358C 		.ascii	"\\P5\214@(\"\003T$\363\340\026#\\\0253\017X7\003\000"
  28      40282203 
  28      5424F3E0 
ARM GAS  /tmp/ccpP0bZz.s 			page 2


  28      16235C15 
  28      330F5837 
  29 0038 EA30064C 		.ascii	"\3520\006L"
  30              		.text
  31              		.section	.gnu.lto_.pureconst.99bb8a0382c8b035,"",%progbits
  32 0000 789C6366 		.ascii	"x\234cf```e\200\000&\006+F)\000\001Y\000`"
  32      60606065 
  32      80002606 
  32      2B462900 
  32      01590060 
  33              		.text
  34              		.section	.gnu.lto_Vector7C.99bb8a0382c8b035,"",%progbits
  35 0000 789C8553 		.ascii	"x\234\205SoHSQ\024\277\347\276\2679\267e\321\207(\211"
  35      6F485351 
  35      14BFE7BE 
  35      B739B765 
  35      D1872889 
  36 0014 32FC2011 		.ascii	"2\374 \021\356QF_#\214@p\004\255\357\243\266\201\203"
  36      EE51465F 
  36      238C4070 
  36      04ADEFA3 
  36      B68183
  37 0027 D96453C9 		.ascii	"\331dS\311\017\322[\256\214\210\020)\260\302\250\240"
  37      0FD25BAE 
  37      8C881029 
  37      B0C2A8A0 
  38 0037 BF96667F 		.ascii	"\277\226f\177\254f\177^\245\323\322\262?\224d\232\226"
  38      AC667F5E 
  38      A5D3D2B2 
  38      3F94649A 
  38      96
  39 0048 590962E6 		.ascii	"Y\011b\346,{\204\256s\3573s{P\203\335\373\356\371\235"
  39      2C7B84AE 
  39      73EF3373 
  39      7B5083DD 
  39      FBEEF99D 
  40 005c 737EE7FC 		.ascii	"s~\347\374\356\271\002\321\377r\360_-\022\362\003w0"
  40      EEB902D1 
  40      FF72F05F 
  40      2D12F203 
  40      7730
  41 006e 10A0554F 		.ascii	"\020\240UO\011\011\231(\025\"\313\210l\026_KD\266\012"
  41      09099928 
  41      1522CB88 
  41      6C165F4B 
  41      44B60A
  42 0081 206A6611 		.ascii	" jf\021\200}\020 \273\250 \302.\030\246\337(T)u5\226"
  42      807D1020 
  42      BBA820C2 
  42      2E18A6DF 
  42      28542975 
  43 0097 ACD3B22C 		.ascii	"\254\323\262,\217\215\377\022\367,V)!1\252\345\207\263"
  43      8F8DFF12 
  43      F72C5629 
  43      2131AAE5 
  43      87B3
  44 00a9 9045D0E7 		.ascii	"\220E\320\347Q\264;MX\013\354\363V\375\304\023\313\027"
ARM GAS  /tmp/ccpP0bZz.s 			page 3


  44      51B43B4D 
  44      580BECF3 
  44      56FDC413 
  44      CB17
  45 00bb AA52C860 		.ascii	"\252R\310`\307Hu{\215\221\035\251\310\216c\207\3374"
  45      C748757B 
  45      8D911DA9 
  45      C88E6387 
  45      DF34
  46 00cd 58334FCA 		.ascii	"X3O\312\362\356\201\341\317n%|B\236\216\307A\245\002"
  46      F2EE81E1 
  46      CF6E257C 
  46      429E8EC7 
  46      41A502
  47 00e0 9C0301B3 		.ascii	"\234\003\001\263\302yH\207\013\220>S?F|\013Ou[\214a"
  47      C2794887 
  47      0B903E53 
  47      3F467C0B 
  47      4F755B8C 
  48 00f5 A45F0075 		.ascii	"\244_\000u\220\251Q\303E0\002n\314\322\260P\221\343"
  48      90A951C3 
  48      4530026E 
  48      CCD2B050 
  48      91E3
  49 0107 F1D8D7C1 		.ascii	"\361\330\327\301\312\365\367\250U$\314f *\025\215l!"
  49      CAF5F7A8 
  49      5524CC66 
  49      202A158D 
  49      6C21
  50 0119 E42306B0 		.ascii	"\344#\006\260\266\206(e\273\320\013a\345e\027\260\024"
  50      B6862865 
  50      BBD00B61 
  50      E56517B0 
  50      14
  51 012a 93544486 		.ascii	"\223TD\206\343/\017\326\323\362_\362>\331\244RC\214"
  51      E32F0FD6 
  51      D3F25FF2 
  51      3ED9A452 
  51      438C
  52 013c B2C497A0 		.ascii	"\262\304\227\240\234\221\207\3164\037Ha\325\033\321"
  52      9C9187CE 
  52      341F4861 
  52      D51BD1
  53 014b 560FE92A 		.ascii	"V\017\351*M!\257\201rz\244\301x\322\003\017\232\032"
  53      4D21AF81 
  53      727AA4C1 
  53      78D2030F 
  53      9A1A
  54 015d 271F1AB4 		.ascii	"'\037\032\264|\006\014\032\355h\333k`A&,Z\346m\367\177"
  54      7C060C1A 
  54      ED68DB6B 
  54      6041262C 
  54      5AE66DF7 
  55 0172 EC7A6EE2 		.ascii	"\354zn\342&\336\323\221\375\355\207\204Z8\206\215\247"
  55      26DED391 
  55      FDED8784 
  55      5A38868D 
ARM GAS  /tmp/ccpP0bZz.s 			page 4


  55      A7
  56 0183 4203767C 		.ascii	"B\003v|\231u\214\300\251Qeiv\235\034F\300\014\215P\013"
  56      99758CC0 
  56      A9516569 
  56      769D1C46 
  56      C00C8D50 
  57 0198 E35C68B8 		.ascii	"\343\\h\270\002\331HT\361so\247\240\361\314P\035\355"
  57      02D94854 
  57      F1736FA7 
  57      A0F1CC50 
  57      1DED
  58 01aa 1E9A1058 		.ascii	"\036\232\020X^\021\245\273\212I^A\370ME\372\214\317"
  58      5E11A5BB 
  58      8A495E41 
  58      F84D45FA 
  58      8CCF
  59 01bc DC065008 		.ascii	"\334\006P\010\2706\243\353\020\025Hd\231\200\225\217"
  59      B836A3EB 
  59      10154864 
  59      9980958F 
  60 01cc 8D4D0EF2 		.ascii	"\215M\016\362\312\347\024\025\222ee\345?\013\273\376"
  60      CAE71415 
  60      926565E5 
  60      3F0BBBFE 
  61 01dc B7B026C8 		.ascii	"\267\260&\310\236\333\236\031M70\344-\204>L\275\277"
  61      9EDB9E19 
  61      4D3730E4 
  61      2D843E4C 
  61      BDBF
  62 01ee 2424DCDF 		.ascii	"$$\334\337\300\351\351\225\374\346bx\023\211Hs[\353"
  62      C0E9E995 
  62      FCE66278 
  62      13894873 
  62      5BEB
  63 0200 6281C04D 		.ascii	"b\201\300M\206\011I\330\335\375Q#\201[\014\022\223\240"
  63      860949D8 
  63      DDFD5123 
  63      815B0C12 
  63      93A0
  64 0212 171DFD38 		.ascii	"\027\035\3758\324\021\006\031\022!\345\346\"\002\315"
  64      D4110619 
  64      1221E5E6 
  64      2202CD
  65 0221 0C30260D 		.ascii	"\0140&\015\021\201\333\300n\363\016_I\037 \374\270\362"
  65      1181DBC0 
  65      6EF30E5F 
  65      491F20FC 
  65      B8F2
  66 0233 C40F71F9 		.ascii	"\304\017q\371'\250\225k2Tja\021\317F\242\221TT\225\300"
  66      27A8956B 
  66      32546A61 
  66      11CF46A2 
  66      91545495 
  67 0248 5D588EEB 		.ascii	"]X\216\353=\020I/T\014D\332:\227$\026\321:\333U\212"
  67      3D10492F 
  67      540C44DA 
  67      3A972416 
ARM GAS  /tmp/ccpP0bZz.s 			page 5


  67      D13ADB55 
  68 025d 8E4AE124 		.ascii	"\216J\341$\367\201\027\2210g\326\0305q\030\036\340\250"
  68      F7811791 
  68      3067D618 
  68      3571181E 
  68      E0A8
  69 026f A9749EA6 		.ascii	"\251t\236\246\331\367\213I\232\015\315fOM\326\254\262"
  69      D9F78B49 
  69      9A0DCD66 
  69      4F4DD6AC 
  69      B2
  70 0280 8B69F690 		.ascii	"\213i\366\220af\235f}\230\271\205A\026\235f#\250Y+\203"
  70      61669D66 
  70      7D98B985 
  70      41169D66 
  70      23A8592B 
  71 0295 AC499AF5 		.ascii	"\254I\232\365\240fQ\006\314\3235\322\306\033i\3274\033"
  71      A0665106 
  71      CCD335D2 
  71      C61B69D7 
  71      341B
  72 02a7 FDAF668F 		.ascii	"\375\257f\217\270f\217Q36m\342\237w7\320\022\347\357"
  72      B8668F51 
  72      33366DE2 
  72      9F7737D0 
  72      12E7EF
  73 02ba 4EA7465A 		.ascii	"N\247FZ\214\246a@\007J\201oJ\245\363\311;\010)\361\315"
  73      8CA66140 
  73      074A816F 
  73      4AA5F3C9 
  73      3B0829F1 
  74 02cf DC99B037 		.ascii	"\334\231\2607\014,\007\246^m\263I\271\005\336\355\336"
  74      0C2C07A6 
  74      5E6DB349 
  74      B905DEED 
  74      DE
  75 02e0 CD0EC91F 		.ascii	"\315\016\311\037\224\012\266\371\244\"\177\2408(9\266"
  75      940AB6F9 
  75      A4227FA0 
  75      382839B6 
  76 02f0 DA73D648 		.ascii	"\332s\326H\371\371\033\245\255y\366\322\325R\260\330"
  76      F9F91BA5 
  76      AD79F6D2 
  76      D552B0D8 
  77 0300 E9F3B96D 		.ascii	"\351\363\271m.\222\352\014n+\365\270\235\276\200-1\326"
  77      2E92EA0C 
  77      6E2BF5B8 
  77      9DBE802D 
  77      31D6
  78 0312 B3B358CA 		.ascii	"\263\263X\312\265;\362\034\222w\207\313W\342\366H.\177"
  78      B53BF21C 
  78      927787CB 
  78      57E2F648 
  78      2E7F
  79 0324 C0E37415 		.ascii	"\300\343t\025n*\331\341\262\025\220\025z*\177\020\227"
  79      6E2AD9E1 
  79      B2159015 
ARM GAS  /tmp/ccpP0bZz.s 			page 6


  79      7A2A7F10 
  79      97
  80 0335 4031DFF5 		.ascii	"@1\337\365\036\010\314f*\010\226\005\321c\225\316C\253"
  80      1E08CC66 
  80      2A089605 
  80      D16395CE 
  80      43AB
  81 0347 76C3167B 		.ascii	"v\303\026{\256}'\272q\312\322u\205\350kr\025\005\275"
  81      AE7D27BA 
  81      71CAD275 
  81      85E86B72 
  81      1505BD
  82 035a EE0C2F49 		.ascii	"\356\014/I)\364\024\372\003e\232\301\203\206\337\242"
  82      29F414FA 
  82      03659AC1 
  82      8386DFA2 
  83 036a 28FD0C   		.ascii	"(\375\014"
  84              		.text
  85              		.section	.gnu.lto_st_lld_init.99bb8a0382c8b035,"",%progbits
  86 0000 789C9D94 		.ascii	"x\234\235\224\337K\024Q\024\307\357\367\316\217][\241"
  86      DF4B1451 
  86      14C7EFF7 
  86      CE8F5D5B 
  86      A1
  87 0011 1F4FB504 		.ascii	"\037O\265\004=D\370\322:\230\375\007\371\022(=\350{"
  87      3D44F8D2 
  87      3A98FD07 
  87      F912283D 
  87      E87B
  88 0023 F4E34141 		.ascii	"\364\343AA0Rz\023gs\025\211(\313\240\262\266\237X\231"
  88      30527A13 
  88      67731589 
  88      28CBA0B2 
  88      B69F5899 
  89 0037 F923AD2D 		.ascii	"\371#\255-5u\322L\323\324\304H\020\323 \005\203\220"
  89      3575D24C 
  89      D3D4C448 
  89      10D32005 
  89      8390
  90 0049 590D628A 		.ascii	"Y\015b\212\264{\356\254k\351\213\356\300\336\273{\357"
  90      B47BEEAC 
  90      6BE98BEE 
  90      C0DEBB7B 
  90      EF
  91 005a D9CFE79C 		.ascii	"\331\317\347\234\271gFa\353/\277\370dh\214\245\213\031"
  91      B9674661 
  91      EB2FBFF8 
  91      64688CA5 
  91      8B19
  92 006c 0A03AF1C 		.ascii	"\012\003\257\034f,\350\345\000}a`%\034%\370\306\243"
  92      662CE8E5 
  92      007D6160 
  92      251C25F8 
  92      C6A3
  93 007e 1C9556DD 		.ascii	"\034\225V\3355_J\215i\232vs\325\256\262\235\016gl\221"
  93      355F4A8D 
  93      699A7673 
ARM GAS  /tmp/ccpP0bZz.s 			page 7


  93      D5AEB29D 
  93      0E676C91 
  94 0092 BB183C44 		.ascii	"\273\030<D\012\0231\321\320\237q\237\036\0221\333\334"
  94      0A1331D1 
  94      D09F719F 
  94      1E1231DB 
  94      DC
  95 00a3 3D3C820E 		.ascii	"=<\202\01617\356\260\314\345\345\3737\317\207\265\355"
  95      3137EEB0 
  95      CCE5E5FB 
  95      37CF87B5 
  95      ED
  96 00b4 9C395CB8 		.ascii	"\2349\\\270\304\240\321\240\323\300\330\214\010'\347"
  96      C4A0D1A0 
  96      D3C0D88C 
  96      0827E7
  97 00c3 2CE7342B 		.ascii	",\3474+\023\350\216D?\036$\300ON\376\201\376\232\326"
  97      13E88E44 
  97      3F1E24C0 
  97      4F4EFE81 
  97      FE9AD6
  98 00d6 A439EE70 		.ascii	"\2449\356pn\336\2510U\322M\317\214\214z\345\022\243"
  98      6EDEA930 
  98      55D24DCF 
  98      8C8C7AE5 
  98      12A3
  99 00e8 9F671FDC 		.ascii	"\237g\037\334m\363\206q\003\016WP\013?\036\303/7\276"
  99      6DF38671 
  99      030E5750 
  99      0B3F1EC3 
  99      2F37BE
 100 00fb FEAA9EF5 		.ascii	"\376\252\236\365\005\352\314P\320\353p\025u\010cAf\216"
 100      05EACC50 
 100      D0EB7015 
 100      75086341 
 100      668E
 101 010d 2708B009 		.ascii	"'\010\260\011\224\376\320]\217\342\252\372\302s\315"
 101      94FED05D 
 101      8FE2AAFA 
 101      C273CD
 102 011c 2A710186 		.ascii	"*q\001\206z\001\021\311\\\006\205l\302\322\260jiD@\260"
 102      7A0111C9 
 102      5C06856C 
 102      C2D2B06A 
 102      694440B0 
 103 0130 8912B9F4 		.ascii	"\211\022\271\364IuU\232\370\307\320\367\212*\037y4\263"
 103      4975559A 
 103      F8C7D0F7 
 103      8A2A1F79 
 103      34B3
 104 0142 A96C4D49 		.ascii	"\251lMI\232dV_]\272\355se:\232\204\354iL\266\320bw("
 104      9A64565F 
 104      5DBAED73 
 104      653A9A84 
 104      EC694CB6 
 105 015a ABB26629 		.ascii	"\253\262f)\243;\215\226\377K\"\325\272\0326\212}\266"
 105      A33B8D96 
ARM GAS  /tmp/ccpP0bZz.s 			page 8


 105      FF4B22D5 
 105      BA1A368A 
 105      7DB6
 106 016c 8A7D4E35 		.ascii	"\212}N5\350D\261\355\361\220'\006\232\037\354+\327("
 106      E844B1ED 
 106      F1902706 
 106      9A1FEC2B 
 106      D728
 107 017e 5D8F38F3 		.ascii	"]\2178\3635\025x$\361\372\271\376+\212P\005M\323\332"
 107      35157824 
 107      F1FAB9FE 
 107      2B8A5005 
 107      4DD3DA
 108 0191 E3702F22 		.ascii	"\343p/\"B\367\"\246\2737o\355&\033H\366R\312d\327\264"
 108      42F722A6 
 108      BB376FED 
 108      261B48F6 
 108      52CA64D7 
 109 01a6 22207627 		.ascii	"\" v'\206g;\345\211\253]\373\030\332\334\032\354\246"
 109      86673BE5 
 109      89AB5DFB 
 109      18DADC1A 
 109      ECA6
 110 01b8 C9B87DE3 		.ascii	"\311\270}\343\354v\311V\210\375J\262\227J\307\"\220"
 110      EC76C956 
 110      88FD4AB2 
 110      974AC722 
 110      90
 111 01c9 EC65716D 		.ascii	"\354eqme\350\210\341\355D\360\235\022\257\022\276K\342"
 111      65E888E1 
 111      ED44F09D 
 111      12AF12BE 
 111      4BE2
 112 01db E33741AC 		.ascii	"\3437A\254\301Z\311\374\363\246\321Ix-\321\242\033h"
 112      C15AC9FC 
 112      F3A6D149 
 112      782DD1A2 
 112      1B68
 113 01ed E7437BED 		.ascii	"\347C{\355\"\214zq<\326~\362v#\200\275~\331c=0\342\""
 113      228C7A71 
 113      3CD67EF2 
 113      762380BD 
 113      7ED9633D 
 114 0204 7BF32215 		.ascii	"{\363\"\025o\244H'V\257\300\306\223\236J\200\365V\262"
 114      6FA44827 
 114      56AFC0C6 
 114      939E4A80 
 114      F556B2
 115 0217 3CC4EAFB 		.ascii	"<\304\352\373\207e'\302\352\227,/\261\336\011V\375J"
 115      876527C2 
 115      EA972C2F 
 115      B1DE0956 
 115      FD4A
 116 0229 5ED309B0 		.ascii	"^\323\011\260\006$+\211X\2031\326$\312\254\2521\371"
 116      06242B89 
 116      588331D6 
 116      24CAACAA 
ARM GAS  /tmp/ccpP0bZz.s 			page 9


 116      31F9
 117 023b 6050F8AD 		.ascii	"`P\370\255\261\013\015\274\370\267Ya\212\007`\313\""
 117      B10B0DBC 
 117      F8B75961 
 117      8A0760CB 
 117      22
 118 024c F53EDEA3 		.ascii	"\365>\336\243\230\266\032{\007\273u:S\237h\227!\370"
 118      98B61A7B 
 118      07BB753A 
 118      539F6897 
 118      21F8
 119 025e C5D2C897 		.ascii	"\305\322\310\227\236\213\311r\2113\014\303\357\360d"
 119      9E8BC972 
 119      89330CC3 
 119      EFF064
 120 026d 3685A035 		.ascii	"6\205\2405\232-y\214^k\240\327\231\350\352\264\324T"
 120      9A2D798C 
 120      5E6BA0D7 
 120      99E8EAB4 
 120      D454
 121 027f E3506EDE 		.ascii	"\343Pn\336\361\274#\331FA\241\221{,\3378Up\272\250\320"
 121      F1BC23D9 
 121      4641A191 
 121      7B2CDF38 
 121      5570BAA8 
 122 0294 C8CEC94A 		.ascii	"\310\316\311J?`dff\0309\207\263\316\244\031\205EG\363"
 122      3F606466 
 122      66183987 
 122      B3CEA419 
 122      854547F3 
 123 02a8 F34FA69E 		.ascii	"\363O\246\236`\177\001\377\013\341\037"
 123      607F01FF 
 123      0BE11F
 124              		.text
 125              		.section	.gnu.lto_.symbol_nodes.99bb8a0382c8b035,"",%progbits
 126 0000 789C4DC8 		.ascii	"x\234M\310\275\015\3020\024E\341s\375l\304\026\036\365"
 126      BD0DC230 
 126      1445E173 
 126      FD6CC416 
 126      1EF5
 127 0012 A5B0A065 		.ascii	"\245\260\240e\002D\301\012\011?u\22423\244H\351\031"
 127      0244C10A 
 127      093F7594 
 127      3233A448 
 127      E919
 128 0024 1096A0F0 		.ascii	"\020\226\240\360\255\356w\014(\374\027F9\\Vp\347z;\022"
 128      ADEE770C 
 128      28FC1746 
 128      395C5670 
 128      E77A3B12 
 129 0038 26B9FAA0 		.ascii	"&\271\372\240\247<\374\002\303\320\374\222[\357\207"
 129      A73CFC02 
 129      C3D0FC92 
 129      5BEF87
 130 0047 3CF67ECB 		.ascii	"<\366~\313Sg#r\337>\262\366\312\262\034\214\300|\252"
 130      53672372 
 130      DF3EB2F6 
ARM GAS  /tmp/ccpP0bZz.s 			page 10


 130      CAB21C8C 
 130      C07CAA
 131 005a D994D8CF 		.ascii	"\331\224\330\3175\363\005y\367$C"
 131      35F30579 
 131      F72443
 132              		.text
 133              		.section	.gnu.lto_.refs.99bb8a0382c8b035,"",%progbits
 134 0000 789C6366 		.ascii	"x\234cf```d\200\002\000\000=\000\005"
 134      60606064 
 134      80020000 
 134      3D0005
 135              		.text
 136              		.section	.gnu.lto_.decls.99bb8a0382c8b035,"",%progbits
 137 0000 789CB558 		.ascii	"x\234\265XkPTG\026\236\276=\0140\014`a\312\244\254\324"
 137      6B505447 
 137      169EBE3D 
 137      0C300C60 
 137      61CAA4AC 
 138 0015 AE5A5BAC 		.ascii	"\256Z[\254\311\252\243\230M\366\337F\007\037\324\206"
 138      C9AAA398 
 138      4DF6DF46 
 138      071FD486 
 139 0025 680D642B 		.ascii	"h\015d+\225l\325\004q\014\324\362\310\002f\265j\177"
 139      956CD504 
 139      710CD4F2 
 139      C80266B5 
 139      6A7F
 140 0037 5C1EABE0 		.ascii	"\\\036\253\340\003\020QA@QA\004D\300'\010\302\210\362"
 140      03105141 
 140      40514104 
 140      44C02708 
 140      C288F2
 141 004a 52041410 		.ascii	"R\004\024\020\020\0250* \242 *\342\003\366t\367\275"
 141      1015302A 
 141      20A2202A 
 141      E203F674 
 141      F7BD
 142 005c 77EE0C83 		.ascii	"w\356\014\203\233\037\273\267\352\320\367t\177\375\365"
 142      9B1FBBB7 
 142      EAD0F774 
 142      7FFDF5
 143 006b 79F4ED3E 		.ascii	"y\364\355>\003V(\024\001H\241\230\204'\350C\205\342"
 143      03562814 
 143      0148A198 
 143      8427E843 
 143      85E2
 144 007d 03A54281 		.ascii	"\003\245B\201\241o-\010\007\262\032\244H\301\036\025"
 144      A16F2D08 
 144      07B21AA4 
 144      48C11E15 
 145 008d C86990B3 		.ascii	"\310i\220\263 \027@*AL \325\212\251\017\301\315\020"
 145      2017402A 
 145      414C20D5 
 145      8AA90FC1 
 145      CD10
 146 009f 785C4034 		.ascii	"x\\@4 \245 sA\352\004\336Z\322\017k\253A\032\340}\026"
 146      20A52073 
ARM GAS  /tmp/ccpP0bZz.s 			page 11


 146      41EA04DE 
 146      5AD20F6B 
 146      AB411AE0 
 147 00b5 B41F829C 		.ascii	"\264\037\202\234\204\367\217\240-\203\026\032\305\030"
 147      84F78FA0 
 147      2D83161A 
 147      C518
 148 00c3 88ABC049 		.ascii	"\210\253\300I\326\233\015\235\037\203\374\006d\016\310"
 148      D69B0D9D 
 148      1F83FC06 
 148      640EC8
 149 00d2 EF40DC11 		.ascii	"\357@\334\021\263g>\264\237\202,\000Y\004\262\0041["
 149      B3673EB4 
 149      9F822C00 
 149      5904B204 
 149      315B
 150 00e4 AD1FE283 		.ascii	"\255\037\342\203\263`\037\261\311\027p>\202\035~\320"
 150      B3601FB1 
 150      C917703E 
 150      821D7ED0 
 151 00f4 FE80CCB6 		.ascii	"\376\200\314\266\335\207\276u\210\305\341\022\210\032"
 151      DD87BE75 
 151      88C5E112 
 151      881A
 152 0102 C41BF4BF 		.ascii	"\304\033\364\277\201\330\203\274\002\3755\210\035\274"
 152      81D883BC 
 152      02FD3588 
 152      1DBC
 153 0110 4F40FB16 		.ascii	"O@\373\026D\011\357\357\204\030\236\235&F#\034*=\361"
 153      4409EFEF 
 153      84189E9D 
 153      2646231C 
 153      2A3DF1
 154 0123 FC9A533F 		.ascii	"\374\232S?\207\\\324s\210z>\251.E\005\252F\255$je\305"
 154      875CD473 
 154      887A3EA9 
 154      2E4505AA 
 154      46AD246A 
 155 0139 AB1A35E6 		.ascii	"\253\0325\346\020y?\222\322\333\252^\220\307\363|,o"
 155      10793F92 
 155      D2DBAA5E 
 155      90C7F37C 
 155      2C6F
 156 014b EA40668A 		.ascii	"\352@f\212\035\261=\365j\354FA\221G\313v\330\303\374"
 156      1DB13DF5 
 156      6AEC4641 
 156      9147CB76 
 156      D8C3FC
 157 015e B96A3AD4 		.ascii	"\271j:\324\2356\236\345HU\222^W\350\342\352\036\362"
 157      9D369EE5 
 157      4855925E 
 157      57E8E2EA 
 157      1EF2
 158 0170 475C90BB 		.ascii	"G\\\220\273:\013\210\206/$\325|\314\363JT\210\324(\037"
 158      3A0B8886 
 158      2F24D57C 
 158      CCF34A54 
ARM GAS  /tmp/ccpP0bZz.s 			page 12


 158      88D4281F 
 159 0184 61948716 		.ascii	"a\224\207\026\220\220\223\331\344\211\345\371(>1\232"
 159      909093D9 
 159      E489E5F9 
 159      283E319A 
 160 0194 77AC7351 		.ascii	"w\254sQ\240\0344\033\035C\263\025\350\004r\007\004\305"
 160      A01C341B 
 160      1D43B315 
 160      E8047207 
 160      04C5
 161 01a6 A2E3D059 		.ascii	"\242\343\320Y\000\235@\\\375\266\"\306\016\251\335m"
 161      009D405C 
 161      FDB622C6 
 161      0EA9DD6D 
 162 01b6 4F2AB631 		.ascii	"O*\2661\211\232\220\027\2354\213\230P\004&\344\232M"
 162      899A9017 
 162      9D348B98 
 162      500426E4 
 162      9A4D
 163 01c8 008B980D 		.ascii	"\000\213\230\015d\000<){s\257U\371\341\036\230A\270"
 163      64003C29 
 163      7B73AF55 
 163      F9E11E98 
 163      41B8
 164 01da 6728D1DA 		.ascii	"g(\321\332Y\022\271\002\235D\260s\321\367J\026\220\316"
 164      5912B902 
 164      9D44B073 
 164      D1F74A16 
 164      90CE
 165 01ec CBC38F1C 		.ascii	"\313\303\217\034\361\277h@v\214\216\030\347\034\340"
 165      F1BF6840 
 165      768C8E18 
 165      E71CE0
 166 01fb 338B8677 		.ascii	"3\213\206w>\030sL\3453\243\370\211\311ID\247\240S\322"
 166      3E18734C 
 166      E533A3F8 
 166      89C94944 
 166      A7A053D2 
 167 020f 7A0AF2CE 		.ascii	"z\012\362\316\326;\215\346\300\274\226\375I\247\021"
 167      D63B8DE6 
 167      C0BC96FD 
 167      49A711
 168 021e 3E872849 		.ascii	">\207(IY\342\356^\015e\351I\2537\232b\370\267\223\223"
 168      59E2EE5E 
 168      0D65E949 
 168      AB379A62 
 168      F8B79393 
 169 0232 98519C91 		.ascii	"\230Q\234\221Q\234\021)\316R\212\033\317Jy{|\211Rp;"
 169      519C1129 
 169      CE528A1B 
 169      CF4A797B 
 169      7C895270 
 170 0247 AF774F28 		.ascii	"\257wO(\221\273\206\372\234\2363\272)\222\377\022\225"
 170      91BB86FA 
 170      9C9E33BA 
 170      2992FF12 
 170      95
ARM GAS  /tmp/ccpP0bZz.s 			page 13


 171 0258 220D3A67 		.ascii	"\"\015:g\366y\215\206\271\274\315\034A\271\233\250\004"
 171      F6798D86 
 171      B9BCCD1C 
 171      41B99BA8 
 171      04
 172 0269 62B84623 		.ascii	"b\270F#\240a\201\2271\271\267\\\224\260\301(\321\367"
 172      A0618197 
 172      31B9B75C 
 172      94B0C128 
 172      D1F7
 173 027b 74C724A5 		.ascii	"t\307$\245\277{\3512m\234\312h\234\316#!P9\203\347\363"
 173      BF7BE932 
 173      6D9CCA68 
 173      9CCE2321 
 173      503983E7 
 174 0290 1CF173E6 		.ascii	"\034\361s\346d\333\211\335u\216\340d\017?\234\220\233"
 174      64DB89DD 
 174      758EE064 
 174      0F3F9C90 
 174      9B
 175 02a1 B37C5774 		.ascii	"\263|Wtb\026\33739\371[:\013\225\313\374,\027\375\274"
 175      6216DF33 
 175      39F95B3A 
 175      0B95CBFC 
 175      2C17FDBC 
 176 02b5 40FD8C9B 		.ascii	"@\375\214\233|R\242\306\247\330.\315\272\330\376\310"
 176      7C52A2C6 
 176      A7D82ECD 
 176      BAD8FEC8 
 177 02c5 8EB214C5 		.ascii	"\216\262\024\305o?\301\245\362\207\344\001\257\220\261"
 177      6F3FC1A5 
 177      F287E401 
 177      AF90B1
 178 02d4 54882C95 		.ascii	"T\210,\225\224\245\263\355a\212S\037\207\343\225\012"
 178      94A5B3ED 
 178      618A531F 
 178      87E3950A 
 179 02e4 64A23DB1 		.ascii	"d\242=\261\005E\345\216\324=\2627\230{\373\233\217\247"
 179      0545E58E 
 179      D43DB237 
 179      987BFB9B 
 179      8FA7
 180 02f6 69A4BE8B 		.ascii	"i\244\276\213\210v\026$\274\270\254\231\326\347K\324"
 180      88761624 
 180      BCB8AC99 
 180      D6E74BD4 
 181 0306 E72AD1E7 		.ascii	"\347*\321\347\223\255\371\007\324\270\237Y\333Z\031"
 181      93ADF907 
 181      D4B89F59 
 181      DB5A19
 182 0315 794CC5AC 		.ascii	"yL\305\254\035\277\372\243\314X\230\204.\313\214\275"
 182      1DBFFAA3 
 182      CC589884 
 182      2ECB8CBD 
 183 0325 2C1A5B4D 		.ascii	",\032[MM\253j*\331\213\250\031\253E\313\306*\253GTr"
 183      4DAB6A2A 
 183      D98BA819 
ARM GAS  /tmp/ccpP0bZz.s 			page 14


 183      AB45CBC6 
 183      2AAB4754 
 184 033a 23205366 		.ascii	"# Sf#j\251\0215\242\021\307w\23739i\344y\006\200\014"
 184      236AA911 
 184      35A211C7 
 184      779F3339 
 184      69E47906 
 185 0350 5E87E856 		.ascii	"^\207\350V -\240k\006*\3425\364\214\340UdvQe~\234#="
 185      202DA06B 
 185      062AE235 
 185      F48CE055 
 185      64765165 
 186 0368 247E206A 		.ascii	"$~ jU\351\326\014%\316\301\324\243\241\252\254Mj\370"
 186      55E9D60C 
 186      25CEC1D4 
 186      A3A1AAAC 
 186      4D6AF8
 187 037b 04A37FDD 		.ascii	"\004\243\177\335'\0103bR'_`|\212M\337?^\230\353\204"
 187      27083362 
 187      52275F60 
 187      7C8A4DDF 
 187      3F5E98EB 
 188 0390 CF094A6A 		.ascii	"\317\011Jjm\227\022\2271%k\317\336\343vtQ\007\372]5"
 188      6D971297 
 188      31256BCF 
 188      DEE37674 
 188      5107FA5D 
 189 03a5 B5263862 		.ascii	"\265&8b\023\033;\232<\026\347\212\253\231r\365\336\253"
 189      131B3B9A 
 189      3C16E78A 
 189      AB9972F5 
 189      DEAB
 190 03b7 510D05CE 		.ascii	"Q\015\005\316 \352\370\233\326N\016\327\261\261+7{\017"
 190      20EAF89B 
 190      D64E0ED7 
 190      B1B12B37 
 190      7B0F
 191 03c9 DBE106A6 		.ascii	"\333\341\006\246\244\2165\324\270R\340G4\200i\321\321"
 191      A48E35D4 
 191      B852E047 
 191      348069D1 
 191      D1
 192 03da AEF8061B 		.ascii	"\256\370\006\033\313\314y7\351\202;\230\"\236\221\032"
 192      CBCC7937 
 192      E9823B98 
 192      229E911A 
 193 03ea 7646A65F 		.ascii	"vF\246_|t\335\031\337ac\243\367\242&\020\356e\312\261"
 193      7C74DD19 
 193      DF6163A3 
 193      F7A22610 
 193      EE65CAB1 
 194 03fe 7B8D49CE 		.ascii	"{\215I\316\0248\237\250\007\223\307u\370\001\033:?\262"
 194      14389FA8 
 194      0793C775 
 194      F8011B3A 
 194      3FB2
 195 0410 FDB9031E 		.ascii	"\375\271\003\036`J\367Xw\225=\305-&\352\236\362\364"
ARM GAS  /tmp/ccpP0bZz.s 			page 15


 195      604AF758 
 195      77953DC5 
 195      2D26EA9E 
 195      F2F4
 196 0422 2447165F 		.ascii	"$G\026_:\034\177\"k\224\031\206)\353\241\333\015\230"
 196      3A1C7F22 
 196      6B941986 
 196      29EBA1DB 
 196      0D98
 197 0434 C4941793 		.ascii	"\304\224\027\223\245Q\313ru\217\234Th\376l\324\313\342"
 197      A551CB72 
 197      758F9C54 
 197      68FE6CD4 
 197      CBE2
 198 0446 9931D89C 		.ascii	"\2311\330\234\347\352\226H\341<?'\202\356\324\036\200"
 198      E7EA9648 
 198      E13C3F27 
 198      82EED41E 
 198      80
 199 0457 B750F82F 		.ascii	"\267P\370/\310M\234D\320\373\332\216\015\333\313\321"
 199      C84D9C44 
 199      D0FBDA8E 
 199      0DDBCBD1 
 200 0467 0DEF436F 		.ascii	"\015\357Co\333\233\\\203\360\020\363\242-\362\341M\016"
 200      DB9B5C83 
 200      F010F3A2 
 200      2DF2E14D 
 200      0E
 201 0478 8F30E5E4 		.ascii	"\2170\345\344\221\354\263lO|I]h\277\336f\217_\012\361"
 201      91ECB36C 
 201      4F7C495D 
 201      68BFDE66 
 201      8F5F0AF1 
 202 048c 2B4E1C77 		.ascii	"+N\034w\241c\253\211Z\177f\247I\215_\263\261w\371\367"
 202      A163AB89 
 202      5A7F66A7 
 202      498D5FB3 
 202      B177F9F7 
 203 04a0 5F717892 		.ascii	"_qx\222)}\025\217y\216\002\327\022\365\356\320\316n"
 203      297D158F 
 203      798E02D7 
 203      12F5EED0 
 203      CE6E
 204 04b2 071CA5B4 		.ascii	"\007\034\245\264X\300\205-\260m{\361\244\375\364Ay*"
 204      58C0852D 
 204      B06D7BF1 
 204      A4FDF441 
 204      792A
 205 04c4 06E5131A 		.ascii	"\006\345\023\032\223\310\214\354\036,x\231)\306\344"
 205      93C88CEC 
 205      1E2C7899 
 205      29C6E4
 206 04d3 09A09B29 		.ascii	"\011\240\233)z\230z\371T\364r\244#\246\311I\216nx\037"
 206      7A987AF9 
 206      54F472A4 
 206      23A6C949 
 206      8E6E781F 
ARM GAS  /tmp/ccpP0bZz.s 			page 16


 207 04e7 FADACB63 		.ascii	"\372\332\313c\031*\034\313\254\214-O>\312\302\360-\250"
 207      192A1CCB 
 207      AC8C2D4F 
 207      3ECAC2F0 
 207      2DA8
 208 04f9 B3BA9AB6 		.ascii	"\263\272\232\266\026:\243y\354\2319O\366\270\317\313"
 208      163AA379 
 208      EC99394F 
 208      F6B8CFCB 
 209 0509 E463A287 		.ascii	"\344c\242\2073\212\217\177Qz\2227\305`\272\310 |\362"
 209      338A8F7F 
 209      517A9237 
 209      C560BAC8 
 209      207CF2
 210 051c 6FD04CF3 		.ascii	"o\320L\3637\363\230\256\370)\374Q\020|\346\243\002U"
 210      37F398AE 
 210      F829FC51 
 210      107CE6A3 
 210      0255
 211 052e DD620A7D 		.ascii	"\335b\012}d\015\035\240\320\034$aoI\330\016kl\247\025"
 211      640D1DA0 
 211      D01C2461 
 211      6F49D80E 
 211      6B6CA715 
 212 0542 6DA304BD 		.ascii	"m\243\004\275a\015m\261\202\336\221\240w\254\241\267"
 212      610D6DB1 
 212      82DE91A0 
 212      77ACA1B7 
 213 0552 AD2DE894 		.ascii	"\255-\350\224\260\355\326\330\233\326\330\016\011\333"
 213      B0EDD6D8 
 213      9BD6D80E 
 213      09DB
 214 0560 661B4B4D 		.ascii	"f\033KM\330%l\324/#\024\250\036\306\257\320!\202\206"
 214      D8256CD4 
 214      2F2314A8 
 214      1EC6AFD0 
 214      218286
 215 0573 6305C572 		.ascii	"c\005\305r\356\350\035\232\207\336\202Ds\363\320\004"
 215      EEE81D9A 
 215      87DE8244 
 215      73F3D004 
 216 0583 B4632031 		.ascii	"\264c 1\360\376\032\332q\220\227 <\350[A^\301{$\264"
 216      F0FE1ADA 
 216      71909720 
 216      3CE85B41 
 216      5EC17B24 
 217 0598 FF06D902 		.ascii	"\377\006\331\0022\011\372\013\220\347 q\240Gq\363\350"
 217      3209FA0B 
 217      90E72071 
 217      A04771F3 
 217      E8
 218 05a9 A94B0DBC 		.ascii	"\251K\015\274*\031\330hm\340|+_\256H\320k6\241\346h"
 218      2A19D868 
 218      6DE07C2B 
 218      5FAE48D0 
 218      6B36A1E6 
 219 05be 5E9390D7 		.ascii	"^\223\220\327\255\221\315\326\021\032\220\260\375\266"
ARM GAS  /tmp/ccpP0bZz.s 			page 17


 219      AD91CDD6 
 219      111A90B0 
 219      FDB6
 220 05cc 736FA6ED 		.ascii	"so\246\355\222\240\267l\247^F{W\302\336\265\306v[\320"
 220      92A0B76C 
 220      A75E467B 
 220      57C2DEB5 
 220      C6765BD0 
 221 05e0 46660E2D 		.ascii	"Ff\016-\004\344\010rC\317\004\244\370Q\240Q+\003\032"
 221      04E40872 
 221      43CF04A4 
 221      F851A051 
 221      2B031A
 222 05f3 24D226DB 		.ascii	"$\322&\333~\231\241M\022\264\325\366\336\223l\215\314"
 222      7E99A14D 
 222      12B4D5F6 
 222      DE936C8D 
 222      CC
 223 0604 EC2606DC 		.ascii	"\354&\006\334\007\003\036\010P\361\244\022L\225\271"
 223      07031E08 
 223      50F1A412 
 223      4C95B9
 224 0613 D52FD13E 		.ascii	"\325/\321>\264\246\355\263\306\336\226\260]\266\367"
 224      B4A6EDB3 
 224      C6DE96B0 
 224      5DB6F7
 225 0622 34B59694 		.ascii	"4\265\226\224N=\365\005*\036\021\210B\274\233\025\322"
 225      4E3DF505 
 225      2A1E1188 
 225      42BC9B15 
 225      D2
 226 0633 16E9795C 		.ascii	"\026\351y\\\320\250\341\005\246!\333\2372[\025\012\262"
 226      D0A8E105 
 226      A621DB9F 
 226      325B150A 
 226      B2
 227 0644 DAE1D209 		.ascii	"\332\341\322\011\214f\272\333\332\321h;l\344\377\367"
 227      8C66BADB 
 227      DAD1683B 
 227      6CE4FFF7 
 228 0654 A6A6EE3C 		.ascii	"\246\246\356<\011v@\333\270\231\350\252\271\012$\276"
 228      097640DB 
 228      B899E8AA 
 228      B90A24BE 
 229 0664 89A5FD85 		.ascii	"\211\245\375\205\2035#\366\026u\002\001\233\217\331"
 229      833523F6 
 229      16750201 
 229      9B8FD9
 230 0673 1D1CAB13 		.ascii	"\035\034\253\023\240\005t]~\306\017\270\212\036\204"
 230      A005745D 
 230      7EC60FB8 
 230      8A1E84
 231 0682 CA5FD28B 		.ascii	"\312_\322\213\316\272\"\367\331\263i\241\037\013\305"
 231      CEBA22F7 
 231      D9B369A1 
 231      1F0BC5
 232 0691 E62E4E8D 		.ascii	"\346.N\215vrX\366\363#\005\372_\375\231\014\300\253"
ARM GAS  /tmp/ccpP0bZz.s 			page 18


 232      767258F6 
 232      F32305FA 
 232      5FFD990C 
 232      C0AB
 233 06a3 036D69F1 		.ascii	"\003mi\361>\234\304\343\217\024h\001=\275Q<\370O\206"
 233      3E9CC4E3 
 233      8F146801 
 233      3DBD513C 
 233      F84F86
 234 06b6 1428919B 		.ascii	"\024(\221\233\215\0228v\240\233\012Z\354\351m\360'z"
 234      8D123876 
 234      A09B0A5A 
 234      ECE96DF0 
 234      277A
 235 06c8 771FE919 		.ascii	"w\037\351\031D\364\330\265\247E\350\277KJ\330\205C\353"
 235      44F4D8B5 
 235      A745E8BF 
 235      4B4AD885 
 235      43EB
 236 06da 95ACACE1 		.ascii	"\225\254\254\341\275\316\323\337\025{8\341\256Hf\334"
 236      BDCED3DF 
 236      157B38E1 
 236      AE4866DC 
 237 06ea 43D18305 		.ascii	"C\321\203\005*\363\225\210\250\345I\260\366n\216\300"
 237      2AF39588 
 237      A8E549B0 
 237      F66E8EC0 
 238 06fa F7726EE2 		.ascii	"\367rn\342$\252\220\213*\305\264Mi\021\246\223\026\345"
 238      24AA908B 
 238      2AC5B44D 
 238      6911A693 
 238      16E5
 239 070c D43E214C 		.ascii	"\324>!L\373h\230\"\357nO\264D\227Y\240S\004t\012EW\034"
 239      FB689822 
 239      EF6E4FB4 
 239      449759A0 
 239      5304740A 
 240 0723 A89B50E3 		.ascii	"\250\233P\343Zv\275\224\014\366G\221\032\331T4|\376"
 240      5A76BD94 
 240      0CF64791 
 240      1AD95434 
 240      7CFE
 241 0735 5496E7C5 		.ascii	"T\226\347\305\354-|\035o\202\212\361\240i\006]3\225"
 241      EC2D7C1D 
 241      6F828AF1 
 241      A069065D 
 241      3395
 242 0747 33D78CA9 		.ascii	"3\327\214\251B\260\321~\216\324\214\331\375\371O1~\313"
 242      42B0D17E 
 242      8ED48CD9 
 242      FDF94F31 
 242      7ECB
 243 0759 889EB574 		.ascii	"\210\236\265t\274r\240DE\361W\017c\351w\311r\312\222"
 243      BC72A044 
 243      45F1570F 
 243      63E977C9 
 243      72CA92
ARM GAS  /tmp/ccpP0bZz.s 			page 19


 244 076c 26634913 		.ascii	"&cI\023Y\322)Kok[\263\032\357\264c5Y^\336\0355cI\310"
 244      59D2294B 
 244      6F6B5BB3 
 244      1AEFB463 
 244      35595EDE 
 245 0785 7DCA59B1 		.ascii	"}\312Y\261d\310X2D\226\003\224\345~\353\010\257\306"
 245      64C85832 
 245      44960394 
 245      E57EEB08 
 245      AFC6
 246 0797 998CE5E8 		.ascii	"\231\214\345\350Py?s*s\177\276\212\372S\311\317\245"
 246      50793F73 
 246      2A737FBE 
 246      8AFA53C9 
 246      CFA5
 247 07a9 14076514 		.ascii	"\024\007e\024\007E\212LF1\224gr\302y\214\342\320@g\202"
 247      07458A4C 
 247      46319467 
 247      72C2798C 
 247      E2D04067 
 248 07be 1A973065 		.ascii	"\032\2270e\250v\342\224\035\024\307\3500\235\001=\035"
 248      A876E294 
 248      1D14C7E8 
 248      309D013D 
 248      1D
 249 07cf BB       		.ascii	"\273"
 250 07d0 9BDFB8B0 		.ascii	"\233\337\270\260\260\305\237+Y8N.\\\362\033\012E\306"
 250      B0C59F2B 
 250      59384E2E 
 250      5CF21B0A 
 250      45C6
 251 07e2 B0750E89 		.ascii	"\260u\016\211\353\240#\034\324\377\207\304\245\262\350"
 251      EBA0231C 
 251      D4FF87C4 
 251      A5B2E8
 252 07f1 5293871F 		.ascii	"R\223\207\037>G\370\005c\257\314\257\333\251\022SP\376"
 252      3E47F805 
 252      63AFCCAF 
 252      DBA91253 
 252      50FE
 253 0803 D5D41464 		.ascii	"\325\324\024d\313l\316\026\211\216R\242\327\265\027"
 253      CB6CCE16 
 253      898E52A2 
 253      D7B517
 254 0812 B773384E 		.ascii	"\267s8NE\211F\016\247\025*\231\333\351\305\353\231A"
 254      4589460E 
 254      A7152A99 
 254      DBE9C5EB 
 254      9941
 255 0824 D1B11CFB 		.ascii	"\321\261\034\373\241\222##\311\021I\216Q\222\252#\355"
 255      A1922323 
 255      C911498E 
 255      5192AA23 
 255      ED
 256 0835 FBECF101 		.ascii	"\373\354\361\001\201\344Aa\263\263\230\307|\353<\346"
 256      81E44161 
 256      B3B398C7 
ARM GAS  /tmp/ccpP0bZz.s 			page 20


 256      7CEB3CE6 
 257 0845 CA587245 		.ascii	"\312XrE\226<\312\262\257\251\336\015\0273\222\314\333"
 257      963CCAB2 
 257      AFA9DE0D 
 257      173392CC 
 257      DB
 258 0856 37FE2264 		.ascii	"7\376\"dq`\324:\213\3712\216|\221\3438\3458\320|g@\211"
 258      7160D43A 
 258      8BF9328E 
 258      7C91E338 
 258      E538D07C 
 259 086d 6B18C944 		.ascii	"k\030\311Dts\267\035s'\337*\213\0052\212\002\221\342"
 259      7473B71D 
 259      7327DF2A 
 259      8B05328A 
 259      0291E2
 260 0880 04A5B872 		.ascii	"\004\245\270r\351F2\207o\250\246I\334\344\263\303\311"
 260      E9463287 
 260      6FA8A649 
 260      DCE4B3C3 
 260      C9
 261 0891 1A31718F 		.ascii	"\0321q\217\027LM\\\241\224\270\"\222\270B\221\275\230"
 261      174C4D5C 
 261      A194B822 
 261      92B84291 
 261      BD98
 262 08a3 B237ECED 		.ascii	"\2627\354\355_M\017\011\023\226\037\032\032vh\354ol"
 262      5F4D0F09 
 262      13961F1A 
 262      1A7668EC 
 262      6F6C
 263 08b5 8FB3C3DD 		.ascii	"\217\263\303\335l\355\250\346\307\277\270\342A\246\360"
 263      6CEDA8E6 
 263      C7BFB8E2 
 263      41A6F0
 264 08c4 097D3118 		.ascii	"\011}1\030?aJ\\Rt\237\003\036eJ\313\261\304X\007<\306"
 264      3F614A5C 
 264      52749F03 
 264      1E654ACB 
 264      B1C45807 
 265 08da 94F1C6BE 		.ascii	"\224\361\306\2763\030\363\366T9\223\320wP\211\343\230"
 265      3318F3F6 
 265      543993D0 
 265      775089E3 
 265      98
 266 08eb 52DDBE65 		.ascii	"R\335\276e@\205\023\231\322\231\263u\267\003Na\312\256"
 266      40851399 
 266      D299B375 
 266      B7034E61 
 266      CAAE
 267 08fd ECE42D1C 		.ascii	"\354\344-\034\316dJeM\343aG\234\315\224\027/\022\242"
 267      CE644A65 
 267      4DE36147 
 267      9CCD9417 
 267      2F12A2
 268 0910 389CCB94 		.ascii	"8\234\313\224\372\254\264q\027\\\314\224\227}M&\204"
 268      FAACB471 
ARM GAS  /tmp/ccpP0bZz.s 			page 21


 268      175CCC94 
 268      977D4D26 
 268      84
 269 0921 CF516546 		.ascii	"\317QeFOm\341\240#\222\227\2223\305b\362\335\205\307"
 269      4F6DE1A0 
 269      23929792 
 269      33C562F2 
 269      DD85C7
 270 0934 7FCC3517 		.ascii	"\177\3145\027\223g 6\215\334\364\265G\271t\353\235\265"
 270      93672036 
 270      8DDCF4B5 
 270      47B974EB 
 270      9DB5
 271 0946 89945D90 		.ascii	"\211\224]\220\346\372\320d\015\235R\364\325I\330\363"
 271      E6FAD064 
 271      0D9D52F4 
 271      D549D8F3 
 272 0956 D6D8166B 		.ascii	"\326\330\026k\254\271L\250\260\306N\251S*$l\2115vJ\251"
 272      ACB94CA8 
 272      B0C64EA9 
 272      532A246C 
 272      8935764A 
 273 096b D46151AB 		.ascii	"\324aQ\253Y`\247\024\012\225\022\266\324\266\275\346"
 273      5960A714 
 273      0A9512B6 
 273      D4B6BDE6 
 274 097b 88994BC0 		.ascii	"\210\231K\300\013\266\3155C/H\320s\266\255\265U\003"
 274      0BB6CD35 
 274      432F48D0 
 274      73B6ADB5 
 274      5503
 275 098d 56DA0EAE 		.ascii	"V\332\016\256\031j.,\313\255\241\362\202Z^S\234\204"
 275      196A2E2C 
 275      CBADA1F2 
 275      825A5E53 
 275      9C84
 276 099f 8BEB14BD 		.ascii	"\213\353\024\275\270\010\234\024\024\315p\241VA!p\011"
 276      B8089C14 
 276      14CD70A1 
 276      56412170 
 276      09
 277 09b0 E42A482D 		.ascii	"\344*H-H=H5\310u\220k W@j@\032@.\2034\201\324\311\253"
 277      483D4835 
 277      C875906B 
 277      2057406A 
 277      401A402E 
 278 09ca 6173D576 		.ascii	"as\325v\321\332\022Y\325Hk\214RZ2\001\304V\311T_pE*"
 278      D1DA1259 
 278      D5486B8C 
 278      525A3201 
 278      C456C954 
 279 09e2 99CA6CFB 		.ascii	"\231\312l\373\364\251P1\355:PUf\207\334gR\322No\007"
 279      F4A95031 
 279      ED3A5055 
 279      6687DC67 
 279      52D24E6F 
 280 09f7 D402D8D3 		.ascii	"\324\002\330\323\322\331BW\240\217-\367\321\015\360"
ARM GAS  /tmp/ccpP0bZz.s 			page 22


 280      D2D94257 
 280      A08F2DF7 
 280      D10DF0
 281 0a06 FA7F1501 		.ascii	"\372\177\025\001\362\233\375I\364\023\313\312\250\305"
 281      F29BFD49 
 281      F413CBCA 
 281      A8C5
 282 0a14 A2326A15 		.ascii	"\2422j\025.\361Vz\211\357\313{=`\207G\330\347\\[P}\313"
 282      2EF1567A 
 282      89EFCB7B 
 282      3D608747 
 282      D8E75C5B 
 283 0a2b 1943C143 		.ascii	"\031C\301C\224\301\335\203\357\\\360V\246\224\037\335"
 283      94C1DD83 
 283      EF5CF056 
 283      A6941FDD 
 284 0a3b 5AE184E3 		.ascii	"Z\341\204\343\251\242\272\272\343\362\025{d\376\274"
 284      A9A2BABA 
 284      E3F2157B 
 284      64FEBC
 285 0a4a 7BD273CD 		.ascii	"{\322s\315\241\352\000\267\273\336\373\011\354\317\025"
 285      A1EA00B7 
 285      BBDEFB09 
 285      ECCF15
 286 0a59 1374C61A 		.ascii	"\023t\306\032;\337\366N1\377\352\357\022\342t\007\342"
 286      3BDFF64E 
 286      31FFEAEF 
 286      12E27407 
 286      E2
 287 0a6a 7417FCBE 		.ascii	"t\027\374\276\005r\033\244S\276\003\322\244\005\332"
 287      05721BA4 
 287      53BE03D2 
 287      A405DA
 288 0a79 6D1B63DE 		.ascii	"m\033c\336\001\011\271d\007t\331\336\001\2512\267n\332"
 288      0109B964 
 288      0774D9DE 
 288      01A932B7 
 288      6EDA
 289 0a8b 3455DC00 		.ascii	"4U\334\0007\257\217ms\0257@\206\227\003\352\001h\233"
 289      37AF8F6D 
 289      73153740 
 289      869703EA 
 289      01689B
 290 0a9e 790374D9 		.ascii	"y\003t\331\332\000\346_\010\340\314\177s\214\374C\""
 290      DA00E65F 
 290      08E0CC7F 
 290      738CFC43 
 290      22
 291 0aaf 36779545 		.ascii	"6w\225E^{,\362\332+\344\265\227\346uGz{\206\306\002"
 291      5E7B2CF2 
 291      DA2BE4B5 
 291      97E67547 
 291      7A7B86C6 
 292 0ac4 7DC9A294 		.ascii	"}\311\242\224\273'\240I\353\26010$b\251\207!B\265\352"
 292      BB27A049 
 292      EBB03130 
 292      2462A987 
ARM GAS  /tmp/ccpP0bZz.s 			page 23


 292      2142B5EA 
 293 0ad8 EB6FE6E8 		.ascii	"\353o\346\350\024j\203A\354\371L\2731<L\353\027\026"
 293      146A8341 
 293      ECF94CBB 
 293      313C4CEB 
 293      1716
 294 0aea BC302434 		.ascii	"\2740$4\304\270\320\350\267.P\033\030\342\037\264q\275"
 294      C4B8D0E8 
 294      B72E501B 
 294      18E21FB4 
 294      71BD
 295 0afc 511BECE7 		.ascii	"Q\033\354\347\037\020\030b\324\032\326\0337\370m\014"
 295      1F101862 
 295      D41AD61B 
 295      37F86D0C 
 296 0b0c 8A30446C 		.ascii	"\2120Dl\376\311\030\276(@\361\311{&\205o\016\327\032"
 296      FEC918BE 
 296      2840F1C9 
 296      7B26856F 
 296      0ED71A
 297 0b1f C223D603 		.ascii	"\302#\326\003? \035\376j\364\217\010\015\373B\267d\321"
 297      3F201DFE 
 297      6AF48F08 
 297      0DFB42B7 
 297      64D1
 298 0b31 22AD2E20 		.ascii	"\"\255. p]\340\032\037mh\2706\300/H\373ShXD\270\326"
 298      705DE01A 
 298      1F6D68B8 
 298      36C02F48 
 298      FB536858 
 299 0b48 C7D77BA9 		.ascii	"\307\327{\251\207\366\253\257<\265\276^\336?/\321\206"
 299      87F6ABAF 
 299      3CB5BE5E 
 299      DE3F2FD1 
 299      86
 300 0b59 47188282 		.ascii	"G\030\202\202\326/\362W8\2617C`H`\204C\230\361GX\316"
 300      D62FF257 
 300      38B13743 
 300      60486084 
 300      4398F147 
 301 0b6f 10F17B4B 		.ascii	"\020\361{K\232\260\010\201e\231\336[\347\275I\353\037"
 301      9AB00881 
 301      6599DE5B 
 301      E7BD49EB 
 301      1F
 302 0b80 E01F1A66 		.ascii	"\340\037\032f\204u\335\014\244\337\020\030\366\017\203"
 302      8475DD0C 
 302      A4DF1018 
 302      F60F83
 303 0b8f F1A7C0A0 		.ascii	"\361\247\300\240\320\0377\032\377\360k\246\032~\376"
 303      D01F371A 
 303      FFF06BA6 
 303      1A7EFE
 304 0b9e 3C984CF7 		.ascii	"<\230L\367\017\360\331\034\356\033\030l\014[\355\027"
 304      0FF0D91C 
 304      EE1B186C 
 304      0C5BED17 
ARM GAS  /tmp/ccpP0bZz.s 			page 24


 305 0bae B23EC818 		.ascii	"\262>\310\030\3465w\312t\321c\377\000\360\031&\315\010"
 305      E63577CA 
 305      74D163FF 
 305      00F01926 
 305      CD08
 306 0bc0 F939D07F 		.ascii	"\3719\320\177E\210\337\272 #\363z\341t>\373\207\006"
 306      4588DFBA 
 306      2023F37A 
 306      E1743EFB 
 306      8706
 307 0bd2 07878688 		.ascii	"\007\207\206\210+\223i0\035\374\015&\031\011\0047\261"
 307      2B936930 
 307      1DFC0D26 
 307      19090437 
 307      B1
 308 0be3 4EBF04C4 		.ascii	"N\277\004\304C\351\343\255\323+=\275V\3509\037=^\261"
 308      43E9E3AD 
 308      D32B3DBD 
 308      56E8391F 
 308      3D5EB1
 309 0bf6 4A6FA7D3 		.ascii	"Jo\247\323y\353\227\320\277\036J\235n\205\036\353\276"
 309      79EB97D0 
 309      BF1E4A9D 
 309      6E851EEB 
 309      BE
 310 0c07 F6C56B7D 		.ascii	"\366\305k}tx\231^\217\365:\320a\302rO_=\366$3\275\227"
 310      7478995E 
 310      8FF53AD0 
 310      61C2724F 
 310      5F3DF624 
 311 0c1e E9B9356C 		.ascii	"\351\2715l\326R\300\177\253\377\354\327\347A\260\006"
 311      D652C07F 
 311      ABFFECD7 
 311      E741B006 
 312 0c2e 4C53FA07 		.ascii	"LS\372\007\370\205\271\205\206\373\005AT\276\012\365"
 312      F885B985 
 312      86FB0541 
 312      54BE0AF5 
 313 0c3e FFFBCAB0 		.ascii	"\377\373\312\260\320`/\037\375\334\251d\004D\202CZ\022"
 313      D0602F1F 
 313      FDDCA964 
 313      04448243 
 313      5A12
 314 0c50 131A48D9 		.ascii	"\023\032H\331\0247\232\227 \3500l\200\036C`x\230\243"
 314      14379A97 
 314      20E8306C 
 314      801E4360 
 314      7898A3
 315 0c63 D4E56C30 		.ascii	"\324\345l0\254\017\014'\001$\231s\366\013\372\247\337"
 315      AC0F0C27 
 315      01249973 
 315      F60BFAA7 
 315      DF
 316 0c74 E670D800 		.ascii	"\346p\330\000A\260\013\027Y\256e\334\024\241\325y\373"
 316      41B00B17 
 316      59AE65DC 
 316      14A1D579 
ARM GAS  /tmp/ccpP0bZz.s 			page 25


 316      FB
 317 0c85 78F998D3 		.ascii	"x\371\230\323@\322\347\037\274rc\010\211\346Lb\300\032"
 317      40D2E71F 
 317      BC726308 
 317      89E64C62 
 317      C01A
 318 0c97 CB147E20 		.ascii	"\313\024~ x\360MH\220\314 j\241E\327\007\324\240\215"
 318      78F04D48 
 318      90CC206A 
 318      A145D707 
 318      D4A08D
 319 0caa 2116563A 		.ascii	"!\026V:\311:5\006\2031D4\323I\257\323\031|\341\313\360"
 319      C93A3506 
 319      83314434 
 319      D349AFD3 
 319      197CE1CB 
 320 0cbf 346EE020 		.ascii	"4n\340 \346\272\225\253 \013^z\207ek\227{\350}|\351"
 320      E6BA95AB 
 320      200B5E7A 
 320      87656B97 
 320      7BE87D7C 
 321 0cd4 CB12F2A2 		.ascii	"\313\022\362\242Z\266z\371\212\257\365\366d@h\227@\013"
 321      5AB67AF9 
 321      8AAFF5F6 
 321      64406897 
 321      400B
 322 0ce6 E92279F3 		.ascii	"\351\"y\363\201\216\325\313\011\316\216Px\320\277K\227"
 322      818ED5CB 
 322      09CE8E50 
 322      78D0BF4B 
 322      97
 323 0cf7 4EE7B68F 		.ascii	"N\347\266\217/K\331\312\305\2336\261dmX\374\231\307"
 323      2F4BD9CA 
 323      C59B36B1 
 323      646D58FC 
 323      99C7
 324 0d09 A6CFC177 		.ascii	"\246\317\301w\027\317\345\253\274u\337\210F\251\274"
 324      17CFE5AB 
 324      BC75DF88 
 324      46A9BC
 325 0d18 3C756B3C 		.ascii	"<uk<W\250\310r+\277#\215\307\312\357\376\003\301\364"
 325      57A8C872 
 325      2BBF238D 
 325      C7CAEFFE 
 325      03C1F4
 326 0d2b 437B     		.ascii	"C{"
 327              		.text
 328              		.section	.gnu.lto_.symtab.99bb8a0382c8b035,"",%progbits
 329 0000 56656374 		.ascii	"Vector7C\000\000\000\000\000\000\000\000\000\000\000"
 329      6F723743 
 329      00000000 
 329      00000000 
 329      000000
 330 0013 00B40000 		.ascii	"\000\264\000\000\000st_lld_init\000\000\000\000\000"
 330      0073745F 
 330      6C6C645F 
 330      696E6974 
ARM GAS  /tmp/ccpP0bZz.s 			page 26


 330      00000000 
 331 0028 00000000 		.ascii	"\000\000\000\000\000\000\000\266\000\000\000_port_i"
 331      000000B6 
 331      0000005F 
 331      706F7274 
 331      5F69
 332 003a 72715F65 		.ascii	"rq_epilogue\000\000\002\000\000\000\000\000\000\000"
 332      70696C6F 
 332      67756500 
 332      00020000 
 332      00000000 
 333 004f 0000BD00 		.ascii	"\000\000\275\000\000\000chSysTimerHandlerI\000\000\002"
 333      00006368 
 333      53797354 
 333      696D6572 
 333      48616E64 
 334 006a 00000000 		.ascii	"\000\000\000\000\000\000\000\000\000\277\000\000\000"
 334      00000000 
 334      00BF0000 
 334      00
 335 0077 6E766963 		.ascii	"nvicEnableVector\000\000\002\000\000\000\000\000\000"
 335      456E6162 
 335      6C655665 
 335      63746F72 
 335      00000200 
 336 0090 000000C5 		.ascii	"\000\000\000\305\000\000\000"
 336      000000
 337              		.text
 338              		.section	.gnu.lto_.opts,"",%progbits
 339 0000 272D666E 		.ascii	"'-fno-trapv' '-mcpu=cortex-m0' '-mno-thumb-interwor"
 339      6F2D7472 
 339      61707627 
 339      20272D6D 
 339      6370753D 
 340 0033 6B272027 		.ascii	"k' '-mthumb' '-ggdb' '-O2' '-fomit-frame-pointer' '"
 340      2D6D7468 
 340      756D6227 
 340      20272D67 
 340      67646227 
 341 0066 2D66616C 		.ascii	"-falign-functions=16' '-ffunction-sections' '-fdata"
 341      69676E2D 
 341      66756E63 
 341      74696F6E 
 341      733D3136 
 342 0099 2D736563 		.ascii	"-sections' '-fno-common' '-flto'\000"
 342      74696F6E 
 342      73272027 
 342      2D666E6F 
 342      2D636F6D 
 343              		.text
 344              		.comm	__gnu_lto_v1,1,1
 345              		.comm	__gnu_lto_slim,1,1
 346              		.ident	"GCC: (GNU Tools for ARM Embedded Processors) 4.9.3 20150529 (release) [ARM/embedded-4_9-br
ARM GAS  /tmp/ccpP0bZz.s 			page 27


DEFINED SYMBOLS
                            *ABS*:0000000000000000 st_lld.c
                            *COM*:0000000000000001 __gnu_lto_v1
                            *COM*:0000000000000001 __gnu_lto_slim

NO UNDEFINED SYMBOLS
