ARM GAS  /tmp/ccXbwjR3.s 			page 1


   1              		.cpu cortex-m0
   2              		.fpu softvfp
   3              		.eabi_attribute 20, 1
   4              		.eabi_attribute 21, 1
   5              		.eabi_attribute 23, 3
   6              		.eabi_attribute 24, 1
   7              		.eabi_attribute 25, 1
   8              		.eabi_attribute 26, 1
   9              		.eabi_attribute 30, 2
  10              		.eabi_attribute 34, 0
  11              		.eabi_attribute 18, 4
  12              		.code	16
  13              		.file	"vectors.c"
  14              		.text
  15              	.Ltext0:
  16              		.section	.gnu.lto_.profile.d2668065f61ba450,"",%progbits
  17 0000 789C6366 		.ascii	"x\234cf```a\200\000F \006\000\000t\000\011"
  17      60606061 
  17      80004620 
  17      06000074 
  17      0009
  18              		.text
  19              		.section	.gnu.lto_.jmpfuncs.d2668065f61ba450,"",%progbits
  20 0000 789C6366 		.ascii	"x\234cf\300\016X\2414#\210\000\000\000\332\000\012"
  20      C00E58A1 
  20      34238800 
  20      0000DA00 
  20      0A
  21              		.text
  22              		.section	.gnu.lto_.inline.d2668065f61ba450,"",%progbits
  23 0000 789C6366 		.ascii	"x\234cf\300\016\204\2414#\003\003\023\220`\0022Y\300"
  23      C00E84A1 
  23      34230303 
  23      13906002 
  23      3259C0
  24 0013 24030300 		.ascii	"$\003\003\000\003R\000#"
  24      03520023 
  25              		.text
  26              		.section	.gnu.lto_.pureconst.d2668065f61ba450,"",%progbits
  27 0000 789C25C1 		.ascii	"x\234%\301\327\001\301\000\024\000\300G\210\236h\341"
  27      D701C100 
  27      1400C047 
  27      889E68E1 
  28 0010 74A2771B 		.ascii	"t\242w\033\331\177\013\037\356\222\210\370\306\337;"
  28      D97F0B1F 
  28      EE9288F8 
  28      C6DF3B
  29 001f 3E155589 		.ascii	">\025U\211\232\272TCSK[GWO&\3277042V\230\230bfnaiem"
  29      9ABA5443 
  29      534B5B47 
  29      574F26D7 
  29      37303432 
  30 003d 636BA7B4 		.ascii	"ck\247\264wptrvqus\367\360\364\362\003\230U\011K"
  30      77707472 
  30      76717573 
  30      F7F0F4F2 
  30      03985509 
ARM GAS  /tmp/ccXbwjR3.s 			page 2


  31              		.text
  32              		.section	.gnu.lto__unhandled_exception.d2668065f61ba450,"",%progbits
  33 0000 789C6366 		.ascii	"x\234cf\300\004&@\\\014\3046@\314\310\312\300\3104\341"
  33      C0042640 
  33      5C0CC436 
  33      40CCC8CA 
  33      C0C834E1 
  34 0014 1C034323 		.ascii	"\034\003C#\007\023#3\210\301\310\314\310\002\021`\201"
  34      07132333 
  34      88C1C8CC 
  34      C8021160 
  34      81
  35 0025 08383232 		.ascii	"\010822\32431\2630\002\011\210\376\227L\037\231\030"
  35      D43331B3 
  35      30020988 
  35      FE974C1F 
  35      9918
  36 0037 271C583D 		.ascii	"'\034X=\203[}iCC\303\207G\247\033\003\0160\376db`\370"
  36      835B7D69 
  36      4343C387 
  36      47A71B03 
  36      0E30FE64 
  37 004e CC0451C1 		.ascii	"\314\004Q\301\270\234Q\235\001\250\350c\313\337\353"
  37      B89C519D 
  37      01A8E863 
  37      CBDFEB
  38 005d DC6C2D40 		.ascii	"\334l-@E\002\0209\306\025\214l\214@z\275\320\201\206"
  38      45021039 
  38      C6158C6C 
  38      8C407ABD 
  38      D08186
  39 0070 FFFF1F2F 		.ascii	"\377\377\037/\331\243\013\344=\001\3120\002I&\240\335"
  39      D9A30BE4 
  39      3D01CA30 
  39      024926A0 
  39      DD
  40 0081 4F809600 		.ascii	"O\200\226\000-e|\302\304\002\245\031\301&Z\351\351\351"
  40      2D657CC2 
  40      C402A519 
  40      C1265AE9 
  40      E9E9
  41 0093 3B676426 		.ascii	";gd&e\372\007\353\347\027\353'\347\347\346\346\347\351"
  41      65FA07EB 
  41      E717EB27 
  41      E7E7E6E6 
  41      E7E9
  42 00a5 17E41795 		.ascii	"\027\344\027\225\024\353;\006\371:\373V\200\304\012"
  42      14EB3B06 
  42      F93AFB56 
  42      80C40A
  43 00b4 3273528B 		.ascii	"2sR\213\212\365\335\235\235\365\313R\223K\362\213\212"
  43      8AF5DD9D 
  43      9DF5CB52 
  43      934BF28B 
  43      8A
  44 00c5 F5921900 		.ascii	"\365\222\031\000\014e@\247"
  44      0C6540A7 
ARM GAS  /tmp/ccXbwjR3.s 			page 3


  45              		.text
  46              		.section	.gnu.lto_.symbol_nodes.d2668065f61ba450,"",%progbits
  47 0000 789C55C9 		.ascii	"x\234U\311ER\003\001\000D\321\236\231\004\0224\270\333"
  47      45520301 
  47      0044D19E 
  47      99041234 
  47      B8DB
  48 0012 C41D77C8 		.ascii	"\304\035w\310\321>+*KN\300\206\015\307\300\235`\027"
  48      D13E2B2A 
  48      4B4EC086 
  48      0DC7C09D 
  48      6017
  49 0024 6291A28A 		.ascii	"b\221\242\212\356\335\373\035I\212#u\027\306Hg\035\011"
  49      EEDDFB1D 
  49      498A2375 
  49      17C64867 
  49      1D09
  50 0036 747E9950 		.ascii	"t~\231P\230%\370\363i;\2550Gh\316\023\231\013$\314E"
  50      9825F8F3 
  50      693BAD30 
  50      4768CE13 
  50      990B24CC 
  51 004b 92E6123D 		.ascii	"\222\346\022=\3462\275\346\012)s\225\264\271F\237\271"
  51      E632BDE6 
  51      0A297395 
  51      B4B9469F 
  51      B9
  52 005c 4EBFB9C1 		.ascii	"N\277\271\301\200\271\311\240y\225!\363\032\303\346"
  52      80B9C9A0 
  52      799521F3 
  52      1AC3E6
  53 006b 7532E60D 		.ascii	"u2\346\015F\314\233\214\232\267\0303o3n\336a\302\274"
  53      46CC9B8C 
  53      9AB71833 
  53      6F336EDE 
  53      61C2BC
  54 007e CBA4798F 		.ascii	"\313\244y\217)\363>\323\346\003f\314\207\314\232\217"
  54      29F33ED3 
  54      E60366CC 
  54      87CC9A8F 
  55 008e 98331F33 		.ascii	"\2303\0373on\261`\276\022\213\026\256\305\222\205\033"
  55      6F6EB160 
  55      BE128B16 
  55      AEC59285 
  55      1B
  56 009f B16CE156 		.ascii	"\261l\341V\254X\270\023\261\205{\221\265\360 r\026\036"
  56      AC58B813 
  56      B1857B91 
  56      B5F02072 
  56      161E
  57 00b1 45DEC293 		.ascii	"E\336\302\223(Xx\026E\013/\242d\341U\224-\274\211\212"
  57      28587816 
  57      450B2FA2 
  57      64E15594 
  57      2DBC898A 
  58 00c5 857751B5 		.ascii	"\205wQ\265\320\0215\013\037\242n\341S4\376\207\344\227"
  58      D011350B 
ARM GAS  /tmp/ccXbwjR3.s 			page 4


  58      1FA26EE1 
  58      5334FE87 
  58      E497
  59 00d7 7411A2E4 		.ascii	"t\021\242\344\267\202\014\012~D\263\373\353\244\235"
  59      B7820C0A 
  59      7E44B3FB 
  59      EBA49D
  60 00e6 927E012B 		.ascii	"\222~\001+{\331("
  60      7BD928
  61              		.text
  62              		.section	.gnu.lto_.refs.d2668065f61ba450,"",%progbits
  63 0000 789C1DC4 		.ascii	"x\234\035\304W\002\301P\000\000\301\227\015\242\013"
  63      5702C150 
  63      0000C197 
  63      0DA20B
  64 000f 89DE49F4 		.ascii	"\211\336I\364z\014\367\277\020k>&\016!|\242\360\027"
  64      7A0CF7BF 
  64      106B3E26 
  64      0E217CA2 
  64      F017
  65 0021 45F12F2C 		.ascii	"E\361/,\266\212U\255f\211\325\255aMkY\333:\326\265\236"
  65      B68A55AD 
  65      6689D5AD 
  65      614D6B59 
  65      DB3AD6B5 
  66 0036 A5D6B781 		.ascii	"\245\326\267\201e\226\333\320F6\266\211Mmfs[\330\322"
  66      6596DBD0 
  66      4636B689 
  66      4D6D6673 
  66      5BD8D2
  67 0049 56B6B68D 		.ascii	"V\266\266\215mmg{+\254\264\203\035\355dg\273\330\325"
  67      6D6D677B 
  67      2BACB483 
  67      1DED6467 
  67      BBD8D5
  68 005c 6E76B7C7 		.ascii	"nv\267\307\257\327\223\027o\" \246B\225\032\011u\032"
  68      AFD79317 
  68      6F2220A6 
  68      42951A09 
  68      751A
  69 006e 3469D1A6 		.ascii	"4i\321\246C\227\036)}\006d\344\014\0311f\302\224\031"
  69      43971E29 
  69      7D0664E4 
  69      0C193166 
  69      C29419
  70 0081 73162C59 		.ascii	"s\026,Y\261f\303\226\035{\012J\016\0349q\346\302\225"
  70      B166C396 
  70      1D7B0A4A 
  70      0E1C3971 
  70      E6C295
  71 0094 1B771EE1 		.ascii	"\033w\036\341\013\323\217\012\230"
  71      0BD38F0A 
  71      98
  72              		.text
  73              		.section	.gnu.lto_.decls.d2668065f61ba450,"",%progbits
  74 0000 789CB5DA 		.ascii	"x\234\265\332yP\034Wz\000\360\351y\3035\240\301\226"
  74      79501C57 
ARM GAS  /tmp/ccXbwjR3.s 			page 5


  74      7A00F0E9 
  74      79C335A0 
  74      C196
  75 0012 EDB54392 		.ascii	"\355\265C\222\265bo\251\274\216Wh\275\262,\247R\265"
  75      B5626FA9 
  75      BC8E5768 
  75      BDB22CA7 
  75      52B5
  76 0024 B6B4E575 		.ascii	"\266\264\345u\262%\307Y\357\272*\331J\261\030X\213\262"
  76      B225C759 
  76      EFBA2AD9 
  76      4AB11858 
  76      8BB2
  77 0036 400A20C7 		.ascii	"@\012 \307\376c\223\221\020\210\373\276\0171\034\342"
  77      FE639391 
  77      1088FBBE 
  77      0F311CE2 
  78 0046 16885B1C 		.ascii	"\026\210[\034\342\022\240\341\024\022\207\004\0024\342"
  78      E212A0E1 
  78      14128704 
  78      0234E2
  79 0055 12871097 		.ascii	"\022\207\020\227\304}\344{W3M\261vW\2522UO\337\274~"
  79      C47DE47B 
  79      57334DB1 
  79      7657AA32 
  79      554FDFBC 
  80 006a 5FBFFEF5 		.ascii	"_\277\376\365\353\236\307\033\365 \205B\361\262\240"
  80      EB9EC71B 
  80      F5208542 
  80      F1B2A0
  81 0079 506CC3EB 		.ascii	"Pl\303\353\355C\012\305oT\012\205\022\266}\246\330y"
  81      ED430AC5 
  81      6F540A85 
  81      12B67DA6 
  81      D879
  82 008b 1D86920B 		.ascii	"\035\206\222\013\245\032J\003\224\026(\235Pz\241\014"
  82      A51A4A03 
  82      9416289D 
  82      507AA10C 
  83 009b 40198632 		.ascii	"@\031\2062\001\345)\224gP\326\360N\320\247)\024+(\373"
  83      01E52994 
  83      6750D6F0 
  83      4ED0A729 
  83      142B28FB 
  84 00af A1BC06E5 		.ascii	"\241\274\006\345\307P~\002\345m(\207\241\034\205\362"
  84      C7507E02 
  84      E56D2887 
  84      A11C85F2 
  85 00bf 8F508E43 		.ascii	"\217P\216C\371\004\312\247P~\007\345\337\241\374\021"
  85      F904CAA7 
  85      507E07E5 
  85      DFA1FC11 
  86 00cf CA9FA09C 		.ascii	"\312\237\240\234\206\342\006\345[(\377\015\345\"\024"
  86      86E206E5 
  86      5B28FF0D 
  86      E52214
  87 00de 3F282150 		.ascii	"?(!P\242\240$@I\201\222\011%\017J1\224\012(\265P\232"
ARM GAS  /tmp/ccXbwjR3.s 			page 6


  87      A2A02440 
  87      49819209 
  87      250F4A31 
  87      940A28B5 
  88 00f4 A0B441E9 		.ascii	"\240\264A\351\020\3509\271\301?o(\025\222W.\245\212"
  88      10E839B9 
  88      C13F6F28 
  88      1592572E 
  88      A58A
  89 0106 E72BB06D 		.ascii	"\347+\260m\273_\363J\241<\357Y\273\345\204R\320\250"
  89      BB5FF34A 
  89      A13CEF59 
  89      BBE58452 
  89      D0A8
  90 0118 0FE06A45 		.ascii	"\017\340jE\230>\306\024\252Vj\025\256V\256\017w\253"
  90      983EC614 
  90      AA566A15 
  90      AE56AE0F 
  90      77AB
  91 012a 5E8DD4C2 		.ascii	"^\215\324\302+\304S\373\202J\370\354GB\206`#d\0126\320"
  91      2BC453FB 
  91      824AF8EC 
  91      47428660 
  91      23640A36 
  92 013f 6B96F02A 		.ascii	"k\226\360*\374\373\007\025\355\351jv\263\336\002)\005"
  92      FCFB0715 
  92      EDE96A76 
  92      B3DE0229 
  92      05
  93 0150 FC3E35E6 		.ascii	"\374>5\346Q\267\372\235l\330\315G[\273\242\3349\334"
  93      51B7FA9D 
  93      6CD8CD47 
  93      5BBBA2DC 
  93      39DC
  94 0162 44847FB0 		.ascii	"D\204\177\260\311\201\313\332k\005s\325U}VZ\275\266"
  94      C981CBDA 
  94      6B0573D5 
  94      557D565A 
  94      BDB6
  95 0174 767BFB97 		.ascii	"v{\373\227/\340\256\204l\001\0119\302;\004\014\357\251"
  95      2FE0AE84 
  95      6C010939 
  95      C23B040C 
  95      EFA9
  96 0186 3C573800 		.ascii	"<W8\000\273\245\014\255\255[\240\177#}\2175\216\006"
  96      BBA50CAD 
  96      AD5BA07F 
  96      237D8F35 
  96      8E06
  97 0198 22E444DE 		.ascii	"\"\344D\336\353s\022\377\210\276\306oU#\011\327J\255"
  97      EB7312FF 
  97      88BEC66F 
  97      552309D7 
  97      4AAD
  98 01aa 85833636 		.ascii	"\205\20366\3524r\330\017\205\"A-\344\263~\350+\006\266"
  98      EA3472D8 
  98      0F852241 
ARM GAS  /tmp/ccXbwjR3.s 			page 7


  98      2DE4B37E 
  98      E82B06B6 
  99 01be AFFC1237 		.ascii	"\257\374\0227\300[s\022}\264\332\013\332\2710-zM!\274"
  99      C05B7312 
  99      7DB4DA0B 
  99      DAB9302D 
  99      7A4D21BC 
 100 01d2 6323FCD4 		.ascii	"c#\374\324F!\\\023\016\222&\205P\010\247Z\000\247\012"
 100      46215C13 
 100      0E922685 
 100      5008A75A 
 100      00A70A
 101 01e5 474A6B0D 		.ascii	"GJk\015\211\025\3108e\222#\327\304\316&Y\221\201z\005"
 101      8915C838 
 101      659223D7 
 101      C4CE2659 
 101      91817A05 
 102 01f9 57235BAF 		.ascii	"W#[\257\017\252I\365e\\\035Z\016\2156W\373\260q\263"
 102      0FAA49F5 
 102      655C1D5A 
 102      0E8D3657 
 102      FBB071B3 
 103 020d D06BA0C1 		.ascii	"\320k\240\301h\340\312H\357o\331\010\245\264\363\260"
 103      68E0CA48 
 103      EF6FD908 
 103      A5B4F3B0 
 104 021d AAFADBD6 		.ascii	"\252\372\333\326\373CH\272V{@ \364bH/!\351\327\205\375"
 104      FB4348BA 
 104      567B4020 
 104      F462482F 
 104      21E9D785 
 105 0232 7C2772E8 		.ascii	"|'r\350\321\216\026\325\353g\023\2651\007H\023l\212"
 105      D18E16D5 
 105      EB6713B5 
 105      31074813 
 105      6C8A
 106 0244 5AD6F522 		.ascii	"Z\326\365\"\025\214\263P.\274N\222\372=}\026\254\221"
 106      158CB350 
 106      2EBC4E92 
 106      FA3D7D16 
 106      AC91
 107 0256 B740B05E 		.ascii	"\267@\260^\035\323\013\270Y\250$\303\001[|\013\275f"
 107      1DD30BB8 
 107      59A824C3 
 107      015B7C0B 
 107      BD66
 108 0268 05BC250F 		.ascii	"\005\274%\017\006\275BP\011U\002\271\340:\335\37193"
 108      06BD4250 
 108      095502B9 
 108      E03ADDF9 
 108      3933
 109 027a B83E069D 		.ascii	"\270>\006\235n\245P\373\341\305\363\033\333\333\210"
 109      6EA550FB 
 109      E1C5F31B 
 109      DBDB88
 110 0289 5C9DABFC 		.ascii	"\\\235\253\374\352\0107 \025W\351\005\252&\027h>\264"
 110      EA083720 
ARM GAS  /tmp/ccXbwjR3.s 			page 8


 110      1557E905 
 110      AA261768 
 110      3EB4
 111 029b A1D90CF9 		.ascii	"\241\331\014\371\323\303}/\260\226\001\177\300T\007"
 111      D3C37D2F 
 111      B096017F 
 111      C05407
 112 02aa A67A6A8A 		.ascii	"\246zj\212\253\353\216\261\246\246U\251\251F4\335\304"
 112      ABEB8EB1 
 112      A6A655A9 
 112      A94634DD 
 112      C4
 113 02bb A61A6E6A 		.ascii	"\246\032nj \246\302u\317\007\032\224(\303\324$\317t"
 113      20A6C275 
 113      CF071A94 
 113      28C3D424 
 113      CF74
 114 02cd 0B4C7A36 		.ascii	"\013Lz6N\015\217&-\251iMjj\024M\315\330\324\310M-\304"
 114      4E0D8F26 
 114      2DA9694D 
 114      6A6A144D 
 114      CDD8D4C8 
 115 02e4 74B1E2C9 		.ascii	"t\261\342\311\200\025\312\227aj\223gj\007S\0075]\211"
 115      8015CA97 
 115      616A9367 
 115      6A075307 
 115      355D89
 116 02f7 ADCC61D7 		.ascii	"\255\314a\327n]jj\025M\267\261\251\225\233:\211):9n"
 116      6E5D6A6A 
 116      154DB7B1 
 116      A9959B3A 
 116      89293A39 
 117 030c DC0AD5CA 		.ascii	"\334\012\325\3120\335\225g\352\002S75M\367-\214XP\323"
 117      30DD9567 
 117      EA025337 
 117      354DF72D 
 117      8C5850D3 
 118 0320 86D47447 		.ascii	"\206\324tG4\365`\323\035n\352%\246\310\202\3649\015"
 118      34F560D3 
 118      1D6EEA25 
 118      A6C882F4 
 118      390D
 119 0332 EA9261BA 		.ascii	"\352\222a\272/\317\324\007\246~j\012\353\355\331RR\323"
 119      2FCFD407 
 119      A67E6A0A 
 119      EBEDD952 
 119      52D3
 120 0344 A6D4744F 		.ascii	"\246\324tO4=\300\246{\3344@L\245\325\2155J4 \3034$\317"
 120      343DC0A6 
 120      7BDC3440 
 120      4CA5D58D 
 120      354A3420 
 121 035c F4104C06 		.ascii	"\364\020L\006j\362\335\276\177\235\215\323\226\3244"
 121      6AF2DDBE 
 121      7F9D8DD3 
 121      96D434
 122 036b 289A1E61 		.ascii	"(\232\036a\323 7\015\023Sf\206!\334\022\215\3110\215"
ARM GAS  /tmp/ccXbwjR3.s 			page 9


 122      D320370D 
 122      13536686 
 122      21DC128D 
 122      C9308D
 123 037e CA338D81 		.ascii	"\3123\215\201i\234\232\352tu\367\331\347n[j\032\021"
 123      699C9AEA 
 123      7475F7D9 
 123      E76E5B6A 
 123      1A11
 124 0390 4D8FB169 		.ascii	"M\217\261i\204\233&\210\2513>a\316\034=\225a\232\222"
 124      849B2688 
 124      A9333E61 
 124      CE1C3D95 
 124      619A92
 125 03a3 679A06D3 		.ascii	"g\232\006\323\023jj\237\337\234a&\237TS}\010\376\353"
 125      136A6A9F 
 125      DF9C6126 
 125      9F54537D 
 125      08FEEB
 126 03b6 41489322 		.ascii	"AH\223\"i\006\223&9\351)!\371L?\230R\243e\031\2449y"
 126      69069326 
 126      39E92921 
 126      F94C3F98 
 126      52A36519 
 127 03cd A479202D 		.ascii	"\244y -PR\340l\211\017\373\330\371JH\263\"i\021\223"
 127      5052E06C 
 127      890FFBD8 
 127      F94A48B3 
 127      22691193 
 128 03e1 6639E919 		.ascii	"f9\351\031!\245\365\244\024\251\221\247\362\207IK\362"
 128      21A5F5A4 
 128      14A991A7 
 128      F287494B 
 128      F2
 129 03f2 48CB405A 		.ascii	"H\313@Z\241\244\364\204\2414\023J\362\223\220\236\213"
 129      A1A4F484 
 129      A134134A 
 129      F293909E 
 129      8B
 130 0403 A4554C7A 		.ascii	"\244ULz\316Ik\204\324\354\237\335c\202\"d\2206\344\221"
 130      CE496B84 
 130      D4EC9FDD 
 130      63822264 
 130      9036E491 
 131 0417 3681B445 		.ascii	"6\201\264EI\211E]Q\354\006\367\227\220\326E\3226&\255"
 131      4989455D 
 131      51EC06F7 
 131      9790D645 
 131      D23626AD 
 132 042b 73925689 		.ascii	"s\222V\211I\301\332\362~S\224(\203tA)\213\344\251T\011"
 132      49C1DAF2 
 132      7E539428 
 132      83744129 
 132      8BE4A954 
 133 0440 179584A4 		.ascii	"\027\225\204\244\037\034\334VQR\200\204t^\311I^\220"
 133      1F1CDC56 
 133      51528084 
ARM GAS  /tmp/ccXbwjR3.s 			page 10


 133      745EC949 
 133      5E90
 134 0452 89AB94E4 		.ascii	"\211\253\224\344MH\231w\306\362\224(W\006\311G\036\311"
 134      4D489977 
 134      C6F29428 
 134      5706C947 
 134      1EC9
 135 0464 17487E94 		.ascii	"\027H~\224\024\347\037\\dNI\201\022\322%\221\344\217"
 135      14E71F5C 
 135      644E4981 
 135      12D22591 
 135      E48F
 136 0476 49973829 		.ascii	"I\2278)\200\220\256-$\326X\242*\031\244 y\244` \205"
 136      8090AE2D 
 136      24D658A2 
 136      2A19A420 
 136      79A46020 
 137 048b 50D242C7 		.ascii	"P\322B\307\334\332>J\012\222\220\002ER(&\005rR\030!"
 137      DCDA3E4A 
 137      0A929002 
 137      45522826 
 137      05725218 
 138 04a0 79F62D5C 		.ascii	"y\366-\\\325\240F\031\244\010y\244H EQR\211\276r\002"
 138      D5A04619 
 138      A40879A4 
 138      48204551 
 138      5289BE72 
 139 04b5 5152B084 		.ascii	"QR\260\204\024.\222\2421)\234\223b\010\251k\2421\312"
 139      142E92A2 
 139      31299C93 
 139      6208A96B 
 139      A231CA
 140 04c8 0275C820 		.ascii	"\002u\310 \305\311#\305\003)\201\222:f+\307\331\205"
 140      C5C923C5 
 140      03298192 
 140      3A662BC7 
 140      D985
 141 04da 8B919062 		.ascii	"\213\221\220bER\"&\305r\322eBz^\343s\333\022\335\223"
 141      45522226 
 141      C572D265 
 141      427A5EE3 
 141      73DB12DD 
 142 04ef 41D2C923 		.ascii	"A\322\311#%\003)\205\222\206\247\"\226\330(\305JHI\""
 142      25032985 
 142      9286A722 
 142      96D828C5 
 142      4A484922 
 143 0503 29159392 		.ascii	")\025\223\2228)\215\220R\226o\2357E\006\031\244ty\244"
 143      38298D90 
 143      52966F9D 
 143      37450619 
 143      A47479A4 
 144 0517 0C206552 		.ascii	"\014 eRR\347\312\302c6/\305KHWDR\026&]\341\244lBJ\333"
 144      52E7CAC2 
 144      63362FC5 
 144      4B485744 
 144      5216265D 
ARM GAS  /tmp/ccXbwjR3.s 			page 11


 145 0531 BE346A82 		.ascii	"\2764j\202&e\220r\345\221\256\002)\217\222&2\347F5\224"
 145      26659072 
 145      E591AE02 
 145      298F9226 
 145      32E74635 
 146 0546 942021E5 		.ascii	"\224 !\345\210\244|L\312\341\244k\364\023w\335\327\323"
 146      88A47C4C 
 146      CAE1A46B 
 146      F41377DD 
 146      D7D3
 147 0558 1C2DC820 		.ascii	"\034-\310 \025\312#\025\001\251\230\222\032\323\203"
 147      15CA2315 
 147      01A99892 
 147      1AD383
 148 0567 83D85499 		.ascii	"\203\330T\231(!\025\210\244\022L*\340\244RB\352\013"
 148      28211588 
 148      A4124C2A 
 148      E0A45242 
 148      EA0B
 149 0579 8A29B340 		.ascii	"\212)\263@\3532H\327\345\221\312\201T\241d\263\367\322"
 149      EB3248D7 
 149      E591CA81 
 149      54A164B3 
 149      F7D2
 150 058b 6581922E 		.ascii	"e\201\222.KHe\"\251\022\223\3128\251\212\220\274\252"
 150      4B486522 
 150      A91293CA 
 150      38A98A90 
 150      BCAA
 151 059d F28734E8 		.ascii	"\362\2074\350\"\372aR\265<R\015\220j)\251\345\252\367"
 151      22FA6152 
 151      B53C520D 
 151      906A29A9 
 151      E5AAF7
 152 05b0 281BA52C 		.ascii	"(\033\245,\011\351\206H\252\303\244\033\234TOH\013\261"
 152      09E98648 
 152      AAC3A41B 
 152      9C544F48 
 152      0BB1
 153 05c2 3D5B1A14 		.ascii	"=[\032\024(\203\324 \217\324\010\244&Jz\342\265\026"
 153      2883D420 
 153      8FD408A4 
 153      264A7AE2 
 153      B516
 154 05d4 CAEEA56C 		.ascii	"\312\356\245l\011\351\246H\272\205I79IOH\361#\311\243"
 154      09E9A648 
 154      BA854937 
 154      39494F48 
 154      F123C9A3 
 155 05e8 6A142583 		.ascii	"j\024%\203\324\"\217\324\012\2446J*\235\356\312`\027"
 155      D4228FD4 
 155      0AA4364A 
 155      2A9DEECA 
 155      6017
 156 05fa 2E47426A 		.ascii	".GBj\026I\355\230\324\314I\035\2044Z03d\202\222d\220"
 156      1649ED98 
 156      D4CC491D 
ARM GAS  /tmp/ccXbwjR3.s 			page 12


 156      84345A30 
 156      33648292 
 157 0610 3AE591EE 		.ascii	":\345\221\356\000\351.%\005\247\007\035\241\242\\\211"
 157      00E92E25 
 157      05A7071D 
 157      A1A25C89 
 158 0620 E8B628EA 		.ascii	"\350\266(\352\302\242\333\\\324MD\023\265\245\233J\224"
 158      C2A2DB5C 
 158      D44D4413 
 158      B5A59B4A 
 158      94
 159 0631 2943D42B 		.ascii	")C\324+Ot\017D\367\251(;\254\275\224\015R\276\204\324"
 159      4F740F44 
 159      F7A9283B 
 159      ACBD940D 
 159      52BE84D4 
 160 0645 2392FA30 		.ascii	"#\222\3720\251\207\223\372\011I\337\336\227\251F\005"
 160      A98793FA 
 160      0949DFDE 
 160      97A94605 
 161 0655 324803F2 		.ascii	"2H\003\362H\203@\032\242\244\361\246\276\000\366\367"
 161      4883401A 
 161      A2A4F1A6 
 161      BE00F6F7 
 162 0665 E4BA84F4 		.ascii	"\344\272\204\364@$=\304\244\007\234d \244\212\216'0"
 162      40243DC4 
 162      A4079C64 
 162      20A48A8E 
 162      2730
 163 0677 9D57C820 		.ascii	"\235W\310 \015\313#\215\000i\224\2226\227&tl\362.\227"
 163      0DCB238D 
 163      00699492 
 163      36972674 
 163      6CF22E97 
 164 068b 901E89A4 		.ascii	"\220\036\211\2441Lz\304I\343tZj\230\233\262@7e\220&"
 164      314C7AC4 
 164      49E3745A 
 164      6A989BB2 
 164      40376590 
 165 06a0 E4912681 		.ascii	"\344\221&\2014EI+\275k\311\354\302UHH\217E\3224&=\346"
 165      3445492B 
 165      BD6BC9EC 
 165      C2554848 
 165      8F45D234 
 166 06b7 A4278454 		.ascii	"\244'\204T~m\"U\205\332d\220\236\312#\315\002i\216\222"
 166      7E6D2255 
 166      85DA6490 
 166      9ECA23CD 
 166      02698E92 
 167 06cb 02869FBF 		.ascii	"\002\206\237\277BE7$\242\031Q4\217E3\\\264@o\245\274"
 167      42453724 
 167      A2195134 
 167      8F45335C 
 167      B4406FA5 
 168 06e0 1B17CC50 		.ascii	"\033\027\314P\217\014\3213y\242\347 Z\242\242\305\315"
 168      8F0CD133 
 168      79A2E720 
ARM GAS  /tmp/ccXbwjR3.s 			page 13


 168      5AA2A2C5 
 168      CD
 169 06f1 22BE5AAA 		.ascii	"\"\276Z\252\226\220\026E\3222&-r\322\012\375\3005\367"
 169      96901645 
 169      D232262D 
 169      72D20AFD 
 169      C035F7
 170 0704 7C8C8664 		.ascii	"|\214\206d\210\326\344\211\326A\264\301\246\356\262"
 170      88D6E489 
 170      D641B4C1 
 170      A6EEB2
 171 0713 9BCBEC3F 		.ascii	"\233\313\354?Oj$\242UQ\264\211E\253\\\264EDA\225\336"
 171      4F6A24A2 
 171      5551B489 
 171      45AB5CB4 
 171      45444195 
 172 0728 731AF458 		.ascii	"s\032\364X\006I\213d\221\316#\225p\001\321\277\271\365"
 172      06498B64 
 172      91CE2395 
 172      7001D1BF 
 172      B9F5
 173 073a FA403648 		.ascii	"\372@6Hz\011i[$yB&\256R\322E\204Iq\203\341!\0324'\203"
 173      7A09695B 
 173      24794226 
 173      AE52D245 
 173      84497183 
 174 0754 E42D8F74 		.ascii	"\344-\217t\011H>\224\264\324\325V\314\026\336\255\022"
 174      09483E94 
 174      B4D4D556 
 174      CC16DEAD 
 174      12
 175 0765 9217E224 		.ascii	"\222\027\342$_L\202*%\371\021R\300j\306\206%Z\225A\012"
 175      5F4C822A 
 175      25F91152 
 175      C06AC686 
 175      255A9541 
 176 077a 90470A04 		.ascii	"\220G\012\004R\020%%\372\266\347XQR\233\204\344/\222"
 176      52102525 
 176      FAB6E758 
 176      51529B84 
 176      E42F92
 177 078d 8231C99F 		.ascii	"\2021\311\237\223B\010I\247\217N0C\027T?L\012\223G\012"
 177      93420849 
 177      A78F4E30 
 177      4317543F 
 177      4C0A9347 
 178 07a2 07520425 		.ascii	"\007R\004%\005Vt\334e\263R\273\204\024*\222\"1)\224"
 178      055674DC 
 178      65B352BB 
 178      84142A92 
 178      22312994 
 179 07b6 93A20829 		.ascii	"\223\242\010)j$\250T\203\374e\220b\344\221b\201\024"
 179      6A24A854 
 179      83FC6590 
 179      62E49162 
 179      8114
 180 07c8 4749D58B 		.ascii	"GI\325\213\276~\214\324"
ARM GAS  /tmp/ccXbwjR3.s 			page 14


 180      BE7E8CD4 
 181 07d0 2121458B 		.ascii	"!!E\213\244xL\212\346\244\004B\272\354\325\376\023\024"
 181      A4784C8A 
 181      E6A40442 
 181      BAECD5FE 
 181      1314
 182 07e2 21437459 		.ascii	"!CtY\236(\011D:*\232\363\213\3571\245\242>\211(Q\024"
 182      9E280944 
 182      3A2A9AF3 
 182      8BEF31A5 
 182      A23E8928 
 183 07f8 25635122 		.ascii	"%cQ\"\027\245\020\321\255\360\216\373\002J\224AJ\223"
 183      17A510D1 
 183      ADF08EFB 
 183      024A9441 
 183      4A93
 184 080a 47BA02A4 		.ascii	"G\272\002\244tJ\312-4\244\263\265R\277\204\224*\222"
 184      744ACA2D 
 184      34A4B3B5 
 184      52BF8494 
 184      2A92
 185 081c 32302995 		.ascii	"20)\225\2232\011\2515\"R\253B\3512H\331\362H9@\312\245"
 185      933209A9 
 185      352252AB 
 185      42E93248 
 185      D9F24839 
 186 0833 A42B3145 		.ascii	"\244+1E\377JE\017$\242,Qt\025\213\262\270(\217\210\012"
 186      FF4A450F 
 186      24A22C51 
 186      74158BB2 
 186      B8288F88 
 187 0848 22D3BA95 		.ascii	"\"\323\272\225(_\206\350\232<Q\001\210\012\331 \301"
 187      285F86E8 
 187      9A3C5101 
 187      880AD920 
 187      C1
 188 0859 24CCFE6B 		.ascii	"$\314\376ki@B\312\027IE\230\224\317I\305\204\364\254"
 188      694042CA 
 188      17494598 
 188      94CF49C5 
 188      84F4AC
 189 086c B6B317A1 		.ascii	"\266\263\027\241\3532H\245\362He@\272NIy\005Q\353l\331"
 189      EB3248A5 
 189      F2486540 
 189      BA4E4979 
 189      0551EB6C 
 190 0881 FD50422A 		.ascii	"\375PB*\021I\345\230T\302I\025\224\3644\261U\211\352"
 190      1149E598 
 190      54C24915 
 190      94F434B1 
 190      5589EA
 191 0894 6490AAE4 		.ascii	"d\220\252\344\221n\000\251\232\222\202\014\227{\330"
 191      916E00A9 
 191      9A92820C 
 191      977BD8
 192 08a3 2A604242 		.ascii	"*`BB\252\024I5\230T\311I\265\2044\341\273\026\276\017"
 192      AA144935 
ARM GAS  /tmp/ccXbwjR3.s 			page 15


 192      9854C949 
 192      B58434E1 
 192      BB16BE0F 
 193 08b7 B5C820D5 		.ascii	"\265\310 \325\313#\335\004R\003%\365\266g\306\261\013"
 193      CB23DD04 
 193      520325F5 
 193      B667C6B1 
 193      0B
 194 08c8 372921D5 		.ascii	"7)!\325\211\244FL\252\343\244&BJ\364\275\025j\201\272"
 194      89A4464C 
 194      AAE3A426 
 194      424AF4BD 
 194      156A81BA 
 195 08dc 6490F4F2 		.ascii	"d\220\364\362H\315@j\241\244\221;\275+l\016\230\222"
 195      48CD406A 
 195      A1A4913B 
 195      BD2B6C0E 
 195      9892
 196 08ee 906E89A4 		.ascii	"\220n\211\244VL\272\305Im\204\224\3720\251\306\032\015"
 196      564CBAC5 
 196      496D8494 
 196      FA30A9C6 
 196      1A0D
 197 0900 50527460 		.ascii	"PRt`R\032\271\370Z\335l\241\366\370E\255\370?\302\355"
 197      521AB9F8 
 197      5ADD6CA1 
 197      F6F845AD 
 197      F83FC2ED 
 198 0914 BC13FC85 		.ascii	"\274\023\374\205\202\367\320A?\262\267\363\322\225\344"
 198      82F7D041 
 198      3FB2B7F3 
 198      D295E4
 199 0923 C999D60A 		.ascii	"\311\231\326\012w\322\346\237\024\253$\217\312jI\247"
 199      77D2E69F 
 199      14AB248F 
 199      CA6A49A7 
 200 0933 B92DEB3A 		.ascii	"\271-\353:K4\305N\272z\245I\215\236\321J\200\217\241"
 200      4B34C54E 
 200      BA7AA549 
 200      8D9ED14A 
 200      808FA1
 201 0946 598D3669 		.ascii	"Y\2156i\345|ze\200\031\354\366wjr\232\017\343W\323,"
 201      E57C7A65 
 201      8019ECF6 
 201      776A729A 
 201      0FE357D3 
 202 095b 48153FE4 		.ascii	"H\025?\344\265\206MJ\375\2706U#\034$\317\377\346bJ\322"
 202      B5864D4A 
 202      FDB83655 
 202      231C24CF 
 202      FFE6624A 
 203 0970 ACCAB55A 		.ascii	"\254\312\265Zs\341\036R\013]\242\216\354\216_\344\271"
 203      73E11E52 
 203      0B5DA28E 
 203      EC8E5FE4 
 203      B9
 204 0981 1F7D36A7 		.ascii	"\037}6\247\020\237\314\011\275\350 d\220\\\241\033\331"
ARM GAS  /tmp/ccXbwjR3.s 			page 16


 204      109FCC09 
 204      BDE82064 
 204      905CA11B 
 204      D9
 205 0992 083D083F 		.ascii	"\010=\010?\237S6nT_4\021\324\007\367\336\251o\217\235"
 205      9F53366E 
 205      545F3411 
 205      D407F7DE 
 205      A96F8F9D 
 206 09a6 8861B344 		.ascii	"\210a\263D\367\345\005\355\207\302} \334\335!\200\210"
 206      F7E505ED 
 206      87C27D20 
 206      DCDD2180 
 206      88
 207 09b7 1AE03466 		.ascii	"\032\3404f\037z\347\230X\371\355\364K\222w\236\024\366"
 207      1F7AE798 
 207      58F9EDF4 
 207      4B92779E 
 207      14F6
 208 09c9 232B9659 		.ascii	"#+\226Y;\223:f\212\036\233\220\301\210\271t\276\033"
 208      3B933A66 
 208      8A1E9B90 
 208      C188B974 
 208      BE1B
 209 09db A1055A19 		.ascii	"\241\005Z\031\212\251\365SI\372\300Wd\247\217Ad\305"
 209      8AA9F553 
 209      49FAC057 
 209      64A78F41 
 209      64C5
 210 09ed 0E0DA712 		.ascii	"\016\015\247\022\037=\373\314L8hE\200\333e\231\277\301"
 210      1F3DFBCC 
 210      4C386845 
 210      80DB6599 
 210      BFC1
 211 09ff C0879031 		.ascii	"\300\207\2201\260\003\034\244\007U(\376R\237\302\020"
 211      B0031CA4 
 211      075528FE 
 211      529FC210 
 212 0a0f 9CB271B7 		.ascii	"\234\262q\267Bq\364\212A\215*L\011\250lj\371\246\032"
 212      4271F48A 
 212      418D2A4C 
 212      09A86C6A 
 212      F9A61A
 213 0a22 E969252D 		.ascii	"\351i%-2*\327\204\\ns\\}\324?\234i\215\272i\333\265"
 213      322AD784 
 213      5C6E735C 
 213      7DD43F9C 
 213      698DBA69 
 214 0a38 9CD6ED7D 		.ascii	"\234\326\355}h\234VZ\207W\026\351\023\325\027p\325\257"
 214      689C565A 
 214      875716E9 
 214      13D51770 
 214      D5AF
 215 0a4a 626A6C1F 		.ascii	"bjl\037Z\241m\311\347\275#\325\310\327\214Tb\227\333"
 215      5AA16DC9 
 215      E7BD23D5 
 215      C8D78C54 
ARM GAS  /tmp/ccXbwjR3.s 			page 17


 215      6297DB
 216 0a5d 9AAC49E2 		.ascii	"\232\254I\342k\344~\272\035x\323\012%\320\266\316~\357"
 216      6BE47EBA 
 216      1D78D30A 
 216      25D0B6CE 
 216      7EEF
 217 0a6f 6C0B7485 		.ascii	"l\013t\205V\370\263m+\372l;\326s\262\303\004\345\321"
 217      56F8B36D 
 217      2BFA6C3B 
 217      D673B2C3 
 217      04E5D1
 218 0a82 B67BC109 		.ascii	"\266{\301\011\333&\250\214V2\207;\302\366\221\304\267"
 218      DB26A88C 
 218      5632873B 
 218      C2F691C4 
 218      B7
 219 0a93 70F55254 		.ascii	"p\365RT\344\015\015\252\245m\243k\272Y%j\243\225\207"
 219      E40D0DAA 
 219      A56DA36B 
 219      BA59256A 
 219      A39587
 220 0aa6 CB0FEBCD 		.ascii	"\313\017\353\315H\342a\\\275\035eh3G\217h\333\332\310"
 220      48E2615C 
 220      BD1D6568 
 220      33478F68 
 220      DBDAC8
 221 0ab9 037F6B34 		.ascii	"\003\177k4E+\347k\257v\321\304cd\326\014\2777\250D\253"
 221      452BE76B 
 221      AF76D1C4 
 221      6364D60C 
 221      BF37A844 
 222 0ace B4ADB535 		.ascii	"\264\255\2655\3675\372y #\022Y\225\020fAR\265\244\271"
 222      F735FA79 
 222      20231259 
 222      95106641 
 222      52B5A4B9 
 223 0ae2 2A38B891 		.ascii	"*8\270\221\356\372:\256\256\016\244<\374\236G\311\253"
 223      EEFA3AAE 
 223      AE0EA43C 
 223      FC9E47C9 
 223      AB
 224 0af3 883D4A5E 		.ascii	"\210=J^!\267\252p+kl\010\355<J\366 \327v\011\356\312"
 224      21B7AA70 
 224      2B6B6C08 
 224      ED3C4AF6 
 224      20D77609 
 225 0b09 6584D3D7 		.ascii	"e\204\323\327\320~\276\023\371nP\356\035i\205|\315\311"
 225      D07EBE13 
 225      F96E50EE 
 225      1D69857C 
 225      CDC9
 226 0b1b 810B53AF 		.ascii	"\201\013S\257\224R\310\207P}\311{2\277\307BxC\362z\011"
 226      9452C887 
 226      507DC97B 
 226      32BFC742 
 226      7843F27A 
 227 0b30 CA411DDC 		.ascii	"\312A\035\334\025\364i\036\"\275\217\302\235\343\257"
ARM GAS  /tmp/ccXbwjR3.s 			page 18


 227      15F4691E 
 227      22BD8FC2 
 227      9DE3AF
 228 0b3f 7A69E7EE 		.ascii	"zi\347\356\030#\207z\033\376Q\220\334\315\235\334\361"
 228      1823877A 
 228      1BFE5190 
 228      DCCD9DDC 
 228      F1
 229 0b50 BD733304 		.ascii	"\275s3\0041y}'ydw\362\360\356\344\325\235d\303\356\344"
 229      31797D27 
 229      796477F2 
 229      F0EEE4D5 
 229      9D64C3EE 
 230 0b65 B724B95A 		.ascii	"\267$\271Z]\314\233\372\303\370\374\205u\226\311GE\330"
 230      5DCC9BFA 
 230      C3F8FC85 
 230      7596C947 
 230      45D8
 231 0b77 D8E5C5FF 		.ascii	"\330\345\305\377\251|\230t\372|w\247\317v\013\002\305"
 231      A97C9874 
 231      FA7C77A7 
 231      CF760B02 
 231      C5
 232 0b88 DC85DDB9 		.ascii	"\334\205\335\271\363\273s\327v\264\217\366>\265\035"
 232      F3BB73D7 
 232      76B48FF6 
 232      3EB51D
 233 0b97 839FD8EF 		.ascii	"\203\237\330\357\314\356\324\247\273R\267w\272\235\334"
 233      CCEED4A7 
 233      BB52B777 
 233      BA9DDC
 234 0ba6 9D3BB1DB 		.ascii	"\235;\261\333\340#\366;\265;wzW\277\001b\352\334\336"
 234      E023F63B 
 234      B53B777A 
 234      57BF0162 
 234      EADCDE
 235 0bb9 A7B693BA 		.ascii	"\247\266\223\272\265Cx\2747a'\327W\354\366\311\336\002"
 235      B54378BC 
 235      376127D7 
 235      57ECF6C9 
 235      DE02
 236 0bcb AA0D65B7 		.ascii	"\252\015e\267\360\207\036\012\3416\\\251N\322\206\323"
 236      F0871E0A 
 236      E1365CA9 
 236      4ED286D3 
 237 0bdb 61D21182 		.ascii	"a\322\021\202U\007\205 \325\033\202\026\312E(\333\350"
 237      55078520 
 237      D51B8216 
 237      CA4528DB 
 237      E8
 238 0bec 0D6113CA 		.ascii	"\015a\023\312\026\024_\250{C\271\004\305\017\212\027"
 238      16145FA8 
 238      7B43B904 
 238      C50F8A17 
 239 0bfc 9400283E 		.ascii	"\224\000(>P<\241\004B\271\000\345\274\352\0152\313\021"
 239      503CA104 
 239      42B900E5 
ARM GAS  /tmp/ccXbwjR3.s 			page 19


 239      BCEA0D32 
 239      CB11
 240 0c0e 95BFA89A 		.ascii	"\225\277\250\232\335{\274\215\3060H\314]\334\373\376"
 240      DD7BBC8D 
 240      C63048CC 
 240      5DDCFBFE 
 241 0c1e 104FD6B0 		.ascii	"\020O\326\260\322\355X\013\003\003\323\270\360`\317"
 241      D2ED580B 
 241      0303D3B8 
 241      F060CF
 242 0c2d 1B94A4E2 		.ascii	"\033\224\244\342\311\3300\373\2569nW\360\277\243\374"
 242      C9D830FB 
 242      AE396E57 
 242      F0BFA3FC 
 243 0c3d 6F8432C9 		.ascii	"o\2042\311w\271\017\246\354\227HV\254\203\271\020\012"
 243      77B90FA6 
 243      EC974856 
 243      AC83B910 
 243      0A
 244 0c4e BDDCD999 		.ascii	"\275\334\331\231\256\361N\344\265\327\220\011!0R\377"
 244      AEF14EE4 
 244      B5D79009 
 244      213052FF 
 245 0c5e 1FA30613 		.ascii	"\037\243\006\023\206v%\262\034\241P:{$\351\263\236("
 245      867625B2 
 245      1CA1503A 
 245      7B24E9B3 
 245      9E28
 246 0c70 511CAD94 		.ascii	"Q\034\255\224\027\204\254j\310\034\367\011\256\336\327"
 246      1784AC6A 
 246      C81CF709 
 246      AEDED7
 247 0c7f 47BF4726 		.ascii	"G\277G&\026\013\\\333\360\234YB\177yF\213R\261\031m"
 247      160B5CDB 
 247      F09C5942 
 247      7F79468B 
 247      52B1196D 
 248 0c93 98CE6891 		.ascii	"\230\316h\221\335\006\177\323\335?\216\211P\331\010"
 248      DD067FD3 
 248      DD3F8E89 
 248      50D908
 249 0ca2 912A9C1E 		.ascii	"\221*\234\036\255\332\317w\302\331q#\376\203\246\257"
 249      ADDACF77 
 249      C2D97123 
 249      FE83A6AF 
 250 0cb2 A7989365 		.ascii	"\247\230\223e\023n\203m\365\001^\341\346\364\313\234"
 250      136E836D 
 250      F5015EE1 
 250      E6F4CB9C 
 251 0cc2 8A2E9BA2 		.ascii	"\212.\233\242\022g\256Z\243\\\212\345\023\360?\263\011"
 251      1267AE5A 
 251      A35C8AE5 
 251      13F03FB3 
 251      09
 252 0cd3 D8672528 		.ascii	"\330g%(R \351\361\370\010X\234\255\235U\243b\232>\327"
 252      5220E9F1 
 252      F808589C 
ARM GAS  /tmp/ccXbwjR3.s 			page 20


 252      AD9D55A3 
 252      629A3ED7 
 253 0ce7 9BBE688A 		.ascii	"\233\276h\212\027X\211*\266\344\322\225mo\253\360\226"
 253      1758892A 
 253      B6E4D295 
 253      6D6FABF0 
 253      96
 254 0cf8 38151212 		.ascii	"8\025\022\022T*\341\262\212,\271\236\216O7k\360\366"
 254      542AE1B2 
 254      8A2CB99E 
 254      8E4F376B 
 254      F0F6
 255 0d0a 70D81E0B 		.ascii	"p\330\036\013\333\223\350\366\334\205;KJTN\273\253["
 255      DB93E8F6 
 255      DC853B4B 
 255      4A544EBB 
 255      AB5B
 256 0d1c 8A48B67C 		.ascii	"\212H\266|3Yk\2700W=pE\210\325&_\320j\361\332\214\254"
 256      33596BB8 
 256      30573D70 
 256      4588D526 
 256      5FD06AF1 
 257 0d33 049255E4 		.ascii	"\004\222U\3442\033\015O29*\336\263\271u\272\313\374"
 257      321B0D4F 
 257      32392ADE 
 257      B3B975BA 
 257      CBFC
 258 0d45 CFEB5A1F 		.ascii	"\317\353Z\037\255a\335\205\334b)\2527IK\270.8AEZjm\311"
 258      AD61DD85 
 258      DC6229AA 
 258      37494BB8 
 258      2E384145 
 259 0d5d DF695889 		.ascii	"\337iX\211\221\206\355\234\340\022D\033\376@\032\252"
 259      9186ED9C 
 259      E012441B 
 259      FE401AAA 
 260 0d6d 05DA50B0 		.ascii	"\005\332P\260\234\355mM\033\376\20744\260\206\322>\357"
 260      9CED6D4D 
 260      1BFE8734 
 260      34B086D2 
 260      3EEF
 261 0d7f 16137A90 		.ascii	"\026\023z\220\015\027\322\322\302Z\222\342\306\327\220"
 261      0D17D2D2 
 261      C25A92E2 
 261      C6D790
 262 0d8e F1413A59 		.ascii	"\361A:Y\303\255\247\253^*\343\203\364\262\206N\377\371"
 262      C3ADA7AB 
 262      5E2AE383 
 262      F4B2864E 
 262      FFF9
 263 0da0 3E13E383 		.ascii	">\023\343\203\014\260\206\241\013)\213t\017\303&=\310"
 263      0CB086A1 
 263      0B298B74 
 263      0FC3263D 
 263      C8
 264 0db1 306B89F7 		.ascii	"0k\211\367\016\257\021\214\0172\301\032V\3752\326\315"
 264      0EAF118C 
ARM GAS  /tmp/ccXbwjR3.s 			page 21


 264      0F32C11A 
 264      56FD32D6 
 264      CD
 265 0dc2 8D0FF294 		.ascii	"\215\017\362\2245xME-\012\306\007y\306\032|\032F\312"
 265      35784D45 
 265      2D0AC607 
 265      79C61A7C 
 265      1A46CA
 266 0dd5 D8996CD1 		.ascii	"\330\231l\321\203\254\261\226\334\334\273\327$g\242"
 266      83ACB196 
 266      DCDCBBD7 
 266      2467A2
 267 0de4 55D206CF 		.ascii	"U\322\006\317\244\244\002+\343\203x\263\206\372\215"
 267      A4A4022B 
 267      E38378B3 
 267      86FA8D
 268 0df3 8D40C999 		.ascii	"\215@\311\231\004\260\206\336\246\3115zt\203O\276@\232"
 268      04B086DE 
 268      A6C9357A 
 268      74834FBE 
 268      409A
 269 0e05 C25853BB 		.ascii	"\302XS\273n~QI\367\371\2004\304\260\206\270{c\317\020"
 269      6E7E5149 
 269      F7F98034 
 269      C4B086B8 
 269      7B63CF10 
 270 0e19 F9B02849 		.ascii	"\371\260(I\0275C\003l\370\376\203\344]fyAyi\213\326"
 270      17354303 
 270      6CF8FE83 
 270      E45D6679 
 270      4179698B 
 271 0e2e 240FE16A 		.ascii	"$\017\341j~Q\2317\313\363E$1\215%\362\037\361i\350\217"
 271      7E519937 
 271      CBF34524 
 271      318D25F2 
 271      1FF169E8 
 272 0e43 F8161F55 		.ascii	"\370\026\037U7\320\003\033\374\230)\233e>\351\212\257"
 272      37D0031B 
 272      FC98299B 
 272      653EE98A 
 272      AF
 273 0e54 B0229926 		.ascii	"\260\"\231&\270Z\222q7\025\031\023\257\261\2740\257"
 273      B85A9271 
 273      37151913 
 273      AFB1BC30 
 273      AF
 274 0e65 EBD7E9E7 		.ascii	"\353\327\351\347\331\224,\2362\252\2135\306\304R\226"
 274      D9942C9E 
 274      32AA8B35 
 274      C6C45296 
 275 0e75 B79C6A98 		.ascii	"\267\234j\230\246\277\2223\303\325\201\346\201x\215"
 275      A6BF9233 
 275      C3D581E6 
 275      81788D
 276 0e84 8458C512 		.ascii	"\204X\305\022\267\012j\374\315\250)\220\231\352Y\023"
 276      B70A6AFC 
 276      CDA82990 
ARM GAS  /tmp/ccXbwjR3.s 			page 22


 276      99EA5913 
 277 0e94 9B2C3474 		.ascii	"\233,4t\262(\272\264}\327\322\230\244gi\201k\363\355"
 277      B228BAB4 
 277      7DD7D298 
 277      A4676981 
 277      6BF3ED
 278 0ea7 94A4C6D5 		.ascii	"\224\244\306\325\341\305\231_\031\213:X\332\343\220"
 278      E1C5995F 
 278      198B3A58 
 278      DAE390
 279 0eb6 CC7C7A86 		.ascii	"\314|z\206\226d]\346\263\252\267\224\210\2729\335k\316"
 279      96645DE6 
 279      B3AAB794 
 279      88BA39DD 
 279      6BCE
 280 0ec8 574D12C9 		.ascii	"WM\022\311\267\224\371KW{\351P\030b\030\260\237\017"
 280      B794F94B 
 280      577BE950 
 280      186218B0 
 280      9F0F
 281 0eda 5AA1AEC9 		.ascii	"Z\241\256\311\234d\356\303\325\251\344\340(3c\241\201"
 281      9C64EEC3 
 281      D5A9E4E0 
 281      283363A1 
 281      81
 282 0eeb E515243F 		.ascii	"\345\025$?X\246\327UC\346\215\350\245\"Sc\3428?a\303"
 282      58A6D755 
 282      43E68DE8 
 282      A5225363 
 282      E2383F61 
 283 0f00 8516FA13 		.ascii	"\205\026\372\023Lkr\237\004\317g(%\304',\221\257\220"
 283      4C6B729F 
 283      04CF6728 
 283      25C4272C 
 283      91AF90
 284 0f13 3574857C 		.ascii	"5t\205|\253\330s\213}\376\343\031q\201e\256\014/\264"
 284      ABD8738B 
 284      7DFEE319 
 284      718165AE 
 284      0C2FB4
 285 0f26 D343BF48 		.ascii	"\323C\277H\326\251\365\332t\311 \256\260<\237\231\330"
 285      D6A9F5DA 
 285      74C920AE 
 285      B03C9F99 
 285      D8
 286 0f37 607A6832 		.ascii	"`zh2QN\205\345\346*\215\211[,/\2665\232\015\366K\270"
 286      514E85E5 
 286      E62A8D89 
 286      5B2C2FB6 
 286      359A0DF6 
 287 0f4d 3A919F1B 		.ascii	":\221\237\033`-!^d\023\014\377\035\244\206\376\016r"
 287      602D215E 
 287      64130CFF 
 287      1DA486FE 
 287      0E72
 288 0f5f A07DEE8E 		.ascii	"\240}\356\216\232\022/3\242\037\313\344?\240\324\320"
 288      9A122F33 
ARM GAS  /tmp/ccXbwjR3.s 			page 23


 288      A21FCBE4 
 288      3FA0D4D0 
 289 0f6f 1F50DEBE 		.ascii	"\037P\336\276\323\233\2426&\206\260\274\301\272\233"
 289      D39BA236 
 289      2686B0BC 
 289      C1BA9B
 290 0f7e FD6624EF 		.ascii	"\375f$\357G\270:6\321XbnL\214by\003\235=9\224\370*\031"
 290      47B83A36 
 290      D158626E 
 290      4C8C6279 
 290      039D3D39 
 291 0f96 ABB58C32 		.ascii	"\253\265\2142S\0111\201%\362"
 291      53093181 
 291      25F2
 292 0fa0 AF0F1AFA 		.ascii	"\257\017\032\372\365a+g\365\011\275G\015Y\214\230\302"
 292      F5612B67 
 292      F509BD47 
 292      0D598C98 
 292      C2
 293 0fb1 3247B342 		.ascii	"2G\263B\267\351(\376\025\311\\Z\25331&f\"\361f^\246"
 293      B7E928FE 
 293      15C95C5A 
 293      AB333126 
 293      6622F166 
 294 0fc7 A742FF60 		.ascii	"\247B\377`\335\2708ofL\314cy-\253#\217MH\336_\223[6"
 294      DDB8386F 
 294      664CCC63 
 294      792DAB23 
 294      8F4D48DE 
 295 0fdf 22814F87 		.ascii	"\"\201O\207\214X\314\022\013\253&\236S\342\337\220\233"
 295      8C58CC12 
 295      0BAB269E 
 295      53E2DF90 
 295      9B
 296 0ff0 76B83097 		.ascii	"v\2700\227M\217\271\214X\3012\343\223\356=\335"
 296      4D8FB98C 
 296      58C132E3 
 296      93EE3DDD 
 297 1000 4732FF16 		.ascii	"G2\377\026W+CK\353\255\214\211\265,/8|\263\210~\011"
 297      572B434B 
 297      EBAD8C89 
 297      B52C2F38 
 297      7CB3887E 
 298 1015 FF319924 		.ascii	"\3771\231$k\357~a,lbi\374\273\207\206~\367\030\216\253"
 298      6BEF7E61 
 298      2C6C6269 
 298      FCBB8786 
 298      7EF7188E 
 299 102a E8947E7E 		.ascii	"\350\224~~\333Xb\230\266\354\222\345\321b\255\217\256"
 299      DB586298 
 299      B6EC92E5 
 299      D162AD8F 
 299      AE
 300 103b 564516D5 		.ascii	"VE\026\325o\333\010E\252?\013\177o#\024C(\201?\317\245"
 300      6FDB0845 
 300      AA3F0B7F 
 300      6F231443 
ARM GAS  /tmp/ccXbwjR3.s 			page 24


 300      28813FCF 
 301 1050 10CB205E 		.ascii	"\020\313 ^\207X\016\261\002b%\304*\2107 VC\254\201X"
 301      87580EB1 
 301      026225C4 
 301      2A883720 
 301      5643AC81 
 302 1065 0BF11D1B 		.ascii	"\013\361\035\033\241\016B=ToBl\200\330\010\261\011\342"
 302      A10E423D 
 302      546F426C 
 302      80D808B1 
 302      09E2
 303 1077 2D887A88 		.ascii	"-\210z\210\315\020[ \266Bl\203\330\016\261\003\342m"
 303      CD105B20 
 303      B6426C83 
 303      D80EB103 
 303      E26D
 304 1089 889D10EF 		.ascii	"\210\235\020\357@\274\013\261\013b7\304\036\210\275"
 304      40BC0BB1 
 304      0B6237C4 
 304      1E88BD
 305 1098 10EF41BC 		.ascii	"\020\357A\274\017\261\017b?\304\007\020\007 \016B\034"
 305      0FB10F62 
 305      3FC40710 
 305      07200E42 
 305      1C
 306 10a9 82F810A2 		.ascii	"\202\370\020\242\001\342#\210\303\020G \216B\034\203"
 306      01E22388 
 306      C3104720 
 306      8E421C83 
 307 10b9 380EF131 		.ascii	"8\016\3611\304\011\210\223\020\247 NC|\002q\006\342"
 307      C4098893 
 307      10A7204E 
 307      437C0271 
 307      06E2
 308 10cb 5388B3AA 		.ascii	"S\210\263\252?\223\213\236\325{\305\202\014\210^I\026"
 308      3F938B9E 
 308      D57BC582 
 308      0C885E49 
 308      16
 309 10dc 68789D95 		.ascii	"hx\235\225\0129x\255\225\006\021\257\267\256@\304k\256"
 309      0A3978AD 
 309      950611AF 
 309      B7AE40C4 
 309      6BAE
 310 10ee 748878DD 		.ascii	"t\210x\335\225\001\021\257\2752!\342\365W\026D\274\006"
 310      950111AF 
 310      BD3221E2 
 310      F5571644 
 310      BC06
 311 1100 CB8688D7 		.ascii	"\313\206\210\327a9\020\361Z\014\256>Y\217]\205\210\327"
 311      613910F1 
 311      5A0CAE3E 
 311      598F5D85 
 311      88D7
 312 1112 647910F1 		.ascii	"dy\020\361\272,\037\"^\233]\203\210\327g\005\020\361"
 312      BA2C1F22 
 312      5E9B5D83 
ARM GAS  /tmp/ccXbwjR3.s 			page 25


 312      88D76705 
 312      10F1
 313 1124 1AAD1022 		.ascii	"\032\255\020\"\254\323\2049\325Q2\207F\334hA\260\304"
 313      ACD38439 
 313      D5513287 
 313      46DC6841 
 313      B0C4
 314 1136 D0E90CAB 		.ascii	"\320\351\014\2533\037\307\370\334\321\342_]\277.\020"
 314      331FC7F8 
 314      DCD1E25F 
 314      5DBF2E10 
 315 1146 67185B61 		.ascii	"g\030[a\260\005\243\240\2035\012\331\210\327J\302<\364"
 315      B005A3A0 
 315      83350AD9 
 315      88D74AC2 
 315      3CF4
 316 1158 202CC0B2 		.ascii	" ,\300\262\342e\273s\256\247\354]\035O;9\3329}\353\340"
 316      E265BB73 
 316      AEA7EC5D 
 316      1D4F3B39 
 316      DA397DEB 
 317 116d 74D6C3F9 		.ascii	"t\326\303\371\214\253\351\257?\375\375\201\023\212\177"
 317      8CABE9AF 
 317      3FFDFD81 
 317      138A7F
 318 117c 3874C8F6 		.ascii	"8t\310\366\304)\347/\235\377\345s\3333\356\266\016g"
 318      C429E72F 
 318      9DFFE573 
 318      DB33EEB6 
 318      0E67
 319 118e 5C5CCEB8 		.ascii	"\\\\\316\270\332\236=\343\346\341n\373\321oO\2368\371"
 319      DA9E3DE3 
 319      E6E16EFB 
 319      D16F4F9E 
 319      38F9
 320 11a0 2DDE76D6 		.ascii	"-\336v\326\371\264\223\233\273\355\257O\234\260\375"
 320      F9B4939B 
 320      BBEDAF4F 
 320      9CB0FD
 321 11af C6C9C1E3 		.ascii	"\306\311\301\343\214\233\373!\007\205\345\247'\377\311"
 321      8C9BFB21 
 321      0785E5A7 
 321      27FFC9
 322 11be EE13D2AF 		.ascii	"\356\023\322\257\233\211\375ig{w\225\303){\267W\366"
 322      9B89FD69 
 322      677B7795 
 322      C3297BB7 
 322      57F6
 323 11d0 3A9A42F5 		.ascii	":\232B\365_N\366_\277\370\211\275\233\343\307\366\347"
 323      5F4EF65F 
 323      BFF889BD 
 323      9BE3C7F6 
 323      E7
 324 11e1 4E7BF0FD 		.ascii	"N{\360\375^<\351\344r\322\336\325\376+'\276\345\205"
 324      5E3CE9E4 
 324      72D2DED5 
 324      FE2B27BE 
ARM GAS  /tmp/ccXbwjR3.s 			page 26


 324      E585
 325 11f3 E3E7DC25 		.ascii	"\343\347\334%)\373\177\357\016\315\222M\346_\020\304"
 325      29FB7FEF 
 325      0ECD924D 
 325      E65F10C4 
 326 1203 CF4FB037 		.ascii	"\317O\2607\357\036\346o\216\3607\307,?\377\342\204\330"
 326      EF1EE66F 
 326      8EF037C7 
 326      2C3FFFE2 
 326      84D8
 327 1215 E7AF9CBE 		.ascii	"\347\257\234\276<\367\325\3113\256\273:\370\305\021"
 327      3CF7D5C9 
 327      33AEBB3A 
 327      F8C511
 328 1224 CD674EAE 		.ascii	"\315gN\256\216\237\177\301\267[\177\376\235\373\357"
 328      8E9F7FC1 
 328      B75B7FFE 
 328      9DFBEF
 329 1233 9C1DBEDE 		.ascii	"\234\035\276\336\225w\204\367\177\204\367\177\344\030"
 329      957784F7 
 329      7F84F77F 
 329      E418
 330 1241 7FC30DEF 		.ascii	"\177\303\015\357\361\234\367x\316{<\347=\236s\224\347"
 330      F19CF778 
 330      CE7B3CE7 
 330      3D9E7394 
 330      E7
 331 1252 1CE53947 		.ascii	"\034\3459Gy\316Q\236\363>\317y\237\347\274\317s\336"
 331      79CE519E 
 331      F33ECF79 
 331      9FE7BCCF 
 331      73DE
 332 1264 E739C778 		.ascii	"\3479\307x\3161\236s\214\347\034\3439\037\360\234\017"
 332      CE319E73 
 332      8CE71CE3 
 332      391FF09C 
 332      0F
 333 1275 78CE073C 		.ascii	"x\316\007<\347\003\236\363\021\317\371\210\347|\304"
 333      E7039EF3 
 333      11CFF988 
 333      E77CC4
 334 1284 733EE239 		.ascii	"s>\3429\307y\316q\236s\234\347\034?\261\357\267N\356"
 334      C779CE71 
 334      9E739CE7 
 334      1C3FB1EF 
 334      B74EEE
 335 1297 4EE265B1 		.ascii	"N\342e\261`\367\206\235\207\3719gW\217_\274k\347\241"
 335      60F7869D 
 335      87F93967 
 335      578F5FBC 
 335      6BE7A1
 336 12aa B6B3E36F 		.ascii	"\266\263\343o\217\330\236sw\263\265ws\371\231\353\031"
 336      8FD89E73 
 336      77B3B577 
 336      73F999EB 
 336      19
 337 12bb 57A79F39 		.ascii	"W\247\2379\331\177\351l\353\354\352p\372\234\243\223"
ARM GAS  /tmp/ccXbwjR3.s 			page 27


 337      D97FE96C 
 337      EBECEA70 
 337      FA9CA393 
 338 12cb AD8BBDC3 		.ascii	"\255\213\275\303)gW'[;G\247?\221\013\355\361\335Y'\367"
 338      29675727 
 338      5B3B47A7 
 338      3F910BED 
 338      F1DD5927 
 339 12e0 43A7143F 		.ascii	"C\247\024?\375\236\235\334\277s\267\265s\367p\204\376"
 339      FD9E9DDC 
 339      BF73B7B5 
 339      73F77084 
 339      FE
 340 12f1 2153EDEC 		.ascii	"!S\355\354\352\354\001U{\207\257\255\234\335\376\323"
 340      EAEC0155 
 340      7B87AFAD 
 340      9CDDFED3 
 341 1301 8E5AEC3C 		.ascii	"\216Z\354<\376\3177\370)\305>7rv\364fv\263tuq\346\357"
 341      FECF37F8 
 341      29C53E37 
 341      7276F466 
 341      76B37475 
 342 1318 5F84FBDC 		.ascii	"_\204\373\334\221J\371\026\027'\027\027z#\263-/|y\316"
 342      914AF916 
 342      17271717 
 342      7A23B32D 
 342      2F7C79CE 
 343 132c 5D92B2FF 		.ascii	"]\222\262\377\034\276\221%\233\314\351\301~\356\300"
 343      1CBE9125 
 343      9BCCE9C1 
 343      7EEEC0
 344 133b DEC08DFC 		.ascii	"\336\300\215\374\015\277\221\277\3417\262\3737\016<"
 344      0DBF91BF 
 344      E137B2FB 
 344      370E3C
 345 134a FF65477C 		.ascii	"\377eG|#\303\0118\343s\223v\0027\363Y\270\231\335\277"
 345      23C30938 
 345      E3739376 
 345      0237F359 
 345      B899DDBF 
 346 135e E1DBAD61 		.ascii	"\341\333\255a\200<\360\315\314\352f\354\314\314\331"
 346      803CF0CD 
 346      CCEA66EC 
 346      CCCCD9
 347 136d D8B89BB9 		.ascii	"\330\270\233\271C\204\017\247\305!\266Aa\006\037\343"
 347      43840FA7 
 347      C521B641 
 347      61061FE3 
 348 137d AF5C9D1C 		.ascii	"\257\\\235\034U\347\334\235\034\367\333\331\271\330"
 348      55E7DC9D 
 348      1CF7DBD9 
 348      B9D8
 349 138b 3BBBD231 		.ascii	";\273\3221\265\203\256\355\354\376\0279\270#\201"
 349      B583AEED 
 349      ECFE1739 
 349      B82381
 350              		.text
ARM GAS  /tmp/ccXbwjR3.s 			page 28


 351              		.section	.gnu.lto_.symtab.d2668065f61ba450,"",%progbits
 352 0000 5F756E68 		.ascii	"_unhandled_exception\000\000\000\000\000\000\000\000"
 352      616E646C 
 352      65645F65 
 352      78636570 
 352      74696F6E 
 353 001c 00000000 		.ascii	"\000\000\000\000\254\000\000\000NMI_Handler\000\000"
 353      AC000000 
 353      4E4D495F 
 353      48616E64 
 353      6C657200 
 354 0031 01000000 		.ascii	"\001\000\000\000\000\000\000\000\000\000\276\000\000"
 354      00000000 
 354      0000BE00 
 354      00
 355 003e 00486172 		.ascii	"\000HardFault_Handler\000\000\001\000\000\000\000\000"
 355      64466175 
 355      6C745F48 
 355      616E646C 
 355      65720000 
 356 0058 00000000 		.ascii	"\000\000\000\000\304\000\000\000MemManage_Handler\000"
 356      C4000000 
 356      4D656D4D 
 356      616E6167 
 356      655F4861 
 357 0072 00010000 		.ascii	"\000\001\000\000\000\000\000\000\000\000\000\312\000"
 357      00000000 
 357      000000CA 
 357      00
 358 007f 00004275 		.ascii	"\000\000BusFault_Handler\000\000\001\000\000\000\000"
 358      73466175 
 358      6C745F48 
 358      616E646C 
 358      65720000 
 359 0098 00000000 		.ascii	"\000\000\000\000\000\320\000\000\000UsageFault_Hand"
 359      00D00000 
 359      00557361 
 359      67654661 
 359      756C745F 
 360 00b0 6C657200 		.ascii	"ler\000\000\001\000\000\000\000\000\000\000\000\000"
 360      00010000 
 360      00000000 
 360      000000
 361 00bf D6000000 		.ascii	"\326\000\000\000Vector1C\000\000\001\000\000\000\000"
 361      56656374 
 361      6F723143 
 361      00000100 
 361      000000
 362 00d2 00000000 		.ascii	"\000\000\000\000\000\334\000\000\000Vector20\000\000"
 362      00DC0000 
 362      00566563 
 362      746F7232 
 362      300000
 363 00e5 01000000 		.ascii	"\001\000\000\000\000\000\000\000\000\000\342\000\000"
 363      00000000 
 363      0000E200 
 363      00
ARM GAS  /tmp/ccXbwjR3.s 			page 29


 364 00f2 00566563 		.ascii	"\000Vector24\000\000\001\000\000\000\000\000\000\000"
 364      746F7232 
 364      34000001 
 364      00000000 
 364      000000
 365 0105 0000E800 		.ascii	"\000\000\350\000\000\000Vector28\000\000\001\000\000"
 365      00005665 
 365      63746F72 
 365      32380000 
 365      010000
 366 0118 00000000 		.ascii	"\000\000\000\000\000\000\000\356\000\000\000SVC_Han"
 366      000000EE 
 366      00000053 
 366      56435F48 
 366      616E
 367 012a 646C6572 		.ascii	"dler\000\000\001\000\000\000\000\000\000\000\000\000"
 367      00000100 
 367      00000000 
 367      00000000 
 368 013a F4000000 		.ascii	"\364\000\000\000DebugMon_Handler\000\000\001\000\000"
 368      44656275 
 368      674D6F6E 
 368      5F48616E 
 368      646C6572 
 369 0153 00000000 		.ascii	"\000\000\000\000\000\000\000\372\000\000\000Vector3"
 369      000000FA 
 369      00000056 
 369      6563746F 
 369      7233
 370 0165 34000001 		.ascii	"4\000\000\001\000\000\000\000\000\000\000\000\000\000"
 370      00000000 
 370      00000000 
 370      0000
 371 0173 01000050 		.ascii	"\001\000\000PendSV_Handler\000\000\001\000\000\000\000"
 371      656E6453 
 371      565F4861 
 371      6E646C65 
 371      72000001 
 372 018b 00000000 		.ascii	"\000\000\000\000\000\006\001\000\000SysTick_Handler"
 372      00060100 
 372      00537973 
 372      5469636B 
 372      5F48616E 
 373 01a3 00000100 		.ascii	"\000\000\001\000\000\000\000\000\000\000\000\000\014"
 373      00000000 
 373      00000000 
 373      0C
 374 01b0 01000056 		.ascii	"\001\000\000Vector40\000\000\001\000\000\000\000\000"
 374      6563746F 
 374      72343000 
 374      00010000 
 374      000000
 375 01c3 00000000 		.ascii	"\000\000\000\000\022\001\000\000Vector44\000\000\001"
 375      12010000 
 375      56656374 
 375      6F723434 
 375      000001
ARM GAS  /tmp/ccXbwjR3.s 			page 30


 376 01d6 00000000 		.ascii	"\000\000\000\000\000\000\000\000\000\030\001\000\000"
 376      00000000 
 376      00180100 
 376      00
 377 01e3 56656374 		.ascii	"Vector48\000\000\001\000\000\000\000\000\000\000\000"
 377      6F723438 
 377      00000100 
 377      00000000 
 377      000000
 378 01f6 001E0100 		.ascii	"\000\036\001\000\000Vector4C\000\000\001\000\000\000"
 378      00566563 
 378      746F7234 
 378      43000001 
 378      000000
 379 0209 00000000 		.ascii	"\000\000\000\000\000\000$\001\000\000Vector50\000\000"
 379      00002401 
 379      00005665 
 379      63746F72 
 379      35300000 
 380 021d 01000000 		.ascii	"\001\000\000\000\000\000\000\000\000\000*\001\000\000"
 380      00000000 
 380      00002A01 
 380      0000
 381 022b 56656374 		.ascii	"Vector54\000\000\001\000\000\000\000\000\000\000\000"
 381      6F723534 
 381      00000100 
 381      00000000 
 381      000000
 382 023e 00300100 		.ascii	"\0000\001\000\000Vector58\000\000\001\000\000\000\000"
 382      00566563 
 382      746F7235 
 382      38000001 
 382      00000000 
 383 0252 00000000 		.ascii	"\000\000\000\000\0006\001\000\000Vector5C\000\000\001"
 383      00360100 
 383      00566563 
 383      746F7235 
 383      43000001 
 384 0266 00000000 		.ascii	"\000\000\000\000\000\000\000\000\000<\001\000\000Ve"
 384      00000000 
 384      003C0100 
 384      005665
 385 0275 63746F72 		.ascii	"ctor60\000\000\001\000\000\000\000\000\000\000\000\000"
 385      36300000 
 385      01000000 
 385      00000000 
 385      0000
 386 0287 42010000 		.ascii	"B\001\000\000Vector64\000\000\001\000\000\000\000\000"
 386      56656374 
 386      6F723634 
 386      00000100 
 386      00000000 
 387 029b 00000000 		.ascii	"\000\000\000\000H\001\000\000Vector68\000\000\001\000"
 387      48010000 
 387      56656374 
 387      6F723638 
 387      00000100 
ARM GAS  /tmp/ccXbwjR3.s 			page 31


 388 02af 00000000 		.ascii	"\000\000\000\000\000\000\000\000N\001\000\000Vector"
 388      00000000 
 388      4E010000 
 388      56656374 
 388      6F72
 389 02c1 36430000 		.ascii	"6C\000\000\001\000\000\000\000\000\000\000\000\000T"
 389      01000000 
 389      00000000 
 389      000054
 390 02d0 01000056 		.ascii	"\001\000\000Vector70\000\000\001\000\000\000\000\000"
 390      6563746F 
 390      72373000 
 390      00010000 
 390      000000
 391 02e3 00000000 		.ascii	"\000\000\000\000Z\001\000\000Vector74\000\000\001\000"
 391      5A010000 
 391      56656374 
 391      6F723734 
 391      00000100 
 392 02f7 00000000 		.ascii	"\000\000\000\000\000\000\000\000`\001\000\000Vector"
 392      00000000 
 392      60010000 
 392      56656374 
 392      6F72
 393 0309 37380000 		.ascii	"78\000\000\001\000\000\000\000\000\000\000\000\000f"
 393      01000000 
 393      00000000 
 393      000066
 394 0318 01000056 		.ascii	"\001\000\000Vector7C\000\000\001\000\000\000\000\000"
 394      6563746F 
 394      72374300 
 394      00010000 
 394      000000
 395 032b 00000000 		.ascii	"\000\000\000\000l\001\000\000Vector80\000\000\001\000"
 395      6C010000 
 395      56656374 
 395      6F723830 
 395      00000100 
 396 033f 00000000 		.ascii	"\000\000\000\000\000\000\000\000r\001\000\000Vector"
 396      00000000 
 396      72010000 
 396      56656374 
 396      6F72
 397 0351 38340000 		.ascii	"84\000\000\001\000\000\000\000\000\000\000\000\000x"
 397      01000000 
 397      00000000 
 397      000078
 398 0360 01000056 		.ascii	"\001\000\000Vector88\000\000\001\000\000\000\000\000"
 398      6563746F 
 398      72383800 
 398      00010000 
 398      000000
 399 0373 00000000 		.ascii	"\000\000\000\000~\001\000\000Vector8C\000\000\001\000"
 399      7E010000 
 399      56656374 
 399      6F723843 
 399      00000100 
ARM GAS  /tmp/ccXbwjR3.s 			page 32


 400 0387 00000000 		.ascii	"\000\000\000\000\000\000\000\000\204\001\000\000Vec"
 400      00000000 
 400      84010000 
 400      566563
 401 0396 746F7239 		.ascii	"tor90\000\000\001\000\000\000\000\000\000\000\000\000"
 401      30000001 
 401      00000000 
 401      00000000 
 401      00
 402 03a7 8A010000 		.ascii	"\212\001\000\000Vector94\000\000\001\000\000\000\000"
 402      56656374 
 402      6F723934 
 402      00000100 
 402      000000
 403 03ba 00000000 		.ascii	"\000\000\000\000\000\220\001\000\000Vector98\000\000"
 403      00900100 
 403      00566563 
 403      746F7239 
 403      380000
 404 03cd 01000000 		.ascii	"\001\000\000\000\000\000\000\000\000\000\226\001\000"
 404      00000000 
 404      00009601 
 404      00
 405 03da 00566563 		.ascii	"\000Vector9C\000\000\001\000\000\000\000\000\000\000"
 405      746F7239 
 405      43000001 
 405      00000000 
 405      000000
 406 03ed 00009C01 		.ascii	"\000\000\234\001\000\000Vecto"
 406      00005665 
 406      63746F
 407 03f8 72413000 		.ascii	"rA0\000\000\001\000\000\000\000\000\000\000\000\000"
 407      00010000 
 407      00000000 
 407      000000
 408 0407 A2010000 		.ascii	"\242\001\000\000VectorA4\000\000\001\000\000\000\000"
 408      56656374 
 408      6F724134 
 408      00000100 
 408      000000
 409 041a 00000000 		.ascii	"\000\000\000\000\000\250\001\000\000VectorA8\000\000"
 409      00A80100 
 409      00566563 
 409      746F7241 
 409      380000
 410 042d 01000000 		.ascii	"\001\000\000\000\000\000\000\000\000\000\256\001\000"
 410      00000000 
 410      0000AE01 
 410      00
 411 043a 00566563 		.ascii	"\000VectorAC\000\000\001\000\000\000\000\000\000\000"
 411      746F7241 
 411      43000001 
 411      00000000 
 411      000000
 412 044d 0000B401 		.ascii	"\000\000\264\001\000\000VectorB0\000\000\001\000\000"
 412      00005665 
 412      63746F72 
ARM GAS  /tmp/ccXbwjR3.s 			page 33


 412      42300000 
 412      010000
 413 0460 00000000 		.ascii	"\000\000\000\000\000\000\000\272\001\000\000VectorB"
 413      000000BA 
 413      01000056 
 413      6563746F 
 413      7242
 414 0472 34000001 		.ascii	"4\000\000\001\000\000\000\000\000\000\000\000\000\300"
 414      00000000 
 414      00000000 
 414      00C0
 415 0480 01000056 		.ascii	"\001\000\000VectorB8\000\000\001\000\000\000\000\000"
 415      6563746F 
 415      72423800 
 415      00010000 
 415      000000
 416 0493 00000000 		.ascii	"\000\000\000\000\306\001\000\000VectorBC\000\000\001"
 416      C6010000 
 416      56656374 
 416      6F724243 
 416      000001
 417 04a6 00000000 		.ascii	"\000\000\000\000\000\000\000\000\000\314\001\000\000"
 417      00000000 
 417      00CC0100 
 417      00
 418 04b3 5F766563 		.ascii	"_vectors\000\000\000\000\000\000\000\000\000\000\000"
 418      746F7273 
 418      00000000 
 418      00000000 
 418      000000
 419 04c6 00720200 		.ascii	"\000r\002\000\000__main_stack_end__\000\000\002\000"
 419      005F5F6D 
 419      61696E5F 
 419      73746163 
 419      6B5F656E 
 420 04e1 00000000 		.ascii	"\000\000\000\000\000\000\000\000\"\002\000\000Reset"
 420      00000000 
 420      22020000 
 420      52657365 
 420      74
 421 04f2 5F48616E 		.ascii	"_Handler\000\000\002\000\000\000\000\000\000\000\000"
 421      646C6572 
 421      00000200 
 421      00000000 
 421      000000
 422 0505 00CE0100 		.ascii	"\000\316\001\000\000"
 422      00
 423              		.text
 424              		.section	.gnu.lto_.opts,"",%progbits
 425 0000 272D666E 		.ascii	"'-fno-trapv' '-mcpu=cortex-m0' '-mno-thumb-interwor"
 425      6F2D7472 
 425      61707627 
 425      20272D6D 
 425      6370753D 
 426 0033 6B272027 		.ascii	"k' '-mthumb' '-ggdb' '-O2' '-fomit-frame-pointer' '"
 426      2D6D7468 
 426      756D6227 
ARM GAS  /tmp/ccXbwjR3.s 			page 34


 426      20272D67 
 426      67646227 
 427 0066 2D66616C 		.ascii	"-falign-functions=16' '-ffunction-sections' '-fdata"
 427      69676E2D 
 427      66756E63 
 427      74696F6E 
 427      733D3136 
 428 0099 2D736563 		.ascii	"-sections' '-fno-common' '-flto'\000"
 428      74696F6E 
 428      73272027 
 428      2D666E6F 
 428      2D636F6D 
 429              		.text
 430              		.comm	__gnu_lto_v1,1,1
 431              		.comm	__gnu_lto_slim,1,1
 432              		.ident	"GCC: (GNU Tools for ARM Embedded Processors) 4.9.3 20150529 (release) [ARM/embedded-4_9-br
ARM GAS  /tmp/ccXbwjR3.s 			page 35


DEFINED SYMBOLS
                            *ABS*:0000000000000000 vectors.c
                            *COM*:0000000000000001 __gnu_lto_v1
                            *COM*:0000000000000001 __gnu_lto_slim

NO UNDEFINED SYMBOLS
